#
# There is insufficient memory for the Java Runtime Environment to continue.
# Native memory allocation (malloc) failed to allocate 65552 bytes for Chunk::new
# Possible reasons:
#   The system is out of physical RAM or swap space
#   The process is running with CompressedOops enabled, and the Java Heap may be blocking the growth of the native heap
# Possible solutions:
#   Reduce memory load on the system
#   Increase physical memory or swap space
#   Check if swap backing store is full
#   Decrease Java heap size (-Xmx/-Xms)
#   Decrease number of Java threads
#   Decrease Java thread stack sizes (-Xss)
#   Set larger code cache with -XX:ReservedCodeCacheSize=
#   JVM is running with Unscaled Compressed Oops mode in which the Java heap is
#     placed in the first 4GB address space. The Java Heap base address is the
#     maximum limit for the native heap growth. Please use -XX:HeapBaseMinAddress
#     to set the Java Heap base and to place the Java Heap above 4GB virtual address.
# This output file may be truncated or incomplete.
#
#  Out of Memory Error (arena.cpp:191), pid=16376, tid=19672
#
# JRE version: OpenJDK Runtime Environment Temurin-17.0.9+9 (17.0.9+9) (build 17.0.9+9)
# Java VM: OpenJDK 64-Bit Server VM Temurin-17.0.9+9 (17.0.9+9, mixed mode, tiered, compressed oops, compressed class ptrs, parallel gc, windows-amd64)
# No core dump will be written. Minidumps are not enabled by default on client versions of Windows
#

---------------  S U M M A R Y ------------

Command Line: --add-modules=ALL-SYSTEM --add-opens=java.base/java.util=ALL-UNNAMED --add-opens=java.base/java.lang=ALL-UNNAMED --add-opens=java.base/sun.nio.fs=ALL-UNNAMED -Declipse.application=org.eclipse.jdt.ls.core.id1 -Dosgi.bundles.defaultStartLevel=4 -Declipse.product=org.eclipse.jdt.ls.core.product -Djava.import.generatesMetadataFilesAtProjectRoot=false -DDetectVMInstallationsJob.disabled=true -Dfile.encoding=utf8 -XX:+UseParallelGC -XX:GCTimeRatio=4 -XX:AdaptiveSizePolicyWeight=90 -Dsun.zip.disableMemoryMapping=true -Xmx1G -Xms100m -Xlog:disable -javaagent:c:\Users\galax\.vscode\extensions\redhat.java-1.25.1-win32-x64\lombok\lombok-1.18.30.jar -XX:+HeapDumpOnOutOfMemoryError -XX:HeapDumpPath=c:\Users\galax\AppData\Roaming\Code\User\workspaceStorage\715939317411bacedd6cdfeea8c9b0d6\redhat.java -Daether.dependencyCollector.impl=bf c:\Users\galax\.vscode\extensions\redhat.java-1.25.1-win32-x64\server\plugins\org.eclipse.equinox.launcher_1.6.600.v20231106-1826.jar -configuration c:\Users\galax\AppData\Roaming\Code\User\globalStorage\redhat.java\1.25.1\config_win -data c:\Users\galax\AppData\Roaming\Code\User\workspaceStorage\715939317411bacedd6cdfeea8c9b0d6\redhat.java\jdt_ws --stdio

Host: AMD Ryzen 5 5600H with Radeon Graphics         , 12 cores, 15G,  Windows 11 , 64 bit Build 22621 (10.0.22621.2506)
Time: Wed Dec 13 12:30:51 2023 India Standard Time elapsed time: 5.754740 seconds (0d 0h 0m 5s)

---------------  T H R E A D  ---------------

Current thread (0x0000026574278060):  JavaThread "C2 CompilerThread1" daemon [_thread_in_native, id=19672, stack(0x000000ccaed00000,0x000000ccaee00000)]


Current CompileTask:
C2:   5754 4373   !   4       org.eclipse.osgi.internal.loader.BundleLoader::findClass0 (466 bytes)

Stack: [0x000000ccaed00000,0x000000ccaee00000]
Native frames: (J=compiled Java code, j=interpreted, Vv=VM code, C=native code)
V  [jvm.dll+0x67cf49]
V  [jvm.dll+0x83478a]
V  [jvm.dll+0x83624e]
V  [jvm.dll+0x8368b3]
V  [jvm.dll+0x247f1f]
V  [jvm.dll+0xac43c]
V  [jvm.dll+0xaca8c]
V  [jvm.dll+0xac54b]
V  [jvm.dll+0x6a053f]
V  [jvm.dll+0x21ba84]
V  [jvm.dll+0x2198c1]
V  [jvm.dll+0x1a57cd]
V  [jvm.dll+0x2297ae]
V  [jvm.dll+0x22797c]
V  [jvm.dll+0x7e9877]
V  [jvm.dll+0x7e3c3a]
V  [jvm.dll+0x67be35]
C  [ucrtbase.dll+0x29363]
C  [KERNEL32.DLL+0x1257d]
C  [ntdll.dll+0x5aa58]


---------------  P R O C E S S  ---------------

Threads class SMR info:
_java_thread_list=0x00000265747478a0, length=30, elements={
0x00000265588fbb50, 0x000002656c782020, 0x000002656c783550, 0x000002656c787de0,
0x000002656c788a70, 0x000002656c789800, 0x0000026571937a00, 0x000002657193a6c0,
0x000002657198eed0, 0x00000265719b4350, 0x0000026571a21bb0, 0x0000026571b86990,
0x0000026573aacb60, 0x0000026573ad8390, 0x0000026573716d00, 0x0000026573ef5bd0,
0x0000026573a2ad20, 0x0000026573debae0, 0x0000026573f80cb0, 0x0000026573f816d0,
0x0000026573f807a0, 0x0000026574278060, 0x0000026573f820f0, 0x000002657433b780,
0x0000026573f81be0, 0x0000026577510ad0, 0x0000026577516b00, 0x0000026577514790,
0x0000026577512e40, 0x0000026577512930
}

Java Threads: ( => current thread )
  0x00000265588fbb50 JavaThread "main" [_thread_blocked, id=17428, stack(0x000000ccae000000,0x000000ccae100000)]
  0x000002656c782020 JavaThread "Reference Handler" daemon [_thread_blocked, id=12724, stack(0x000000ccae300000,0x000000ccae400000)]
  0x000002656c783550 JavaThread "Finalizer" daemon [_thread_blocked, id=19768, stack(0x000000ccae400000,0x000000ccae500000)]
  0x000002656c787de0 JavaThread "Signal Dispatcher" daemon [_thread_blocked, id=11348, stack(0x000000ccae500000,0x000000ccae600000)]
  0x000002656c788a70 JavaThread "Attach Listener" daemon [_thread_blocked, id=6596, stack(0x000000ccae600000,0x000000ccae700000)]
  0x000002656c789800 JavaThread "Service Thread" daemon [_thread_blocked, id=25136, stack(0x000000ccae700000,0x000000ccae800000)]
  0x0000026571937a00 JavaThread "Monitor Deflation Thread" daemon [_thread_blocked, id=13400, stack(0x000000ccae800000,0x000000ccae900000)]
  0x000002657193a6c0 JavaThread "C2 CompilerThread0" daemon [_thread_in_native, id=2916, stack(0x000000ccae900000,0x000000ccaea00000)]
  0x000002657198eed0 JavaThread "C1 CompilerThread0" daemon [_thread_blocked, id=6008, stack(0x000000ccaea00000,0x000000ccaeb00000)]
  0x00000265719b4350 JavaThread "Sweeper thread" daemon [_thread_blocked, id=5196, stack(0x000000ccaeb00000,0x000000ccaec00000)]
  0x0000026571a21bb0 JavaThread "Common-Cleaner" daemon [_thread_blocked, id=22628, stack(0x000000ccaec00000,0x000000ccaed00000)]
  0x0000026571b86990 JavaThread "Notification Thread" daemon [_thread_blocked, id=17732, stack(0x000000ccaee00000,0x000000ccaef00000)]
  0x0000026573aacb60 JavaThread "Active Thread: Equinox Container: 16bd256e-3db3-437b-81af-128ed421ecb3" [_thread_blocked, id=24696, stack(0x000000ccaf900000,0x000000ccafa00000)]
  0x0000026573ad8390 JavaThread "Framework Event Dispatcher: Equinox Container: 16bd256e-3db3-437b-81af-128ed421ecb3" daemon [_thread_blocked, id=20604, stack(0x000000ccaf000000,0x000000ccaf100000)]
  0x0000026573716d00 JavaThread "Start Level: Equinox Container: 16bd256e-3db3-437b-81af-128ed421ecb3" daemon [_thread_blocked, id=10040, stack(0x000000ccafa00000,0x000000ccafb00000)]
  0x0000026573ef5bd0 JavaThread "Bundle File Closer" daemon [_thread_blocked, id=20500, stack(0x000000ccafc00000,0x000000ccafd00000)]
  0x0000026573a2ad20 JavaThread "SCR Component Actor" daemon [_thread_blocked, id=20180, stack(0x000000ccafd00000,0x000000ccafe00000)]
  0x0000026573debae0 JavaThread "SCR Component Registry" daemon [_thread_blocked, id=20436, stack(0x000000ccb0000000,0x000000ccb0100000)]
  0x0000026573f80cb0 JavaThread "Worker-JM" [_thread_blocked, id=16784, stack(0x000000ccb0100000,0x000000ccb0200000)]
  0x0000026573f816d0 JavaThread "Worker-0: Repository registry initialization" [_thread_in_Java, id=13320, stack(0x000000ccb0200000,0x000000ccb0300000)]
  0x0000026573f807a0 JavaThread "Worker-1: Updating Maven Dependencies" [_thread_blocked, id=17584, stack(0x000000ccb0300000,0x000000ccb0400000)]
=>0x0000026574278060 JavaThread "C2 CompilerThread1" daemon [_thread_in_native, id=19672, stack(0x000000ccaed00000,0x000000ccaee00000)]
  0x0000026573f820f0 JavaThread "Java indexing" daemon [_thread_blocked, id=23216, stack(0x000000ccb0400000,0x000000ccb0500000)]
  0x000002657433b780 JavaThread "C2 CompilerThread2" daemon [_thread_in_native, id=18992, stack(0x000000ccb0500000,0x000000ccb0600000)]
  0x0000026573f81be0 JavaThread "Worker-2" [_thread_blocked, id=5844, stack(0x000000ccb0600000,0x000000ccb0700000)]
  0x0000026577510ad0 JavaThread "Worker-3" [_thread_blocked, id=19336, stack(0x000000ccb0700000,0x000000ccb0800000)]
  0x0000026577516b00 JavaThread "JNA Cleaner" daemon [_thread_blocked, id=24100, stack(0x000000ccb0800000,0x000000ccb0900000)]
  0x0000026577514790 JavaThread "pool-2-thread-1" [_thread_blocked, id=23852, stack(0x000000ccb0900000,0x000000ccb0a00000)]
  0x0000026577512e40 JavaThread "WorkspaceEventsHandler" [_thread_blocked, id=4748, stack(0x000000ccb0a00000,0x000000ccb0b00000)]
  0x0000026577512930 JavaThread "pool-1-thread-1" [_thread_blocked, id=7180, stack(0x000000ccb0b00000,0x000000ccb0c00000)]

Other Threads:
  0x0000026571912860 VMThread "VM Thread" [stack: 0x000000ccae200000,0x000000ccae300000] [id=25172]
  0x0000026571b86e70 WatcherThread [stack: 0x000000ccaef00000,0x000000ccaf000000] [id=10604]
  0x00000265589134c0 GCTaskThread "GC Thread#0" [stack: 0x000000ccae100000,0x000000ccae200000] [id=14308]
  0x00000265732fd1b0 GCTaskThread "GC Thread#1" [stack: 0x000000ccaf300000,0x000000ccaf400000] [id=15388]
  0x0000026573658fd0 GCTaskThread "GC Thread#2" [stack: 0x000000ccaf400000,0x000000ccaf500000] [id=24176]
  0x0000026573659290 GCTaskThread "GC Thread#3" [stack: 0x000000ccaf500000,0x000000ccaf600000] [id=24808]
  0x000002657368ddd0 GCTaskThread "GC Thread#4" [stack: 0x000000ccaf600000,0x000000ccaf700000] [id=5572]
  0x000002657368e090 GCTaskThread "GC Thread#5" [stack: 0x000000ccaf700000,0x000000ccaf800000] [id=17220]
  0x000002657368e350 GCTaskThread "GC Thread#6" [stack: 0x000000ccaf800000,0x000000ccaf900000] [id=16984]
  0x0000026573970970 GCTaskThread "GC Thread#7" [stack: 0x000000ccafb00000,0x000000ccafc00000] [id=16432]
  0x0000026573a930b0 GCTaskThread "GC Thread#8" [stack: 0x000000ccafe00000,0x000000ccaff00000] [id=23236]
  0x0000026573ca8c90 GCTaskThread "GC Thread#9" [stack: 0x000000ccaff00000,0x000000ccb0000000] [id=23976]

Threads with active compile tasks:
C2 CompilerThread1     5791 4373   !   4       org.eclipse.osgi.internal.loader.BundleLoader::findClass0 (466 bytes)
C2 CompilerThread2     5791 4314   !   4       org.eclipse.osgi.internal.loader.classpath.ClasspathManager::defineClass (636 bytes)

VM state: not at safepoint (normal execution)

VM Mutex/Monitor currently owned by a thread: None

Heap address: 0x00000000c0000000, size: 1024 MB, Compressed Oops mode: 32-bit

CDS archive(s) not mapped
Compressed class space mapped at: 0x0000000100000000-0x0000000140000000, reserved size: 1073741824
Narrow klass base: 0x0000000000000000, Narrow klass shift: 3, Narrow klass range: 0x140000000

GC Precious Log:
 CPUs: 12 total, 12 available
 Memory: 15724M
 Large Page Support: Disabled
 NUMA Support: Disabled
 Compressed Oops: Enabled (32-bit)
 Alignments: Space 512K, Generation 512K, Heap 2M
 Heap Min Capacity: 100M
 Heap Initial Capacity: 100M
 Heap Max Capacity: 1G
 Pre-touch: Disabled
 Parallel Workers: 10

Heap:
 PSYoungGen      total 23040K, used 18765K [0x00000000eab00000, 0x00000000ec380000, 0x0000000100000000)
  eden space 22016K, 81% used [0x00000000eab00000,0x00000000ebc7b470,0x00000000ec080000)
  from space 1024K, 84% used [0x00000000ec280000,0x00000000ec358000,0x00000000ec380000)
  to   space 1024K, 0% used [0x00000000ec180000,0x00000000ec180000,0x00000000ec280000)
 ParOldGen       total 68608K, used 15097K [0x00000000c0000000, 0x00000000c4300000, 0x00000000eab00000)
  object space 68608K, 22% used [0x00000000c0000000,0x00000000c0ebe470,0x00000000c4300000)
 Metaspace       used 44851K, committed 45760K, reserved 1114112K
  class space    used 4744K, committed 5120K, reserved 1048576K

Card table byte_map: [0x0000026558290000,0x00000265584a0000] _byte_map_base: 0x0000026557c90000

Marking Bits: (ParMarkBitMap*) 0x00007ffb0700d0b0
 Begin Bits: [0x000002656a590000, 0x000002656b590000)
 End Bits:   [0x000002656b590000, 0x000002656c590000)

Polling page: 0x00000265568c0000

Metaspace:

Usage:
  Non-class:     39.17 MB used.
      Class:      4.63 MB used.
       Both:     43.80 MB used.

Virtual space:
  Non-class space:       64.00 MB reserved,      39.69 MB ( 62%) committed,  1 nodes.
      Class space:        1.00 GB reserved,       5.00 MB ( <1%) committed,  1 nodes.
             Both:        1.06 GB reserved,      44.69 MB (  4%) committed. 

Chunk freelists:
   Non-Class:  7.73 MB
       Class:  10.92 MB
        Both:  18.66 MB

MaxMetaspaceSize: unlimited
CompressedClassSpaceSize: 1.00 GB
Initial GC threshold: 21.00 MB
Current GC threshold: 58.38 MB
CDS: off
MetaspaceReclaimPolicy: balanced
 - commit_granule_bytes: 65536.
 - commit_granule_words: 8192.
 - virtual_space_node_default_size: 8388608.
 - enlarge_chunks_in_place: 1.
 - new_chunks_are_fully_committed: 0.
 - uncommit_free_chunks: 1.
 - use_allocation_guard: 0.
 - handle_deallocations: 1.


Internal statistics:

num_allocs_failed_limit: 6.
num_arena_births: 422.
num_arena_deaths: 14.
num_vsnodes_births: 2.
num_vsnodes_deaths: 0.
num_space_committed: 715.
num_space_uncommitted: 0.
num_chunks_returned_to_freelist: 20.
num_chunks_taken_from_freelist: 2021.
num_chunk_merges: 10.
num_chunk_splits: 1281.
num_chunks_enlarged: 774.
num_inconsistent_stats: 0.

CodeHeap 'non-profiled nmethods': size=120000Kb used=2049Kb max_used=2049Kb free=117950Kb
 bounds [0x0000026563060000, 0x00000265632d0000, 0x000002656a590000]
CodeHeap 'profiled nmethods': size=120000Kb used=9389Kb max_used=9389Kb free=110610Kb
 bounds [0x000002655b590000, 0x000002655bec0000, 0x0000026562ac0000]
CodeHeap 'non-nmethods': size=5760Kb used=1274Kb max_used=1354Kb free=4485Kb
 bounds [0x0000026562ac0000, 0x0000026562d30000, 0x0000026563060000]
 total_blobs=5037 nmethods=4438 adapters=512
 compilation: enabled
              stopped_count=0, restarted_count=0
 full_count=0

Compilation events (20 events):
Event: 5.743 Thread 0x000002657198eed0 4400       3       sun.reflect.annotation.AnnotatedTypeFactory$AnnotatedTypeBaseImpl::<init> (39 bytes)
Event: 5.743 Thread 0x000002657198eed0 nmethod 4400 0x000002655bea6a10 code [0x000002655bea6bc0, 0x000002655bea6e18]
Event: 5.743 Thread 0x000002657198eed0 4401       3       sun.reflect.annotation.TypeAnnotation$LocationInfo::filter (68 bytes)
Event: 5.744 Thread 0x000002657198eed0 nmethod 4401 0x000002655bea6f90 code [0x000002655bea71c0, 0x000002655bea7ae8]
Event: 5.744 Thread 0x000002657198eed0 4402       3       sun.reflect.annotation.TypeAnnotationParser::mapTypeAnnotations (128 bytes)
Event: 5.744 Thread 0x000002657193a6c0 nmethod 4399 0x000002656325cd10 code [0x000002656325cea0, 0x000002656325d048]
Event: 5.745 Thread 0x000002657198eed0 nmethod 4402 0x000002655bea7e90 code [0x000002655bea81a0, 0x000002655bea9218]
Event: 5.745 Thread 0x000002657198eed0 4404       3       com.google.common.cache.LocalCache$Segment::recordRead (29 bytes)
Event: 5.745 Thread 0x000002657198eed0 nmethod 4404 0x000002655bea9890 code [0x000002655bea9a60, 0x000002655bea9e98]
Event: 5.745 Thread 0x000002657198eed0 4405       3       com.google.common.cache.CacheBuilder$1::recordHits (1 bytes)
Event: 5.745 Thread 0x000002657198eed0 nmethod 4405 0x000002655beaa010 code [0x000002655beaa1a0, 0x000002655beaa2b8]
Event: 5.745 Thread 0x000002657198eed0 4406       3       com.google.common.cache.LocalCache$Segment::scheduleRefresh (66 bytes)
Event: 5.745 Thread 0x000002657198eed0 nmethod 4406 0x000002655beaa390 code [0x000002655beaa580, 0x000002655beaab98]
Event: 5.745 Thread 0x000002657198eed0 4403       3       sun.reflect.annotation.AnnotatedTypeFactory::nestingForType (125 bytes)
Event: 5.746 Thread 0x000002657198eed0 nmethod 4403 0x000002655beaad90 code [0x000002655beab0a0, 0x000002655beac5a8]
Event: 5.746 Thread 0x000002657198eed0 4407       1       com.google.inject.Key$NullAnnotationStrategy::getAnnotationType (2 bytes)
Event: 5.746 Thread 0x000002657198eed0 nmethod 4407 0x000002656325d210 code [0x000002656325d3a0, 0x000002656325d478]
Event: 5.747 Thread 0x000002657198eed0 4408       3       java.lang.reflect.ProxyGenerator$ProxyMethod::emitIconstInsn (75 bytes)
Event: 5.747 Thread 0x000002657198eed0 nmethod 4408 0x000002655beac990 code [0x000002655beacbc0, 0x000002655bead478]
Event: 5.748 Thread 0x000002657193a6c0 4409       4       jdk.internal.org.objectweb.asm.SymbolTable::addConstantUtf8 (98 bytes)

GC Heap History (20 events):
Event: 2.635 GC heap before
{Heap before GC invocations=5 (full 1):
 PSYoungGen      total 29696K, used 4089K [0x00000000eab00000, 0x00000000ecc00000, 0x0000000100000000)
  eden space 25600K, 0% used [0x00000000eab00000,0x00000000eab00000,0x00000000ec400000)
  from space 4096K, 99% used [0x00000000ec800000,0x00000000ecbfe6e8,0x00000000ecc00000)
  to   space 4096K, 0% used [0x00000000ec400000,0x00000000ec400000,0x00000000ec800000)
 ParOldGen       total 68608K, used 6355K [0x00000000c0000000, 0x00000000c4300000, 0x00000000eab00000)
  object space 68608K, 9% used [0x00000000c0000000,0x00000000c0634dd0,0x00000000c4300000)
 Metaspace       used 21052K, committed 21504K, reserved 1114112K
  class space    used 2143K, committed 2368K, reserved 1048576K
}
Event: 2.658 GC heap after
{Heap after GC invocations=5 (full 1):
 PSYoungGen      total 29696K, used 0K [0x00000000eab00000, 0x00000000ecc00000, 0x0000000100000000)
  eden space 25600K, 0% used [0x00000000eab00000,0x00000000eab00000,0x00000000ec400000)
  from space 4096K, 0% used [0x00000000ec800000,0x00000000ec800000,0x00000000ecc00000)
  to   space 4096K, 0% used [0x00000000ec400000,0x00000000ec400000,0x00000000ec800000)
 ParOldGen       total 68608K, used 10202K [0x00000000c0000000, 0x00000000c4300000, 0x00000000eab00000)
  object space 68608K, 14% used [0x00000000c0000000,0x00000000c09f6950,0x00000000c4300000)
 Metaspace       used 21038K, committed 21504K, reserved 1114112K
  class space    used 2139K, committed 2368K, reserved 1048576K
}
Event: 3.324 GC heap before
{Heap before GC invocations=6 (full 1):
 PSYoungGen      total 29696K, used 25600K [0x00000000eab00000, 0x00000000ecc00000, 0x0000000100000000)
  eden space 25600K, 100% used [0x00000000eab00000,0x00000000ec400000,0x00000000ec400000)
  from space 4096K, 0% used [0x00000000ec800000,0x00000000ec800000,0x00000000ecc00000)
  to   space 4096K, 0% used [0x00000000ec400000,0x00000000ec400000,0x00000000ec800000)
 ParOldGen       total 68608K, used 10202K [0x00000000c0000000, 0x00000000c4300000, 0x00000000eab00000)
  object space 68608K, 14% used [0x00000000c0000000,0x00000000c09f6950,0x00000000c4300000)
 Metaspace       used 24410K, committed 24960K, reserved 1114112K
  class space    used 2486K, committed 2688K, reserved 1048576K
}
Event: 3.326 GC heap after
{Heap after GC invocations=6 (full 1):
 PSYoungGen      total 26624K, used 1438K [0x00000000eab00000, 0x00000000ec980000, 0x0000000100000000)
  eden space 25088K, 0% used [0x00000000eab00000,0x00000000eab00000,0x00000000ec380000)
  from space 1536K, 93% used [0x00000000ec400000,0x00000000ec5679b8,0x00000000ec580000)
  to   space 3072K, 0% used [0x00000000ec680000,0x00000000ec680000,0x00000000ec980000)
 ParOldGen       total 68608K, used 10210K [0x00000000c0000000, 0x00000000c4300000, 0x00000000eab00000)
  object space 68608K, 14% used [0x00000000c0000000,0x00000000c09f8950,0x00000000c4300000)
 Metaspace       used 24410K, committed 24960K, reserved 1114112K
  class space    used 2486K, committed 2688K, reserved 1048576K
}
Event: 3.757 GC heap before
{Heap before GC invocations=7 (full 1):
 PSYoungGen      total 26624K, used 26526K [0x00000000eab00000, 0x00000000ec980000, 0x0000000100000000)
  eden space 25088K, 100% used [0x00000000eab00000,0x00000000ec380000,0x00000000ec380000)
  from space 1536K, 93% used [0x00000000ec400000,0x00000000ec5679b8,0x00000000ec580000)
  to   space 3072K, 0% used [0x00000000ec680000,0x00000000ec680000,0x00000000ec980000)
 ParOldGen       total 68608K, used 10210K [0x00000000c0000000, 0x00000000c4300000, 0x00000000eab00000)
  object space 68608K, 14% used [0x00000000c0000000,0x00000000c09f8950,0x00000000c4300000)
 Metaspace       used 27342K, committed 27968K, reserved 1114112K
  class space    used 2792K, committed 3072K, reserved 1048576K
}
Event: 3.759 GC heap after
{Heap after GC invocations=7 (full 1):
 PSYoungGen      total 25600K, used 3060K [0x00000000eab00000, 0x00000000ece00000, 0x0000000100000000)
  eden space 22528K, 0% used [0x00000000eab00000,0x00000000eab00000,0x00000000ec100000)
  from space 3072K, 99% used [0x00000000ec680000,0x00000000ec97d3c8,0x00000000ec980000)
  to   space 5632K, 0% used [0x00000000ec100000,0x00000000ec100000,0x00000000ec680000)
 ParOldGen       total 68608K, used 11838K [0x00000000c0000000, 0x00000000c4300000, 0x00000000eab00000)
  object space 68608K, 17% used [0x00000000c0000000,0x00000000c0b8fbb8,0x00000000c4300000)
 Metaspace       used 27342K, committed 27968K, reserved 1114112K
  class space    used 2792K, committed 3072K, reserved 1048576K
}
Event: 4.198 GC heap before
{Heap before GC invocations=8 (full 1):
 PSYoungGen      total 25600K, used 25588K [0x00000000eab00000, 0x00000000ece00000, 0x0000000100000000)
  eden space 22528K, 100% used [0x00000000eab00000,0x00000000ec100000,0x00000000ec100000)
  from space 3072K, 99% used [0x00000000ec680000,0x00000000ec97d3c8,0x00000000ec980000)
  to   space 5632K, 0% used [0x00000000ec100000,0x00000000ec100000,0x00000000ec680000)
 ParOldGen       total 68608K, used 11838K [0x00000000c0000000, 0x00000000c4300000, 0x00000000eab00000)
  object space 68608K, 17% used [0x00000000c0000000,0x00000000c0b8fbb8,0x00000000c4300000)
 Metaspace       used 30255K, committed 30912K, reserved 1114112K
  class space    used 2991K, committed 3264K, reserved 1048576K
}
Event: 4.200 GC heap after
{Heap after GC invocations=8 (full 1):
 PSYoungGen      total 25600K, used 3142K [0x00000000eab00000, 0x00000000ec880000, 0x0000000100000000)
  eden space 22016K, 0% used [0x00000000eab00000,0x00000000eab00000,0x00000000ec080000)
  from space 3584K, 87% used [0x00000000ec100000,0x00000000ec411a40,0x00000000ec480000)
  to   space 4096K, 0% used [0x00000000ec480000,0x00000000ec480000,0x00000000ec880000)
 ParOldGen       total 68608K, used 11846K [0x00000000c0000000, 0x00000000c4300000, 0x00000000eab00000)
  object space 68608K, 17% used [0x00000000c0000000,0x00000000c0b91bb8,0x00000000c4300000)
 Metaspace       used 30255K, committed 30912K, reserved 1114112K
  class space    used 2991K, committed 3264K, reserved 1048576K
}
Event: 4.375 GC heap before
{Heap before GC invocations=9 (full 1):
 PSYoungGen      total 25600K, used 25158K [0x00000000eab00000, 0x00000000ec880000, 0x0000000100000000)
  eden space 22016K, 100% used [0x00000000eab00000,0x00000000ec080000,0x00000000ec080000)
  from space 3584K, 87% used [0x00000000ec100000,0x00000000ec411a40,0x00000000ec480000)
  to   space 4096K, 0% used [0x00000000ec480000,0x00000000ec480000,0x00000000ec880000)
 ParOldGen       total 68608K, used 11846K [0x00000000c0000000, 0x00000000c4300000, 0x00000000eab00000)
  object space 68608K, 17% used [0x00000000c0000000,0x00000000c0b91bb8,0x00000000c4300000)
 Metaspace       used 32323K, committed 33024K, reserved 1114112K
  class space    used 3156K, committed 3456K, reserved 1048576K
}
Event: 4.376 GC heap after
{Heap after GC invocations=9 (full 1):
 PSYoungGen      total 25600K, used 3259K [0x00000000eab00000, 0x00000000ec800000, 0x0000000100000000)
  eden space 22016K, 0% used [0x00000000eab00000,0x00000000eab00000,0x00000000ec080000)
  from space 3584K, 90% used [0x00000000ec480000,0x00000000ec7aed50,0x00000000ec800000)
  to   space 3584K, 0% used [0x00000000ec100000,0x00000000ec100000,0x00000000ec480000)
 ParOldGen       total 68608K, used 11854K [0x00000000c0000000, 0x00000000c4300000, 0x00000000eab00000)
  object space 68608K, 17% used [0x00000000c0000000,0x00000000c0b93bb8,0x00000000c4300000)
 Metaspace       used 32323K, committed 33024K, reserved 1114112K
  class space    used 3156K, committed 3456K, reserved 1048576K
}
Event: 4.716 GC heap before
{Heap before GC invocations=10 (full 1):
 PSYoungGen      total 25600K, used 20320K [0x00000000eab00000, 0x00000000ec800000, 0x0000000100000000)
  eden space 22016K, 77% used [0x00000000eab00000,0x00000000ebba9310,0x00000000ec080000)
  from space 3584K, 90% used [0x00000000ec480000,0x00000000ec7aed50,0x00000000ec800000)
  to   space 3584K, 0% used [0x00000000ec100000,0x00000000ec100000,0x00000000ec480000)
 ParOldGen       total 68608K, used 11854K [0x00000000c0000000, 0x00000000c4300000, 0x00000000eab00000)
  object space 68608K, 17% used [0x00000000c0000000,0x00000000c0b93bb8,0x00000000c4300000)
 Metaspace       used 35128K, committed 35840K, reserved 1114112K
  class space    used 3476K, committed 3776K, reserved 1048576K
}
Event: 4.721 GC heap after
{Heap after GC invocations=10 (full 1):
 PSYoungGen      total 24064K, used 1779K [0x00000000eab00000, 0x00000000ec580000, 0x0000000100000000)
  eden space 22016K, 0% used [0x00000000eab00000,0x00000000eab00000,0x00000000ec080000)
  from space 2048K, 86% used [0x00000000ec100000,0x00000000ec2bcdc0,0x00000000ec300000)
  to   space 2560K, 0% used [0x00000000ec300000,0x00000000ec300000,0x00000000ec580000)
 ParOldGen       total 68608K, used 14350K [0x00000000c0000000, 0x00000000c4300000, 0x00000000eab00000)
  object space 68608K, 20% used [0x00000000c0000000,0x00000000c0e03b40,0x00000000c4300000)
 Metaspace       used 35128K, committed 35840K, reserved 1114112K
  class space    used 3476K, committed 3776K, reserved 1048576K
}
Event: 4.721 GC heap before
{Heap before GC invocations=11 (full 2):
 PSYoungGen      total 24064K, used 1779K [0x00000000eab00000, 0x00000000ec580000, 0x0000000100000000)
  eden space 22016K, 0% used [0x00000000eab00000,0x00000000eab00000,0x00000000ec080000)
  from space 2048K, 86% used [0x00000000ec100000,0x00000000ec2bcdc0,0x00000000ec300000)
  to   space 2560K, 0% used [0x00000000ec300000,0x00000000ec300000,0x00000000ec580000)
 ParOldGen       total 68608K, used 14350K [0x00000000c0000000, 0x00000000c4300000, 0x00000000eab00000)
  object space 68608K, 20% used [0x00000000c0000000,0x00000000c0e03b40,0x00000000c4300000)
 Metaspace       used 35128K, committed 35840K, reserved 1114112K
  class space    used 3476K, committed 3776K, reserved 1048576K
}
Event: 4.752 GC heap after
{Heap after GC invocations=11 (full 2):
 PSYoungGen      total 24064K, used 0K [0x00000000eab00000, 0x00000000ec580000, 0x0000000100000000)
  eden space 22016K, 0% used [0x00000000eab00000,0x00000000eab00000,0x00000000ec080000)
  from space 2048K, 0% used [0x00000000ec100000,0x00000000ec100000,0x00000000ec300000)
  to   space 2560K, 0% used [0x00000000ec300000,0x00000000ec300000,0x00000000ec580000)
 ParOldGen       total 68608K, used 13414K [0x00000000c0000000, 0x00000000c4300000, 0x00000000eab00000)
  object space 68608K, 19% used [0x00000000c0000000,0x00000000c0d19b20,0x00000000c4300000)
 Metaspace       used 35128K, committed 35840K, reserved 1114112K
  class space    used 3476K, committed 3776K, reserved 1048576K
}
Event: 4.990 GC heap before
{Heap before GC invocations=12 (full 2):
 PSYoungGen      total 24064K, used 21960K [0x00000000eab00000, 0x00000000ec580000, 0x0000000100000000)
  eden space 22016K, 99% used [0x00000000eab00000,0x00000000ec072090,0x00000000ec080000)
  from space 2048K, 0% used [0x00000000ec100000,0x00000000ec100000,0x00000000ec300000)
  to   space 2560K, 0% used [0x00000000ec300000,0x00000000ec300000,0x00000000ec580000)
 ParOldGen       total 68608K, used 13414K [0x00000000c0000000, 0x00000000c4300000, 0x00000000eab00000)
  object space 68608K, 19% used [0x00000000c0000000,0x00000000c0d19b20,0x00000000c4300000)
 Metaspace       used 38407K, committed 39232K, reserved 1114112K
  class space    used 3898K, committed 4224K, reserved 1048576K
}
Event: 4.992 GC heap after
{Heap after GC invocations=12 (full 2):
 PSYoungGen      total 23552K, used 1392K [0x00000000eab00000, 0x00000000ec480000, 0x0000000100000000)
  eden space 22016K, 0% used [0x00000000eab00000,0x00000000eab00000,0x00000000ec080000)
  from space 1536K, 90% used [0x00000000ec300000,0x00000000ec45c060,0x00000000ec480000)
  to   space 2048K, 0% used [0x00000000ec080000,0x00000000ec080000,0x00000000ec280000)
 ParOldGen       total 68608K, used 13422K [0x00000000c0000000, 0x00000000c4300000, 0x00000000eab00000)
  object space 68608K, 19% used [0x00000000c0000000,0x00000000c0d1bb20,0x00000000c4300000)
 Metaspace       used 38407K, committed 39232K, reserved 1114112K
  class space    used 3898K, committed 4224K, reserved 1048576K
}
Event: 5.204 GC heap before
{Heap before GC invocations=13 (full 2):
 PSYoungGen      total 23552K, used 23408K [0x00000000eab00000, 0x00000000ec480000, 0x0000000100000000)
  eden space 22016K, 100% used [0x00000000eab00000,0x00000000ec080000,0x00000000ec080000)
  from space 1536K, 90% used [0x00000000ec300000,0x00000000ec45c060,0x00000000ec480000)
  to   space 2048K, 0% used [0x00000000ec080000,0x00000000ec080000,0x00000000ec280000)
 ParOldGen       total 68608K, used 13422K [0x00000000c0000000, 0x00000000c4300000, 0x00000000eab00000)
  object space 68608K, 19% used [0x00000000c0000000,0x00000000c0d1bb20,0x00000000c4300000)
 Metaspace       used 40311K, committed 41152K, reserved 1114112K
  class space    used 4138K, committed 4480K, reserved 1048576K
}
Event: 5.206 GC heap after
{Heap after GC invocations=13 (full 2):
 PSYoungGen      total 24064K, used 704K [0x00000000eab00000, 0x00000000ec380000, 0x0000000100000000)
  eden space 22016K, 0% used [0x00000000eab00000,0x00000000eab00000,0x00000000ec080000)
  from space 2048K, 34% used [0x00000000ec080000,0x00000000ec130000,0x00000000ec280000)
  to   space 1024K, 0% used [0x00000000ec280000,0x00000000ec280000,0x00000000ec380000)
 ParOldGen       total 68608K, used 14575K [0x00000000c0000000, 0x00000000c4300000, 0x00000000eab00000)
  object space 68608K, 21% used [0x00000000c0000000,0x00000000c0e3bf08,0x00000000c4300000)
 Metaspace       used 40311K, committed 41152K, reserved 1114112K
  class space    used 4138K, committed 4480K, reserved 1048576K
}
Event: 5.493 GC heap before
{Heap before GC invocations=14 (full 2):
 PSYoungGen      total 24064K, used 22720K [0x00000000eab00000, 0x00000000ec380000, 0x0000000100000000)
  eden space 22016K, 100% used [0x00000000eab00000,0x00000000ec080000,0x00000000ec080000)
  from space 2048K, 34% used [0x00000000ec080000,0x00000000ec130000,0x00000000ec280000)
  to   space 1024K, 0% used [0x00000000ec280000,0x00000000ec280000,0x00000000ec380000)
 ParOldGen       total 68608K, used 14575K [0x00000000c0000000, 0x00000000c4300000, 0x00000000eab00000)
  object space 68608K, 21% used [0x00000000c0000000,0x00000000c0e3bf08,0x00000000c4300000)
 Metaspace       used 42557K, committed 43392K, reserved 1114112K
  class space    used 4453K, committed 4800K, reserved 1048576K
}
Event: 5.495 GC heap after
{Heap after GC invocations=14 (full 2):
 PSYoungGen      total 23040K, used 864K [0x00000000eab00000, 0x00000000ec380000, 0x0000000100000000)
  eden space 22016K, 0% used [0x00000000eab00000,0x00000000eab00000,0x00000000ec080000)
  from space 1024K, 84% used [0x00000000ec280000,0x00000000ec358000,0x00000000ec380000)
  to   space 1024K, 0% used [0x00000000ec180000,0x00000000ec180000,0x00000000ec280000)
 ParOldGen       total 68608K, used 15097K [0x00000000c0000000, 0x00000000c4300000, 0x00000000eab00000)
  object space 68608K, 22% used [0x00000000c0000000,0x00000000c0ebe470,0x00000000c4300000)
 Metaspace       used 42557K, committed 43392K, reserved 1114112K
  class space    used 4453K, committed 4800K, reserved 1048576K
}

Dll operation events (10 events):
Event: 0.019 Loaded shared library c:\Users\galax\.vscode\extensions\redhat.java-1.25.1-win32-x64\jre\17.0.9-win32-x86_64\bin\java.dll
Event: 0.165 Loaded shared library c:\Users\galax\.vscode\extensions\redhat.java-1.25.1-win32-x64\jre\17.0.9-win32-x86_64\bin\zip.dll
Event: 0.171 Loaded shared library C:\Users\galax\.vscode\extensions\redhat.java-1.25.1-win32-x64\jre\17.0.9-win32-x86_64\bin\instrument.dll
Event: 0.188 Loaded shared library C:\Users\galax\.vscode\extensions\redhat.java-1.25.1-win32-x64\jre\17.0.9-win32-x86_64\bin\net.dll
Event: 0.191 Loaded shared library C:\Users\galax\.vscode\extensions\redhat.java-1.25.1-win32-x64\jre\17.0.9-win32-x86_64\bin\nio.dll
Event: 0.200 Loaded shared library C:\Users\galax\.vscode\extensions\redhat.java-1.25.1-win32-x64\jre\17.0.9-win32-x86_64\bin\zip.dll
Event: 0.233 Loaded shared library C:\Users\galax\.vscode\extensions\redhat.java-1.25.1-win32-x64\jre\17.0.9-win32-x86_64\bin\jimage.dll
Event: 0.332 Loaded shared library c:\Users\galax\.vscode\extensions\redhat.java-1.25.1-win32-x64\jre\17.0.9-win32-x86_64\bin\verify.dll
Event: 1.491 Loaded shared library C:\Users\galax\AppData\Roaming\Code\User\globalStorage\redhat.java\1.25.1\config_win\org.eclipse.equinox.launcher\org.eclipse.equinox.launcher.win32.win32.x86_64_1.2.800.v20231003-1442\eclipse_11802.dll
Event: 4.834 Loaded shared library C:\Users\galax\AppData\Local\Temp\jna-79889305\jna15862714127041244753.dll

Deoptimization events (20 events):
Event: 5.113 Thread 0x0000026573f816d0 DEOPT PACKING pc=0x00000265631781b4 sp=0x000000ccb02fe670
Event: 5.113 Thread 0x0000026573f816d0 DEOPT UNPACKING pc=0x0000026562b166a3 sp=0x000000ccb02fe630 mode 2
Event: 5.124 Thread 0x0000026573f816d0 Uncommon trap: trap_request=0xffffffde fr.pc=0x00000265631781b4 relative=0x0000000000000294
Event: 5.124 Thread 0x0000026573f816d0 Uncommon trap: reason=class_check action=maybe_recompile pc=0x00000265631781b4 method=java.io.FilterInputStream.read()I @ 4 c2
Event: 5.124 Thread 0x0000026573f816d0 DEOPT PACKING pc=0x00000265631781b4 sp=0x000000ccb02fe670
Event: 5.124 Thread 0x0000026573f816d0 DEOPT UNPACKING pc=0x0000026562b166a3 sp=0x000000ccb02fe630 mode 2
Event: 5.126 Thread 0x0000026573f816d0 Uncommon trap: trap_request=0xffffffde fr.pc=0x00000265631781b4 relative=0x0000000000000294
Event: 5.126 Thread 0x0000026573f816d0 Uncommon trap: reason=class_check action=maybe_recompile pc=0x00000265631781b4 method=java.io.FilterInputStream.read()I @ 4 c2
Event: 5.126 Thread 0x0000026573f816d0 DEOPT PACKING pc=0x00000265631781b4 sp=0x000000ccb02fe670
Event: 5.126 Thread 0x0000026573f816d0 DEOPT UNPACKING pc=0x0000026562b166a3 sp=0x000000ccb02fe630 mode 2
Event: 5.135 Thread 0x0000026573f816d0 Uncommon trap: trap_request=0xffffffde fr.pc=0x00000265631781b4 relative=0x0000000000000294
Event: 5.135 Thread 0x0000026573f816d0 Uncommon trap: reason=class_check action=maybe_recompile pc=0x00000265631781b4 method=java.io.FilterInputStream.read()I @ 4 c2
Event: 5.135 Thread 0x0000026573f816d0 DEOPT PACKING pc=0x00000265631781b4 sp=0x000000ccb02fe670
Event: 5.135 Thread 0x0000026573f816d0 DEOPT UNPACKING pc=0x0000026562b166a3 sp=0x000000ccb02fe630 mode 2
Event: 5.183 Thread 0x0000026573f816d0 DEOPT PACKING pc=0x000002655bdc6559 sp=0x000000ccb02fe4a0
Event: 5.183 Thread 0x0000026573f816d0 DEOPT UNPACKING pc=0x0000026562b16e43 sp=0x000000ccb02fd8f8 mode 0
Event: 5.399 Thread 0x00000265588fbb50 Uncommon trap: trap_request=0xffffff45 fr.pc=0x00000265632378ac relative=0x000000000000762c
Event: 5.399 Thread 0x00000265588fbb50 Uncommon trap: reason=unstable_if action=reinterpret pc=0x00000265632378ac method=jdk.internal.org.objectweb.asm.Frame.execute(IILjdk/internal/org/objectweb/asm/Symbol;Ljdk/internal/org/objectweb/asm/SymbolTable;)V @ 1 c2
Event: 5.399 Thread 0x00000265588fbb50 DEOPT PACKING pc=0x00000265632378ac sp=0x000000ccae0fd690
Event: 5.399 Thread 0x00000265588fbb50 DEOPT UNPACKING pc=0x0000026562b166a3 sp=0x000000ccae0fd648 mode 2

Classes unloaded (7 events):
Event: 2.638 Thread 0x0000026571912860 Unloading class 0x0000000100254000 'java/lang/invoke/LambdaForm$MH+0x0000000100254000'
Event: 2.638 Thread 0x0000026571912860 Unloading class 0x0000000100253c00 'java/lang/invoke/LambdaForm$MH+0x0000000100253c00'
Event: 2.638 Thread 0x0000026571912860 Unloading class 0x0000000100253800 'java/lang/invoke/LambdaForm$MH+0x0000000100253800'
Event: 2.638 Thread 0x0000026571912860 Unloading class 0x0000000100253400 'java/lang/invoke/LambdaForm$MH+0x0000000100253400'
Event: 2.638 Thread 0x0000026571912860 Unloading class 0x0000000100253000 'java/lang/invoke/LambdaForm$BMH+0x0000000100253000'
Event: 2.638 Thread 0x0000026571912860 Unloading class 0x0000000100252c00 'java/lang/invoke/LambdaForm$DMH+0x0000000100252c00'
Event: 2.638 Thread 0x0000026571912860 Unloading class 0x0000000100250000 'java/lang/invoke/LambdaForm$DMH+0x0000000100250000'

Classes redefined (0 events):
No events

Internal exceptions (20 events):
Event: 4.370 Thread 0x0000026573716d00 Exception <a 'java/lang/ClassNotFoundException'{0x00000000ec00b2b8}: com/sun/org/apache/xerces/internal/impl/msg/spi/XMLMessagesProvider> (0x00000000ec00b2b8) 
thrown [s\src\hotspot\share\classfile\systemDictionary.cpp, line 256]
Event: 4.396 Thread 0x0000026573716d00 Exception <a 'java/lang/NoSuchMethodError'{0x00000000eab92160}: 'void java.lang.invoke.DirectMethodHandle$Holder.invokeVirtual(java.lang.Object, java.lang.Object)'> (0x00000000eab92160) 
thrown [s\src\hotspot\share\interpreter\linkResolver.cpp, line 759]
Event: 4.431 Thread 0x0000026573716d00 Exception <a 'java/lang/NoSuchMethodError'{0x00000000eae358b0}: 'java.lang.Object java.lang.invoke.DirectMethodHandle$Holder.invokeStaticInit(java.lang.Object, int, int, int, int)'> (0x00000000eae358b0) 
thrown [s\src\hotspot\share\interpreter\linkResolver.cpp, line 759]
Event: 4.492 Thread 0x0000026573716d00 Exception <a 'java/lang/NoSuchMethodError'{0x00000000eaecf338}: 'java.lang.Object java.lang.invoke.DirectMethodHandle$Holder.invokeStaticInit(java.lang.Object, java.lang.Object, int, int, int, int)'> (0x00000000eaecf338) 
thrown [s\src\hotspot\share\interpreter\linkResolver.cpp, line 759]
Event: 4.553 Thread 0x0000026573716d00 Exception <a 'java/lang/ClassNotFoundException'{0x00000000eb258330}: com/sun/org/apache/xml/internal/serializer/spi/XMLEntitiesProvider> (0x00000000eb258330) 
thrown [s\src\hotspot\share\classfile\systemDictionary.cpp, line 256]
Event: 4.638 Thread 0x0000026573f807a0 Exception <a 'java/lang/NoSuchMethodError'{0x00000000eabf10a0}: 'void java.lang.invoke.DirectMethodHandle$Holder.invokeStatic(java.lang.Object, java.lang.Object, java.lang.Object, java.lang.Object)'> (0x00000000eabf10a0) 
thrown [s\src\hotspot\share\interpreter\linkResolver.cpp, line 759]
Event: 4.662 Thread 0x0000026573716d00 Exception <a 'java/io/FileNotFoundException'{0x00000000eb7622a8}> (0x00000000eb7622a8) 
thrown [s\src\hotspot\share\prims\jni.cpp, line 516]
Event: 4.682 Thread 0x0000026573f816d0 Exception <a 'java/lang/NoSuchMethodError'{0x00000000eb915e00}: 'java.lang.Object java.lang.invoke.DirectMethodHandle$Holder.invokeSpecialIFC(java.lang.Object, java.lang.Object, java.lang.Object, java.lang.Object)'> (0x00000000eb915e00) 
thrown [s\src\hotspot\share\interpreter\linkResolver.cpp, line 759]
Event: 4.839 Thread 0x0000026573f816d0 Exception <a 'java/lang/NoSuchMethodError'{0x00000000eb365178}: 'int java.lang.invoke.DirectMethodHandle$Holder.invokeSpecialIFC(java.lang.Object, java.lang.Object, java.lang.Object, java.lang.Object, java.lang.Object)'> (0x00000000eb365178) 
thrown [s\src\hotspot\share\interpreter\linkResolver.cpp, line 759]
Event: 4.867 Thread 0x0000026573716d00 Exception <a 'java/lang/UnsatisfiedLinkError'{0x00000000eb639838}: The specified procedure could not be found.
> (0x00000000eb639838) 
thrown [s\src\hotspot\share\prims\jni.cpp, line 535]
Event: 4.873 Thread 0x0000026573716d00 Exception <a 'java/io/FileNotFoundException'{0x00000000eb65ef90}> (0x00000000eb65ef90) 
thrown [s\src\hotspot\share\prims\jni.cpp, line 516]
Event: 4.882 Thread 0x0000026573716d00 Exception <a 'java/io/FileNotFoundException'{0x00000000eb82ea38}> (0x00000000eb82ea38) 
thrown [s\src\hotspot\share\prims\jni.cpp, line 516]
Event: 4.893 Thread 0x0000026573716d00 Exception <a 'java/lang/UnsatisfiedLinkError'{0x00000000eb90e338}: The specified procedure could not be found.
> (0x00000000eb90e338) 
thrown [s\src\hotspot\share\prims\jni.cpp, line 535]
Event: 4.911 Thread 0x00000265588fbb50 Exception <a 'sun/nio/fs/WindowsException'{0x00000000eba835d0}> (0x00000000eba835d0) 
thrown [s\src\hotspot\share\prims\jni.cpp, line 516]
Event: 4.982 Thread 0x0000026573f816d0 Exception <a 'java/lang/NoClassDefFoundError'{0x00000000ebff3580}: javax/enterprise/inject/Typed> (0x00000000ebff3580) 
thrown [s\src\hotspot\share\classfile\systemDictionary.cpp, line 245]
Event: 5.037 Thread 0x00000265588fbb50 Exception <a 'java/lang/NoSuchMethodError'{0x00000000eb081c80}: 'java.lang.Object java.lang.invoke.DirectMethodHandle$Holder.invokeStatic(java.lang.Object, java.lang.Object, long, java.lang.Object)'> (0x00000000eb081c80) 
thrown [s\src\hotspot\share\interpreter\linkResolver.cpp, line 759]
Event: 5.038 Thread 0x00000265588fbb50 Exception <a 'java/lang/NoSuchMethodError'{0x00000000eb0a8300}: 'java.lang.Object java.lang.invoke.DirectMethodHandle$Holder.invokeStaticInit(java.lang.Object, java.lang.Object, long, java.lang.Object)'> (0x00000000eb0a8300) 
thrown [s\src\hotspot\share\interpreter\linkResolver.cpp, line 759]
Event: 5.038 Thread 0x00000265588fbb50 Exception <a 'java/lang/NoSuchMethodError'{0x00000000eb0d02c0}: 'java.lang.Object java.lang.invoke.DirectMethodHandle$Holder.newInvokeSpecial(java.lang.Object, java.lang.Object, long)'> (0x00000000eb0d02c0) 
thrown [s\src\hotspot\share\interpreter\linkResolver.cpp, line 759]
Event: 5.370 Thread 0x00000265588fbb50 Exception <a 'java/lang/NoSuchMethodError'{0x00000000eba4a1f8}: 'void java.lang.invoke.DirectMethodHandle$Holder.invokeSpecial(java.lang.Object, java.lang.Object, java.lang.Object, java.lang.Object, java.lang.Object, java.lang.Object)'> (0x00000000eba4a1f8) 
thrown [s\src\hotspot\share\interpreter\linkResolver.cpp, line 759]
Event: 5.374 Thread 0x00000265588fbb50 Exception <a 'java/lang/IncompatibleClassChangeError'{0x00000000eba83788}: Found class java.lang.Object, but interface was expected> (0x00000000eba83788) 
thrown [s\src\hotspot\share\interpreter\linkResolver.cpp, line 826]

VM Operations (20 events):
Event: 4.648 Executing VM operation: HandshakeAllThreads
Event: 4.648 Executing VM operation: HandshakeAllThreads done
Event: 4.701 Executing VM operation: HandshakeAllThreads
Event: 4.701 Executing VM operation: HandshakeAllThreads done
Event: 4.716 Executing VM operation: CollectForMetadataAllocation
Event: 4.763 Executing VM operation: CollectForMetadataAllocation done
Event: 4.851 Executing VM operation: HandshakeAllThreads
Event: 4.851 Executing VM operation: HandshakeAllThreads done
Event: 4.950 Executing VM operation: HandshakeAllThreads
Event: 4.950 Executing VM operation: HandshakeAllThreads done
Event: 4.990 Executing VM operation: ParallelGCFailedAllocation
Event: 4.992 Executing VM operation: ParallelGCFailedAllocation done
Event: 5.204 Executing VM operation: ParallelGCFailedAllocation
Event: 5.206 Executing VM operation: ParallelGCFailedAllocation done
Event: 5.493 Executing VM operation: ParallelGCFailedAllocation
Event: 5.495 Executing VM operation: ParallelGCFailedAllocation done
Event: 5.542 Executing VM operation: HandshakeAllThreads
Event: 5.542 Executing VM operation: HandshakeAllThreads done
Event: 5.578 Executing VM operation: HandshakeAllThreads
Event: 5.578 Executing VM operation: HandshakeAllThreads done

Events (20 events):
Event: 5.488 loading class sun/reflect/generics/tree/VoidDescriptor
Event: 5.488 loading class sun/reflect/generics/tree/VoidDescriptor done
Event: 5.497 loading class sun/reflect/generics/repository/FieldRepository
Event: 5.498 loading class sun/reflect/generics/repository/FieldRepository done
Event: 5.499 loading class java/util/concurrent/CompletionService
Event: 5.499 loading class java/util/concurrent/CompletionService done
Event: 5.502 loading class jdk/internal/reflect/UnsafeQualifiedIntegerFieldAccessorImpl
Event: 5.502 loading class jdk/internal/reflect/UnsafeQualifiedIntegerFieldAccessorImpl done
Event: 5.723 loading class java/nio/channels/SocketChannel
Event: 5.723 loading class java/nio/channels/NetworkChannel
Event: 5.723 loading class java/nio/channels/NetworkChannel done
Event: 5.723 loading class java/nio/channels/spi/AbstractSelectableChannel
Event: 5.724 loading class java/nio/channels/spi/AbstractSelectableChannel done
Event: 5.724 loading class java/nio/channels/SocketChannel done
Event: 5.724 loading class java/nio/channels/ServerSocketChannel
Event: 5.724 loading class java/nio/channels/ServerSocketChannel done
Event: 5.726 loading class javax/net/ssl/SSLSocketFactory
Event: 5.726 loading class javax/net/SocketFactory
Event: 5.726 loading class javax/net/SocketFactory done
Event: 5.726 loading class javax/net/ssl/SSLSocketFactory done


Dynamic libraries:
0x00007ff642e90000 - 0x00007ff642e9e000 	c:\Users\galax\.vscode\extensions\redhat.java-1.25.1-win32-x64\jre\17.0.9-win32-x86_64\bin\java.exe
0x00007ffb67410000 - 0x00007ffb67627000 	C:\WINDOWS\SYSTEM32\ntdll.dll
0x00007ffb65b00000 - 0x00007ffb65bc4000 	C:\WINDOWS\System32\KERNEL32.DLL
0x00007ffb64d80000 - 0x00007ffb65126000 	C:\WINDOWS\System32\KERNELBASE.dll
0x00007ffb64b30000 - 0x00007ffb64c41000 	C:\WINDOWS\System32\ucrtbase.dll
0x00007ffb4a010000 - 0x00007ffb4a027000 	c:\Users\galax\.vscode\extensions\redhat.java-1.25.1-win32-x64\jre\17.0.9-win32-x86_64\bin\jli.dll
0x00007ffb660c0000 - 0x00007ffb6626e000 	C:\WINDOWS\System32\USER32.dll
0x00007ffb64750000 - 0x00007ffb64776000 	C:\WINDOWS\System32\win32u.dll
0x00007ffb66f60000 - 0x00007ffb66f89000 	C:\WINDOWS\System32\GDI32.dll
0x00007ffb5ea30000 - 0x00007ffb5ea4b000 	c:\Users\galax\.vscode\extensions\redhat.java-1.25.1-win32-x64\jre\17.0.9-win32-x86_64\bin\VCRUNTIME140.dll
0x00007ffb4e6b0000 - 0x00007ffb4e943000 	C:\WINDOWS\WinSxS\amd64_microsoft.windows.common-controls_6595b64144ccf1df_6.0.22621.2506_none_270c5ae97388e100\COMCTL32.dll
0x00007ffb64990000 - 0x00007ffb64aa8000 	C:\WINDOWS\System32\gdi32full.dll
0x00007ffb66cd0000 - 0x00007ffb66d77000 	C:\WINDOWS\System32\msvcrt.dll
0x00007ffb64780000 - 0x00007ffb6481a000 	C:\WINDOWS\System32\msvcp_win.dll
0x00007ffb66d80000 - 0x00007ffb66db1000 	C:\WINDOWS\System32\IMM32.DLL
0x00007ffb5f640000 - 0x00007ffb5f64c000 	c:\Users\galax\.vscode\extensions\redhat.java-1.25.1-win32-x64\jre\17.0.9-win32-x86_64\bin\vcruntime140_1.dll
0x00007ffb3ead0000 - 0x00007ffb3eb5d000 	c:\Users\galax\.vscode\extensions\redhat.java-1.25.1-win32-x64\jre\17.0.9-win32-x86_64\bin\msvcp140.dll
0x00007ffb06470000 - 0x00007ffb070d1000 	c:\Users\galax\.vscode\extensions\redhat.java-1.25.1-win32-x64\jre\17.0.9-win32-x86_64\bin\server\jvm.dll
0x00007ffb66c10000 - 0x00007ffb66cc1000 	C:\WINDOWS\System32\ADVAPI32.dll
0x00007ffb65260000 - 0x00007ffb65305000 	C:\WINDOWS\System32\sechost.dll
0x00007ffb659e0000 - 0x00007ffb65af7000 	C:\WINDOWS\System32\RPCRT4.dll
0x00007ffb64620000 - 0x00007ffb6466d000 	C:\WINDOWS\SYSTEM32\POWRPROF.dll
0x00007ffb5e8c0000 - 0x00007ffb5e8c9000 	C:\WINDOWS\SYSTEM32\WSOCK32.dll
0x00007ffb651e0000 - 0x00007ffb65251000 	C:\WINDOWS\System32\WS2_32.dll
0x00007ffb5c470000 - 0x00007ffb5c47a000 	C:\WINDOWS\SYSTEM32\VERSION.dll
0x00007ffb5d2e0000 - 0x00007ffb5d314000 	C:\WINDOWS\SYSTEM32\WINMM.dll
0x00007ffb64600000 - 0x00007ffb64613000 	C:\WINDOWS\SYSTEM32\UMPDC.dll
0x00007ffb63780000 - 0x00007ffb63798000 	C:\WINDOWS\SYSTEM32\kernel.appcore.dll
0x00007ffb514b0000 - 0x00007ffb514ba000 	c:\Users\galax\.vscode\extensions\redhat.java-1.25.1-win32-x64\jre\17.0.9-win32-x86_64\bin\jimage.dll
0x00007ffb62120000 - 0x00007ffb62353000 	C:\WINDOWS\SYSTEM32\DBGHELP.DLL
0x00007ffb66f90000 - 0x00007ffb67319000 	C:\WINDOWS\System32\combase.dll
0x00007ffb66280000 - 0x00007ffb66357000 	C:\WINDOWS\System32\OLEAUT32.dll
0x00007ffb53ef0000 - 0x00007ffb53f22000 	C:\WINDOWS\SYSTEM32\dbgcore.DLL
0x00007ffb64ab0000 - 0x00007ffb64b2a000 	C:\WINDOWS\System32\bcryptPrimitives.dll
0x00007ffb512d0000 - 0x00007ffb512de000 	c:\Users\galax\.vscode\extensions\redhat.java-1.25.1-win32-x64\jre\17.0.9-win32-x86_64\bin\instrument.dll
0x00007ffb37fb0000 - 0x00007ffb37fd5000 	c:\Users\galax\.vscode\extensions\redhat.java-1.25.1-win32-x64\jre\17.0.9-win32-x86_64\bin\java.dll
0x00007ffb3e4a0000 - 0x00007ffb3e4b8000 	c:\Users\galax\.vscode\extensions\redhat.java-1.25.1-win32-x64\jre\17.0.9-win32-x86_64\bin\zip.dll
0x00007ffb66360000 - 0x00007ffb66bba000 	C:\WINDOWS\System32\SHELL32.dll
0x00007ffb62620000 - 0x00007ffb62f16000 	C:\WINDOWS\SYSTEM32\windows.storage.dll
0x00007ffb624e0000 - 0x00007ffb6261e000 	C:\WINDOWS\SYSTEM32\wintypes.dll
0x00007ffb65860000 - 0x00007ffb65953000 	C:\WINDOWS\System32\SHCORE.dll
0x00007ffb65800000 - 0x00007ffb6585e000 	C:\WINDOWS\System32\shlwapi.dll
0x00007ffb64680000 - 0x00007ffb646a6000 	C:\WINDOWS\SYSTEM32\profapi.dll
0x00007ffb49ff0000 - 0x00007ffb4a009000 	C:\Users\galax\.vscode\extensions\redhat.java-1.25.1-win32-x64\jre\17.0.9-win32-x86_64\bin\net.dll
0x00007ffb5e000000 - 0x00007ffb5e137000 	C:\WINDOWS\SYSTEM32\WINHTTP.dll
0x00007ffb63bf0000 - 0x00007ffb63c59000 	C:\WINDOWS\system32\mswsock.dll
0x00007ffb3eab0000 - 0x00007ffb3eac6000 	C:\Users\galax\.vscode\extensions\redhat.java-1.25.1-win32-x64\jre\17.0.9-win32-x86_64\bin\nio.dll
0x00007ffb50ba0000 - 0x00007ffb50bb0000 	c:\Users\galax\.vscode\extensions\redhat.java-1.25.1-win32-x64\jre\17.0.9-win32-x86_64\bin\verify.dll
0x00007ffb3e4f0000 - 0x00007ffb3e52e000 	C:\Users\galax\AppData\Roaming\Code\User\globalStorage\redhat.java\1.25.1\config_win\org.eclipse.equinox.launcher\org.eclipse.equinox.launcher.win32.win32.x86_64_1.2.800.v20231003-1442\eclipse_11802.dll
0x00007ffb66dc0000 - 0x00007ffb66f60000 	C:\WINDOWS\System32\ole32.dll
0x00007ffb63e20000 - 0x00007ffb63e3b000 	C:\WINDOWS\SYSTEM32\CRYPTSP.dll
0x00007ffb63670000 - 0x00007ffb636a5000 	C:\WINDOWS\system32\rsaenh.dll
0x00007ffb63ca0000 - 0x00007ffb63ccc000 	C:\WINDOWS\SYSTEM32\USERENV.dll
0x00007ffb64060000 - 0x00007ffb64088000 	C:\WINDOWS\SYSTEM32\bcrypt.dll
0x00007ffb63e40000 - 0x00007ffb63e4c000 	C:\WINDOWS\SYSTEM32\CRYPTBASE.dll
0x00007ffb63180000 - 0x00007ffb631ad000 	C:\WINDOWS\SYSTEM32\IPHLPAPI.DLL
0x00007ffb65f90000 - 0x00007ffb65f99000 	C:\WINDOWS\System32\NSI.dll
0x00007ffb5dde0000 - 0x00007ffb5ddf9000 	C:\WINDOWS\SYSTEM32\dhcpcsvc6.DLL
0x00007ffb5dc00000 - 0x00007ffb5dc1f000 	C:\WINDOWS\SYSTEM32\dhcpcsvc.DLL
0x00007ffb631f0000 - 0x00007ffb632e9000 	C:\WINDOWS\SYSTEM32\DNSAPI.dll
0x00007ffb3bb50000 - 0x00007ffb3bb95000 	C:\Users\galax\AppData\Local\Temp\jna-79889305\jna15862714127041244753.dll
0x00007ffb65fa0000 - 0x00007ffb65fa8000 	C:\WINDOWS\System32\PSAPI.DLL

dbghelp: loaded successfully - version: 4.0.5 - missing functions: none
symbol engine: initialized successfully - sym options: 0x614 - pdb path: .;c:\Users\galax\.vscode\extensions\redhat.java-1.25.1-win32-x64\jre\17.0.9-win32-x86_64\bin;C:\WINDOWS\SYSTEM32;C:\WINDOWS\WinSxS\amd64_microsoft.windows.common-controls_6595b64144ccf1df_6.0.22621.2506_none_270c5ae97388e100;c:\Users\galax\.vscode\extensions\redhat.java-1.25.1-win32-x64\jre\17.0.9-win32-x86_64\bin\server;C:\Users\galax\AppData\Roaming\Code\User\globalStorage\redhat.java\1.25.1\config_win\org.eclipse.equinox.launcher\org.eclipse.equinox.launcher.win32.win32.x86_64_1.2.800.v20231003-1442;C:\Users\galax\AppData\Local\Temp\jna-79889305

VM Arguments:
jvm_args: --add-modules=ALL-SYSTEM --add-opens=java.base/java.util=ALL-UNNAMED --add-opens=java.base/java.lang=ALL-UNNAMED --add-opens=java.base/sun.nio.fs=ALL-UNNAMED -Declipse.application=org.eclipse.jdt.ls.core.id1 -Dosgi.bundles.defaultStartLevel=4 -Declipse.product=org.eclipse.jdt.ls.core.product -Djava.import.generatesMetadataFilesAtProjectRoot=false -DDetectVMInstallationsJob.disabled=true -Dfile.encoding=utf8 -XX:+UseParallelGC -XX:GCTimeRatio=4 -XX:AdaptiveSizePolicyWeight=90 -Dsun.zip.disableMemoryMapping=true -Xmx1G -Xms100m -Xlog:disable -javaagent:c:\Users\galax\.vscode\extensions\redhat.java-1.25.1-win32-x64\lombok\lombok-1.18.30.jar -XX:+HeapDumpOnOutOfMemoryError -XX:HeapDumpPath=c:\Users\galax\AppData\Roaming\Code\User\workspaceStorage\715939317411bacedd6cdfeea8c9b0d6\redhat.java -Daether.dependencyCollector.impl=bf 
java_command: c:\Users\galax\.vscode\extensions\redhat.java-1.25.1-win32-x64\server\plugins\org.eclipse.equinox.launcher_1.6.600.v20231106-1826.jar -configuration c:\Users\galax\AppData\Roaming\Code\User\globalStorage\redhat.java\1.25.1\config_win -data c:\Users\galax\AppData\Roaming\Code\User\workspaceStorage\715939317411bacedd6cdfeea8c9b0d6\redhat.java\jdt_ws --stdio
java_class_path (initial): c:\Users\galax\.vscode\extensions\redhat.java-1.25.1-win32-x64\server\plugins\org.eclipse.equinox.launcher_1.6.600.v20231106-1826.jar
Launcher Type: SUN_STANDARD

[Global flags]
    uintx AdaptiveSizePolicyWeight                 = 90                                        {product} {command line}
     intx CICompilerCount                          = 4                                         {product} {ergonomic}
    uintx GCTimeRatio                              = 4                                         {product} {command line}
     bool HeapDumpOnOutOfMemoryError               = true                                   {manageable} {command line}
    ccstr HeapDumpPath                             = c:\Users\galax\AppData\Roaming\Code\User\workspaceStorage\715939317411bacedd6cdfeea8c9b0d6\redhat.java         {manageable} {command line}
   size_t InitialHeapSize                          = 104857600                                 {product} {command line}
   size_t MaxHeapSize                              = 1073741824                                {product} {command line}
   size_t MaxNewSize                               = 357564416                                 {product} {ergonomic}
   size_t MinHeapDeltaBytes                        = 524288                                    {product} {ergonomic}
   size_t MinHeapSize                              = 104857600                                 {product} {command line}
   size_t NewSize                                  = 34603008                                  {product} {ergonomic}
    uintx NonNMethodCodeHeapSize                   = 5839372                                {pd product} {ergonomic}
    uintx NonProfiledCodeHeapSize                  = 122909434                              {pd product} {ergonomic}
   size_t OldSize                                  = 70254592                                  {product} {ergonomic}
    uintx ProfiledCodeHeapSize                     = 122909434                              {pd product} {ergonomic}
    uintx ReservedCodeCacheSize                    = 251658240                              {pd product} {ergonomic}
     bool SegmentedCodeCache                       = true                                      {product} {ergonomic}
   size_t SoftMaxHeapSize                          = 1073741824                             {manageable} {ergonomic}
     bool UseCompressedClassPointers               = true                           {product lp64_product} {ergonomic}
     bool UseCompressedOops                        = true                           {product lp64_product} {ergonomic}
     bool UseLargePagesIndividualAllocation        = false                                  {pd product} {ergonomic}
     bool UseParallelGC                            = true                                      {product} {command line}

Logging:
Log output configuration:
 #0: stdout all=off uptime,level,tags
 #1: stderr all=off uptime,level,tags

Environment Variables:
JAVA_HOME=C:\Program Files\Eclipse Adoptium\jdk-21.0.1.12-hotspot\
PATH=C:\Program Files\Eclipse Adoptium\jdk-21.0.1.12-hotspot\bin;C:\Program Files\Common Files\Oracle\Java\javapath;C:\Program Files (x86)\Common Files\Oracle\Java\javapath;C:\Windows\system32;C:\Windows;C:\Windows\System32\Wbem;C:\Windows\System32\WindowsPowerShell\v1.0\;C:\Windows\System32\OpenSSH\;C:\Program Files (x86)\NVIDIA Corporation\PhysX\Common;C:\Program Files\NVIDIA Corporation\NVIDIA NvDLISR;C:\WINDOWS\system32;C:\WINDOWS;C:\WINDOWS\System32\Wbem;C:\WINDOWS\System32\WindowsPowerShell\v1.0\;C:\WINDOWS\System32\OpenSSH\;C:\Program Files\Microsoft VS Code\bin;C:\Users\galax\AppData\Roaming\nvm;C:\Program Files\nodejs;C:\Program Files\Graphviz\bin;C:\Program Files\Docker\Docker\resources\bin;C:\Program Files\GitHub CLI\;C:\Program Files\Git\cmd;C:\Users\galax\AppData\Local\Programs\Python\Python312\Scripts\;C:\Users\galax\AppData\Local\Programs\Python\Python312\;C:\Users\galax\.console-ninja\.bin;C:\Users\galax\AppData\Local\Microsoft\WindowsApps;C:\Users\galax\AppData\Local\Programs\oh-my-posh\bin;C:\Program Files\JetBrains\IntelliJ IDEA Community Edition 2023.2\bin;C:\Users\galax\AppData\Roaming\npm;C:\Users\galax\AppData\Local\Programs\mongosh\;C:\Users\galax\AppData\Local\GitHubDesktop\bin;C:\Users\galax\AppData\Roaming\nvm;C:\Program Files\nodejs;C:\Program Files\Java\jdk-1.8\bin;C:\Program Files\Git\bin;D:\whois;C:\Program Files\Java JDK\bin;
USERNAME=Singh
LANG=en_US.UTF-8
OS=Windows_NT
PROCESSOR_IDENTIFIER=AMD64 Family 25 Model 80 Stepping 0, AuthenticAMD
TMP=C:\Users\galax\AppData\Local\Temp
TEMP=C:\Users\galax\AppData\Local\Temp



Periodic native trim disabled


---------------  S Y S T E M  ---------------

OS:
 Windows 11 , 64 bit Build 22621 (10.0.22621.2506)
OS uptime: 0 days 2:48 hours
Hyper-V role detected

CPU: total 12 (initial active 12) (12 cores per cpu, 2 threads per core) family 25 model 80 stepping 0 microcode 0x0, cx8, cmov, fxsr, ht, mmx, 3dnowpref, sse, sse2, sse3, ssse3, sse4a, sse4.1, sse4.2, popcnt, lzcnt, tsc, tscinvbit, avx, avx2, aes, erms, clmul, bmi1, bmi2, adx, sha, fma, vzeroupper, clflush, clflushopt, hv
Processor Information for all 12 processors :
  Max Mhz: 3301, Current Mhz: 3301, Mhz Limit: 3301

Memory: 4k page, system-wide physical 15724M (4808M free)
TotalPageFile size 20724M (AvailPageFile size 4M)
current process WorkingSet (physical memory assigned to process): 174M, peak: 198M
current process commit charge ("private bytes"): 278M, peak: 302M

vm_info: OpenJDK 64-Bit Server VM (17.0.9+9) for windows-amd64 JRE (17.0.9+9), built on Oct 26 2023 14:01:42 by "admin" with MS VC++ 16.10 / 16.11 (VS2019)

END.
