#
# There is insufficient memory for the Java Runtime Environment to continue.
# Native memory allocation (malloc) failed to allocate 523536 bytes for Chunk::new
# Possible reasons:
#   The system is out of physical RAM or swap space
# Possible solutions:
#   Reduce memory load on the system
#   Increase physical memory or swap space
#   Check if swap backing store is full
#   Decrease Java heap size (-Xmx/-Xms)
#   Decrease number of Java threads
#   Decrease Java thread stack sizes (-Xss)
#   Set larger code cache with -XX:ReservedCodeCacheSize=
# This output file may be truncated or incomplete.
#
#  Out of Memory Error (arena.cpp:191), pid=17328, tid=11080
#
# JRE version: OpenJDK Runtime Environment Temurin-17.0.10+7 (17.0.10+7) (build 17.0.10+7)
# Java VM: OpenJDK 64-Bit Server VM Temurin-17.0.10+7 (17.0.10+7, mixed mode, tiered, compressed class ptrs, parallel gc, windows-amd64)
# No core dump will be written. Minidumps are not enabled by default on client versions of Windows
#

---------------  S U M M A R Y ------------

Command Line: --add-modules=ALL-SYSTEM --add-opens=java.base/java.util=ALL-UNNAMED --add-opens=java.base/java.lang=ALL-UNNAMED --add-opens=java.base/sun.nio.fs=ALL-UNNAMED -Declipse.application=org.eclipse.jdt.ls.core.id1 -Dosgi.bundles.defaultStartLevel=4 -Declipse.product=org.eclipse.jdt.ls.core.product -Djava.import.generatesMetadataFilesAtProjectRoot=false -DDetectVMInstallationsJob.disabled=true -Dfile.encoding=utf8 -XX:+UseParallelGC -XX:GCTimeRatio=4 -XX:AdaptiveSizePolicyWeight=90 -Dsun.zip.disableMemoryMapping=true -Xmx128G -Xms100m -Xlog:disable -javaagent:c:\Users\galax\.vscode\extensions\redhat.java-1.30.0-win32-x64\lombok\lombok-1.18.32.jar -XX:+HeapDumpOnOutOfMemoryError -XX:HeapDumpPath=c:\Users\galax\AppData\Roaming\Code\User\workspaceStorage\715939317411bacedd6cdfeea8c9b0d6\redhat.java -Daether.dependencyCollector.impl=bf c:\Users\galax\.vscode\extensions\redhat.java-1.30.0-win32-x64\server\plugins\org.eclipse.equinox.launcher_1.6.800.v20240330-1250.jar -configuration c:\Users\galax\AppData\Roaming\Code\User\globalStorage\redhat.java\1.30.0\config_win -data c:\Users\galax\AppData\Roaming\Code\User\workspaceStorage\715939317411bacedd6cdfeea8c9b0d6\redhat.java\jdt_ws --pipe=\\.\pipe\lsp-980fed9162029dbb23ca1751f8cae225-sock

Host: AMD Ryzen 5 5600H with Radeon Graphics         , 12 cores, 15G,  Windows 11 , 64 bit Build 22621 (10.0.22621.3527)
Time: Thu May 23 18:20:49 2024 India Standard Time elapsed time: 7.399172 seconds (0d 0h 0m 7s)

---------------  T H R E A D  ---------------

Current thread (0x00000188323853a0):  JavaThread "C2 CompilerThread1" daemon [_thread_in_native, id=11080, stack(0x00000071b8f00000,0x00000071b9000000)]


Current CompileTask:
C2:   7399 6214       4       jdk.internal.jrtfs.JrtFileSystem::lambda$iteratorOf$2 (20 bytes)

Stack: [0x00000071b8f00000,0x00000071b9000000]
Native frames: (J=compiled Java code, j=interpreted, Vv=VM code, C=native code)
V  [jvm.dll+0x67d2c9]
V  [jvm.dll+0x834afa]
V  [jvm.dll+0x8365be]
V  [jvm.dll+0x836c23]
V  [jvm.dll+0x2477ff]
V  [jvm.dll+0xac514]
V  [jvm.dll+0xacb5c]
V  [jvm.dll+0x366782]
V  [jvm.dll+0x330bfa]
V  [jvm.dll+0x33009a]
V  [jvm.dll+0x219ef1]
V  [jvm.dll+0x219311]
V  [jvm.dll+0x1a502d]
V  [jvm.dll+0x2290de]
V  [jvm.dll+0x2272ac]
V  [jvm.dll+0x7e9bb7]
V  [jvm.dll+0x7e3fba]
V  [jvm.dll+0x67c1b5]
C  [ucrtbase.dll+0x29333]
C  [KERNEL32.DLL+0x1257d]
C  [ntdll.dll+0x5aa48]


---------------  P R O C E S S  ---------------

Threads class SMR info:
_java_thread_list=0x00000188330b3e80, length=43, elements={
0x000001884edc0ee0, 0x000001884e972020, 0x000001884e973dc0, 0x000001884e979f60,
0x000001884e97abf0, 0x000001884e97b980, 0x000001884e97c5b0, 0x000001884e97d3b0,
0x00000188306505d0, 0x00000188306706c0, 0x000001883073d620, 0x00000188308dcbb0,
0x00000188323853a0, 0x0000018832868020, 0x0000018832812220, 0x0000018832812700,
0x0000018832a40d20, 0x0000018832bba0b0, 0x0000018832f3f600, 0x0000018832d60230,
0x0000018832d5f300, 0x0000018832d5edf0, 0x0000018832d60740, 0x0000018832d5fd20,
0x0000018832d60c50, 0x0000018832d5d4a0, 0x0000018832d5e3d0, 0x0000018832d5e8e0,
0x000001883345e020, 0x0000018833458a10, 0x0000018833458f20, 0x0000018833457ff0,
0x000001883345c6d0, 0x0000018833459430, 0x0000018833458500, 0x00000188334575d0,
0x000001883345ad80, 0x00000188334570c0, 0x0000018833459940, 0x0000018833457ae0,
0x000001883345bcb0, 0x000001883345db10, 0x00000188339fb290
}

Java Threads: ( => current thread )
  0x000001884edc0ee0 JavaThread "main" [_thread_blocked, id=2244, stack(0x00000071b8200000,0x00000071b8300000)]
  0x000001884e972020 JavaThread "Reference Handler" daemon [_thread_blocked, id=5460, stack(0x00000071b8500000,0x00000071b8600000)]
  0x000001884e973dc0 JavaThread "Finalizer" daemon [_thread_blocked, id=2340, stack(0x00000071b8600000,0x00000071b8700000)]
  0x000001884e979f60 JavaThread "Signal Dispatcher" daemon [_thread_blocked, id=23844, stack(0x00000071b8700000,0x00000071b8800000)]
  0x000001884e97abf0 JavaThread "Attach Listener" daemon [_thread_blocked, id=19360, stack(0x00000071b8800000,0x00000071b8900000)]
  0x000001884e97b980 JavaThread "Service Thread" daemon [_thread_blocked, id=21464, stack(0x00000071b8900000,0x00000071b8a00000)]
  0x000001884e97c5b0 JavaThread "Monitor Deflation Thread" daemon [_thread_blocked, id=11520, stack(0x00000071b8a00000,0x00000071b8b00000)]
  0x000001884e97d3b0 JavaThread "C2 CompilerThread0" daemon [_thread_in_native, id=19460, stack(0x00000071b8b00000,0x00000071b8c00000)]
  0x00000188306505d0 JavaThread "C1 CompilerThread0" daemon [_thread_blocked, id=19464, stack(0x00000071b8c00000,0x00000071b8d00000)]
  0x00000188306706c0 JavaThread "Sweeper thread" daemon [_thread_blocked, id=21052, stack(0x00000071b8d00000,0x00000071b8e00000)]
  0x000001883073d620 JavaThread "Common-Cleaner" daemon [_thread_blocked, id=7436, stack(0x00000071b8e00000,0x00000071b8f00000)]
  0x00000188308dcbb0 JavaThread "Notification Thread" daemon [_thread_blocked, id=16288, stack(0x00000071b9000000,0x00000071b9100000)]
=>0x00000188323853a0 JavaThread "C2 CompilerThread1" daemon [_thread_in_native, id=11080, stack(0x00000071b8f00000,0x00000071b9000000)]
  0x0000018832868020 JavaThread "Active Thread: Equinox Container: 2f70899b-71ee-403b-a662-9c2b674f3ca5" [_thread_blocked, id=15332, stack(0x00000071b9800000,0x00000071b9900000)]
  0x0000018832812220 JavaThread "Framework Event Dispatcher: Equinox Container: 2f70899b-71ee-403b-a662-9c2b674f3ca5" daemon [_thread_blocked, id=19260, stack(0x00000071b9a00000,0x00000071b9b00000)]
  0x0000018832812700 JavaThread "Start Level: Equinox Container: 2f70899b-71ee-403b-a662-9c2b674f3ca5" daemon [_thread_blocked, id=10124, stack(0x00000071b9b00000,0x00000071b9c00000)]
  0x0000018832a40d20 JavaThread "Bundle File Closer" daemon [_thread_blocked, id=10564, stack(0x00000071b9c00000,0x00000071b9d00000)]
  0x0000018832bba0b0 JavaThread "SCR Component Actor" daemon [_thread_blocked, id=6104, stack(0x00000071b9200000,0x00000071b9300000)]
  0x0000018832f3f600 JavaThread "SCR Component Registry" daemon [_thread_blocked, id=11984, stack(0x00000071b9f00000,0x00000071ba000000)]
  0x0000018832d60230 JavaThread "Worker-JM" [_thread_blocked, id=3116, stack(0x00000071ba100000,0x00000071ba200000)]
  0x0000018832d5f300 JavaThread "Worker-0" [_thread_blocked, id=2252, stack(0x00000071ba200000,0x00000071ba300000)]
  0x0000018832d5edf0 JavaThread "Worker-1" [_thread_blocked, id=20204, stack(0x00000071ba300000,0x00000071ba400000)]
  0x0000018832d60740 JavaThread "Java indexing" daemon [_thread_blocked, id=3444, stack(0x00000071ba500000,0x00000071ba600000)]
  0x0000018832d5fd20 JavaThread "JNA Cleaner" daemon [_thread_blocked, id=16224, stack(0x00000071ba600000,0x00000071ba700000)]
  0x0000018832d60c50 JavaThread "Worker-2: Initialize Workspace" [_thread_in_Java, id=6568, stack(0x00000071ba700000,0x00000071ba800000)]
  0x0000018832d5d4a0 JavaThread "Thread-2" daemon [_thread_in_native, id=7252, stack(0x00000071ba800000,0x00000071ba900000)]
  0x0000018832d5e3d0 JavaThread "Thread-3" daemon [_thread_in_native, id=17404, stack(0x00000071ba900000,0x00000071baa00000)]
  0x0000018832d5e8e0 JavaThread "Thread-4" daemon [_thread_in_native, id=17400, stack(0x00000071baa00000,0x00000071bab00000)]
  0x000001883345e020 JavaThread "Thread-5" daemon [_thread_in_native, id=12836, stack(0x00000071bab00000,0x00000071bac00000)]
  0x0000018833458a10 JavaThread "Thread-6" daemon [_thread_in_native, id=17664, stack(0x00000071bac00000,0x00000071bad00000)]
  0x0000018833458f20 JavaThread "Thread-7" daemon [_thread_in_native, id=18332, stack(0x00000071bad00000,0x00000071bae00000)]
  0x0000018833457ff0 JavaThread "Thread-8" daemon [_thread_in_native, id=16104, stack(0x00000071bae00000,0x00000071baf00000)]
  0x000001883345c6d0 JavaThread "Thread-9" daemon [_thread_in_native, id=5336, stack(0x00000071baf00000,0x00000071bb000000)]
  0x0000018833459430 JavaThread "Thread-10" daemon [_thread_in_native, id=24372, stack(0x00000071bb000000,0x00000071bb100000)]
  0x0000018833458500 JavaThread "Thread-11" daemon [_thread_in_native, id=7876, stack(0x00000071bb100000,0x00000071bb200000)]
  0x00000188334575d0 JavaThread "Thread-12" daemon [_thread_in_native, id=17340, stack(0x00000071bb200000,0x00000071bb300000)]
  0x000001883345ad80 JavaThread "Thread-13" daemon [_thread_in_native, id=11076, stack(0x00000071bb300000,0x00000071bb400000)]
  0x00000188334570c0 JavaThread "Thread-14" daemon [_thread_in_native, id=12020, stack(0x00000071bb400000,0x00000071bb500000)]
  0x0000018833459940 JavaThread "pool-2-thread-1" [_thread_blocked, id=16960, stack(0x00000071bb500000,0x00000071bb600000)]
  0x0000018833457ae0 JavaThread "Worker-3" [_thread_blocked, id=6648, stack(0x00000071bb600000,0x00000071bb700000)]
  0x000001883345bcb0 JavaThread "WorkspaceEventsHandler" [_thread_blocked, id=10192, stack(0x00000071bb700000,0x00000071bb800000)]
  0x000001883345db10 JavaThread "pool-1-thread-1" [_thread_blocked, id=19600, stack(0x00000071bb800000,0x00000071bb900000)]
  0x00000188339fb290 JavaThread "C2 CompilerThread2" daemon [_thread_in_native, id=18048, stack(0x00000071ba400000,0x00000071ba500000)]

Other Threads:
  0x000001884ee6ec90 VMThread "VM Thread" [stack: 0x00000071b8400000,0x00000071b8500000] [id=19468]
  0x00000188308eb960 WatcherThread [stack: 0x00000071b9100000,0x00000071b9200000] [id=11356]
  0x000001884edd69c0 GCTaskThread "GC Thread#0" [stack: 0x00000071b8300000,0x00000071b8400000] [id=24540]
  0x0000018831ee1a30 GCTaskThread "GC Thread#1" [stack: 0x00000071b9300000,0x00000071b9400000] [id=20104]
  0x00000188321161e0 GCTaskThread "GC Thread#2" [stack: 0x00000071b9400000,0x00000071b9500000] [id=7924]
  0x00000188321164a0 GCTaskThread "GC Thread#3" [stack: 0x00000071b9500000,0x00000071b9600000] [id=16924]
  0x0000018832116760 GCTaskThread "GC Thread#4" [stack: 0x00000071b9600000,0x00000071b9700000] [id=15380]
  0x0000018832448d70 GCTaskThread "GC Thread#5" [stack: 0x00000071b9700000,0x00000071b9800000] [id=2876]
  0x0000018832192a00 GCTaskThread "GC Thread#6" [stack: 0x00000071b9900000,0x00000071b9a00000] [id=24304]
  0x0000018832bbd4d0 GCTaskThread "GC Thread#7" [stack: 0x00000071b9d00000,0x00000071b9e00000] [id=10212]
  0x0000018832bbd790 GCTaskThread "GC Thread#8" [stack: 0x00000071b9e00000,0x00000071b9f00000] [id=19932]
  0x0000018832d61460 GCTaskThread "GC Thread#9" [stack: 0x00000071ba000000,0x00000071ba100000] [id=17836]

Threads with active compile tasks:
C2 CompilerThread0     7437 6251       4       org.eclipse.jdt.internal.core.JarPackageFragmentRoot::initRawPackageInfo (342 bytes)
C2 CompilerThread1     7437 6214       4       jdk.internal.jrtfs.JrtFileSystem::lambda$iteratorOf$2 (20 bytes)
C2 CompilerThread2     7437 6260       4       org.eclipse.jdt.internal.core.util.HashtableOfArrayToObject::getKey (66 bytes)

VM state: not at safepoint (normal execution)

VM Mutex/Monitor currently owned by a thread: None

CDS archive(s) not mapped
Compressed class space mapped at: 0x0000000080000000-0x00000000c0000000, reserved size: 1073741824
Narrow klass base: 0x0000000000000000, Narrow klass shift: 0, Narrow klass range: 0xc0000000

GC Precious Log:
 CPUs: 12 total, 12 available
 Memory: 15724M
 Large Page Support: Disabled
 NUMA Support: Disabled
 Compressed Oops: Disabled
 Alignments: Space 512K, Generation 512K, Heap 2M
 Heap Min Capacity: 100M
 Heap Initial Capacity: 100M
 Heap Max Capacity: 128G
 Pre-touch: Disabled
 Parallel Workers: 10

Heap:
 PSYoungGen      total 20480K, used 7535K [0x0000019db6180000, 0x0000019db7800000, 0x000001a860c00000)
  eden space 18432K, 30% used [0x0000019db6180000,0x0000019db6703e60,0x0000019db7380000)
  from space 2048K, 92% used [0x0000019db7600000,0x0000019db77d8000,0x0000019db7800000)
  to   space 2048K, 0% used [0x0000019db7380000,0x0000019db7380000,0x0000019db7580000)
 ParOldGen       total 68608K, used 39337K [0x0000018860c00000, 0x0000018864f00000, 0x0000019db6180000)
  object space 68608K, 57% used [0x0000018860c00000,0x000001886326a418,0x0000018864f00000)
 Metaspace       used 52755K, committed 53696K, reserved 1114112K
  class space    used 5693K, committed 6144K, reserved 1048576K

Card table byte_map: [0x0000018800000000,0x0000018810010000] _byte_map_base: 0x000001873bcfa000

Marking Bits: (ParMarkBitMap*) 0x00007ffa0111d7d0
 Begin Bits: [0x000001a860c00000, 0x000001a8e0c00000)
 End Bits:   [0x000001a8e0c00000, 0x000001a960c00000)

Polling page: 0x000001884e570000

Metaspace:

Usage:
  Non-class:     45.96 MB used.
      Class:      5.56 MB used.
       Both:     51.52 MB used.

Virtual space:
  Non-class space:       64.00 MB reserved,      46.44 MB ( 73%) committed,  1 nodes.
      Class space:        1.00 GB reserved,       6.00 MB ( <1%) committed,  1 nodes.
             Both:        1.06 GB reserved,      52.44 MB (  5%) committed. 

Chunk freelists:
   Non-Class:  1.41 MB
       Class:  10.03 MB
        Both:  11.44 MB

MaxMetaspaceSize: unlimited
CompressedClassSpaceSize: 1.00 GB
Initial GC threshold: 21.00 MB
Current GC threshold: 58.38 MB
CDS: off
MetaspaceReclaimPolicy: balanced
 - commit_granule_bytes: 65536.
 - commit_granule_words: 8192.
 - virtual_space_node_default_size: 8388608.
 - enlarge_chunks_in_place: 1.
 - new_chunks_are_fully_committed: 0.
 - uncommit_free_chunks: 1.
 - use_allocation_guard: 0.
 - handle_deallocations: 1.


Internal statistics:

num_allocs_failed_limit: 6.
num_arena_births: 574.
num_arena_deaths: 14.
num_vsnodes_births: 2.
num_vsnodes_deaths: 0.
num_space_committed: 839.
num_space_uncommitted: 0.
num_chunks_returned_to_freelist: 20.
num_chunks_taken_from_freelist: 2475.
num_chunk_merges: 11.
num_chunk_splits: 1591.
num_chunks_enlarged: 1031.
num_inconsistent_stats: 0.

CodeHeap 'non-profiled nmethods': size=120000Kb used=3055Kb max_used=3055Kb free=116944Kb
 bounds [0x0000018859520000, 0x0000018859820000, 0x0000018860a50000]
CodeHeap 'profiled nmethods': size=120000Kb used=10728Kb max_used=10728Kb free=109271Kb
 bounds [0x0000018851a50000, 0x00000188524d0000, 0x0000018858f80000]
CodeHeap 'non-nmethods': size=5760Kb used=1304Kb max_used=1361Kb free=4456Kb
 bounds [0x0000018858f80000, 0x00000188591f0000, 0x0000018859520000]
 total_blobs=6039 nmethods=5403 adapters=550
 compilation: enabled
              stopped_count=0, restarted_count=0
 full_count=0

Compilation events (20 events):
Event: 7.338 Thread 0x00000188306505d0 6238       2       java.util.RegularEnumSet::<init> (12 bytes)
Event: 7.338 Thread 0x00000188306505d0 nmethod 6238 0x00000188524cae10 code [0x00000188524cafa0, 0x00000188524cb0d8]
Event: 7.338 Thread 0x00000188306505d0 6239       2       java.util.EnumSet::<init> (15 bytes)
Event: 7.338 Thread 0x00000188306505d0 nmethod 6239 0x00000188524cb190 code [0x00000188524cb320, 0x00000188524cb458]
Event: 7.350 Thread 0x00000188339fb290 nmethod 6120 0x0000018859800a10 code [0x0000018859800e00, 0x0000018859804be8]
Event: 7.351 Thread 0x00000188339fb290 6192       4       jdk.internal.jrtfs.JrtFileSystemProvider::readAttributes (25 bytes)
Event: 7.353 Thread 0x00000188339fb290 nmethod 6192 0x0000018859807590 code [0x0000018859807740, 0x0000018859807928]
Event: 7.353 Thread 0x00000188339fb290 6195   !   4       java.nio.file.FileTreeWalker::getAttributes (94 bytes)
Event: 7.353 Thread 0x000001884e97d3b0 nmethod 6191 0x0000018859807c10 code [0x0000018859807fc0, 0x0000018859809f50]
Event: 7.354 Thread 0x000001884e97d3b0 6211       4       jdk.internal.jrtfs.JrtFileAttributes::isDirectory (8 bytes)
Event: 7.354 Thread 0x000001884e97d3b0 nmethod 6211 0x000001885980bb90 code [0x000001885980bd00, 0x000001885980bd98]
Event: 7.354 Thread 0x000001884e97d3b0 6212       4       java.nio.file.FileTreeWalker$Event::<init> (9 bytes)
Event: 7.355 Thread 0x000001884e97d3b0 nmethod 6212 0x000001885980be90 code [0x000001885980c000, 0x000001885980c098]
Event: 7.355 Thread 0x000001884e97d3b0 6213       4       jdk.internal.jrtfs.JrtFileSystem$$Lambda$378/0x00000000805e4000::apply (16 bytes)
Event: 7.358 Thread 0x00000188323853a0 nmethod 6160 0x000001885980c190 code [0x000001885980c520, 0x000001885980ea30]
Event: 7.359 Thread 0x00000188323853a0 6214       4       jdk.internal.jrtfs.JrtFileSystem::lambda$iteratorOf$2 (20 bytes)
Event: 7.361 Thread 0x00000188339fb290 nmethod 6195 0x0000018859810a10 code [0x0000018859810c40, 0x00000188598111d0]
Event: 7.361 Thread 0x00000188339fb290 6243       4       org.eclipse.jdt.internal.core.util.HashtableOfArrayToObject::getKey (66 bytes)
Event: 7.374 Thread 0x00000188339fb290 nmethod 6243 0x0000018859811910 code [0x0000018859811ac0, 0x0000018859812238]
Event: 7.374 Thread 0x00000188339fb290 6231       4       jdk.internal.jrtfs.JrtPath::resolve (125 bytes)

GC Heap History (20 events):
Event: 4.907 GC heap before
{Heap before GC invocations=17 (full 2):
 PSYoungGen      total 23040K, used 22720K [0x0000019db6180000, 0x0000019db7d00000, 0x000001a860c00000)
  eden space 22016K, 100% used [0x0000019db6180000,0x0000019db7700000,0x0000019db7700000)
  from space 1024K, 68% used [0x0000019db7c00000,0x0000019db7cb0000,0x0000019db7d00000)
  to   space 1024K, 0% used [0x0000019db7b00000,0x0000019db7b00000,0x0000019db7c00000)
 ParOldGen       total 68608K, used 21753K [0x0000018860c00000, 0x0000018864f00000, 0x0000019db6180000)
  object space 68608K, 31% used [0x0000018860c00000,0x000001886213e558,0x0000018864f00000)
 Metaspace       used 42263K, committed 43200K, reserved 1114112K
  class space    used 4365K, committed 4800K, reserved 1048576K
}
Event: 4.910 GC heap after
{Heap after GC invocations=17 (full 2):
 PSYoungGen      total 23040K, used 1024K [0x0000019db6180000, 0x0000019db7d00000, 0x000001a860c00000)
  eden space 22016K, 0% used [0x0000019db6180000,0x0000019db6180000,0x0000019db7700000)
  from space 1024K, 100% used [0x0000019db7b00000,0x0000019db7c00000,0x0000019db7c00000)
  to   space 1024K, 0% used [0x0000019db7c00000,0x0000019db7c00000,0x0000019db7d00000)
 ParOldGen       total 68608K, used 23049K [0x0000018860c00000, 0x0000018864f00000, 0x0000019db6180000)
  object space 68608K, 33% used [0x0000018860c00000,0x0000018862282778,0x0000018864f00000)
 Metaspace       used 42263K, committed 43200K, reserved 1114112K
  class space    used 4365K, committed 4800K, reserved 1048576K
}
Event: 5.036 GC heap before
{Heap before GC invocations=18 (full 2):
 PSYoungGen      total 23040K, used 23040K [0x0000019db6180000, 0x0000019db7d00000, 0x000001a860c00000)
  eden space 22016K, 100% used [0x0000019db6180000,0x0000019db7700000,0x0000019db7700000)
  from space 1024K, 100% used [0x0000019db7b00000,0x0000019db7c00000,0x0000019db7c00000)
  to   space 1024K, 0% used [0x0000019db7c00000,0x0000019db7c00000,0x0000019db7d00000)
 ParOldGen       total 68608K, used 23049K [0x0000018860c00000, 0x0000018864f00000, 0x0000019db6180000)
  object space 68608K, 33% used [0x0000018860c00000,0x0000018862282778,0x0000018864f00000)
 Metaspace       used 42734K, committed 43712K, reserved 1114112K
  class space    used 4429K, committed 4864K, reserved 1048576K
}
Event: 5.037 GC heap after
{Heap after GC invocations=18 (full 2):
 PSYoungGen      total 23040K, used 608K [0x0000019db6180000, 0x0000019db7d00000, 0x000001a860c00000)
  eden space 22016K, 0% used [0x0000019db6180000,0x0000019db6180000,0x0000019db7700000)
  from space 1024K, 59% used [0x0000019db7c00000,0x0000019db7c98000,0x0000019db7d00000)
  to   space 1536K, 0% used [0x0000019db7a00000,0x0000019db7a00000,0x0000019db7b80000)
 ParOldGen       total 68608K, used 23992K [0x0000018860c00000, 0x0000018864f00000, 0x0000019db6180000)
  object space 68608K, 34% used [0x0000018860c00000,0x000001886236e000,0x0000018864f00000)
 Metaspace       used 42734K, committed 43712K, reserved 1114112K
  class space    used 4429K, committed 4864K, reserved 1048576K
}
Event: 5.315 GC heap before
{Heap before GC invocations=19 (full 2):
 PSYoungGen      total 23040K, used 22624K [0x0000019db6180000, 0x0000019db7d00000, 0x000001a860c00000)
  eden space 22016K, 100% used [0x0000019db6180000,0x0000019db7700000,0x0000019db7700000)
  from space 1024K, 59% used [0x0000019db7c00000,0x0000019db7c98000,0x0000019db7d00000)
  to   space 1536K, 0% used [0x0000019db7a00000,0x0000019db7a00000,0x0000019db7b80000)
 ParOldGen       total 68608K, used 23992K [0x0000018860c00000, 0x0000018864f00000, 0x0000019db6180000)
  object space 68608K, 34% used [0x0000018860c00000,0x000001886236e000,0x0000018864f00000)
 Metaspace       used 44497K, committed 45376K, reserved 1114112K
  class space    used 4658K, committed 5056K, reserved 1048576K
}
Event: 5.316 GC heap after
{Heap after GC invocations=19 (full 2):
 PSYoungGen      total 23552K, used 768K [0x0000019db6180000, 0x0000019db7c80000, 0x000001a860c00000)
  eden space 22016K, 0% used [0x0000019db6180000,0x0000019db6180000,0x0000019db7700000)
  from space 1536K, 50% used [0x0000019db7a00000,0x0000019db7ac0000,0x0000019db7b80000)
  to   space 1024K, 0% used [0x0000019db7b80000,0x0000019db7b80000,0x0000019db7c80000)
 ParOldGen       total 68608K, used 24420K [0x0000018860c00000, 0x0000018864f00000, 0x0000019db6180000)
  object space 68608K, 35% used [0x0000018860c00000,0x00000188623d9010,0x0000018864f00000)
 Metaspace       used 44497K, committed 45376K, reserved 1114112K
  class space    used 4658K, committed 5056K, reserved 1048576K
}
Event: 5.702 GC heap before
{Heap before GC invocations=20 (full 2):
 PSYoungGen      total 23552K, used 22784K [0x0000019db6180000, 0x0000019db7c80000, 0x000001a860c00000)
  eden space 22016K, 100% used [0x0000019db6180000,0x0000019db7700000,0x0000019db7700000)
  from space 1536K, 50% used [0x0000019db7a00000,0x0000019db7ac0000,0x0000019db7b80000)
  to   space 1024K, 0% used [0x0000019db7b80000,0x0000019db7b80000,0x0000019db7c80000)
 ParOldGen       total 68608K, used 24420K [0x0000018860c00000, 0x0000018864f00000, 0x0000019db6180000)
  object space 68608K, 35% used [0x0000018860c00000,0x00000188623d9010,0x0000018864f00000)
 Metaspace       used 46731K, committed 47680K, reserved 1114112K
  class space    used 4945K, committed 5376K, reserved 1048576K
}
Event: 5.704 GC heap after
{Heap after GC invocations=20 (full 2):
 PSYoungGen      total 23040K, used 1024K [0x0000019db6180000, 0x0000019db7c80000, 0x000001a860c00000)
  eden space 22016K, 0% used [0x0000019db6180000,0x0000019db6180000,0x0000019db7700000)
  from space 1024K, 100% used [0x0000019db7b80000,0x0000019db7c80000,0x0000019db7c80000)
  to   space 2560K, 0% used [0x0000019db7780000,0x0000019db7780000,0x0000019db7a00000)
 ParOldGen       total 68608K, used 25278K [0x0000018860c00000, 0x0000018864f00000, 0x0000019db6180000)
  object space 68608K, 36% used [0x0000018860c00000,0x00000188624afb30,0x0000018864f00000)
 Metaspace       used 46731K, committed 47680K, reserved 1114112K
  class space    used 4945K, committed 5376K, reserved 1048576K
}
Event: 6.233 GC heap before
{Heap before GC invocations=21 (full 2):
 PSYoungGen      total 23040K, used 23040K [0x0000019db6180000, 0x0000019db7c80000, 0x000001a860c00000)
  eden space 22016K, 100% used [0x0000019db6180000,0x0000019db7700000,0x0000019db7700000)
  from space 1024K, 100% used [0x0000019db7b80000,0x0000019db7c80000,0x0000019db7c80000)
  to   space 2560K, 0% used [0x0000019db7780000,0x0000019db7780000,0x0000019db7a00000)
 ParOldGen       total 68608K, used 25278K [0x0000018860c00000, 0x0000018864f00000, 0x0000019db6180000)
  object space 68608K, 36% used [0x0000018860c00000,0x00000188624afb30,0x0000018864f00000)
 Metaspace       used 49062K, committed 50048K, reserved 1114112K
  class space    used 5257K, committed 5696K, reserved 1048576K
}
Event: 6.235 GC heap after
{Heap after GC invocations=21 (full 2):
 PSYoungGen      total 24576K, used 1504K [0x0000019db6180000, 0x0000019db7c00000, 0x000001a860c00000)
  eden space 22016K, 0% used [0x0000019db6180000,0x0000019db6180000,0x0000019db7700000)
  from space 2560K, 58% used [0x0000019db7780000,0x0000019db78f8000,0x0000019db7a00000)
  to   space 2048K, 0% used [0x0000019db7a00000,0x0000019db7a00000,0x0000019db7c00000)
 ParOldGen       total 68608K, used 26343K [0x0000018860c00000, 0x0000018864f00000, 0x0000019db6180000)
  object space 68608K, 38% used [0x0000018860c00000,0x00000188625b9c88,0x0000018864f00000)
 Metaspace       used 49062K, committed 50048K, reserved 1114112K
  class space    used 5257K, committed 5696K, reserved 1048576K
}
Event: 6.610 GC heap before
{Heap before GC invocations=22 (full 2):
 PSYoungGen      total 24576K, used 23520K [0x0000019db6180000, 0x0000019db7c00000, 0x000001a860c00000)
  eden space 22016K, 100% used [0x0000019db6180000,0x0000019db7700000,0x0000019db7700000)
  from space 2560K, 58% used [0x0000019db7780000,0x0000019db78f8000,0x0000019db7a00000)
  to   space 2048K, 0% used [0x0000019db7a00000,0x0000019db7a00000,0x0000019db7c00000)
 ParOldGen       total 68608K, used 26343K [0x0000018860c00000, 0x0000018864f00000, 0x0000019db6180000)
  object space 68608K, 38% used [0x0000018860c00000,0x00000188625b9c88,0x0000018864f00000)
 Metaspace       used 51204K, committed 52160K, reserved 1114112K
  class space    used 5530K, committed 5952K, reserved 1048576K
}
Event: 6.612 GC heap after
{Heap after GC invocations=22 (full 2):
 PSYoungGen      total 22528K, used 2022K [0x0000019db6180000, 0x0000019db8000000, 0x000001a860c00000)
  eden space 20480K, 0% used [0x0000019db6180000,0x0000019db6180000,0x0000019db7580000)
  from space 2048K, 98% used [0x0000019db7a00000,0x0000019db7bf99a8,0x0000019db7c00000)
  to   space 4608K, 0% used [0x0000019db7580000,0x0000019db7580000,0x0000019db7a00000)
 ParOldGen       total 68608K, used 28224K [0x0000018860c00000, 0x0000018864f00000, 0x0000019db6180000)
  object space 68608K, 41% used [0x0000018860c00000,0x0000018862790188,0x0000018864f00000)
 Metaspace       used 51204K, committed 52160K, reserved 1114112K
  class space    used 5530K, committed 5952K, reserved 1048576K
}
Event: 7.020 GC heap before
{Heap before GC invocations=23 (full 2):
 PSYoungGen      total 22528K, used 22502K [0x0000019db6180000, 0x0000019db8000000, 0x000001a860c00000)
  eden space 20480K, 100% used [0x0000019db6180000,0x0000019db7580000,0x0000019db7580000)
  from space 2048K, 98% used [0x0000019db7a00000,0x0000019db7bf99a8,0x0000019db7c00000)
  to   space 4608K, 0% used [0x0000019db7580000,0x0000019db7580000,0x0000019db7a00000)
 ParOldGen       total 68608K, used 28224K [0x0000018860c00000, 0x0000018864f00000, 0x0000019db6180000)
  object space 68608K, 41% used [0x0000018860c00000,0x0000018862790188,0x0000018864f00000)
 Metaspace       used 52474K, committed 53504K, reserved 1114112K
  class space    used 5661K, committed 6144K, reserved 1048576K
}
Event: 7.023 GC heap after
{Heap after GC invocations=23 (full 2):
 PSYoungGen      total 22528K, used 2000K [0x0000019db6180000, 0x0000019db7b80000, 0x000001a860c00000)
  eden space 20480K, 0% used [0x0000019db6180000,0x0000019db6180000,0x0000019db7580000)
  from space 2048K, 97% used [0x0000019db7580000,0x0000019db7774050,0x0000019db7780000)
  to   space 3072K, 0% used [0x0000019db7880000,0x0000019db7880000,0x0000019db7b80000)
 ParOldGen       total 68608K, used 30285K [0x0000018860c00000, 0x0000018864f00000, 0x0000019db6180000)
  object space 68608K, 44% used [0x0000018860c00000,0x0000018862993558,0x0000018864f00000)
 Metaspace       used 52474K, committed 53504K, reserved 1114112K
  class space    used 5661K, committed 6144K, reserved 1048576K
}
Event: 7.129 GC heap before
{Heap before GC invocations=24 (full 2):
 PSYoungGen      total 22528K, used 22480K [0x0000019db6180000, 0x0000019db7b80000, 0x000001a860c00000)
  eden space 20480K, 100% used [0x0000019db6180000,0x0000019db7580000,0x0000019db7580000)
  from space 2048K, 97% used [0x0000019db7580000,0x0000019db7774050,0x0000019db7780000)
  to   space 3072K, 0% used [0x0000019db7880000,0x0000019db7880000,0x0000019db7b80000)
 ParOldGen       total 68608K, used 30285K [0x0000018860c00000, 0x0000018864f00000, 0x0000019db6180000)
  object space 68608K, 44% used [0x0000018860c00000,0x0000018862993558,0x0000018864f00000)
 Metaspace       used 52631K, committed 53568K, reserved 1114112K
  class space    used 5679K, committed 6144K, reserved 1048576K
}
Event: 7.131 GC heap after
{Heap after GC invocations=24 (full 2):
 PSYoungGen      total 22528K, used 2016K [0x0000019db6180000, 0x0000019db7a80000, 0x000001a860c00000)
  eden space 20480K, 0% used [0x0000019db6180000,0x0000019db6180000,0x0000019db7580000)
  from space 2048K, 98% used [0x0000019db7880000,0x0000019db7a78010,0x0000019db7a80000)
  to   space 2560K, 0% used [0x0000019db7580000,0x0000019db7580000,0x0000019db7800000)
 ParOldGen       total 68608K, used 32080K [0x0000018860c00000, 0x0000018864f00000, 0x0000019db6180000)
  object space 68608K, 46% used [0x0000018860c00000,0x0000018862b54378,0x0000018864f00000)
 Metaspace       used 52631K, committed 53568K, reserved 1114112K
  class space    used 5679K, committed 6144K, reserved 1048576K
}
Event: 7.219 GC heap before
{Heap before GC invocations=25 (full 2):
 PSYoungGen      total 22528K, used 22496K [0x0000019db6180000, 0x0000019db7a80000, 0x000001a860c00000)
  eden space 20480K, 100% used [0x0000019db6180000,0x0000019db7580000,0x0000019db7580000)
  from space 2048K, 98% used [0x0000019db7880000,0x0000019db7a78010,0x0000019db7a80000)
  to   space 2560K, 0% used [0x0000019db7580000,0x0000019db7580000,0x0000019db7800000)
 ParOldGen       total 68608K, used 32080K [0x0000018860c00000, 0x0000018864f00000, 0x0000019db6180000)
  object space 68608K, 46% used [0x0000018860c00000,0x0000018862b54378,0x0000018864f00000)
 Metaspace       used 52701K, committed 53632K, reserved 1114112K
  class space    used 5682K, committed 6144K, reserved 1048576K
}
Event: 7.221 GC heap after
{Heap after GC invocations=25 (full 2):
 PSYoungGen      total 22528K, used 1824K [0x0000019db6180000, 0x0000019db7980000, 0x000001a860c00000)
  eden space 20480K, 0% used [0x0000019db6180000,0x0000019db6180000,0x0000019db7580000)
  from space 2048K, 89% used [0x0000019db7580000,0x0000019db7748000,0x0000019db7780000)
  to   space 2048K, 0% used [0x0000019db7780000,0x0000019db7780000,0x0000019db7980000)
 ParOldGen       total 68608K, used 33976K [0x0000018860c00000, 0x0000018864f00000, 0x0000019db6180000)
  object space 68608K, 49% used [0x0000018860c00000,0x0000018862d2e388,0x0000018864f00000)
 Metaspace       used 52701K, committed 53632K, reserved 1114112K
  class space    used 5682K, committed 6144K, reserved 1048576K
}
Event: 7.341 GC heap before
{Heap before GC invocations=26 (full 2):
 PSYoungGen      total 22528K, used 22304K [0x0000019db6180000, 0x0000019db7980000, 0x000001a860c00000)
  eden space 20480K, 100% used [0x0000019db6180000,0x0000019db7580000,0x0000019db7580000)
  from space 2048K, 89% used [0x0000019db7580000,0x0000019db7748000,0x0000019db7780000)
  to   space 2048K, 0% used [0x0000019db7780000,0x0000019db7780000,0x0000019db7980000)
 ParOldGen       total 68608K, used 33976K [0x0000018860c00000, 0x0000018864f00000, 0x0000019db6180000)
  object space 68608K, 49% used [0x0000018860c00000,0x0000018862d2e388,0x0000018864f00000)
 Metaspace       used 52755K, committed 53696K, reserved 1114112K
  class space    used 5693K, committed 6144K, reserved 1048576K
}
Event: 7.345 GC heap after
{Heap after GC invocations=26 (full 2):
 PSYoungGen      total 20480K, used 2016K [0x0000019db6180000, 0x0000019db7d80000, 0x000001a860c00000)
  eden space 18432K, 0% used [0x0000019db6180000,0x0000019db6180000,0x0000019db7380000)
  from space 2048K, 98% used [0x0000019db7780000,0x0000019db7978010,0x0000019db7980000)
  to   space 4096K, 0% used [0x0000019db7380000,0x0000019db7380000,0x0000019db7780000)
 ParOldGen       total 68608K, used 35678K [0x0000018860c00000, 0x0000018864f00000, 0x0000019db6180000)
  object space 68608K, 52% used [0x0000018860c00000,0x0000018862ed7bf8,0x0000018864f00000)
 Metaspace       used 52755K, committed 53696K, reserved 1114112K
  class space    used 5693K, committed 6144K, reserved 1048576K
}

Dll operation events (10 events):
Event: 0.013 Loaded shared library c:\Users\galax\.vscode\extensions\redhat.java-1.30.0-win32-x64\jre\17.0.10-win32-x86_64\bin\java.dll
Event: 0.647 Loaded shared library c:\Users\galax\.vscode\extensions\redhat.java-1.30.0-win32-x64\jre\17.0.10-win32-x86_64\bin\zip.dll
Event: 0.653 Loaded shared library C:\Users\galax\.vscode\extensions\redhat.java-1.30.0-win32-x64\jre\17.0.10-win32-x86_64\bin\instrument.dll
Event: 0.672 Loaded shared library C:\Users\galax\.vscode\extensions\redhat.java-1.30.0-win32-x64\jre\17.0.10-win32-x86_64\bin\net.dll
Event: 0.676 Loaded shared library C:\Users\galax\.vscode\extensions\redhat.java-1.30.0-win32-x64\jre\17.0.10-win32-x86_64\bin\nio.dll
Event: 0.685 Loaded shared library C:\Users\galax\.vscode\extensions\redhat.java-1.30.0-win32-x64\jre\17.0.10-win32-x86_64\bin\zip.dll
Event: 0.710 Loaded shared library C:\Users\galax\.vscode\extensions\redhat.java-1.30.0-win32-x64\jre\17.0.10-win32-x86_64\bin\jimage.dll
Event: 0.804 Loaded shared library c:\Users\galax\.vscode\extensions\redhat.java-1.30.0-win32-x64\jre\17.0.10-win32-x86_64\bin\verify.dll
Event: 1.998 Loaded shared library C:\Users\galax\AppData\Roaming\Code\User\globalStorage\redhat.java\1.30.0\config_win\org.eclipse.equinox.launcher\org.eclipse.equinox.launcher.win32.win32.x86_64_1.2.900.v20240213-1244\eclipse_11900.dll
Event: 4.480 Loaded shared library C:\Users\galax\AppData\Local\Temp\jna-79889305\jna8704526965878550259.dll

Deoptimization events (20 events):
Event: 6.403 Thread 0x0000018832d5f300 DEOPT PACKING pc=0x000001885955faac sp=0x00000071ba2fe120
Event: 6.403 Thread 0x0000018832d5f300 DEOPT UNPACKING pc=0x0000018858fd66a3 sp=0x00000071ba2fe098 mode 2
Event: 6.546 Thread 0x000001883345db10 DEOPT PACKING pc=0x0000018851ab6ecf sp=0x00000071bb8fb260
Event: 6.546 Thread 0x000001883345db10 DEOPT UNPACKING pc=0x0000018858fd6e43 sp=0x00000071bb8fa768 mode 0
Event: 6.609 Thread 0x0000018832d60c50 DEOPT PACKING pc=0x0000018851ab6ecf sp=0x00000071ba7f8510
Event: 6.609 Thread 0x0000018832d60c50 DEOPT UNPACKING pc=0x0000018858fd6e43 sp=0x00000071ba7f7a18 mode 0
Event: 6.907 Thread 0x0000018832d60c50 Uncommon trap: trap_request=0xffffff45 fr.pc=0x00000188597c90b8 relative=0x0000000000000818
Event: 6.907 Thread 0x0000018832d60c50 Uncommon trap: reason=unstable_if action=reinterpret pc=0x00000188597c90b8 method=jdk.internal.jimage.ImageReader$SharedImageReader.findNode(Ljava/lang/String;)Ljdk/internal/jimage/ImageReader$Node; @ 25 c2
Event: 6.907 Thread 0x0000018832d60c50 DEOPT PACKING pc=0x00000188597c90b8 sp=0x00000071ba7fd900
Event: 6.907 Thread 0x0000018832d60c50 DEOPT UNPACKING pc=0x0000018858fd66a3 sp=0x00000071ba7fd8d8 mode 2
Event: 6.907 Thread 0x0000018832d60c50 Uncommon trap: trap_request=0xffffff45 fr.pc=0x00000188597c590c relative=0x000000000000016c
Event: 6.907 Thread 0x0000018832d60c50 Uncommon trap: reason=unstable_if action=reinterpret pc=0x00000188597c590c method=jdk.internal.jrtfs.JrtPath.normalize(Ljava/lang/String;)Ljava/lang/String; @ 78 c2
Event: 6.907 Thread 0x0000018832d60c50 DEOPT PACKING pc=0x00000188597c590c sp=0x00000071ba7fdbf0
Event: 6.908 Thread 0x0000018832d60c50 DEOPT UNPACKING pc=0x0000018858fd66a3 sp=0x00000071ba7fdb70 mode 2
Event: 7.091 Thread 0x0000018832d60c50 Uncommon trap: trap_request=0xffffff6e fr.pc=0x00000188597d3684 relative=0x00000000000001e4
Event: 7.091 Thread 0x0000018832d60c50 Uncommon trap: reason=loop_limit_check action=maybe_recompile pc=0x00000188597d3684 method=org.eclipse.jdt.internal.core.util.HashtableOfArrayToObject.hashCode([Ljava/lang/Object;I)I @ 27 c2
Event: 7.091 Thread 0x0000018832d60c50 DEOPT PACKING pc=0x00000188597d3684 sp=0x00000071ba7fda40
Event: 7.091 Thread 0x0000018832d60c50 DEOPT UNPACKING pc=0x0000018858fd66a3 sp=0x00000071ba7fd9c8 mode 2
Event: 7.183 Thread 0x0000018832d60c50 DEOPT PACKING pc=0x0000018851e83c10 sp=0x00000071ba7fdeb0
Event: 7.183 Thread 0x0000018832d60c50 DEOPT UNPACKING pc=0x0000018858fd6e43 sp=0x00000071ba7fd3b8 mode 0

Classes unloaded (7 events):
Event: 4.382 Thread 0x000001884ee6ec90 Unloading class 0x0000000080258400 'java/lang/invoke/LambdaForm$MH+0x0000000080258400'
Event: 4.382 Thread 0x000001884ee6ec90 Unloading class 0x0000000080258000 'java/lang/invoke/LambdaForm$MH+0x0000000080258000'
Event: 4.382 Thread 0x000001884ee6ec90 Unloading class 0x0000000080257c00 'java/lang/invoke/LambdaForm$MH+0x0000000080257c00'
Event: 4.382 Thread 0x000001884ee6ec90 Unloading class 0x0000000080257800 'java/lang/invoke/LambdaForm$MH+0x0000000080257800'
Event: 4.382 Thread 0x000001884ee6ec90 Unloading class 0x0000000080257400 'java/lang/invoke/LambdaForm$BMH+0x0000000080257400'
Event: 4.382 Thread 0x000001884ee6ec90 Unloading class 0x0000000080257000 'java/lang/invoke/LambdaForm$DMH+0x0000000080257000'
Event: 4.382 Thread 0x000001884ee6ec90 Unloading class 0x0000000080254400 'java/lang/invoke/LambdaForm$DMH+0x0000000080254400'

Classes redefined (0 events):
No events

Internal exceptions (20 events):
Event: 4.642 Thread 0x0000018832d5edf0 Exception <a 'java/lang/NoSuchMethodError'{0x0000019db720c770}: 'java.lang.Object java.lang.invoke.DelegatingMethodHandle$Holder.delegate(java.lang.Object, int, java.lang.Object, java.lang.Object)'> (0x0000019db720c770) 
thrown [s\src\hotspot\share\interpreter\linkResolver.cpp, line 759]
Event: 4.644 Thread 0x0000018832d5edf0 Exception <a 'java/lang/NoSuchMethodError'{0x0000019db7259558}: 'int java.lang.invoke.Invokers$Holder.linkToTargetMethod(java.lang.Object, java.lang.Object, java.lang.Object)'> (0x0000019db7259558) 
thrown [s\src\hotspot\share\interpreter\linkResolver.cpp, line 759]
Event: 4.661 Thread 0x0000018832d5f300 Exception <a 'java/lang/NoSuchMethodError'{0x0000019db7492788}: 'java.lang.Object java.lang.invoke.DirectMethodHandle$Holder.invokeSpecialIFC(java.lang.Object, java.lang.Object, java.lang.Object, java.lang.Object)'> (0x0000019db7492788) 
thrown [s\src\hotspot\share\interpreter\linkResolver.cpp, line 759]
Event: 4.779 Thread 0x0000018832d5f300 Exception <a 'java/lang/NoSuchMethodError'{0x0000019db75b63c0}: 'int java.lang.invoke.DirectMethodHandle$Holder.invokeSpecialIFC(java.lang.Object, java.lang.Object, java.lang.Object, java.lang.Object, java.lang.Object)'> (0x0000019db75b63c0) 
thrown [s\src\hotspot\share\interpreter\linkResolver.cpp, line 759]
Event: 4.790 Thread 0x000001884edc0ee0 Exception <a 'java/lang/NoSuchMethodError'{0x0000019db6238788}: 'void java.lang.invoke.DirectMethodHandle$Holder.invokeSpecial(java.lang.Object, java.lang.Object, java.lang.Object, java.lang.Object, java.lang.Object, java.lang.Object)'> (0x0000019db6238788) 
thrown [s\src\hotspot\share\interpreter\linkResolver.cpp, line 759]
Event: 4.791 Thread 0x000001884edc0ee0 Exception <a 'java/lang/IncompatibleClassChangeError'{0x0000019db6244710}: Found class java.lang.Object, but interface was expected> (0x0000019db6244710) 
thrown [s\src\hotspot\share\interpreter\linkResolver.cpp, line 826]
Event: 4.883 Thread 0x0000018832d5f300 Exception <a 'java/lang/NoClassDefFoundError'{0x0000019db732a8f0}: javax/enterprise/inject/Typed> (0x0000019db732a8f0) 
thrown [s\src\hotspot\share\classfile\systemDictionary.cpp, line 245]
Event: 5.729 Thread 0x0000018832d5f300 Exception <a 'java/lang/NoSuchMethodError'{0x0000019db62e8fd8}: 'void java.lang.invoke.DirectMethodHandle$Holder.invokeStaticInit(java.lang.Object, java.lang.Object, java.lang.Object)'> (0x0000019db62e8fd8) 
thrown [s\src\hotspot\share\interpreter\linkResolver.cpp, line 759]
Event: 5.734 Thread 0x0000018832d5f300 Exception <a 'java/lang/ExceptionInInitializerError'{0x0000019db6326840}> (0x0000019db6326840) 
thrown [s\src\hotspot\share\oops\instanceKlass.cpp, line 1218]
Event: 5.761 Thread 0x0000018832d5f300 Implicit null exception at 0x0000018859637baf to 0x0000018859637d38
Event: 5.761 Thread 0x0000018832d5f300 Implicit null exception at 0x00000188595b4e79 to 0x00000188595b6280
Event: 5.763 Thread 0x0000018832d5f300 Exception <a 'java/lang/NoSuchMethodError'{0x0000019db64cfda8}: 'java.lang.Object java.lang.invoke.Invokers$Holder.invokeExact_MT(java.lang.Object, int, java.lang.Object)'> (0x0000019db64cfda8) 
thrown [s\src\hotspot\share\interpreter\linkResolver.cpp, line 759]
Event: 6.153 Thread 0x0000018832d5f300 Exception <a 'java/lang/NoClassDefFoundError'{0x0000019db7323f48}: com/google/inject/servlet/ServletModuleTargetVisitor> (0x0000019db7323f48) 
thrown [s\src\hotspot\share\classfile\systemDictionary.cpp, line 245]
Event: 6.430 Thread 0x000001883345db10 Exception <a 'java/io/FileNotFoundException'{0x0000019db6ec4338}> (0x0000019db6ec4338) 
thrown [s\src\hotspot\share\prims\jni.cpp, line 516]
Event: 6.554 Thread 0x0000018832d60c50 Exception <a 'java/lang/NoSuchMethodError'{0x0000019db73c8f70}: 'int java.lang.invoke.DirectMethodHandle$Holder.invokeSpecialIFC(java.lang.Object, java.lang.Object, java.lang.Object, java.lang.Object)'> (0x0000019db73c8f70) 
thrown [s\src\hotspot\share\interpreter\linkResolver.cpp, line 759]
Event: 6.584 Thread 0x0000018832d60c50 Exception <a 'java/lang/NoSuchMethodError'{0x0000019db75bfbe8}: 'int java.lang.invoke.DirectMethodHandle$Holder.invokeInterface(java.lang.Object, java.lang.Object)'> (0x0000019db75bfbe8) 
thrown [s\src\hotspot\share\interpreter\linkResolver.cpp, line 759]
Event: 6.584 Thread 0x0000018832d60c50 Exception <a 'java/lang/IncompatibleClassChangeError'{0x0000019db75c3e98}: Found class java.lang.Object, but interface was expected> (0x0000019db75c3e98) 
thrown [s\src\hotspot\share\interpreter\linkResolver.cpp, line 826]
Event: 6.776 Thread 0x0000018832d60c50 Exception <a 'java/lang/NoSuchMethodError'{0x0000019db64d1708}: 'java.lang.Object java.lang.invoke.Invokers$Holder.invoke_MT(java.lang.Object, java.lang.Object, java.lang.Object)'> (0x0000019db64d1708) 
thrown [s\src\hotspot\share\interpreter\linkResolver.cpp, line 759]
Event: 7.079 Thread 0x0000018832d60c50 Exception <a 'java/io/FileNotFoundException'{0x0000019db6d42c10}> (0x0000019db6d42c10) 
thrown [s\src\hotspot\share\prims\jni.cpp, line 516]
Event: 7.079 Thread 0x0000018832d60c50 Exception <a 'java/io/FileNotFoundException'{0x0000019db6d44740}> (0x0000019db6d44740) 
thrown [s\src\hotspot\share\prims\jni.cpp, line 516]

VM Operations (20 events):
Event: 6.249 Executing VM operation: HandshakeAllThreads
Event: 6.250 Executing VM operation: HandshakeAllThreads done
Event: 6.610 Executing VM operation: ParallelGCFailedAllocation
Event: 6.612 Executing VM operation: ParallelGCFailedAllocation done
Event: 6.760 Executing VM operation: HandshakeAllThreads
Event: 6.760 Executing VM operation: HandshakeAllThreads done
Event: 6.799 Executing VM operation: HandshakeAllThreads
Event: 6.799 Executing VM operation: HandshakeAllThreads done
Event: 6.801 Executing VM operation: HandshakeAllThreads
Event: 6.801 Executing VM operation: HandshakeAllThreads done
Event: 6.845 Executing VM operation: HandshakeAllThreads
Event: 6.845 Executing VM operation: HandshakeAllThreads done
Event: 7.020 Executing VM operation: ParallelGCFailedAllocation
Event: 7.023 Executing VM operation: ParallelGCFailedAllocation done
Event: 7.129 Executing VM operation: ParallelGCFailedAllocation
Event: 7.131 Executing VM operation: ParallelGCFailedAllocation done
Event: 7.219 Executing VM operation: ParallelGCFailedAllocation
Event: 7.221 Executing VM operation: ParallelGCFailedAllocation done
Event: 7.341 Executing VM operation: ParallelGCFailedAllocation
Event: 7.345 Executing VM operation: ParallelGCFailedAllocation done

Events (20 events):
Event: 6.802 loading class jdk/internal/jimage/ImageReader$Directory done
Event: 6.846 loading class java/nio/file/FileTreeWalker$DirectoryNode
Event: 6.846 loading class java/nio/file/FileTreeWalker$DirectoryNode done
Event: 6.846 loading class java/nio/file/FileTreeWalker$Event
Event: 6.846 loading class java/nio/file/FileTreeWalker$Event done
Event: 6.847 loading class java/nio/file/FileTreeWalker$EventType
Event: 6.847 loading class java/nio/file/FileTreeWalker$EventType done
Event: 6.847 loading class java/nio/file/Files$3
Event: 6.847 loading class java/nio/file/Files$3 done
Event: 6.847 loading class java/nio/file/FileVisitResult
Event: 6.847 loading class java/nio/file/FileVisitResult done
Event: 6.911 loading class java/util/regex/Pattern$BackRef
Event: 6.911 loading class java/util/regex/Pattern$BackRef done
Event: 6.983 loading class java/nio/channels/Channels$ReadableByteChannelImpl
Event: 6.984 loading class java/nio/channels/Channels$ReadableByteChannelImpl done
Event: 6.984 loading class java/nio/channels/NonWritableChannelException
Event: 6.984 loading class java/nio/channels/NonWritableChannelException done
Event: 6.984 loading class sun/nio/ch/ChannelInputStream
Event: 6.985 loading class sun/nio/ch/ChannelInputStream done
Event: 7.038 Thread 0x00000188339fb290 Thread added: 0x00000188339fb290


Dynamic libraries:
0x00007ff68ce30000 - 0x00007ff68ce3e000 	c:\Users\galax\.vscode\extensions\redhat.java-1.30.0-win32-x64\jre\17.0.10-win32-x86_64\bin\java.exe
0x00007ffa6d8f0000 - 0x00007ffa6db07000 	C:\WINDOWS\SYSTEM32\ntdll.dll
0x00007ffa6b6a0000 - 0x00007ffa6b764000 	C:\WINDOWS\System32\KERNEL32.DLL
0x00007ffa6abe0000 - 0x00007ffa6af87000 	C:\WINDOWS\System32\KERNELBASE.dll
0x00007ffa6b330000 - 0x00007ffa6b441000 	C:\WINDOWS\System32\ucrtbase.dll
0x00007ffa3f9b0000 - 0x00007ffa3f9c7000 	c:\Users\galax\.vscode\extensions\redhat.java-1.30.0-win32-x64\jre\17.0.10-win32-x86_64\bin\jli.dll
0x00007ffa6b930000 - 0x00007ffa6bade000 	C:\WINDOWS\System32\USER32.dll
0x00007ffa6b0f0000 - 0x00007ffa6b116000 	C:\WINDOWS\System32\win32u.dll
0x00007ffa6d270000 - 0x00007ffa6d299000 	C:\WINDOWS\System32\GDI32.dll
0x00007ffa6b210000 - 0x00007ffa6b329000 	C:\WINDOWS\System32\gdi32full.dll
0x00007ffa6b050000 - 0x00007ffa6b0ea000 	C:\WINDOWS\System32\msvcp_win.dll
0x00007ffa3fa70000 - 0x00007ffa3fa8b000 	c:\Users\galax\.vscode\extensions\redhat.java-1.30.0-win32-x64\jre\17.0.10-win32-x86_64\bin\VCRUNTIME140.dll
0x00007ffa557a0000 - 0x00007ffa55a33000 	C:\WINDOWS\WinSxS\amd64_microsoft.windows.common-controls_6595b64144ccf1df_6.0.22621.3527_none_270e469b73872a76\COMCTL32.dll
0x00007ffa6cb40000 - 0x00007ffa6cbe7000 	C:\WINDOWS\System32\msvcrt.dll
0x00007ffa6bda0000 - 0x00007ffa6bdd1000 	C:\WINDOWS\System32\IMM32.DLL
0x00007ffa50200000 - 0x00007ffa5020c000 	c:\Users\galax\.vscode\extensions\redhat.java-1.30.0-win32-x64\jre\17.0.10-win32-x86_64\bin\vcruntime140_1.dll
0x00007ffa1e520000 - 0x00007ffa1e5ad000 	c:\Users\galax\.vscode\extensions\redhat.java-1.30.0-win32-x64\jre\17.0.10-win32-x86_64\bin\msvcp140.dll
0x00007ffa00580000 - 0x00007ffa011e2000 	c:\Users\galax\.vscode\extensions\redhat.java-1.30.0-win32-x64\jre\17.0.10-win32-x86_64\bin\server\jvm.dll
0x00007ffa6d090000 - 0x00007ffa6d142000 	C:\WINDOWS\System32\ADVAPI32.dll
0x00007ffa6b5f0000 - 0x00007ffa6b698000 	C:\WINDOWS\System32\sechost.dll
0x00007ffa6b450000 - 0x00007ffa6b478000 	C:\WINDOWS\System32\bcrypt.dll
0x00007ffa6d150000 - 0x00007ffa6d265000 	C:\WINDOWS\System32\RPCRT4.dll
0x00007ffa6aaa0000 - 0x00007ffa6aaed000 	C:\WINDOWS\SYSTEM32\POWRPROF.dll
0x00007ffa1d200000 - 0x00007ffa1d209000 	C:\WINDOWS\SYSTEM32\WSOCK32.dll
0x00007ffa6cda0000 - 0x00007ffa6ce11000 	C:\WINDOWS\System32\WS2_32.dll
0x00007ffa63580000 - 0x00007ffa635b4000 	C:\WINDOWS\SYSTEM32\WINMM.dll
0x00007ffa61110000 - 0x00007ffa6111a000 	C:\WINDOWS\SYSTEM32\VERSION.dll
0x00007ffa6aa80000 - 0x00007ffa6aa93000 	C:\WINDOWS\SYSTEM32\UMPDC.dll
0x00007ffa69bc0000 - 0x00007ffa69bd8000 	C:\WINDOWS\SYSTEM32\kernel.appcore.dll
0x00007ffa483d0000 - 0x00007ffa483da000 	c:\Users\galax\.vscode\extensions\redhat.java-1.30.0-win32-x64\jre\17.0.10-win32-x86_64\bin\jimage.dll
0x00007ffa685a0000 - 0x00007ffa687d2000 	C:\WINDOWS\SYSTEM32\DBGHELP.DLL
0x00007ffa6bde0000 - 0x00007ffa6c168000 	C:\WINDOWS\System32\combase.dll
0x00007ffa6bbb0000 - 0x00007ffa6bc87000 	C:\WINDOWS\System32\OLEAUT32.dll
0x00007ffa5fcf0000 - 0x00007ffa5fd22000 	C:\WINDOWS\SYSTEM32\dbgcore.DLL
0x00007ffa6b190000 - 0x00007ffa6b209000 	C:\WINDOWS\System32\bcryptPrimitives.dll
0x00007ffa437f0000 - 0x00007ffa437fe000 	c:\Users\galax\.vscode\extensions\redhat.java-1.30.0-win32-x64\jre\17.0.10-win32-x86_64\bin\instrument.dll
0x00007ffa2a800000 - 0x00007ffa2a825000 	c:\Users\galax\.vscode\extensions\redhat.java-1.30.0-win32-x64\jre\17.0.10-win32-x86_64\bin\java.dll
0x00007ffa38610000 - 0x00007ffa38628000 	c:\Users\galax\.vscode\extensions\redhat.java-1.30.0-win32-x64\jre\17.0.10-win32-x86_64\bin\zip.dll
0x00007ffa6c2e0000 - 0x00007ffa6cb3c000 	C:\WINDOWS\System32\SHELL32.dll
0x00007ffa68970000 - 0x00007ffa69266000 	C:\WINDOWS\SYSTEM32\windows.storage.dll
0x00007ffa692a0000 - 0x00007ffa693de000 	C:\WINDOWS\SYSTEM32\wintypes.dll
0x00007ffa6c1d0000 - 0x00007ffa6c2c5000 	C:\WINDOWS\System32\SHCORE.dll
0x00007ffa6bae0000 - 0x00007ffa6bb3e000 	C:\WINDOWS\System32\shlwapi.dll
0x00007ffa6ab10000 - 0x00007ffa6ab31000 	C:\WINDOWS\SYSTEM32\profapi.dll
0x00007ffa34640000 - 0x00007ffa34659000 	C:\Users\galax\.vscode\extensions\redhat.java-1.30.0-win32-x64\jre\17.0.10-win32-x86_64\bin\net.dll
0x00007ffa64750000 - 0x00007ffa64886000 	C:\WINDOWS\SYSTEM32\WINHTTP.dll
0x00007ffa6a020000 - 0x00007ffa6a089000 	C:\WINDOWS\system32\mswsock.dll
0x00007ffa2e8d0000 - 0x00007ffa2e8e6000 	C:\Users\galax\.vscode\extensions\redhat.java-1.30.0-win32-x64\jre\17.0.10-win32-x86_64\bin\nio.dll
0x00007ffa55330000 - 0x00007ffa55340000 	c:\Users\galax\.vscode\extensions\redhat.java-1.30.0-win32-x64\jre\17.0.10-win32-x86_64\bin\verify.dll
0x00007ffa46000000 - 0x00007ffa4603e000 	C:\Users\galax\AppData\Roaming\Code\User\globalStorage\redhat.java\1.30.0\config_win\org.eclipse.equinox.launcher\org.eclipse.equinox.launcher.win32.win32.x86_64_1.2.900.v20240213-1244\eclipse_11900.dll
0x00007ffa6cbf0000 - 0x00007ffa6cd95000 	C:\WINDOWS\System32\ole32.dll
0x00007ffa6a270000 - 0x00007ffa6a28b000 	C:\WINDOWS\SYSTEM32\CRYPTSP.dll
0x00007ffa69b20000 - 0x00007ffa69b55000 	C:\WINDOWS\system32\rsaenh.dll
0x00007ffa6a0c0000 - 0x00007ffa6a0e8000 	C:\WINDOWS\SYSTEM32\USERENV.dll
0x00007ffa6a230000 - 0x00007ffa6a23c000 	C:\WINDOWS\SYSTEM32\CRYPTBASE.dll
0x00007ffa69630000 - 0x00007ffa6965d000 	C:\WINDOWS\SYSTEM32\IPHLPAPI.DLL
0x00007ffa6c190000 - 0x00007ffa6c199000 	C:\WINDOWS\System32\NSI.dll
0x00007ffa642b0000 - 0x00007ffa642c9000 	C:\WINDOWS\SYSTEM32\dhcpcsvc6.DLL
0x00007ffa63ff0000 - 0x00007ffa6400f000 	C:\WINDOWS\SYSTEM32\dhcpcsvc.DLL
0x00007ffa696a0000 - 0x00007ffa69798000 	C:\WINDOWS\SYSTEM32\DNSAPI.dll
0x00007ffa38630000 - 0x00007ffa38675000 	C:\Users\galax\AppData\Local\Temp\jna-79889305\jna8704526965878550259.dll
0x00007ffa6c2d0000 - 0x00007ffa6c2d8000 	C:\WINDOWS\System32\PSAPI.DLL

dbghelp: loaded successfully - version: 4.0.5 - missing functions: none
symbol engine: initialized successfully - sym options: 0x614 - pdb path: .;c:\Users\galax\.vscode\extensions\redhat.java-1.30.0-win32-x64\jre\17.0.10-win32-x86_64\bin;C:\WINDOWS\SYSTEM32;C:\WINDOWS\WinSxS\amd64_microsoft.windows.common-controls_6595b64144ccf1df_6.0.22621.3527_none_270e469b73872a76;c:\Users\galax\.vscode\extensions\redhat.java-1.30.0-win32-x64\jre\17.0.10-win32-x86_64\bin\server;C:\Users\galax\AppData\Roaming\Code\User\globalStorage\redhat.java\1.30.0\config_win\org.eclipse.equinox.launcher\org.eclipse.equinox.launcher.win32.win32.x86_64_1.2.900.v20240213-1244;C:\Users\galax\AppData\Local\Temp\jna-79889305

VM Arguments:
jvm_args: --add-modules=ALL-SYSTEM --add-opens=java.base/java.util=ALL-UNNAMED --add-opens=java.base/java.lang=ALL-UNNAMED --add-opens=java.base/sun.nio.fs=ALL-UNNAMED -Declipse.application=org.eclipse.jdt.ls.core.id1 -Dosgi.bundles.defaultStartLevel=4 -Declipse.product=org.eclipse.jdt.ls.core.product -Djava.import.generatesMetadataFilesAtProjectRoot=false -DDetectVMInstallationsJob.disabled=true -Dfile.encoding=utf8 -XX:+UseParallelGC -XX:GCTimeRatio=4 -XX:AdaptiveSizePolicyWeight=90 -Dsun.zip.disableMemoryMapping=true -Xmx128G -Xms100m -Xlog:disable -javaagent:c:\Users\galax\.vscode\extensions\redhat.java-1.30.0-win32-x64\lombok\lombok-1.18.32.jar -XX:+HeapDumpOnOutOfMemoryError -XX:HeapDumpPath=c:\Users\galax\AppData\Roaming\Code\User\workspaceStorage\715939317411bacedd6cdfeea8c9b0d6\redhat.java -Daether.dependencyCollector.impl=bf 
java_command: c:\Users\galax\.vscode\extensions\redhat.java-1.30.0-win32-x64\server\plugins\org.eclipse.equinox.launcher_1.6.800.v20240330-1250.jar -configuration c:\Users\galax\AppData\Roaming\Code\User\globalStorage\redhat.java\1.30.0\config_win -data c:\Users\galax\AppData\Roaming\Code\User\workspaceStorage\715939317411bacedd6cdfeea8c9b0d6\redhat.java\jdt_ws --pipe=\\.\pipe\lsp-980fed9162029dbb23ca1751f8cae225-sock
java_class_path (initial): c:\Users\galax\.vscode\extensions\redhat.java-1.30.0-win32-x64\server\plugins\org.eclipse.equinox.launcher_1.6.800.v20240330-1250.jar
Launcher Type: SUN_STANDARD

[Global flags]
    uintx AdaptiveSizePolicyWeight                 = 90                                        {product} {command line}
     intx CICompilerCount                          = 4                                         {product} {ergonomic}
    uintx GCTimeRatio                              = 4                                         {product} {command line}
     bool HeapDumpOnOutOfMemoryError               = true                                   {manageable} {command line}
    ccstr HeapDumpPath                             = c:\Users\galax\AppData\Roaming\Code\User\workspaceStorage\715939317411bacedd6cdfeea8c9b0d6\redhat.java         {manageable} {command line}
   size_t InitialHeapSize                          = 104857600                                 {product} {command line}
   size_t MaxHeapSize                              = 137438953472                              {product} {command line}
   size_t MaxNewSize                               = 45812809728                               {product} {ergonomic}
   size_t MinHeapDeltaBytes                        = 524288                                    {product} {ergonomic}
   size_t MinHeapSize                              = 104857600                                 {product} {command line}
   size_t NewSize                                  = 34603008                                  {product} {ergonomic}
    uintx NonNMethodCodeHeapSize                   = 5839372                                {pd product} {ergonomic}
    uintx NonProfiledCodeHeapSize                  = 122909434                              {pd product} {ergonomic}
   size_t OldSize                                  = 70254592                                  {product} {ergonomic}
    uintx ProfiledCodeHeapSize                     = 122909434                              {pd product} {ergonomic}
    uintx ReservedCodeCacheSize                    = 251658240                              {pd product} {ergonomic}
     bool SegmentedCodeCache                       = true                                      {product} {ergonomic}
   size_t SoftMaxHeapSize                          = 137438953472                           {manageable} {ergonomic}
     bool UseCompressedClassPointers               = true                           {product lp64_product} {ergonomic}
     bool UseLargePagesIndividualAllocation        = false                                  {pd product} {ergonomic}
     bool UseParallelGC                            = true                                      {product} {command line}

Logging:
Log output configuration:
 #0: stdout all=off uptime,level,tags
 #1: stderr all=off uptime,level,tags

Environment Variables:
JAVA_HOME=C:\Program Files\Eclipse Adoptium\jdk-21.0.1.12-hotspot
PATH=C:\Program Files\Eclipse Adoptium\jdk-21.0.3.9-hotspot\bin;C:\Program Files\Common Files\Oracle\Java\javapath;C:\Program Files\Eclipse Adoptium\jdk-21.0.1.12-hotspot;C:\Program Files (x86)\Common Files\Oracle\Java\java8path;C:\Program Files (x86)\Common Files\Oracle\Java\javapath;C:\Windows\system32;C:\Windows;C:\Windows\System32\Wbem;C:\Windows\System32\WindowsPowerShell\v1.0\;C:\Windows\System32\OpenSSH\;C:\Program Files (x86)\NVIDIA Corporation\PhysX\Common;C:\Program Files\NVIDIA Corporation\NVIDIA NvDLISR;C:\WINDOWS\system32;C:\WINDOWS;C:\WINDOWS\System32\Wbem;C:\WINDOWS\System32\WindowsPowerShell\v1.0\;C:\WINDOWS\System32\OpenSSH\;C:\Users\galax\AppData\Roaming\nvm;C:\Program Files\nodejs;C:\Program Files\Graphviz\bin;C:\Program Files\GitHub CLI\;C:\Program Files\Git\cmd;C:\Users\galax\AppData\Local\Programs\Python\Python39\Scripts\;C:\Users\galax\AppData\Local\Programs\Python\Python39\;C:\Users\galax\AppData\Local\Programs\Python\Python312\Scripts\;C:\Users\galax\AppData\Local\Programs\Python\Python312\;C:\Users\galax\.console-ninja\.bin;C:\Users\galax\AppData\Local\Microsoft\WindowsApps;C:\Users\galax\AppData\Local\Programs\oh-my-posh\bin;C:\Program Files\JetBrains\IntelliJ IDEA Community Edition 2023.2\bin;C:\Users\galax\AppData\Roaming\npm;C:\Users\galax\AppData\Local\Programs\mongosh\;C:\Users\galax\AppData\Local\GitHubDesktop\bin;C:\Users\galax\AppData\Roaming\nvm;C:\Program Files\nodejs;C:\Program Files\Eclipse Adoptium\jdk-21.0.1.12-hotspot;C:\Program Files\Git\bin;D:\whois;C:\Program Files (x86)\IntelliJ IDEA Community Edition 2023.2\bin;;C:\Microsoft VS Code\bin;
USERNAME=Singh
OS=Windows_NT
PROCESSOR_IDENTIFIER=AMD64 Family 25 Model 80 Stepping 0, AuthenticAMD
TMP=C:\Users\galax\AppData\Local\Temp
TEMP=C:\Users\galax\AppData\Local\Temp



Periodic native trim disabled


---------------  S Y S T E M  ---------------

OS:
 Windows 11 , 64 bit Build 22621 (10.0.22621.3527)
OS uptime: 0 days 6:48 hours
Hyper-V role detected

CPU: total 12 (initial active 12) (12 cores per cpu, 2 threads per core) family 25 model 80 stepping 0 microcode 0x0, cx8, cmov, fxsr, ht, mmx, 3dnowpref, sse, sse2, sse3, ssse3, sse4a, sse4.1, sse4.2, popcnt, lzcnt, tsc, tscinvbit, avx, avx2, aes, erms, clmul, bmi1, bmi2, adx, sha, fma, vzeroupper, clflush, clflushopt, hv
Processor Information for processor 0
  Max Mhz: 3301, Current Mhz: 3301, Mhz Limit: 3301
Processor Information for processor 1
  Max Mhz: 3301, Current Mhz: 3301, Mhz Limit: 3301
Processor Information for processor 2
  Max Mhz: 3301, Current Mhz: 3301, Mhz Limit: 3301
Processor Information for processor 3
  Max Mhz: 3301, Current Mhz: 3301, Mhz Limit: 3301
Processor Information for processor 4
  Max Mhz: 3301, Current Mhz: 3301, Mhz Limit: 3301
Processor Information for processor 5
  Max Mhz: 3301, Current Mhz: 3301, Mhz Limit: 3301
Processor Information for processor 6
  Max Mhz: 3301, Current Mhz: 3301, Mhz Limit: 3301
Processor Information for processor 7
  Max Mhz: 3301, Current Mhz: 2011, Mhz Limit: 3301
Processor Information for processor 8
  Max Mhz: 3301, Current Mhz: 3301, Mhz Limit: 3301
Processor Information for processor 9
  Max Mhz: 3301, Current Mhz: 2011, Mhz Limit: 3301
Processor Information for processor 10
  Max Mhz: 3301, Current Mhz: 3301, Mhz Limit: 3301
Processor Information for processor 11
  Max Mhz: 3301, Current Mhz: 3301, Mhz Limit: 3301

Memory: 4k page, system-wide physical 15724M (6567M free)
TotalPageFile size 20724M (AvailPageFile size 9M)
current process WorkingSet (physical memory assigned to process): 220M, peak: 222M
current process commit charge ("private bytes"): 4634M, peak: 4651M

vm_info: OpenJDK 64-Bit Server VM (17.0.10+7) for windows-amd64 JRE (17.0.10+7), built on Jan 16 2024 23:25:11 by "admin" with MS VC++ 16.10 / 16.11 (VS2019)

END.
