#
# There is insufficient memory for the Java Runtime Environment to continue.
# Native memory allocation (malloc) failed to allocate 1047056 bytes for Chunk::new
# Possible reasons:
#   The system is out of physical RAM or swap space
# Possible solutions:
#   Reduce memory load on the system
#   Increase physical memory or swap space
#   Check if swap backing store is full
#   Decrease Java heap size (-Xmx/-Xms)
#   Decrease number of Java threads
#   Decrease Java thread stack sizes (-Xss)
#   Set larger code cache with -XX:ReservedCodeCacheSize=
# This output file may be truncated or incomplete.
#
#  Out of Memory Error (arena.cpp:191), pid=17708, tid=5796
#
# JRE version: OpenJDK Runtime Environment Temurin-17.0.10+7 (17.0.10+7) (build 17.0.10+7)
# Java VM: OpenJDK 64-Bit Server VM Temurin-17.0.10+7 (17.0.10+7, mixed mode, tiered, compressed class ptrs, parallel gc, windows-amd64)
# No core dump will be written. Minidumps are not enabled by default on client versions of Windows
#

---------------  S U M M A R Y ------------

Command Line: --add-modules=ALL-SYSTEM --add-opens=java.base/java.util=ALL-UNNAMED --add-opens=java.base/java.lang=ALL-UNNAMED --add-opens=java.base/sun.nio.fs=ALL-UNNAMED -Declipse.application=org.eclipse.jdt.ls.core.id1 -Dosgi.bundles.defaultStartLevel=4 -Declipse.product=org.eclipse.jdt.ls.core.product -Djava.import.generatesMetadataFilesAtProjectRoot=false -DDetectVMInstallationsJob.disabled=true -Dfile.encoding=utf8 -XX:+UseParallelGC -XX:GCTimeRatio=4 -XX:AdaptiveSizePolicyWeight=90 -Dsun.zip.disableMemoryMapping=true -Xmx128G -Xms100m -Xlog:disable -javaagent:c:\Users\galax\.vscode\extensions\redhat.java-1.30.0-win32-x64\lombok\lombok-1.18.32.jar c:\Users\galax\.vscode\extensions\redhat.java-1.30.0-win32-x64\server\plugins\org.eclipse.equinox.launcher_1.6.800.v20240330-1250.jar -configuration c:\Users\galax\AppData\Roaming\Code\User\globalStorage\redhat.java\1.30.0\config_ss_win -data c:\Users\galax\AppData\Roaming\Code\User\workspaceStorage\715939317411bacedd6cdfeea8c9b0d6\redhat.java\ss_ws --pipe=\\.\pipe\lsp-39c75e01e38d6f401cd25a7757566a84-sock

Host: AMD Ryzen 5 5600H with Radeon Graphics         , 12 cores, 15G,  Windows 11 , 64 bit Build 22621 (10.0.22621.3527)
Time: Thu May 23 18:33:21 2024 India Standard Time elapsed time: 2.648683 seconds (0d 0h 0m 2s)

---------------  T H R E A D  ---------------

Current thread (0x000002ceb2890db0):  JavaThread "C2 CompilerThread1" daemon [_thread_in_native, id=5796, stack(0x000000d91ae00000,0x000000d91af00000)]


Current CompileTask:
C2:   2648 2384       4       org.lombokweb.asm.ClassReader::readMethod (1066 bytes)

Stack: [0x000000d91ae00000,0x000000d91af00000]
Native frames: (J=compiled Java code, j=interpreted, Vv=VM code, C=native code)
V  [jvm.dll+0x67d2c9]
V  [jvm.dll+0x834afa]
V  [jvm.dll+0x8365be]
V  [jvm.dll+0x836c23]
V  [jvm.dll+0x2477ff]
V  [jvm.dll+0xac514]
V  [jvm.dll+0xacb5c]
V  [jvm.dll+0x366782]
V  [jvm.dll+0x1bcc06]
V  [jvm.dll+0x21a049]
V  [jvm.dll+0x219311]
V  [jvm.dll+0x1a502d]
V  [jvm.dll+0x2290de]
V  [jvm.dll+0x2272ac]
V  [jvm.dll+0x7e9bb7]
V  [jvm.dll+0x7e3fba]
V  [jvm.dll+0x67c1b5]
C  [ucrtbase.dll+0x29333]
C  [KERNEL32.DLL+0x1257d]
C  [ntdll.dll+0x5aa48]


---------------  P R O C E S S  ---------------

Threads class SMR info:
_java_thread_list=0x000002ceb2a741e0, length=21, elements={
0x000002cec90846b0, 0x000002ceb05d5f30, 0x000002ceb05d7550, 0x000002cec8c0d2e0,
0x000002cec8c0e160, 0x000002cec912b8b0, 0x000002ceb05faf10, 0x000002ceb0600000,
0x000002ceb0600ab0, 0x000002ceb0602040, 0x000002ceb075b590, 0x000002ceb08ef330,
0x000002ceb252ca50, 0x000002ceb29c13e0, 0x000002ceb29c18c0, 0x000002ceb2366b00,
0x000002ceb23a45d0, 0x000002ceb288c900, 0x000002ceb2890db0, 0x000002ceb288afb0,
0x000002ceb288bee0
}

Java Threads: ( => current thread )
  0x000002cec90846b0 JavaThread "main" [_thread_blocked, id=14180, stack(0x000000d919000000,0x000000d919100000)]
  0x000002ceb05d5f30 JavaThread "Reference Handler" daemon [_thread_blocked, id=6912, stack(0x000000d919300000,0x000000d919400000)]
  0x000002ceb05d7550 JavaThread "Finalizer" daemon [_thread_blocked, id=7360, stack(0x000000d919400000,0x000000d919500000)]
  0x000002cec8c0d2e0 JavaThread "Signal Dispatcher" daemon [_thread_blocked, id=22020, stack(0x000000d919500000,0x000000d919600000)]
  0x000002cec8c0e160 JavaThread "Attach Listener" daemon [_thread_blocked, id=3344, stack(0x000000d919600000,0x000000d919700000)]
  0x000002cec912b8b0 JavaThread "Service Thread" daemon [_thread_blocked, id=20568, stack(0x000000d919700000,0x000000d919800000)]
  0x000002ceb05faf10 JavaThread "Monitor Deflation Thread" daemon [_thread_blocked, id=16420, stack(0x000000d919800000,0x000000d919900000)]
  0x000002ceb0600000 JavaThread "C2 CompilerThread0" daemon [_thread_in_native, id=24568, stack(0x000000d919900000,0x000000d919a00000)]
  0x000002ceb0600ab0 JavaThread "C1 CompilerThread0" daemon [_thread_in_native, id=20432, stack(0x000000d919a00000,0x000000d919b00000)]
  0x000002ceb0602040 JavaThread "Sweeper thread" daemon [_thread_blocked, id=21144, stack(0x000000d919b00000,0x000000d919c00000)]
  0x000002ceb075b590 JavaThread "Common-Cleaner" daemon [_thread_blocked, id=23452, stack(0x000000d919c00000,0x000000d919d00000)]
  0x000002ceb08ef330 JavaThread "Notification Thread" daemon [_thread_blocked, id=9280, stack(0x000000d919d00000,0x000000d919e00000)]
  0x000002ceb252ca50 JavaThread "Active Thread: Equinox Container: 4ca285e9-8b3c-42fb-9648-52816d9fb012" [_thread_blocked, id=22828, stack(0x000000d91a000000,0x000000d91a100000)]
  0x000002ceb29c13e0 JavaThread "Framework Event Dispatcher: Equinox Container: 4ca285e9-8b3c-42fb-9648-52816d9fb012" daemon [_thread_blocked, id=15440, stack(0x000000d91a600000,0x000000d91a700000)]
  0x000002ceb29c18c0 JavaThread "Start Level: Equinox Container: 4ca285e9-8b3c-42fb-9648-52816d9fb012" daemon [_thread_in_Java, id=17036, stack(0x000000d91a700000,0x000000d91a800000)]
  0x000002ceb2366b00 JavaThread "SCR Component Actor" daemon [_thread_blocked, id=23564, stack(0x000000d91aa00000,0x000000d91ab00000)]
  0x000002ceb23a45d0 JavaThread "SCR Component Registry" daemon [_thread_blocked, id=17020, stack(0x000000d91ab00000,0x000000d91ac00000)]
  0x000002ceb288c900 JavaThread "Worker-JM" [_thread_blocked, id=5348, stack(0x000000d91ad00000,0x000000d91ae00000)]
=>0x000002ceb2890db0 JavaThread "C2 CompilerThread1" daemon [_thread_in_native, id=5796, stack(0x000000d91ae00000,0x000000d91af00000)]
  0x000002ceb288afb0 JavaThread "Worker-0" [_thread_blocked, id=2972, stack(0x000000d91b000000,0x000000d91b100000)]
  0x000002ceb288bee0 JavaThread "Worker-1" [_thread_blocked, id=17744, stack(0x000000d91b100000,0x000000d91b200000)]

Other Threads:
  0x000002cec9127800 VMThread "VM Thread" [stack: 0x000000d919200000,0x000000d919300000] [id=8864]
  0x000002ceb1df7f90 WatcherThread [stack: 0x000000d919e00000,0x000000d919f00000] [id=23644]
  0x000002cec90980e0 GCTaskThread "GC Thread#0" [stack: 0x000000d919100000,0x000000d919200000] [id=23068]
  0x000002ceb23ae0b0 GCTaskThread "GC Thread#1" [stack: 0x000000d91a100000,0x000000d91a200000] [id=13832]
  0x000002ceb21b9b10 GCTaskThread "GC Thread#2" [stack: 0x000000d91a200000,0x000000d91a300000] [id=23944]
  0x000002ceb21b9dd0 GCTaskThread "GC Thread#3" [stack: 0x000000d91a300000,0x000000d91a400000] [id=24152]
  0x000002ceb25b9c50 GCTaskThread "GC Thread#4" [stack: 0x000000d91a400000,0x000000d91a500000] [id=14308]
  0x000002ceb21ba090 GCTaskThread "GC Thread#5" [stack: 0x000000d91a500000,0x000000d91a600000] [id=18144]
  0x000002cec906c5c0 GCTaskThread "GC Thread#6" [stack: 0x000000d91a800000,0x000000d91a900000] [id=5924]
  0x000002ceb2646d80 GCTaskThread "GC Thread#7" [stack: 0x000000d91a900000,0x000000d91aa00000] [id=23468]
  0x000002ceb279cee0 GCTaskThread "GC Thread#8" [stack: 0x000000d919f00000,0x000000d91a000000] [id=2148]
  0x000002ceb279d1a0 GCTaskThread "GC Thread#9" [stack: 0x000000d91ac00000,0x000000d91ad00000] [id=22068]

Threads with active compile tasks:
C2 CompilerThread0     2682 2471       4       java.lang.String::equalsIgnoreCase (45 bytes)
C1 CompilerThread0     2683 2480       1       lombok.patcher.scripts.ReplaceMethodCallScript::access$0 (5 bytes)
C2 CompilerThread1     2683 2384       4       org.lombokweb.asm.ClassReader::readMethod (1066 bytes)

VM state: not at safepoint (normal execution)

VM Mutex/Monitor currently owned by a thread: None

CDS archive(s) not mapped
Compressed class space mapped at: 0x0000000080000000-0x00000000c0000000, reserved size: 1073741824
Narrow klass base: 0x0000000000000000, Narrow klass shift: 0, Narrow klass range: 0xc0000000

GC Precious Log:
 CPUs: 12 total, 12 available
 Memory: 15724M
 Large Page Support: Disabled
 NUMA Support: Disabled
 Compressed Oops: Disabled
 Alignments: Space 512K, Generation 512K, Heap 2M
 Heap Min Capacity: 100M
 Heap Initial Capacity: 100M
 Heap Max Capacity: 128G
 Pre-touch: Disabled
 Parallel Workers: 10

Heap:
 PSYoungGen      total 27648K, used 26423K [0x000002e430380000, 0x000002e432200000, 0x000002eedae00000)
  eden space 24576K, 96% used [0x000002e430380000,0x000002e431aa71b0,0x000002e431b80000)
  from space 3072K, 88% used [0x000002e431f00000,0x000002e4321a6a58,0x000002e432200000)
  to   space 3072K, 0% used [0x000002e431c00000,0x000002e431c00000,0x000002e431f00000)
 ParOldGen       total 68608K, used 10977K [0x000002cedae00000, 0x000002cedf100000, 0x000002e430380000)
  object space 68608K, 16% used [0x000002cedae00000,0x000002cedb8b8590,0x000002cedf100000)
 Metaspace       used 27537K, committed 28032K, reserved 1114112K
  class space    used 2651K, committed 2880K, reserved 1048576K

Card table byte_map: [0x000002ce80000000,0x000002ce90010000] _byte_map_base: 0x000002cd18929000

Marking Bits: (ParMarkBitMap*) 0x00007ffa1252d7d0
 Begin Bits: [0x000002eedae00000, 0x000002ef5ae00000)
 End Bits:   [0x000002ef5ae00000, 0x000002efdae00000)

Polling page: 0x000002cec7020000

Metaspace:

Usage:
  Non-class:     24.30 MB used.
      Class:      2.59 MB used.
       Both:     26.89 MB used.

Virtual space:
  Non-class space:       64.00 MB reserved,      24.56 MB ( 38%) committed,  1 nodes.
      Class space:        1.00 GB reserved,       2.81 MB ( <1%) committed,  1 nodes.
             Both:        1.06 GB reserved,      27.38 MB (  3%) committed. 

Chunk freelists:
   Non-Class:  7.42 MB
       Class:  13.13 MB
        Both:  20.55 MB

MaxMetaspaceSize: unlimited
CompressedClassSpaceSize: 1.00 GB
Initial GC threshold: 21.00 MB
Current GC threshold: 35.00 MB
CDS: off
MetaspaceReclaimPolicy: balanced
 - commit_granule_bytes: 65536.
 - commit_granule_words: 8192.
 - virtual_space_node_default_size: 8388608.
 - enlarge_chunks_in_place: 1.
 - new_chunks_are_fully_committed: 0.
 - uncommit_free_chunks: 1.
 - use_allocation_guard: 0.
 - handle_deallocations: 1.


Internal statistics:

num_allocs_failed_limit: 3.
num_arena_births: 282.
num_arena_deaths: 14.
num_vsnodes_births: 2.
num_vsnodes_deaths: 0.
num_space_committed: 438.
num_space_uncommitted: 0.
num_chunks_returned_to_freelist: 17.
num_chunks_taken_from_freelist: 1044.
num_chunk_merges: 5.
num_chunk_splits: 681.
num_chunks_enlarged: 470.
num_inconsistent_stats: 0.

CodeHeap 'non-profiled nmethods': size=120000Kb used=1040Kb max_used=1040Kb free=118960Kb
 bounds [0x000002ced37e0000, 0x000002ced3a50000, 0x000002cedad10000]
CodeHeap 'profiled nmethods': size=120000Kb used=4894Kb max_used=4894Kb free=115105Kb
 bounds [0x000002cecbd10000, 0x000002cecc1e0000, 0x000002ced3240000]
CodeHeap 'non-nmethods': size=5760Kb used=1226Kb max_used=1244Kb free=4533Kb
 bounds [0x000002ced3240000, 0x000002ced34b0000, 0x000002ced37e0000]
 total_blobs=3018 nmethods=2478 adapters=454
 compilation: enabled
              stopped_count=0, restarted_count=0
 full_count=0

Compilation events (20 events):
Event: 2.545 Thread 0x000002ceb0600ab0 nmethod 2457 0x000002cecc1cbd90 code [0x000002cecc1cbf40, 0x000002cecc1cc128]
Event: 2.545 Thread 0x000002ceb0600ab0 2458       3       java.lang.Class::reflectionData (43 bytes)
Event: 2.545 Thread 0x000002ceb0600ab0 nmethod 2458 0x000002cecc1cc210 code [0x000002cecc1cc3e0, 0x000002cecc1cc7d8]
Event: 2.545 Thread 0x000002ceb0600ab0 2459       3       java.lang.reflect.Field::checkAccess (32 bytes)
Event: 2.546 Thread 0x000002ceb0600ab0 nmethod 2459 0x000002cecc1cc910 code [0x000002cecc1ccac0, 0x000002cecc1ccd48]
Event: 2.603 Thread 0x000002ceb0600ab0 2460       3       java.io.File::isFile (34 bytes)
Event: 2.604 Thread 0x000002ceb0600ab0 nmethod 2460 0x000002cecc1cce90 code [0x000002cecc1cd080, 0x000002cecc1cd5a8]
Event: 2.625 Thread 0x000002ceb0600ab0 2461       1       org.eclipse.osgi.internal.loader.EquinoxClassLoader::getDebug (5 bytes)
Event: 2.625 Thread 0x000002ceb0600ab0 nmethod 2461 0x000002ced38df090 code [0x000002ced38df220, 0x000002ced38df2f8]
Event: 2.631 Thread 0x000002ceb0600000 2462       4       lombok.launch.ClassFileMetaData::decodeString (181 bytes)
Event: 2.637 Thread 0x000002ceb0600000 nmethod 2462 0x000002ced38df390 code [0x000002ced38df540, 0x000002ced38dfc38]
Event: 2.638 Thread 0x000002ceb0600000 2463       4       lombok.launch.ClassFileMetaData::readValue (27 bytes)
Event: 2.638 Thread 0x000002ceb0600ab0 2465 %     3       lombok.launch.PackageShader::apply @ 76 (252 bytes)
Event: 2.638 Thread 0x000002ceb0600000 nmethod 2463 0x000002ced38e0090 code [0x000002ced38e0200, 0x000002ced38e02d8]
Event: 2.638 Thread 0x000002ceb0600000 2464       4       lombok.launch.PackageShader::readValue (21 bytes)
Event: 2.639 Thread 0x000002ceb0600ab0 nmethod 2465% 0x000002cecc1cd790 code [0x000002cecc1cd9e0, 0x000002cecc1ce828]
Event: 2.639 Thread 0x000002ceb0600000 nmethod 2464 0x000002ced38e0410 code [0x000002ced38e0580, 0x000002ced38e0638]
Event: 2.643 Thread 0x000002ceb0600000 2466       4       java.util.concurrent.ConcurrentHashMap$BaseIterator::hasNext (13 bytes)
Event: 2.643 Thread 0x000002ceb0600000 nmethod 2466 0x000002ced38e0710 code [0x000002ced38e0880, 0x000002ced38e08f8]
Event: 2.646 Thread 0x000002ceb0600000 2467       4       java.util.concurrent.ConcurrentHashMap$ValueIterator::next (34 bytes)

GC Heap History (14 events):
Event: 0.751 GC heap before
{Heap before GC invocations=1 (full 0):
 PSYoungGen      total 29696K, used 25600K [0x000002e430380000, 0x000002e432480000, 0x000002eedae00000)
  eden space 25600K, 100% used [0x000002e430380000,0x000002e431c80000,0x000002e431c80000)
  from space 4096K, 0% used [0x000002e432080000,0x000002e432080000,0x000002e432480000)
  to   space 4096K, 0% used [0x000002e431c80000,0x000002e431c80000,0x000002e432080000)
 ParOldGen       total 68608K, used 0K [0x000002cedae00000, 0x000002cedf100000, 0x000002e430380000)
  object space 68608K, 0% used [0x000002cedae00000,0x000002cedae00000,0x000002cedf100000)
 Metaspace       used 10380K, committed 10496K, reserved 1114112K
  class space    used 1029K, committed 1088K, reserved 1048576K
}
Event: 0.758 GC heap after
{Heap after GC invocations=1 (full 0):
 PSYoungGen      total 29696K, used 3780K [0x000002e430380000, 0x000002e432480000, 0x000002eedae00000)
  eden space 25600K, 0% used [0x000002e430380000,0x000002e430380000,0x000002e431c80000)
  from space 4096K, 92% used [0x000002e431c80000,0x000002e4320312a8,0x000002e432080000)
  to   space 4096K, 0% used [0x000002e432080000,0x000002e432080000,0x000002e432480000)
 ParOldGen       total 68608K, used 16K [0x000002cedae00000, 0x000002cedf100000, 0x000002e430380000)
  object space 68608K, 0% used [0x000002cedae00000,0x000002cedae04000,0x000002cedf100000)
 Metaspace       used 10380K, committed 10496K, reserved 1114112K
  class space    used 1029K, committed 1088K, reserved 1048576K
}
Event: 1.276 GC heap before
{Heap before GC invocations=2 (full 0):
 PSYoungGen      total 29696K, used 29380K [0x000002e430380000, 0x000002e432480000, 0x000002eedae00000)
  eden space 25600K, 100% used [0x000002e430380000,0x000002e431c80000,0x000002e431c80000)
  from space 4096K, 92% used [0x000002e431c80000,0x000002e4320312a8,0x000002e432080000)
  to   space 4096K, 0% used [0x000002e432080000,0x000002e432080000,0x000002e432480000)
 ParOldGen       total 68608K, used 16K [0x000002cedae00000, 0x000002cedf100000, 0x000002e430380000)
  object space 68608K, 0% used [0x000002cedae00000,0x000002cedae04000,0x000002cedf100000)
 Metaspace       used 13934K, committed 14144K, reserved 1114112K
  class space    used 1388K, committed 1472K, reserved 1048576K
}
Event: 1.280 GC heap after
{Heap after GC invocations=2 (full 0):
 PSYoungGen      total 29696K, used 4093K [0x000002e430380000, 0x000002e432480000, 0x000002eedae00000)
  eden space 25600K, 0% used [0x000002e430380000,0x000002e430380000,0x000002e431c80000)
  from space 4096K, 99% used [0x000002e432080000,0x000002e43247f4a8,0x000002e432480000)
  to   space 4096K, 0% used [0x000002e431c80000,0x000002e431c80000,0x000002e432080000)
 ParOldGen       total 68608K, used 1898K [0x000002cedae00000, 0x000002cedf100000, 0x000002e430380000)
  object space 68608K, 2% used [0x000002cedae00000,0x000002cedafdaba0,0x000002cedf100000)
 Metaspace       used 13934K, committed 14144K, reserved 1114112K
  class space    used 1388K, committed 1472K, reserved 1048576K
}
Event: 1.659 GC heap before
{Heap before GC invocations=3 (full 0):
 PSYoungGen      total 29696K, used 29693K [0x000002e430380000, 0x000002e432480000, 0x000002eedae00000)
  eden space 25600K, 100% used [0x000002e430380000,0x000002e431c80000,0x000002e431c80000)
  from space 4096K, 99% used [0x000002e432080000,0x000002e43247f4a8,0x000002e432480000)
  to   space 4096K, 0% used [0x000002e431c80000,0x000002e431c80000,0x000002e432080000)
 ParOldGen       total 68608K, used 1898K [0x000002cedae00000, 0x000002cedf100000, 0x000002e430380000)
  object space 68608K, 2% used [0x000002cedae00000,0x000002cedafdaba0,0x000002cedf100000)
 Metaspace       used 18488K, committed 18880K, reserved 1114112K
  class space    used 1880K, committed 2048K, reserved 1048576K
}
Event: 1.663 GC heap after
{Heap after GC invocations=3 (full 0):
 PSYoungGen      total 29696K, used 4091K [0x000002e430380000, 0x000002e432480000, 0x000002eedae00000)
  eden space 25600K, 0% used [0x000002e430380000,0x000002e430380000,0x000002e431c80000)
  from space 4096K, 99% used [0x000002e431c80000,0x000002e43207ef48,0x000002e432080000)
  to   space 4096K, 0% used [0x000002e432080000,0x000002e432080000,0x000002e432480000)
 ParOldGen       total 68608K, used 3856K [0x000002cedae00000, 0x000002cedf100000, 0x000002e430380000)
  object space 68608K, 5% used [0x000002cedae00000,0x000002cedb1c4360,0x000002cedf100000)
 Metaspace       used 18488K, committed 18880K, reserved 1114112K
  class space    used 1880K, committed 2048K, reserved 1048576K
}
Event: 2.033 GC heap before
{Heap before GC invocations=4 (full 0):
 PSYoungGen      total 29696K, used 21848K [0x000002e430380000, 0x000002e432480000, 0x000002eedae00000)
  eden space 25600K, 69% used [0x000002e430380000,0x000002e4314d7320,0x000002e431c80000)
  from space 4096K, 99% used [0x000002e431c80000,0x000002e43207ef48,0x000002e432080000)
  to   space 4096K, 0% used [0x000002e432080000,0x000002e432080000,0x000002e432480000)
 ParOldGen       total 68608K, used 3856K [0x000002cedae00000, 0x000002cedf100000, 0x000002e430380000)
  object space 68608K, 5% used [0x000002cedae00000,0x000002cedb1c4360,0x000002cedf100000)
 Metaspace       used 21114K, committed 21504K, reserved 1114112K
  class space    used 2154K, committed 2368K, reserved 1048576K
}
Event: 2.036 GC heap after
{Heap after GC invocations=4 (full 0):
 PSYoungGen      total 29696K, used 4090K [0x000002e430380000, 0x000002e432480000, 0x000002eedae00000)
  eden space 25600K, 0% used [0x000002e430380000,0x000002e430380000,0x000002e431c80000)
  from space 4096K, 99% used [0x000002e432080000,0x000002e43247e9b0,0x000002e432480000)
  to   space 4096K, 0% used [0x000002e431c80000,0x000002e431c80000,0x000002e432080000)
 ParOldGen       total 68608K, used 5504K [0x000002cedae00000, 0x000002cedf100000, 0x000002e430380000)
  object space 68608K, 8% used [0x000002cedae00000,0x000002cedb3603b0,0x000002cedf100000)
 Metaspace       used 21114K, committed 21504K, reserved 1114112K
  class space    used 2154K, committed 2368K, reserved 1048576K
}
Event: 2.036 GC heap before
{Heap before GC invocations=5 (full 1):
 PSYoungGen      total 29696K, used 4090K [0x000002e430380000, 0x000002e432480000, 0x000002eedae00000)
  eden space 25600K, 0% used [0x000002e430380000,0x000002e430380000,0x000002e431c80000)
  from space 4096K, 99% used [0x000002e432080000,0x000002e43247e9b0,0x000002e432480000)
  to   space 4096K, 0% used [0x000002e431c80000,0x000002e431c80000,0x000002e432080000)
 ParOldGen       total 68608K, used 5504K [0x000002cedae00000, 0x000002cedf100000, 0x000002e430380000)
  object space 68608K, 8% used [0x000002cedae00000,0x000002cedb3603b0,0x000002cedf100000)
 Metaspace       used 21114K, committed 21504K, reserved 1114112K
  class space    used 2154K, committed 2368K, reserved 1048576K
}
Event: 2.055 GC heap after
{Heap after GC invocations=5 (full 1):
 PSYoungGen      total 29696K, used 0K [0x000002e430380000, 0x000002e432480000, 0x000002eedae00000)
  eden space 25600K, 0% used [0x000002e430380000,0x000002e430380000,0x000002e431c80000)
  from space 4096K, 0% used [0x000002e432080000,0x000002e432080000,0x000002e432480000)
  to   space 4096K, 0% used [0x000002e431c80000,0x000002e431c80000,0x000002e432080000)
 ParOldGen       total 68608K, used 9398K [0x000002cedae00000, 0x000002cedf100000, 0x000002e430380000)
  object space 68608K, 13% used [0x000002cedae00000,0x000002cedb72db80,0x000002cedf100000)
 Metaspace       used 21101K, committed 21504K, reserved 1114112K
  class space    used 2150K, committed 2368K, reserved 1048576K
}
Event: 2.261 GC heap before
{Heap before GC invocations=6 (full 1):
 PSYoungGen      total 29696K, used 25381K [0x000002e430380000, 0x000002e432480000, 0x000002eedae00000)
  eden space 25600K, 99% used [0x000002e430380000,0x000002e431c49770,0x000002e431c80000)
  from space 4096K, 0% used [0x000002e432080000,0x000002e432080000,0x000002e432480000)
  to   space 4096K, 0% used [0x000002e431c80000,0x000002e431c80000,0x000002e432080000)
 ParOldGen       total 68608K, used 9398K [0x000002cedae00000, 0x000002cedf100000, 0x000002e430380000)
  object space 68608K, 13% used [0x000002cedae00000,0x000002cedb72db80,0x000002cedf100000)
 Metaspace       used 23306K, committed 23872K, reserved 1114112K
  class space    used 2358K, committed 2624K, reserved 1048576K
}
Event: 2.262 GC heap after
{Heap after GC invocations=6 (full 1):
 PSYoungGen      total 26624K, used 1390K [0x000002e430380000, 0x000002e432200000, 0x000002eedae00000)
  eden space 25088K, 0% used [0x000002e430380000,0x000002e430380000,0x000002e431c00000)
  from space 1536K, 90% used [0x000002e431c80000,0x000002e431ddb998,0x000002e431e00000)
  to   space 3072K, 0% used [0x000002e431f00000,0x000002e431f00000,0x000002e432200000)
 ParOldGen       total 68608K, used 9406K [0x000002cedae00000, 0x000002cedf100000, 0x000002e430380000)
  object space 68608K, 13% used [0x000002cedae00000,0x000002cedb72fb80,0x000002cedf100000)
 Metaspace       used 23306K, committed 23872K, reserved 1114112K
  class space    used 2358K, committed 2624K, reserved 1048576K
}
Event: 2.488 GC heap before
{Heap before GC invocations=7 (full 1):
 PSYoungGen      total 26624K, used 26478K [0x000002e430380000, 0x000002e432200000, 0x000002eedae00000)
  eden space 25088K, 100% used [0x000002e430380000,0x000002e431c00000,0x000002e431c00000)
  from space 1536K, 90% used [0x000002e431c80000,0x000002e431ddb998,0x000002e431e00000)
  to   space 3072K, 0% used [0x000002e431f00000,0x000002e431f00000,0x000002e432200000)
 ParOldGen       total 68608K, used 9406K [0x000002cedae00000, 0x000002cedf100000, 0x000002e430380000)
  object space 68608K, 13% used [0x000002cedae00000,0x000002cedb72fb80,0x000002cedf100000)
 Metaspace       used 26932K, committed 27456K, reserved 1114112K
  class space    used 2625K, committed 2880K, reserved 1048576K
}
Event: 2.490 GC heap after
{Heap after GC invocations=7 (full 1):
 PSYoungGen      total 27648K, used 2714K [0x000002e430380000, 0x000002e432200000, 0x000002eedae00000)
  eden space 24576K, 0% used [0x000002e430380000,0x000002e430380000,0x000002e431b80000)
  from space 3072K, 88% used [0x000002e431f00000,0x000002e4321a6a58,0x000002e432200000)
  to   space 3072K, 0% used [0x000002e431c00000,0x000002e431c00000,0x000002e431f00000)
 ParOldGen       total 68608K, used 10977K [0x000002cedae00000, 0x000002cedf100000, 0x000002e430380000)
  object space 68608K, 16% used [0x000002cedae00000,0x000002cedb8b8590,0x000002cedf100000)
 Metaspace       used 26932K, committed 27456K, reserved 1114112K
  class space    used 2625K, committed 2880K, reserved 1048576K
}

Dll operation events (9 events):
Event: 0.009 Loaded shared library c:\Users\galax\.vscode\extensions\redhat.java-1.30.0-win32-x64\jre\17.0.10-win32-x86_64\bin\java.dll
Event: 0.109 Loaded shared library c:\Users\galax\.vscode\extensions\redhat.java-1.30.0-win32-x64\jre\17.0.10-win32-x86_64\bin\zip.dll
Event: 0.111 Loaded shared library C:\Users\galax\.vscode\extensions\redhat.java-1.30.0-win32-x64\jre\17.0.10-win32-x86_64\bin\instrument.dll
Event: 0.121 Loaded shared library C:\Users\galax\.vscode\extensions\redhat.java-1.30.0-win32-x64\jre\17.0.10-win32-x86_64\bin\net.dll
Event: 0.123 Loaded shared library C:\Users\galax\.vscode\extensions\redhat.java-1.30.0-win32-x64\jre\17.0.10-win32-x86_64\bin\nio.dll
Event: 0.129 Loaded shared library C:\Users\galax\.vscode\extensions\redhat.java-1.30.0-win32-x64\jre\17.0.10-win32-x86_64\bin\zip.dll
Event: 0.142 Loaded shared library C:\Users\galax\.vscode\extensions\redhat.java-1.30.0-win32-x64\jre\17.0.10-win32-x86_64\bin\jimage.dll
Event: 0.235 Loaded shared library c:\Users\galax\.vscode\extensions\redhat.java-1.30.0-win32-x64\jre\17.0.10-win32-x86_64\bin\verify.dll
Event: 1.272 Loaded shared library C:\Users\galax\AppData\Roaming\Code\User\globalStorage\redhat.java\1.30.0\config_ss_win\org.eclipse.equinox.launcher\org.eclipse.equinox.launcher.win32.win32.x86_64_1.2.900.v20240213-1244\eclipse_11900.dll

Deoptimization events (20 events):
Event: 2.064 Thread 0x000002ceb29c18c0 Uncommon trap: trap_request=0xffffff45 fr.pc=0x000002ced382c2e4 relative=0x0000000000000064
Event: 2.064 Thread 0x000002ceb29c18c0 Uncommon trap: reason=unstable_if action=reinterpret pc=0x000002ced382c2e4 method=jdk.internal.misc.Unsafe.convEndian(ZJ)J @ 4 c2
Event: 2.064 Thread 0x000002ceb29c18c0 DEOPT PACKING pc=0x000002ced382c2e4 sp=0x000000d91a7f34c0
Event: 2.064 Thread 0x000002ceb29c18c0 DEOPT UNPACKING pc=0x000002ced32966a3 sp=0x000000d91a7f33e8 mode 2
Event: 2.064 Thread 0x000002ceb29c18c0 Uncommon trap: trap_request=0xffffff45 fr.pc=0x000002ced3874988 relative=0x0000000000000088
Event: 2.064 Thread 0x000002ceb29c18c0 Uncommon trap: reason=unstable_if action=reinterpret pc=0x000002ced3874988 method=jdk.internal.misc.Unsafe.getLongUnaligned(Ljava/lang/Object;J)J @ 7 c2
Event: 2.064 Thread 0x000002ceb29c18c0 DEOPT PACKING pc=0x000002ced3874988 sp=0x000000d91a7f3430
Event: 2.064 Thread 0x000002ceb29c18c0 DEOPT UNPACKING pc=0x000002ced32966a3 sp=0x000000d91a7f33e0 mode 2
Event: 2.080 Thread 0x000002ceb29c18c0 Uncommon trap: trap_request=0xffffff45 fr.pc=0x000002ced3808cc8 relative=0x0000000000000048
Event: 2.080 Thread 0x000002ceb29c18c0 Uncommon trap: reason=unstable_if action=reinterpret pc=0x000002ced3808cc8 method=java.lang.CharacterData.of(I)Ljava/lang/CharacterData; @ 4 c2
Event: 2.080 Thread 0x000002ceb29c18c0 DEOPT PACKING pc=0x000002ced3808cc8 sp=0x000000d91a7f4430
Event: 2.080 Thread 0x000002ceb29c18c0 DEOPT UNPACKING pc=0x000002ced32966a3 sp=0x000000d91a7f43c8 mode 2
Event: 2.205 Thread 0x000002ceb29c18c0 Uncommon trap: trap_request=0xffffff45 fr.pc=0x000002ced38c82fc relative=0x000000000000073c
Event: 2.205 Thread 0x000002ceb29c18c0 Uncommon trap: reason=unstable_if action=reinterpret pc=0x000002ced38c82fc method=org.lombokweb.asm.ClassReader.readUTF8(I[C)Ljava/lang/String; @ 11 c2
Event: 2.205 Thread 0x000002ceb29c18c0 DEOPT PACKING pc=0x000002ced38c82fc sp=0x000000d91a7efb20
Event: 2.205 Thread 0x000002ceb29c18c0 DEOPT UNPACKING pc=0x000002ced32966a3 sp=0x000000d91a7efb18 mode 2
Event: 2.408 Thread 0x000002ceb29c18c0 Uncommon trap: trap_request=0xffffff45 fr.pc=0x000002ced38d1818 relative=0x00000000000001f8
Event: 2.408 Thread 0x000002ceb29c18c0 Uncommon trap: reason=unstable_if action=reinterpret pc=0x000002ced38d1818 method=org.lombokweb.asm.Label.resolve([BLorg/lombokweb/asm/ByteVector;I)Z @ 81 c2
Event: 2.408 Thread 0x000002ceb29c18c0 DEOPT PACKING pc=0x000002ced38d1818 sp=0x000000d91a7ef160
Event: 2.408 Thread 0x000002ceb29c18c0 DEOPT UNPACKING pc=0x000002ced32966a3 sp=0x000000d91a7ef0d0 mode 2

Classes unloaded (7 events):
Event: 2.039 Thread 0x000002cec9127800 Unloading class 0x000000008021e400 'java/lang/invoke/LambdaForm$MH+0x000000008021e400'
Event: 2.039 Thread 0x000002cec9127800 Unloading class 0x000000008021e000 'java/lang/invoke/LambdaForm$MH+0x000000008021e000'
Event: 2.039 Thread 0x000002cec9127800 Unloading class 0x000000008021dc00 'java/lang/invoke/LambdaForm$MH+0x000000008021dc00'
Event: 2.039 Thread 0x000002cec9127800 Unloading class 0x000000008021d800 'java/lang/invoke/LambdaForm$MH+0x000000008021d800'
Event: 2.039 Thread 0x000002cec9127800 Unloading class 0x000000008021d400 'java/lang/invoke/LambdaForm$BMH+0x000000008021d400'
Event: 2.039 Thread 0x000002cec9127800 Unloading class 0x000000008021d000 'java/lang/invoke/LambdaForm$DMH+0x000000008021d000'
Event: 2.039 Thread 0x000002cec9127800 Unloading class 0x0000000080218400 'java/lang/invoke/LambdaForm$DMH+0x0000000080218400'

Classes redefined (0 events):
No events

Internal exceptions (20 events):
Event: 1.743 Thread 0x000002ceb29c18c0 Exception <a 'java/lang/NoSuchMethodError'{0x000002e4308dbd70}: 'int java.lang.invoke.DirectMethodHandle$Holder.invokeSpecial(java.lang.Object, java.lang.Object, java.lang.Object, int)'> (0x000002e4308dbd70) 
thrown [s\src\hotspot\share\interpreter\linkResolver.cpp, line 759]
Event: 1.746 Thread 0x000002ceb29c18c0 Exception <a 'java/lang/NoSuchMethodError'{0x000002e4308fdad8}: 'java.lang.Object java.lang.invoke.DirectMethodHandle$Holder.invokeStatic(java.lang.Object, java.lang.Object, java.lang.Object, java.lang.Object, int)'> (0x000002e4308fdad8) 
thrown [s\src\hotspot\share\interpreter\linkResolver.cpp, line 759]
Event: 1.748 Thread 0x000002ceb29c18c0 Exception <a 'java/lang/NoSuchMethodError'{0x000002e43090cf00}: 'java.lang.Object java.lang.invoke.DelegatingMethodHandle$Holder.reinvoke_L(java.lang.Object, java.lang.Object, java.lang.Object, java.lang.Object, int, int)'> (0x000002e43090cf00) 
thrown [s\src\hotspot\share\interpreter\linkResolver.cpp, line 759]
Event: 1.751 Thread 0x000002ceb29c18c0 Exception <a 'java/lang/NoSuchMethodError'{0x000002e4309277f8}: 'java.lang.Object java.lang.invoke.Invokers$Holder.invokeExact_MT(java.lang.Object, java.lang.Object, java.lang.Object, java.lang.Object)'> (0x000002e4309277f8) 
thrown [s\src\hotspot\share\interpreter\linkResolver.cpp, line 759]
Event: 1.834 Thread 0x000002ceb29c18c0 Exception <a 'java/io/FileNotFoundException'{0x000002e430bfcbd0}> (0x000002e430bfcbd0) 
thrown [s\src\hotspot\share\prims\jni.cpp, line 516]
Event: 1.835 Thread 0x000002ceb29c18c0 Exception <a 'java/io/FileNotFoundException'{0x000002e430c056d8}> (0x000002e430c056d8) 
thrown [s\src\hotspot\share\prims\jni.cpp, line 516]
Event: 1.898 Thread 0x000002ceb29c18c0 Exception <a 'java/lang/NoSuchMethodError'{0x000002e430fed058}: 'java.lang.Object java.lang.invoke.DirectMethodHandle$Holder.newInvokeSpecial(java.lang.Object, java.lang.Object, java.lang.Object, java.lang.Object, java.lang.Object)'> (0x000002e430fed058) 
thrown [s\src\hotspot\share\interpreter\linkResolver.cpp, line 759]
Event: 1.930 Thread 0x000002ceb29c18c0 Exception <a 'java/lang/NoSuchMethodError'{0x000002e431133ca0}: 'java.lang.Object java.lang.invoke.DirectMethodHandle$Holder.invokeStaticInit(java.lang.Object, int)'> (0x000002e431133ca0) 
thrown [s\src\hotspot\share\interpreter\linkResolver.cpp, line 759]
Event: 2.001 Thread 0x000002ceb29c18c0 Exception <a 'java/lang/NoSuchMethodError'{0x000002e4313c5b50}: 'java.lang.Object java.lang.invoke.DirectMethodHandle$Holder.invokeSpecial(java.lang.Object, java.lang.Object, java.lang.Object, long, java.lang.Object)'> (0x000002e4313c5b50) 
thrown [s\src\hotspot\share\interpreter\linkResolver.cpp, line 759]
Event: 2.002 Thread 0x000002ceb29c18c0 Exception <a 'java/lang/NoSuchMethodError'{0x000002e4313cfb58}: 'java.lang.Object java.lang.invoke.DirectMethodHandle$Holder.newInvokeSpecial(java.lang.Object, java.lang.Object, java.lang.Object, long)'> (0x000002e4313cfb58) 
thrown [s\src\hotspot\share\interpreter\linkResolver.cpp, line 759]
Event: 2.002 Thread 0x000002ceb29c18c0 Exception <a 'java/lang/NoSuchMethodError'{0x000002e4313d5380}: 'java.lang.Object java.lang.invoke.DirectMethodHandle$Holder.invokeSpecial(java.lang.Object, java.lang.Object, java.lang.Object, java.lang.Object, long)'> (0x000002e4313d5380) 
thrown [s\src\hotspot\share\interpreter\linkResolver.cpp, line 759]
Event: 2.002 Thread 0x000002ceb29c18c0 Exception <a 'java/lang/NoSuchMethodError'{0x000002e4313da0d8}: 'java.lang.Object java.lang.invoke.Invokers$Holder.linkToTargetMethod(java.lang.Object, java.lang.Object, long, java.lang.Object)'> (0x000002e4313da0d8) 
thrown [s\src\hotspot\share\interpreter\linkResolver.cpp, line 759]
Event: 2.029 Thread 0x000002ceb29c18c0 Exception <a 'java/lang/NoSuchMethodError'{0x000002e4314690f0}: 'int java.lang.invoke.DirectMethodHandle$Holder.invokeStaticInit(java.lang.Object, java.lang.Object, java.lang.Object)'> (0x000002e4314690f0) 
thrown [s\src\hotspot\share\interpreter\linkResolver.cpp, line 759]
Event: 2.094 Thread 0x000002ceb29c18c0 Exception <a 'java/lang/IncompatibleClassChangeError'{0x000002e4305f60b0}: Found class java.lang.Object, but interface was expected> (0x000002e4305f60b0) 
thrown [s\src\hotspot\share\interpreter\linkResolver.cpp, line 826]
Event: 2.100 Thread 0x000002ceb29c18c0 Exception <a 'java/lang/NoSuchMethodError'{0x000002e43060d448}: 'java.lang.Object java.lang.invoke.DirectMethodHandle$Holder.invokeSpecial(java.lang.Object, java.lang.Object, java.lang.Object, int, java.lang.Object, java.lang.Object)'> (0x000002e43060d448) 
thrown [s\src\hotspot\share\interpreter\linkResolver.cpp, line 759]
Event: 2.101 Thread 0x000002ceb29c18c0 Exception <a 'java/lang/NoSuchMethodError'{0x000002e4306180f8}: 'java.lang.Object java.lang.invoke.DirectMethodHandle$Holder.newInvokeSpecial(java.lang.Object, java.lang.Object, java.lang.Object, int, java.lang.Object)'> (0x000002e4306180f8) 
thrown [s\src\hotspot\share\interpreter\linkResolver.cpp, line 759]
Event: 2.101 Thread 0x000002ceb29c18c0 Exception <a 'java/lang/NoSuchMethodError'{0x000002e43061d7d8}: 'java.lang.Object java.lang.invoke.DirectMethodHandle$Holder.invokeSpecial(java.lang.Object, java.lang.Object, java.lang.Object, java.lang.Object, int, java.lang.Object)'> (0x000002e43061d7d8) 
thrown [s\src\hotspot\share\interpreter\linkResolver.cpp, line 759]
Event: 2.103 Thread 0x000002ceb288afb0 Exception <a 'java/lang/NoSuchMethodError'{0x000002e43066c2d8}: 'java.lang.Object java.lang.invoke.DirectMethodHandle$Holder.invokeSpecial(java.lang.Object, java.lang.Object, int, java.lang.Object, java.lang.Object)'> (0x000002e43066c2d8) 
thrown [s\src\hotspot\share\interpreter\linkResolver.cpp, line 759]
Event: 2.103 Thread 0x000002ceb288afb0 Exception <a 'java/lang/NoSuchMethodError'{0x000002e430675588}: 'java.lang.Object java.lang.invoke.DirectMethodHandle$Holder.newInvokeSpecial(java.lang.Object, java.lang.Object, int, java.lang.Object)'> (0x000002e430675588) 
thrown [s\src\hotspot\share\interpreter\linkResolver.cpp, line 759]
Event: 2.104 Thread 0x000002ceb288afb0 Exception <a 'java/lang/NoSuchMethodError'{0x000002e43067a178}: 'java.lang.Object java.lang.invoke.DirectMethodHandle$Holder.invokeSpecial(java.lang.Object, java.lang.Object, java.lang.Object, int, java.lang.Object)'> (0x000002e43067a178) 
thrown [s\src\hotspot\share\interpreter\linkResolver.cpp, line 759]

VM Operations (20 events):
Event: 1.330 Executing VM operation: HandshakeAllThreads
Event: 1.330 Executing VM operation: HandshakeAllThreads done
Event: 1.638 Executing VM operation: HandshakeAllThreads
Event: 1.638 Executing VM operation: HandshakeAllThreads done
Event: 1.659 Executing VM operation: ParallelGCFailedAllocation
Event: 1.663 Executing VM operation: ParallelGCFailedAllocation done
Event: 1.738 Executing VM operation: HandshakeAllThreads
Event: 1.738 Executing VM operation: HandshakeAllThreads done
Event: 2.033 Executing VM operation: CollectForMetadataAllocation
Event: 2.055 Executing VM operation: CollectForMetadataAllocation done
Event: 2.064 Executing VM operation: HandshakeAllThreads
Event: 2.064 Executing VM operation: HandshakeAllThreads done
Event: 2.081 Executing VM operation: HandshakeAllThreads
Event: 2.081 Executing VM operation: HandshakeAllThreads done
Event: 2.126 Executing VM operation: HandshakeAllThreads
Event: 2.126 Executing VM operation: HandshakeAllThreads done
Event: 2.261 Executing VM operation: ParallelGCFailedAllocation
Event: 2.262 Executing VM operation: ParallelGCFailedAllocation done
Event: 2.488 Executing VM operation: ParallelGCFailedAllocation
Event: 2.490 Executing VM operation: ParallelGCFailedAllocation done

Events (20 events):
Event: 2.161 loading class java/io/StringReader done
Event: 2.163 loading class java/net/SocketTimeoutException
Event: 2.163 loading class java/io/InterruptedIOException
Event: 2.164 loading class java/io/InterruptedIOException done
Event: 2.164 loading class java/net/SocketTimeoutException done
Event: 2.164 loading class java/net/SocketException
Event: 2.164 loading class java/net/SocketException done
Event: 2.164 loading class java/net/UnknownHostException
Event: 2.164 loading class java/net/UnknownHostException done
Event: 2.164 loading class java/net/ProtocolException
Event: 2.164 loading class java/net/ProtocolException done
Event: 2.181 loading class java/lang/ThreadLocal$SuppliedThreadLocal
Event: 2.181 loading class java/lang/ThreadLocal$SuppliedThreadLocal done
Event: 2.195 loading class java/io/FileWriter
Event: 2.195 loading class java/io/FileWriter done
Event: 2.250 loading class java/lang/NegativeArraySizeException
Event: 2.250 loading class java/lang/NegativeArraySizeException done
Event: 2.543 loading class org/w3c/dom/DOMException
Event: 2.543 loading class org/w3c/dom/DOMException done
Event: 2.604 Thread 0x000002ceb293b280 Thread exited: 0x000002ceb293b280


Dynamic libraries:
0x00007ff68ce30000 - 0x00007ff68ce3e000 	c:\Users\galax\.vscode\extensions\redhat.java-1.30.0-win32-x64\jre\17.0.10-win32-x86_64\bin\java.exe
0x00007ffa6d8f0000 - 0x00007ffa6db07000 	C:\WINDOWS\SYSTEM32\ntdll.dll
0x00007ffa6b6a0000 - 0x00007ffa6b764000 	C:\WINDOWS\System32\KERNEL32.DLL
0x00007ffa6abe0000 - 0x00007ffa6af87000 	C:\WINDOWS\System32\KERNELBASE.dll
0x00007ffa6b330000 - 0x00007ffa6b441000 	C:\WINDOWS\System32\ucrtbase.dll
0x00007ffa671b0000 - 0x00007ffa671cb000 	c:\Users\galax\.vscode\extensions\redhat.java-1.30.0-win32-x64\jre\17.0.10-win32-x86_64\bin\VCRUNTIME140.dll
0x00007ffa578d0000 - 0x00007ffa578e7000 	c:\Users\galax\.vscode\extensions\redhat.java-1.30.0-win32-x64\jre\17.0.10-win32-x86_64\bin\jli.dll
0x00007ffa6b930000 - 0x00007ffa6bade000 	C:\WINDOWS\System32\USER32.dll
0x00007ffa6b0f0000 - 0x00007ffa6b116000 	C:\WINDOWS\System32\win32u.dll
0x00007ffa557a0000 - 0x00007ffa55a33000 	C:\WINDOWS\WinSxS\amd64_microsoft.windows.common-controls_6595b64144ccf1df_6.0.22621.3527_none_270e469b73872a76\COMCTL32.dll
0x00007ffa6d270000 - 0x00007ffa6d299000 	C:\WINDOWS\System32\GDI32.dll
0x00007ffa6b210000 - 0x00007ffa6b329000 	C:\WINDOWS\System32\gdi32full.dll
0x00007ffa6cb40000 - 0x00007ffa6cbe7000 	C:\WINDOWS\System32\msvcrt.dll
0x00007ffa6b050000 - 0x00007ffa6b0ea000 	C:\WINDOWS\System32\msvcp_win.dll
0x00007ffa6bda0000 - 0x00007ffa6bdd1000 	C:\WINDOWS\System32\IMM32.DLL
0x00007ffa65ac0000 - 0x00007ffa65acc000 	c:\Users\galax\.vscode\extensions\redhat.java-1.30.0-win32-x64\jre\17.0.10-win32-x86_64\bin\vcruntime140_1.dll
0x00007ffa562c0000 - 0x00007ffa5634d000 	c:\Users\galax\.vscode\extensions\redhat.java-1.30.0-win32-x64\jre\17.0.10-win32-x86_64\bin\msvcp140.dll
0x00007ffa11990000 - 0x00007ffa125f2000 	c:\Users\galax\.vscode\extensions\redhat.java-1.30.0-win32-x64\jre\17.0.10-win32-x86_64\bin\server\jvm.dll
0x00007ffa6d090000 - 0x00007ffa6d142000 	C:\WINDOWS\System32\ADVAPI32.dll
0x00007ffa6b5f0000 - 0x00007ffa6b698000 	C:\WINDOWS\System32\sechost.dll
0x00007ffa6b450000 - 0x00007ffa6b478000 	C:\WINDOWS\System32\bcrypt.dll
0x00007ffa6d150000 - 0x00007ffa6d265000 	C:\WINDOWS\System32\RPCRT4.dll
0x00007ffa6aaa0000 - 0x00007ffa6aaed000 	C:\WINDOWS\SYSTEM32\POWRPROF.dll
0x00007ffa65a30000 - 0x00007ffa65a39000 	C:\WINDOWS\SYSTEM32\WSOCK32.dll
0x00007ffa63580000 - 0x00007ffa635b4000 	C:\WINDOWS\SYSTEM32\WINMM.dll
0x00007ffa61110000 - 0x00007ffa6111a000 	C:\WINDOWS\SYSTEM32\VERSION.dll
0x00007ffa6cda0000 - 0x00007ffa6ce11000 	C:\WINDOWS\System32\WS2_32.dll
0x00007ffa6aa80000 - 0x00007ffa6aa93000 	C:\WINDOWS\SYSTEM32\UMPDC.dll
0x00007ffa69bc0000 - 0x00007ffa69bd8000 	C:\WINDOWS\SYSTEM32\kernel.appcore.dll
0x00007ffa655b0000 - 0x00007ffa655ba000 	c:\Users\galax\.vscode\extensions\redhat.java-1.30.0-win32-x64\jre\17.0.10-win32-x86_64\bin\jimage.dll
0x00007ffa685a0000 - 0x00007ffa687d2000 	C:\WINDOWS\SYSTEM32\DBGHELP.DLL
0x00007ffa6bde0000 - 0x00007ffa6c168000 	C:\WINDOWS\System32\combase.dll
0x00007ffa6bbb0000 - 0x00007ffa6bc87000 	C:\WINDOWS\System32\OLEAUT32.dll
0x00007ffa5fcf0000 - 0x00007ffa5fd22000 	C:\WINDOWS\SYSTEM32\dbgcore.DLL
0x00007ffa6b190000 - 0x00007ffa6b209000 	C:\WINDOWS\System32\bcryptPrimitives.dll
0x00007ffa65080000 - 0x00007ffa6508e000 	c:\Users\galax\.vscode\extensions\redhat.java-1.30.0-win32-x64\jre\17.0.10-win32-x86_64\bin\instrument.dll
0x00007ffa563e0000 - 0x00007ffa56405000 	c:\Users\galax\.vscode\extensions\redhat.java-1.30.0-win32-x64\jre\17.0.10-win32-x86_64\bin\java.dll
0x00007ffa57350000 - 0x00007ffa57368000 	c:\Users\galax\.vscode\extensions\redhat.java-1.30.0-win32-x64\jre\17.0.10-win32-x86_64\bin\zip.dll
0x00007ffa6c2e0000 - 0x00007ffa6cb3c000 	C:\WINDOWS\System32\SHELL32.dll
0x00007ffa68970000 - 0x00007ffa69266000 	C:\WINDOWS\SYSTEM32\windows.storage.dll
0x00007ffa692a0000 - 0x00007ffa693de000 	C:\WINDOWS\SYSTEM32\wintypes.dll
0x00007ffa6c1d0000 - 0x00007ffa6c2c5000 	C:\WINDOWS\System32\SHCORE.dll
0x00007ffa6bae0000 - 0x00007ffa6bb3e000 	C:\WINDOWS\System32\shlwapi.dll
0x00007ffa6ab10000 - 0x00007ffa6ab31000 	C:\WINDOWS\SYSTEM32\profapi.dll
0x00007ffa563c0000 - 0x00007ffa563d9000 	C:\Users\galax\.vscode\extensions\redhat.java-1.30.0-win32-x64\jre\17.0.10-win32-x86_64\bin\net.dll
0x00007ffa64750000 - 0x00007ffa64886000 	C:\WINDOWS\SYSTEM32\WINHTTP.dll
0x00007ffa6a020000 - 0x00007ffa6a089000 	C:\WINDOWS\system32\mswsock.dll
0x00007ffa563a0000 - 0x00007ffa563b6000 	C:\Users\galax\.vscode\extensions\redhat.java-1.30.0-win32-x64\jre\17.0.10-win32-x86_64\bin\nio.dll
0x00007ffa62790000 - 0x00007ffa627a0000 	c:\Users\galax\.vscode\extensions\redhat.java-1.30.0-win32-x64\jre\17.0.10-win32-x86_64\bin\verify.dll
0x00007ffa56280000 - 0x00007ffa562be000 	C:\Users\galax\AppData\Roaming\Code\User\globalStorage\redhat.java\1.30.0\config_ss_win\org.eclipse.equinox.launcher\org.eclipse.equinox.launcher.win32.win32.x86_64_1.2.900.v20240213-1244\eclipse_11900.dll
0x00007ffa6cbf0000 - 0x00007ffa6cd95000 	C:\WINDOWS\System32\ole32.dll

dbghelp: loaded successfully - version: 4.0.5 - missing functions: none
symbol engine: initialized successfully - sym options: 0x614 - pdb path: .;c:\Users\galax\.vscode\extensions\redhat.java-1.30.0-win32-x64\jre\17.0.10-win32-x86_64\bin;C:\WINDOWS\SYSTEM32;C:\WINDOWS\WinSxS\amd64_microsoft.windows.common-controls_6595b64144ccf1df_6.0.22621.3527_none_270e469b73872a76;c:\Users\galax\.vscode\extensions\redhat.java-1.30.0-win32-x64\jre\17.0.10-win32-x86_64\bin\server;C:\Users\galax\AppData\Roaming\Code\User\globalStorage\redhat.java\1.30.0\config_ss_win\org.eclipse.equinox.launcher\org.eclipse.equinox.launcher.win32.win32.x86_64_1.2.900.v20240213-1244

VM Arguments:
jvm_args: --add-modules=ALL-SYSTEM --add-opens=java.base/java.util=ALL-UNNAMED --add-opens=java.base/java.lang=ALL-UNNAMED --add-opens=java.base/sun.nio.fs=ALL-UNNAMED -Declipse.application=org.eclipse.jdt.ls.core.id1 -Dosgi.bundles.defaultStartLevel=4 -Declipse.product=org.eclipse.jdt.ls.core.product -Djava.import.generatesMetadataFilesAtProjectRoot=false -DDetectVMInstallationsJob.disabled=true -Dfile.encoding=utf8 -XX:+UseParallelGC -XX:GCTimeRatio=4 -XX:AdaptiveSizePolicyWeight=90 -Dsun.zip.disableMemoryMapping=true -Xmx128G -Xms100m -Xlog:disable -javaagent:c:\Users\galax\.vscode\extensions\redhat.java-1.30.0-win32-x64\lombok\lombok-1.18.32.jar 
java_command: c:\Users\galax\.vscode\extensions\redhat.java-1.30.0-win32-x64\server\plugins\org.eclipse.equinox.launcher_1.6.800.v20240330-1250.jar -configuration c:\Users\galax\AppData\Roaming\Code\User\globalStorage\redhat.java\1.30.0\config_ss_win -data c:\Users\galax\AppData\Roaming\Code\User\workspaceStorage\715939317411bacedd6cdfeea8c9b0d6\redhat.java\ss_ws --pipe=\\.\pipe\lsp-39c75e01e38d6f401cd25a7757566a84-sock
java_class_path (initial): c:\Users\galax\.vscode\extensions\redhat.java-1.30.0-win32-x64\server\plugins\org.eclipse.equinox.launcher_1.6.800.v20240330-1250.jar
Launcher Type: SUN_STANDARD

[Global flags]
    uintx AdaptiveSizePolicyWeight                 = 90                                        {product} {command line}
     intx CICompilerCount                          = 4                                         {product} {ergonomic}
    uintx GCTimeRatio                              = 4                                         {product} {command line}
   size_t InitialHeapSize                          = 104857600                                 {product} {command line}
   size_t MaxHeapSize                              = 137438953472                              {product} {command line}
   size_t MaxNewSize                               = 45812809728                               {product} {ergonomic}
   size_t MinHeapDeltaBytes                        = 524288                                    {product} {ergonomic}
   size_t MinHeapSize                              = 104857600                                 {product} {command line}
   size_t NewSize                                  = 34603008                                  {product} {ergonomic}
    uintx NonNMethodCodeHeapSize                   = 5839372                                {pd product} {ergonomic}
    uintx NonProfiledCodeHeapSize                  = 122909434                              {pd product} {ergonomic}
   size_t OldSize                                  = 70254592                                  {product} {ergonomic}
    uintx ProfiledCodeHeapSize                     = 122909434                              {pd product} {ergonomic}
    uintx ReservedCodeCacheSize                    = 251658240                              {pd product} {ergonomic}
     bool SegmentedCodeCache                       = true                                      {product} {ergonomic}
   size_t SoftMaxHeapSize                          = 137438953472                           {manageable} {ergonomic}
     bool UseCompressedClassPointers               = true                           {product lp64_product} {ergonomic}
     bool UseLargePagesIndividualAllocation        = false                                  {pd product} {ergonomic}
     bool UseParallelGC                            = true                                      {product} {command line}

Logging:
Log output configuration:
 #0: stdout all=off uptime,level,tags
 #1: stderr all=off uptime,level,tags

Environment Variables:
JAVA_HOME=C:\Program Files\Eclipse Adoptium\jdk-21.0.1.12-hotspot
PATH=C:\Program Files\Eclipse Adoptium\jdk-21.0.3.9-hotspot\bin;C:\Program Files\Common Files\Oracle\Java\javapath;C:\Program Files\Eclipse Adoptium\jdk-21.0.1.12-hotspot;C:\Program Files (x86)\Common Files\Oracle\Java\java8path;C:\Program Files (x86)\Common Files\Oracle\Java\javapath;C:\Windows\system32;C:\Windows;C:\Windows\System32\Wbem;C:\Windows\System32\WindowsPowerShell\v1.0\;C:\Windows\System32\OpenSSH\;C:\Program Files (x86)\NVIDIA Corporation\PhysX\Common;C:\Program Files\NVIDIA Corporation\NVIDIA NvDLISR;C:\WINDOWS\system32;C:\WINDOWS;C:\WINDOWS\System32\Wbem;C:\WINDOWS\System32\WindowsPowerShell\v1.0\;C:\WINDOWS\System32\OpenSSH\;C:\Users\galax\AppData\Roaming\nvm;C:\Program Files\nodejs;C:\Program Files\Graphviz\bin;C:\Program Files\GitHub CLI\;C:\Program Files\Git\cmd;C:\Users\galax\AppData\Local\Programs\Python\Python39\Scripts\;C:\Users\galax\AppData\Local\Programs\Python\Python39\;C:\Users\galax\AppData\Local\Programs\Python\Python312\Scripts\;C:\Users\galax\AppData\Local\Programs\Python\Python312\;C:\Users\galax\.console-ninja\.bin;C:\Users\galax\AppData\Local\Microsoft\WindowsApps;C:\Users\galax\AppData\Local\Programs\oh-my-posh\bin;C:\Program Files\JetBrains\IntelliJ IDEA Community Edition 2023.2\bin;C:\Users\galax\AppData\Roaming\npm;C:\Users\galax\AppData\Local\Programs\mongosh\;C:\Users\galax\AppData\Local\GitHubDesktop\bin;C:\Users\galax\AppData\Roaming\nvm;C:\Program Files\nodejs;C:\Program Files\Eclipse Adoptium\jdk-21.0.1.12-hotspot;C:\Program Files\Git\bin;D:\whois;C:\Program Files (x86)\IntelliJ IDEA Community Edition 2023.2\bin;;C:\Microsoft VS Code\bin;
USERNAME=Singh
OS=Windows_NT
PROCESSOR_IDENTIFIER=AMD64 Family 25 Model 80 Stepping 0, AuthenticAMD
TMP=C:\Users\galax\AppData\Local\Temp
TEMP=C:\Users\galax\AppData\Local\Temp



Periodic native trim disabled


---------------  S Y S T E M  ---------------

OS:
 Windows 11 , 64 bit Build 22621 (10.0.22621.3527)
OS uptime: 0 days 7:01 hours
Hyper-V role detected

CPU: total 12 (initial active 12) (12 cores per cpu, 2 threads per core) family 25 model 80 stepping 0 microcode 0x0, cx8, cmov, fxsr, ht, mmx, 3dnowpref, sse, sse2, sse3, ssse3, sse4a, sse4.1, sse4.2, popcnt, lzcnt, tsc, tscinvbit, avx, avx2, aes, erms, clmul, bmi1, bmi2, adx, sha, fma, vzeroupper, clflush, clflushopt, hv
Processor Information for all 12 processors :
  Max Mhz: 3301, Current Mhz: 3301, Mhz Limit: 3301

Memory: 4k page, system-wide physical 15724M (6383M free)
TotalPageFile size 20724M (AvailPageFile size 88M)
current process WorkingSet (physical memory assigned to process): 133M, peak: 136M
current process commit charge ("private bytes"): 4580M, peak: 4583M

vm_info: OpenJDK 64-Bit Server VM (17.0.10+7) for windows-amd64 JRE (17.0.10+7), built on Jan 16 2024 23:25:11 by "admin" with MS VC++ 16.10 / 16.11 (VS2019)

END.
