#
# There is insufficient memory for the Java Runtime Environment to continue.
# Native memory allocation (malloc) failed to allocate 1044496 bytes. Error detail: Chunk::new
# Possible reasons:
#   The system is out of physical RAM or swap space
# Possible solutions:
#   Reduce memory load on the system
#   Increase physical memory or swap space
#   Check if swap backing store is full
#   Decrease Java heap size (-Xmx/-Xms)
#   Decrease number of Java threads
#   Decrease Java thread stack sizes (-Xss)
#   Set larger code cache with -XX:ReservedCodeCacheSize=
# This output file may be truncated or incomplete.
#
#  Out of Memory Error (arena.cpp:191), pid=2160, tid=7320
#
# JRE version: OpenJDK Runtime Environment Temurin-17.0.11+9 (17.0.11+9) (build 17.0.11+9)
# Java VM: OpenJDK 64-Bit Server VM Temurin-17.0.11+9 (17.0.11+9, mixed mode, tiered, compressed class ptrs, parallel gc, windows-amd64)
# No core dump will be written. Minidumps are not enabled by default on client versions of Windows
#

---------------  S U M M A R Y ------------

Command Line: --add-modules=ALL-SYSTEM --add-opens=java.base/java.util=ALL-UNNAMED --add-opens=java.base/java.lang=ALL-UNNAMED --add-opens=java.base/sun.nio.fs=ALL-UNNAMED -Declipse.application=org.eclipse.jdt.ls.core.id1 -Dosgi.bundles.defaultStartLevel=4 -Declipse.product=org.eclipse.jdt.ls.core.product -Djava.import.generatesMetadataFilesAtProjectRoot=false -DDetectVMInstallationsJob.disabled=true -Dfile.encoding=utf8 -XX:+UseParallelGC -XX:GCTimeRatio=4 -XX:AdaptiveSizePolicyWeight=90 -Dsun.zip.disableMemoryMapping=true -Xmx128G -Xms100m -Xlog:disable -javaagent:c:\Users\galax\.vscode\extensions\redhat.java-1.31.0-win32-x64\lombok\lombok-1.18.32.jar -XX:+HeapDumpOnOutOfMemoryError -XX:HeapDumpPath=c:\Users\galax\AppData\Roaming\Code\User\workspaceStorage\715939317411bacedd6cdfeea8c9b0d6\redhat.java -Daether.dependencyCollector.impl=bf c:\Users\galax\.vscode\extensions\redhat.java-1.31.0-win32-x64\server\plugins\org.eclipse.equinox.launcher_1.6.800.v20240513-1750.jar -configuration c:\Users\galax\AppData\Roaming\Code\User\globalStorage\redhat.java\1.31.0\config_win -data c:\Users\galax\AppData\Roaming\Code\User\workspaceStorage\715939317411bacedd6cdfeea8c9b0d6\redhat.java\jdt_ws --pipe=\\.\pipe\lsp-9746bb83722e4a049b81884c2d007bb3-sock

Host: AMD Ryzen 5 5600H with Radeon Graphics         , 12 cores, 14G,  Windows 11 , 64 bit Build 22621 (10.0.22621.3527)
Time: Mon Jun 17 01:15:59 2024 India Standard Time elapsed time: 2091.186345 seconds (0d 0h 34m 51s)

---------------  T H R E A D  ---------------

Current thread (0x0000020b4a0b0710):  JavaThread "C2 CompilerThread0" daemon [_thread_in_native, id=7320, stack(0x0000004aab300000,0x0000004aab400000)]


Current CompileTask:
C2:2091186 16427 % !   4       org.eclipse.jdt.internal.core.NameLookup::<init> @ 646 (805 bytes)

Stack: [0x0000004aab300000,0x0000004aab400000]
Native frames: (J=compiled Java code, j=interpreted, Vv=VM code, C=native code)
V  [jvm.dll+0x67d429]
V  [jvm.dll+0x834b7a]
V  [jvm.dll+0x83663e]
V  [jvm.dll+0x836ca3]
V  [jvm.dll+0x247dbf]
V  [jvm.dll+0xac534]
V  [jvm.dll+0xacb7c]
V  [jvm.dll+0x2af2cf]
V  [jvm.dll+0x5848b7]
V  [jvm.dll+0x222d82]
V  [jvm.dll+0x22317f]
V  [jvm.dll+0x21c2a0]
V  [jvm.dll+0x2197a1]
V  [jvm.dll+0x1a534d]
V  [jvm.dll+0x2295cd]
V  [jvm.dll+0x22779c]
V  [jvm.dll+0x7e9d07]
V  [jvm.dll+0x7e410a]
V  [jvm.dll+0x67c315]
C  [ucrtbase.dll+0x29333]
C  [KERNEL32.DLL+0x1257d]
C  [ntdll.dll+0x5aa48]


---------------  P R O C E S S  ---------------

Threads class SMR info:
_java_thread_list=0x0000020b515b17d0, length=52, elements={
0x000001ea180174c0, 0x000001ea17bc4010, 0x000001ea17bc6550, 0x0000020b4a0a6f30,
0x0000020b4a0a7bc0, 0x0000020b4a0a90f0, 0x0000020b4a0ab4d0, 0x0000020b4a0b0710,
0x0000020b4a0b37d0, 0x0000020b4a0b48c0, 0x0000020b4a1995a0, 0x0000020b4a3cc8b0,
0x0000020b4c32e010, 0x0000020b4c599010, 0x0000020b4c4df320, 0x0000020b4c934e50,
0x0000020b4c977b70, 0x0000020b4c893eb0, 0x0000020b4c894de0, 0x0000020b4c895800,
0x0000020b4c897150, 0x0000020b4c895d10, 0x0000020b4c896c40, 0x0000020b4c8939a0,
0x0000020b4db335d0, 0x0000020b4db33ae0, 0x0000020b4db381c0, 0x0000020b4db37cb0,
0x0000020b4db35430, 0x0000020b4db36870, 0x0000020b4db31260, 0x0000020b4db326a0,
0x0000020b4db32bb0, 0x0000020b4db377a0, 0x0000020b4db31770, 0x0000020b4db30d50,
0x0000020b4db35940, 0x0000020b4eea14d0, 0x0000020b4eea2e20, 0x0000020b4eea56a0,
0x0000020b4eea2910, 0x0000020b4db34500, 0x0000020b4db37290, 0x0000020b4db34f20,
0x0000020b4db32190, 0x0000020b4db34a10, 0x0000020b4db35e50, 0x0000020b4db36360,
0x0000020b4db36d80, 0x0000020b4eea3840, 0x0000020b4eea60c0, 0x0000020b4eea4c80
}

Java Threads: ( => current thread )
  0x000001ea180174c0 JavaThread "main" [_thread_blocked, id=11672, stack(0x0000004aaaa00000,0x0000004aaab00000)]
  0x000001ea17bc4010 JavaThread "Reference Handler" daemon [_thread_blocked, id=20668, stack(0x0000004aaad00000,0x0000004aaae00000)]
  0x000001ea17bc6550 JavaThread "Finalizer" daemon [_thread_blocked, id=9396, stack(0x0000004aaae00000,0x0000004aaaf00000)]
  0x0000020b4a0a6f30 JavaThread "Signal Dispatcher" daemon [_thread_blocked, id=20284, stack(0x0000004aaaf00000,0x0000004aab000000)]
  0x0000020b4a0a7bc0 JavaThread "Attach Listener" daemon [_thread_blocked, id=28984, stack(0x0000004aab000000,0x0000004aab100000)]
  0x0000020b4a0a90f0 JavaThread "Service Thread" daemon [_thread_blocked, id=19360, stack(0x0000004aab100000,0x0000004aab200000)]
  0x0000020b4a0ab4d0 JavaThread "Monitor Deflation Thread" daemon [_thread_blocked, id=10044, stack(0x0000004aab200000,0x0000004aab300000)]
=>0x0000020b4a0b0710 JavaThread "C2 CompilerThread0" daemon [_thread_in_native, id=7320, stack(0x0000004aab300000,0x0000004aab400000)]
  0x0000020b4a0b37d0 JavaThread "C1 CompilerThread0" daemon [_thread_blocked, id=8412, stack(0x0000004aab400000,0x0000004aab500000)]
  0x0000020b4a0b48c0 JavaThread "Sweeper thread" daemon [_thread_blocked, id=26516, stack(0x0000004aab500000,0x0000004aab600000)]
  0x0000020b4a1995a0 JavaThread "Common-Cleaner" daemon [_thread_blocked, id=28828, stack(0x0000004aab600000,0x0000004aab700000)]
  0x0000020b4a3cc8b0 JavaThread "Notification Thread" daemon [_thread_blocked, id=1172, stack(0x0000004aab800000,0x0000004aab900000)]
  0x0000020b4c32e010 JavaThread "Active Thread: Equinox Container: 64db062c-4f9f-4744-818a-c779969d3cf5" [_thread_blocked, id=4924, stack(0x0000004aac000000,0x0000004aac100000)]
  0x0000020b4c599010 JavaThread "Framework Event Dispatcher: Equinox Container: 64db062c-4f9f-4744-818a-c779969d3cf5" daemon [_thread_blocked, id=9752, stack(0x0000004aac200000,0x0000004aac300000)]
  0x0000020b4c4df320 JavaThread "Start Level: Equinox Container: 64db062c-4f9f-4744-818a-c779969d3cf5" daemon [_thread_blocked, id=18088, stack(0x0000004aac300000,0x0000004aac400000)]
  0x0000020b4c934e50 JavaThread "Bundle File Closer" daemon [_thread_blocked, id=20500, stack(0x0000004aac400000,0x0000004aac500000)]
  0x0000020b4c977b70 JavaThread "SCR Component Actor" daemon [_thread_blocked, id=9448, stack(0x0000004aac700000,0x0000004aac800000)]
  0x0000020b4c893eb0 JavaThread "Worker-JM" [_thread_blocked, id=27484, stack(0x0000004aaca00000,0x0000004aacb00000)]
  0x0000020b4c894de0 JavaThread "Java indexing" daemon [_thread_blocked, id=5884, stack(0x0000004aacd00000,0x0000004aace00000)]
  0x0000020b4c895800 JavaThread "JNA Cleaner" daemon [_thread_blocked, id=9248, stack(0x0000004aace00000,0x0000004aacf00000)]
  0x0000020b4c897150 JavaThread "Thread-2" daemon [_thread_in_native, id=4196, stack(0x0000004aacf00000,0x0000004aad000000)]
  0x0000020b4c895d10 JavaThread "Thread-3" daemon [_thread_in_native, id=23556, stack(0x0000004aad000000,0x0000004aad100000)]
  0x0000020b4c896c40 JavaThread "Thread-4" daemon [_thread_in_native, id=4920, stack(0x0000004aad100000,0x0000004aad200000)]
  0x0000020b4c8939a0 JavaThread "Thread-5" daemon [_thread_in_native, id=25660, stack(0x0000004aad200000,0x0000004aad300000)]
  0x0000020b4db335d0 JavaThread "Thread-6" daemon [_thread_in_native, id=6552, stack(0x0000004aad300000,0x0000004aad400000)]
  0x0000020b4db33ae0 JavaThread "Thread-7" daemon [_thread_in_native, id=25956, stack(0x0000004aad400000,0x0000004aad500000)]
  0x0000020b4db381c0 JavaThread "Thread-8" daemon [_thread_in_native, id=25864, stack(0x0000004aad500000,0x0000004aad600000)]
  0x0000020b4db37cb0 JavaThread "Thread-9" daemon [_thread_in_native, id=4612, stack(0x0000004aad600000,0x0000004aad700000)]
  0x0000020b4db35430 JavaThread "Thread-10" daemon [_thread_in_native, id=22420, stack(0x0000004aad700000,0x0000004aad800000)]
  0x0000020b4db36870 JavaThread "Thread-11" daemon [_thread_in_native, id=22816, stack(0x0000004aad800000,0x0000004aad900000)]
  0x0000020b4db31260 JavaThread "Thread-12" daemon [_thread_in_native, id=27292, stack(0x0000004aad900000,0x0000004aada00000)]
  0x0000020b4db326a0 JavaThread "Thread-13" daemon [_thread_in_native, id=15852, stack(0x0000004aada00000,0x0000004aadb00000)]
  0x0000020b4db32bb0 JavaThread "Thread-14" daemon [_thread_in_native, id=14892, stack(0x0000004aadb00000,0x0000004aadc00000)]
  0x0000020b4db377a0 JavaThread "pool-2-thread-1" [_thread_blocked, id=17300, stack(0x0000004aadc00000,0x0000004aadd00000)]
  0x0000020b4db31770 JavaThread "WorkspaceEventsHandler" [_thread_blocked, id=6044, stack(0x0000004aadd00000,0x0000004aade00000)]
  0x0000020b4db30d50 JavaThread "pool-1-thread-1" [_thread_blocked, id=20900, stack(0x0000004aade00000,0x0000004aadf00000)]
  0x0000020b4db35940 JavaThread "Worker-3" [_thread_blocked, id=27172, stack(0x0000004aae000000,0x0000004aae100000)]
  0x0000020b4eea14d0 JavaThread "ForkJoinPool.commonPool-worker-9" daemon [_thread_blocked, id=3200, stack(0x0000004aae900000,0x0000004aaea00000)]
  0x0000020b4eea2e20 JavaThread "Cleaner-0" daemon [_thread_blocked, id=6308, stack(0x0000004aaeb00000,0x0000004aaec00000)]
  0x0000020b4eea56a0 JavaThread "ForkJoinPool.commonPool-worker-20" daemon [_thread_blocked, id=22004, stack(0x0000004aaa700000,0x0000004aaa800000)]
  0x0000020b4eea2910 JavaThread "ForkJoinPool.commonPool-worker-23" daemon [_thread_blocked, id=14964, stack(0x0000004aac800000,0x0000004aac900000)]
  0x0000020b4db34500 JavaThread "Worker-5" [_thread_blocked, id=21940, stack(0x0000004aae200000,0x0000004aae300000)]
  0x0000020b4db37290 JavaThread "Worker-6" [_thread_blocked, id=15316, stack(0x0000004aaa800000,0x0000004aaa900000)]
  0x0000020b4db34f20 JavaThread "ForkJoinPool.commonPool-worker-29" daemon [_thread_blocked, id=24988, stack(0x0000004aaa900000,0x0000004aaaa00000)]
  0x0000020b4db32190 JavaThread "ForkJoinPool.commonPool-worker-30" daemon [_thread_blocked, id=24064, stack(0x0000004aab700000,0x0000004aab800000)]
  0x0000020b4db34a10 JavaThread "ForkJoinPool.commonPool-worker-31" daemon [_thread_blocked, id=16204, stack(0x0000004aaba00000,0x0000004aabb00000)]
  0x0000020b4db35e50 JavaThread "ForkJoinPool.commonPool-worker-32" daemon [_thread_blocked, id=19268, stack(0x0000004aacb00000,0x0000004aacc00000)]
  0x0000020b4db36360 JavaThread "Worker-7" [_thread_blocked, id=26452, stack(0x0000004aadf00000,0x0000004aae000000)]
  0x0000020b4db36d80 JavaThread "ForkJoinPool.commonPool-worker-33" daemon [_thread_blocked, id=3392, stack(0x0000004aacc00000,0x0000004aacd00000)]
  0x0000020b4eea3840 JavaThread "ForkJoinPool.commonPool-worker-34" daemon [_thread_blocked, id=1616, stack(0x0000004aae100000,0x0000004aae200000)]
  0x0000020b4eea60c0 JavaThread "ForkJoinPool.commonPool-worker-35" daemon [_thread_blocked, id=14012, stack(0x0000004aae300000,0x0000004aae400000)]
  0x0000020b4eea4c80 JavaThread "ForkJoinPool.commonPool-worker-36" daemon [_thread_blocked, id=20008, stack(0x0000004aae500000,0x0000004aae600000)]

Other Threads:
  0x000001ea180bed10 VMThread "VM Thread" [stack: 0x0000004aaac00000,0x0000004aaad00000] [id=7984]
  0x0000020b4a3cd930 WatcherThread [stack: 0x0000004aab900000,0x0000004aaba00000] [id=9272]
  0x000001ea1802af90 GCTaskThread "GC Thread#0" [stack: 0x0000004aaab00000,0x0000004aaac00000] [id=11552]
  0x0000020b4c0a7d30 GCTaskThread "GC Thread#1" [stack: 0x0000004aabb00000,0x0000004aabc00000] [id=17524]
  0x0000020b4bc4c230 GCTaskThread "GC Thread#2" [stack: 0x0000004aabc00000,0x0000004aabd00000] [id=23616]
  0x0000020b4bdb0fb0 GCTaskThread "GC Thread#3" [stack: 0x0000004aabd00000,0x0000004aabe00000] [id=23296]
  0x0000020b4bdb1270 GCTaskThread "GC Thread#4" [stack: 0x0000004aabe00000,0x0000004aabf00000] [id=23096]
  0x0000020b4c0a2030 GCTaskThread "GC Thread#5" [stack: 0x0000004aabf00000,0x0000004aac000000] [id=27368]
  0x0000020b4c206060 GCTaskThread "GC Thread#6" [stack: 0x0000004aac100000,0x0000004aac200000] [id=20952]
  0x0000020b4c204d20 GCTaskThread "GC Thread#7" [stack: 0x0000004aac500000,0x0000004aac600000] [id=24132]
  0x0000020b4c2052a0 GCTaskThread "GC Thread#8" [stack: 0x0000004aac600000,0x0000004aac700000] [id=16876]
  0x0000020b4c205820 GCTaskThread "GC Thread#9" [stack: 0x0000004aac900000,0x0000004aaca00000] [id=26128]

Threads with active compile tasks:
C2 CompilerThread0  2091204 16427 % !   4       org.eclipse.jdt.internal.core.NameLookup::<init> @ 646 (805 bytes)

VM state: not at safepoint (normal execution)

VM Mutex/Monitor currently owned by a thread: None

CDS archive(s) not mapped
Compressed class space mapped at: 0x0000000080000000-0x00000000c0000000, reserved size: 1073741824
Narrow klass base: 0x0000000000000000, Narrow klass shift: 0, Narrow klass range: 0xc0000000

GC Precious Log:
 CPUs: 12 total, 12 available
 Memory: 15212M
 Large Page Support: Disabled
 NUMA Support: Disabled
 Compressed Oops: Disabled
 Alignments: Space 512K, Generation 512K, Heap 2M
 Heap Min Capacity: 100M
 Heap Initial Capacity: 100M
 Heap Max Capacity: 128G
 Pre-touch: Disabled
 Parallel Workers: 10

Heap:
 PSYoungGen      total 2560K, used 1231K [0x000001ff7f380000, 0x000001ff7f700000, 0x0000020a29e00000)
  eden space 1536K, 25% used [0x000001ff7f380000,0x000001ff7f3e3cc0,0x000001ff7f500000)
  from space 1024K, 81% used [0x000001ff7f500000,0x000001ff7f5d0000,0x000001ff7f600000)
  to   space 1024K, 0% used [0x000001ff7f600000,0x000001ff7f600000,0x000001ff7f700000)
 ParOldGen       total 184832K, used 145885K [0x000001ea29e00000, 0x000001ea35280000, 0x000001ff7f380000)
  object space 184832K, 78% used [0x000001ea29e00000,0x000001ea32c776d0,0x000001ea35280000)
 Metaspace       used 82405K, committed 83648K, reserved 1179648K
  class space    used 8393K, committed 8960K, reserved 1048576K

Card table byte_map: [0x000001ea00000000,0x000001ea10010000] _byte_map_base: 0x000001e90aeb1000

Marking Bits: (ParMarkBitMap*) 0x00007ffabdc6d820
 Begin Bits: [0x0000020a348b0000, 0x0000020ab48b0000)
 End Bits:   [0x0000020ab48b0000, 0x0000020b348b0000)

Polling page: 0x000001ea177c0000

Metaspace:

Usage:
  Non-class:     72.28 MB used.
      Class:      8.20 MB used.
       Both:     80.47 MB used.

Virtual space:
  Non-class space:      128.00 MB reserved,      72.94 MB ( 57%) committed,  2 nodes.
      Class space:        1.00 GB reserved,       8.75 MB ( <1%) committed,  1 nodes.
             Both:        1.12 GB reserved,      81.69 MB (  7%) committed. 

Chunk freelists:
   Non-Class:  6.53 MB
       Class:  7.06 MB
        Both:  13.60 MB

MaxMetaspaceSize: unlimited
CompressedClassSpaceSize: 1.00 GB
Initial GC threshold: 21.00 MB
Current GC threshold: 133.38 MB
CDS: off
MetaspaceReclaimPolicy: balanced
 - commit_granule_bytes: 65536.
 - commit_granule_words: 8192.
 - virtual_space_node_default_size: 8388608.
 - enlarge_chunks_in_place: 1.
 - new_chunks_are_fully_committed: 0.
 - uncommit_free_chunks: 1.
 - use_allocation_guard: 0.
 - handle_deallocations: 1.


Internal statistics:

num_allocs_failed_limit: 9.
num_arena_births: 878.
num_arena_deaths: 14.
num_vsnodes_births: 3.
num_vsnodes_deaths: 0.
num_space_committed: 1307.
num_space_uncommitted: 0.
num_chunks_returned_to_freelist: 23.
num_chunks_taken_from_freelist: 4278.
num_chunk_merges: 14.
num_chunk_splits: 2701.
num_chunks_enlarged: 1641.
num_inconsistent_stats: 0.

CodeHeap 'non-profiled nmethods': size=120000Kb used=10729Kb max_used=12007Kb free=109271Kb
 bounds [0x000001ea22770000, 0x000001ea23330000, 0x000001ea29ca0000]
CodeHeap 'profiled nmethods': size=120000Kb used=26687Kb max_used=27680Kb free=93312Kb
 bounds [0x000001ea1aca0000, 0x000001ea1c7c0000, 0x000001ea221d0000]
CodeHeap 'non-nmethods': size=5760Kb used=1402Kb max_used=1478Kb free=4357Kb
 bounds [0x000001ea221d0000, 0x000001ea22440000, 0x000001ea22770000]
 total_blobs=12825 nmethods=12071 adapters=666
 compilation: enabled
              stopped_count=0, restarted_count=0
 full_count=0

Compilation events (20 events):
Event: 2091.092 Thread 0x0000020b4a0b37d0 16424       3       org.eclipse.jdt.ls.core.internal.handlers.JsonRpcHelpers::toOffset (16 bytes)
Event: 2091.092 Thread 0x0000020b4a0b37d0 nmethod 16424 0x000001ea1b50a390 code [0x000001ea1b50a540, 0x000001ea1b50a6f8]
Event: 2091.092 Thread 0x0000020b4a0b37d0 16426       3       org.eclipse.jdt.internal.core.JavaModelOperation::isTopLevelOperation (24 bytes)
Event: 2091.093 Thread 0x0000020b4a0b37d0 nmethod 16426 0x000001ea1b1ae990 code [0x000001ea1b1aebc0, 0x000001ea1b1af648]
Event: 2091.100 Thread 0x0000020b4a0b37d0 16428       3       org.eclipse.jdt.core.dom.VariableDeclaration::setName (42 bytes)
Event: 2091.100 Thread 0x0000020b4a0b37d0 nmethod 16428 0x000001ea1ade9f90 code [0x000001ea1adea160, 0x000001ea1adea4d8]
Event: 2091.100 Thread 0x0000020b4a0b37d0 16430       1       org.eclipse.jdt.core.dom.DefaultCommentMapper$CommentMapperVisitor::visit (2 bytes)
Event: 2091.100 Thread 0x0000020b4a0b37d0 nmethod 16430 0x000001ea22b0d110 code [0x000001ea22b0d2a0, 0x000001ea22b0d378]
Event: 2091.102 Thread 0x0000020b4a0b37d0 16431       3       org.eclipse.jdt.internal.corext.util.JavaModelUtil::getSourceCompliance (24 bytes)
Event: 2091.102 Thread 0x0000020b4a0b37d0 nmethod 16431 0x000001ea1b3b3a10 code [0x000001ea1b3b3be0, 0x000001ea1b3b3f38]
Event: 2091.102 Thread 0x0000020b4a0b37d0 16432       3       org.eclipse.jdt.internal.corext.util.JavaModelUtil::isVersionLessThan (12 bytes)
Event: 2091.102 Thread 0x0000020b4a0b37d0 nmethod 16432 0x000001ea1b6d0c10 code [0x000001ea1b6d0de0, 0x000001ea1b6d11f8]
Event: 2091.103 Thread 0x0000020b4a0b37d0 16433  s    3       org.eclipse.jdt.core.dom.DefaultBindingResolver::resolveType (102 bytes)
Event: 2091.103 Thread 0x0000020b4a0b37d0 nmethod 16433 0x000001ea1b76f110 code [0x000001ea1b76f340, 0x000001ea1b76fbf8]
Event: 2091.103 Thread 0x0000020b4a0b37d0 16434       3       org.eclipse.jdt.core.dom.DefaultBindingResolver::getDeclaringMember (245 bytes)
Event: 2091.104 Thread 0x0000020b4a0b37d0 nmethod 16434 0x000001ea1b135810 code [0x000001ea1b135ba0, 0x000001ea1b1377c8]
Event: 2091.104 Thread 0x0000020b4a0b37d0 16435       1       org.eclipse.jdt.internal.compiler.lookup.TypeBinding::prototype (2 bytes)
Event: 2091.104 Thread 0x0000020b4a0b37d0 nmethod 16435 0x000001ea227c6190 code [0x000001ea227c6320, 0x000001ea227c63f8]
Event: 2091.117 Thread 0x0000020b4a0b0710 nmethod 16419 0x000001ea22f5f910 code [0x000001ea22f5fb20, 0x000001ea22f61758]
Event: 2091.117 Thread 0x0000020b4a0b0710 16427 % !   4       org.eclipse.jdt.internal.core.NameLookup::<init> @ 646 (805 bytes)

GC Heap History (20 events):
Event: 2046.954 GC heap before
{Heap before GC invocations=1252 (full 8):
 PSYoungGen      total 2560K, used 1798K [0x000001ff7f380000, 0x000001ff7f680000, 0x0000020a29e00000)
  eden space 1536K, 100% used [0x000001ff7f380000,0x000001ff7f500000,0x000001ff7f500000)
  from space 1024K, 25% used [0x000001ff7f500000,0x000001ff7f541ad8,0x000001ff7f600000)
  to   space 512K, 0% used [0x000001ff7f600000,0x000001ff7f600000,0x000001ff7f680000)
 ParOldGen       total 184832K, used 141259K [0x000001ea29e00000, 0x000001ea35280000, 0x000001ff7f380000)
  object space 184832K, 76% used [0x000001ea29e00000,0x000001ea327f2c30,0x000001ea35280000)
 Metaspace       used 82369K, committed 83584K, reserved 1179648K
  class space    used 8393K, committed 8960K, reserved 1048576K
}
Event: 2046.954 GC heap after
{Heap after GC invocations=1252 (full 8):
 PSYoungGen      total 2048K, used 320K [0x000001ff7f380000, 0x000001ff7f680000, 0x0000020a29e00000)
  eden space 1536K, 0% used [0x000001ff7f380000,0x000001ff7f380000,0x000001ff7f500000)
  from space 512K, 62% used [0x000001ff7f600000,0x000001ff7f650000,0x000001ff7f680000)
  to   space 512K, 0% used [0x000001ff7f580000,0x000001ff7f580000,0x000001ff7f600000)
 ParOldGen       total 184832K, used 141259K [0x000001ea29e00000, 0x000001ea35280000, 0x000001ff7f380000)
  object space 184832K, 76% used [0x000001ea29e00000,0x000001ea327f2c30,0x000001ea35280000)
 Metaspace       used 82369K, committed 83584K, reserved 1179648K
  class space    used 8393K, committed 8960K, reserved 1048576K
}
Event: 2046.957 GC heap before
{Heap before GC invocations=1253 (full 8):
 PSYoungGen      total 2048K, used 1856K [0x000001ff7f380000, 0x000001ff7f680000, 0x0000020a29e00000)
  eden space 1536K, 100% used [0x000001ff7f380000,0x000001ff7f500000,0x000001ff7f500000)
  from space 512K, 62% used [0x000001ff7f600000,0x000001ff7f650000,0x000001ff7f680000)
  to   space 512K, 0% used [0x000001ff7f580000,0x000001ff7f580000,0x000001ff7f600000)
 ParOldGen       total 184832K, used 141259K [0x000001ea29e00000, 0x000001ea35280000, 0x000001ff7f380000)
  object space 184832K, 76% used [0x000001ea29e00000,0x000001ea327f2c30,0x000001ea35280000)
 Metaspace       used 82369K, committed 83584K, reserved 1179648K
  class space    used 8393K, committed 8960K, reserved 1048576K
}
Event: 2046.958 GC heap after
{Heap after GC invocations=1253 (full 8):
 PSYoungGen      total 2048K, used 480K [0x000001ff7f380000, 0x000001ff7f700000, 0x0000020a29e00000)
  eden space 1536K, 0% used [0x000001ff7f380000,0x000001ff7f380000,0x000001ff7f500000)
  from space 512K, 93% used [0x000001ff7f580000,0x000001ff7f5f8020,0x000001ff7f600000)
  to   space 1024K, 0% used [0x000001ff7f600000,0x000001ff7f600000,0x000001ff7f700000)
 ParOldGen       total 184832K, used 141468K [0x000001ea29e00000, 0x000001ea35280000, 0x000001ff7f380000)
  object space 184832K, 76% used [0x000001ea29e00000,0x000001ea32827120,0x000001ea35280000)
 Metaspace       used 82369K, committed 83584K, reserved 1179648K
  class space    used 8393K, committed 8960K, reserved 1048576K
}
Event: 2051.982 GC heap before
{Heap before GC invocations=1254 (full 8):
 PSYoungGen      total 2048K, used 2016K [0x000001ff7f380000, 0x000001ff7f700000, 0x0000020a29e00000)
  eden space 1536K, 100% used [0x000001ff7f380000,0x000001ff7f500000,0x000001ff7f500000)
  from space 512K, 93% used [0x000001ff7f580000,0x000001ff7f5f8020,0x000001ff7f600000)
  to   space 1024K, 0% used [0x000001ff7f600000,0x000001ff7f600000,0x000001ff7f700000)
 ParOldGen       total 184832K, used 141468K [0x000001ea29e00000, 0x000001ea35280000, 0x000001ff7f380000)
  object space 184832K, 76% used [0x000001ea29e00000,0x000001ea32827120,0x000001ea35280000)
 Metaspace       used 82380K, committed 83584K, reserved 1179648K
  class space    used 8393K, committed 8960K, reserved 1048576K
}
Event: 2051.983 GC heap after
{Heap after GC invocations=1254 (full 8):
 PSYoungGen      total 2560K, used 864K [0x000001ff7f380000, 0x000001ff7f700000, 0x0000020a29e00000)
  eden space 1536K, 0% used [0x000001ff7f380000,0x000001ff7f380000,0x000001ff7f500000)
  from space 1024K, 84% used [0x000001ff7f600000,0x000001ff7f6d8020,0x000001ff7f700000)
  to   space 1024K, 0% used [0x000001ff7f500000,0x000001ff7f500000,0x000001ff7f600000)
 ParOldGen       total 184832K, used 141950K [0x000001ea29e00000, 0x000001ea35280000, 0x000001ff7f380000)
  object space 184832K, 76% used [0x000001ea29e00000,0x000001ea3289fa40,0x000001ea35280000)
 Metaspace       used 82380K, committed 83584K, reserved 1179648K
  class space    used 8393K, committed 8960K, reserved 1048576K
}
Event: 2051.987 GC heap before
{Heap before GC invocations=1255 (full 8):
 PSYoungGen      total 2560K, used 2400K [0x000001ff7f380000, 0x000001ff7f700000, 0x0000020a29e00000)
  eden space 1536K, 100% used [0x000001ff7f380000,0x000001ff7f500000,0x000001ff7f500000)
  from space 1024K, 84% used [0x000001ff7f600000,0x000001ff7f6d8020,0x000001ff7f700000)
  to   space 1024K, 0% used [0x000001ff7f500000,0x000001ff7f500000,0x000001ff7f600000)
 ParOldGen       total 184832K, used 141950K [0x000001ea29e00000, 0x000001ea35280000, 0x000001ff7f380000)
  object space 184832K, 76% used [0x000001ea29e00000,0x000001ea3289fa40,0x000001ea35280000)
 Metaspace       used 82380K, committed 83584K, reserved 1179648K
  class space    used 8393K, committed 8960K, reserved 1048576K
}
Event: 2051.988 GC heap after
{Heap after GC invocations=1255 (full 8):
 PSYoungGen      total 2560K, used 656K [0x000001ff7f380000, 0x000001ff7f700000, 0x0000020a29e00000)
  eden space 1536K, 0% used [0x000001ff7f380000,0x000001ff7f380000,0x000001ff7f500000)
  from space 1024K, 64% used [0x000001ff7f500000,0x000001ff7f5a4010,0x000001ff7f600000)
  to   space 1024K, 0% used [0x000001ff7f600000,0x000001ff7f600000,0x000001ff7f700000)
 ParOldGen       total 184832K, used 142555K [0x000001ea29e00000, 0x000001ea35280000, 0x000001ff7f380000)
  object space 184832K, 77% used [0x000001ea29e00000,0x000001ea32936eb8,0x000001ea35280000)
 Metaspace       used 82380K, committed 83584K, reserved 1179648K
  class space    used 8393K, committed 8960K, reserved 1048576K
}
Event: 2090.821 GC heap before
{Heap before GC invocations=1256 (full 8):
 PSYoungGen      total 2560K, used 2175K [0x000001ff7f380000, 0x000001ff7f700000, 0x0000020a29e00000)
  eden space 1536K, 98% used [0x000001ff7f380000,0x000001ff7f4fbdc8,0x000001ff7f500000)
  from space 1024K, 64% used [0x000001ff7f500000,0x000001ff7f5a4010,0x000001ff7f600000)
  to   space 1024K, 0% used [0x000001ff7f600000,0x000001ff7f600000,0x000001ff7f700000)
 ParOldGen       total 184832K, used 142555K [0x000001ea29e00000, 0x000001ea35280000, 0x000001ff7f380000)
  object space 184832K, 77% used [0x000001ea29e00000,0x000001ea32936eb8,0x000001ea35280000)
 Metaspace       used 82397K, committed 83648K, reserved 1179648K
  class space    used 8393K, committed 8960K, reserved 1048576K
}
Event: 2090.822 GC heap after
{Heap after GC invocations=1256 (full 8):
 PSYoungGen      total 2560K, used 640K [0x000001ff7f380000, 0x000001ff7f700000, 0x0000020a29e00000)
  eden space 1536K, 0% used [0x000001ff7f380000,0x000001ff7f380000,0x000001ff7f500000)
  from space 1024K, 62% used [0x000001ff7f600000,0x000001ff7f6a0010,0x000001ff7f700000)
  to   space 1024K, 0% used [0x000001ff7f500000,0x000001ff7f500000,0x000001ff7f600000)
 ParOldGen       total 184832K, used 143171K [0x000001ea29e00000, 0x000001ea35280000, 0x000001ff7f380000)
  object space 184832K, 77% used [0x000001ea29e00000,0x000001ea329d0ed8,0x000001ea35280000)
 Metaspace       used 82397K, committed 83648K, reserved 1179648K
  class space    used 8393K, committed 8960K, reserved 1048576K
}
Event: 2090.825 GC heap before
{Heap before GC invocations=1257 (full 8):
 PSYoungGen      total 2560K, used 2176K [0x000001ff7f380000, 0x000001ff7f700000, 0x0000020a29e00000)
  eden space 1536K, 100% used [0x000001ff7f380000,0x000001ff7f500000,0x000001ff7f500000)
  from space 1024K, 62% used [0x000001ff7f600000,0x000001ff7f6a0010,0x000001ff7f700000)
  to   space 1024K, 0% used [0x000001ff7f500000,0x000001ff7f500000,0x000001ff7f600000)
 ParOldGen       total 184832K, used 143171K [0x000001ea29e00000, 0x000001ea35280000, 0x000001ff7f380000)
  object space 184832K, 77% used [0x000001ea29e00000,0x000001ea329d0ed8,0x000001ea35280000)
 Metaspace       used 82397K, committed 83648K, reserved 1179648K
  class space    used 8393K, committed 8960K, reserved 1048576K
}
Event: 2090.826 GC heap after
{Heap after GC invocations=1257 (full 8):
 PSYoungGen      total 2560K, used 736K [0x000001ff7f380000, 0x000001ff7f700000, 0x0000020a29e00000)
  eden space 1536K, 0% used [0x000001ff7f380000,0x000001ff7f380000,0x000001ff7f500000)
  from space 1024K, 71% used [0x000001ff7f500000,0x000001ff7f5b8010,0x000001ff7f600000)
  to   space 1024K, 0% used [0x000001ff7f600000,0x000001ff7f600000,0x000001ff7f700000)
 ParOldGen       total 184832K, used 143602K [0x000001ea29e00000, 0x000001ea35280000, 0x000001ff7f380000)
  object space 184832K, 77% used [0x000001ea29e00000,0x000001ea32a3cae0,0x000001ea35280000)
 Metaspace       used 82397K, committed 83648K, reserved 1179648K
  class space    used 8393K, committed 8960K, reserved 1048576K
}
Event: 2091.085 GC heap before
{Heap before GC invocations=1258 (full 8):
 PSYoungGen      total 2560K, used 2264K [0x000001ff7f380000, 0x000001ff7f700000, 0x0000020a29e00000)
  eden space 1536K, 99% used [0x000001ff7f380000,0x000001ff7f4fe2c0,0x000001ff7f500000)
  from space 1024K, 71% used [0x000001ff7f500000,0x000001ff7f5b8010,0x000001ff7f600000)
  to   space 1024K, 0% used [0x000001ff7f600000,0x000001ff7f600000,0x000001ff7f700000)
 ParOldGen       total 184832K, used 143602K [0x000001ea29e00000, 0x000001ea35280000, 0x000001ff7f380000)
  object space 184832K, 77% used [0x000001ea29e00000,0x000001ea32a3cae0,0x000001ea35280000)
 Metaspace       used 82398K, committed 83648K, reserved 1179648K
  class space    used 8393K, committed 8960K, reserved 1048576K
}
Event: 2091.086 GC heap after
{Heap after GC invocations=1258 (full 8):
 PSYoungGen      total 2560K, used 672K [0x000001ff7f380000, 0x000001ff7f700000, 0x0000020a29e00000)
  eden space 1536K, 0% used [0x000001ff7f380000,0x000001ff7f380000,0x000001ff7f500000)
  from space 1024K, 65% used [0x000001ff7f600000,0x000001ff7f6a8020,0x000001ff7f700000)
  to   space 1024K, 0% used [0x000001ff7f500000,0x000001ff7f500000,0x000001ff7f600000)
 ParOldGen       total 184832K, used 144202K [0x000001ea29e00000, 0x000001ea35280000, 0x000001ff7f380000)
  object space 184832K, 78% used [0x000001ea29e00000,0x000001ea32ad2b10,0x000001ea35280000)
 Metaspace       used 82398K, committed 83648K, reserved 1179648K
  class space    used 8393K, committed 8960K, reserved 1048576K
}
Event: 2091.089 GC heap before
{Heap before GC invocations=1259 (full 8):
 PSYoungGen      total 2560K, used 2208K [0x000001ff7f380000, 0x000001ff7f700000, 0x0000020a29e00000)
  eden space 1536K, 100% used [0x000001ff7f380000,0x000001ff7f500000,0x000001ff7f500000)
  from space 1024K, 65% used [0x000001ff7f600000,0x000001ff7f6a8020,0x000001ff7f700000)
  to   space 1024K, 0% used [0x000001ff7f500000,0x000001ff7f500000,0x000001ff7f600000)
 ParOldGen       total 184832K, used 144202K [0x000001ea29e00000, 0x000001ea35280000, 0x000001ff7f380000)
  object space 184832K, 78% used [0x000001ea29e00000,0x000001ea32ad2b10,0x000001ea35280000)
 Metaspace       used 82398K, committed 83648K, reserved 1179648K
  class space    used 8393K, committed 8960K, reserved 1048576K
}
Event: 2091.090 GC heap after
{Heap after GC invocations=1259 (full 8):
 PSYoungGen      total 2560K, used 816K [0x000001ff7f380000, 0x000001ff7f700000, 0x0000020a29e00000)
  eden space 1536K, 0% used [0x000001ff7f380000,0x000001ff7f380000,0x000001ff7f500000)
  from space 1024K, 79% used [0x000001ff7f500000,0x000001ff7f5cc010,0x000001ff7f600000)
  to   space 1024K, 0% used [0x000001ff7f600000,0x000001ff7f600000,0x000001ff7f700000)
 ParOldGen       total 184832K, used 144727K [0x000001ea29e00000, 0x000001ea35280000, 0x000001ff7f380000)
  object space 184832K, 78% used [0x000001ea29e00000,0x000001ea32b55f98,0x000001ea35280000)
 Metaspace       used 82398K, committed 83648K, reserved 1179648K
  class space    used 8393K, committed 8960K, reserved 1048576K
}
Event: 2091.094 GC heap before
{Heap before GC invocations=1260 (full 8):
 PSYoungGen      total 2560K, used 2352K [0x000001ff7f380000, 0x000001ff7f700000, 0x0000020a29e00000)
  eden space 1536K, 100% used [0x000001ff7f380000,0x000001ff7f500000,0x000001ff7f500000)
  from space 1024K, 79% used [0x000001ff7f500000,0x000001ff7f5cc010,0x000001ff7f600000)
  to   space 1024K, 0% used [0x000001ff7f600000,0x000001ff7f600000,0x000001ff7f700000)
 ParOldGen       total 184832K, used 144727K [0x000001ea29e00000, 0x000001ea35280000, 0x000001ff7f380000)
  object space 184832K, 78% used [0x000001ea29e00000,0x000001ea32b55f98,0x000001ea35280000)
 Metaspace       used 82400K, committed 83648K, reserved 1179648K
  class space    used 8393K, committed 8960K, reserved 1048576K
}
Event: 2091.095 GC heap after
{Heap after GC invocations=1260 (full 8):
 PSYoungGen      total 2560K, used 640K [0x000001ff7f380000, 0x000001ff7f700000, 0x0000020a29e00000)
  eden space 1536K, 0% used [0x000001ff7f380000,0x000001ff7f380000,0x000001ff7f500000)
  from space 1024K, 62% used [0x000001ff7f600000,0x000001ff7f6a0000,0x000001ff7f700000)
  to   space 1024K, 0% used [0x000001ff7f500000,0x000001ff7f500000,0x000001ff7f600000)
 ParOldGen       total 184832K, used 145431K [0x000001ea29e00000, 0x000001ea35280000, 0x000001ff7f380000)
  object space 184832K, 78% used [0x000001ea29e00000,0x000001ea32c05fb8,0x000001ea35280000)
 Metaspace       used 82400K, committed 83648K, reserved 1179648K
  class space    used 8393K, committed 8960K, reserved 1048576K
}
Event: 2091.100 GC heap before
{Heap before GC invocations=1261 (full 8):
 PSYoungGen      total 2560K, used 2176K [0x000001ff7f380000, 0x000001ff7f700000, 0x0000020a29e00000)
  eden space 1536K, 100% used [0x000001ff7f380000,0x000001ff7f500000,0x000001ff7f500000)
  from space 1024K, 62% used [0x000001ff7f600000,0x000001ff7f6a0000,0x000001ff7f700000)
  to   space 1024K, 0% used [0x000001ff7f500000,0x000001ff7f500000,0x000001ff7f600000)
 ParOldGen       total 184832K, used 145431K [0x000001ea29e00000, 0x000001ea35280000, 0x000001ff7f380000)
  object space 184832K, 78% used [0x000001ea29e00000,0x000001ea32c05fb8,0x000001ea35280000)
 Metaspace       used 82400K, committed 83648K, reserved 1179648K
  class space    used 8393K, committed 8960K, reserved 1048576K
}
Event: 2091.101 GC heap after
{Heap after GC invocations=1261 (full 8):
 PSYoungGen      total 2560K, used 832K [0x000001ff7f380000, 0x000001ff7f700000, 0x0000020a29e00000)
  eden space 1536K, 0% used [0x000001ff7f380000,0x000001ff7f380000,0x000001ff7f500000)
  from space 1024K, 81% used [0x000001ff7f500000,0x000001ff7f5d0000,0x000001ff7f600000)
  to   space 1024K, 0% used [0x000001ff7f600000,0x000001ff7f600000,0x000001ff7f700000)
 ParOldGen       total 184832K, used 145885K [0x000001ea29e00000, 0x000001ea35280000, 0x000001ff7f380000)
  object space 184832K, 78% used [0x000001ea29e00000,0x000001ea32c776d0,0x000001ea35280000)
 Metaspace       used 82400K, committed 83648K, reserved 1179648K
  class space    used 8393K, committed 8960K, reserved 1048576K
}

Dll operation events (11 events):
Event: 0.006 Loaded shared library c:\Users\galax\.vscode\extensions\redhat.java-1.31.0-win32-x64\jre\17.0.11-win32-x86_64\bin\java.dll
Event: 0.087 Loaded shared library c:\Users\galax\.vscode\extensions\redhat.java-1.31.0-win32-x64\jre\17.0.11-win32-x86_64\bin\zip.dll
Event: 0.089 Loaded shared library C:\Users\galax\.vscode\extensions\redhat.java-1.31.0-win32-x64\jre\17.0.11-win32-x86_64\bin\instrument.dll
Event: 0.097 Loaded shared library C:\Users\galax\.vscode\extensions\redhat.java-1.31.0-win32-x64\jre\17.0.11-win32-x86_64\bin\net.dll
Event: 0.098 Loaded shared library C:\Users\galax\.vscode\extensions\redhat.java-1.31.0-win32-x64\jre\17.0.11-win32-x86_64\bin\nio.dll
Event: 0.102 Loaded shared library C:\Users\galax\.vscode\extensions\redhat.java-1.31.0-win32-x64\jre\17.0.11-win32-x86_64\bin\zip.dll
Event: 0.111 Loaded shared library C:\Users\galax\.vscode\extensions\redhat.java-1.31.0-win32-x64\jre\17.0.11-win32-x86_64\bin\jimage.dll
Event: 0.144 Loaded shared library c:\Users\galax\.vscode\extensions\redhat.java-1.31.0-win32-x64\jre\17.0.11-win32-x86_64\bin\verify.dll
Event: 0.659 Loaded shared library C:\Users\galax\AppData\Roaming\Code\User\globalStorage\redhat.java\1.31.0\config_win\org.eclipse.equinox.launcher\org.eclipse.equinox.launcher.win32.win32.x86_64_1.2.1000.v20240507-1834\eclipse_11902.dll
Event: 1.992 Loaded shared library C:\Users\galax\AppData\Local\Temp\jna-79889305\jna6962225130113674950.dll
Event: 4.785 Loaded shared library C:\Users\galax\.vscode\extensions\redhat.java-1.31.0-win32-x64\jre\17.0.11-win32-x86_64\bin\sunmscapi.dll

Deoptimization events (20 events):
Event: 2046.677 Thread 0x0000020b4db36d80 Uncommon trap: trap_request=0xffffff45 fr.pc=0x000001ea23225e38 relative=0x0000000000000698
Event: 2046.677 Thread 0x0000020b4db36d80 Uncommon trap: reason=unstable_if action=reinterpret pc=0x000001ea23225e38 method=org.eclipse.jdt.internal.compiler.parser.Scanner.scanNumber(Z)I @ 23 c2
Event: 2046.677 Thread 0x0000020b4db36d80 DEOPT PACKING pc=0x000001ea23225e38 sp=0x0000004aaccfdf40
Event: 2046.677 Thread 0x0000020b4db36d80 DEOPT UNPACKING pc=0x000001ea222266a3 sp=0x0000004aaccfdee0 mode 2
Event: 2046.678 Thread 0x0000020b4db36d80 Uncommon trap: trap_request=0xffffff45 fr.pc=0x000001ea2317b8d4 relative=0x0000000000000134
Event: 2046.678 Thread 0x0000020b4db36d80 Uncommon trap: reason=unstable_if action=reinterpret pc=0x000001ea2317b8d4 method=org.eclipse.jdt.internal.compiler.parser.Scanner.getNextChar(C)Z @ 118 c2
Event: 2046.678 Thread 0x0000020b4db36d80 DEOPT PACKING pc=0x000001ea2317b8d4 sp=0x0000004aaccfdf50
Event: 2046.678 Thread 0x0000020b4db36d80 DEOPT UNPACKING pc=0x000001ea222266a3 sp=0x0000004aaccfdef0 mode 2
Event: 2046.679 Thread 0x0000020b4db36d80 Uncommon trap: trap_request=0xffffff45 fr.pc=0x000001ea23286af4 relative=0x00000000000027f4
Event: 2046.679 Thread 0x0000020b4db36d80 Uncommon trap: reason=unstable_if action=reinterpret pc=0x000001ea23286af4 method=org.eclipse.jdt.internal.compiler.parser.Scanner.jumpOverBody()V @ 322 c2
Event: 2046.679 Thread 0x0000020b4db36d80 DEOPT PACKING pc=0x000001ea23286af4 sp=0x0000004aaccfdfa0
Event: 2046.679 Thread 0x0000020b4db36d80 DEOPT UNPACKING pc=0x000001ea222266a3 sp=0x0000004aaccfdf50 mode 2
Event: 2046.685 Thread 0x0000020b4db36d80 DEOPT PACKING pc=0x000001ea1c7b1bf9 sp=0x0000004aaccfdf50
Event: 2046.685 Thread 0x0000020b4db36d80 DEOPT UNPACKING pc=0x000001ea22226e43 sp=0x0000004aaccfd450 mode 0
Event: 2046.689 Thread 0x0000020b4db36d80 Uncommon trap: trap_request=0xffffff45 fr.pc=0x000001ea2309ae2c relative=0x000000000000020c
Event: 2046.689 Thread 0x0000020b4db36d80 Uncommon trap: reason=unstable_if action=reinterpret pc=0x000001ea2309ae2c method=org.eclipse.jdt.internal.compiler.util.HashtableOfObjectToInt.get(Ljava/lang/Object;)I @ 40 c2
Event: 2046.689 Thread 0x0000020b4db36d80 DEOPT PACKING pc=0x000001ea2309ae2c sp=0x0000004aaccfe010
Event: 2046.689 Thread 0x0000020b4db36d80 DEOPT UNPACKING pc=0x000001ea222266a3 sp=0x0000004aaccfdf90 mode 2
Event: 2051.985 Thread 0x0000020b4db36d80 DEOPT PACKING pc=0x000001ea1b453f57 sp=0x0000004aaccfdf60
Event: 2051.985 Thread 0x0000020b4db36d80 DEOPT UNPACKING pc=0x000001ea22226e43 sp=0x0000004aaccfd488 mode 0

Classes unloaded (7 events):
Event: 1.130 Thread 0x000001ea180bed10 Unloading class 0x0000000080250400 'java/lang/invoke/LambdaForm$MH+0x0000000080250400'
Event: 1.130 Thread 0x000001ea180bed10 Unloading class 0x0000000080250000 'java/lang/invoke/LambdaForm$MH+0x0000000080250000'
Event: 1.130 Thread 0x000001ea180bed10 Unloading class 0x000000008024fc00 'java/lang/invoke/LambdaForm$MH+0x000000008024fc00'
Event: 1.130 Thread 0x000001ea180bed10 Unloading class 0x000000008024f800 'java/lang/invoke/LambdaForm$MH+0x000000008024f800'
Event: 1.130 Thread 0x000001ea180bed10 Unloading class 0x000000008024f400 'java/lang/invoke/LambdaForm$BMH+0x000000008024f400'
Event: 1.130 Thread 0x000001ea180bed10 Unloading class 0x000000008024f000 'java/lang/invoke/LambdaForm$DMH+0x000000008024f000'
Event: 1.130 Thread 0x000001ea180bed10 Unloading class 0x000000008024c400 'java/lang/invoke/LambdaForm$DMH+0x000000008024c400'

Classes redefined (0 events):
No events

Internal exceptions (20 events):
Event: 1594.973 Thread 0x0000020b4db30d50 Exception <a 'sun/nio/fs/WindowsException'{0x000001ff7f5ab1e0}> (0x000001ff7f5ab1e0) 
thrown [s\src\hotspot\share\prims\jni.cpp, line 516]
Event: 1594.973 Thread 0x0000020b4db30d50 Exception <a 'sun/nio/fs/WindowsException'{0x000001ff7f5ac328}> (0x000001ff7f5ac328) 
thrown [s\src\hotspot\share\prims\jni.cpp, line 516]
Event: 1594.973 Thread 0x0000020b4db30d50 Exception <a 'sun/nio/fs/WindowsException'{0x000001ff7f5acb58}> (0x000001ff7f5acb58) 
thrown [s\src\hotspot\share\prims\jni.cpp, line 516]
Event: 1594.973 Thread 0x0000020b4db30d50 Exception <a 'sun/nio/fs/WindowsException'{0x000001ff7f5adbb0}> (0x000001ff7f5adbb0) 
thrown [s\src\hotspot\share\prims\jni.cpp, line 516]
Event: 1594.973 Thread 0x0000020b4db30d50 Exception <a 'sun/nio/fs/WindowsException'{0x000001ff7f5ae3e0}> (0x000001ff7f5ae3e0) 
thrown [s\src\hotspot\share\prims\jni.cpp, line 516]
Event: 1594.973 Thread 0x0000020b4db30d50 Exception <a 'sun/nio/fs/WindowsException'{0x000001ff7f5af488}> (0x000001ff7f5af488) 
thrown [s\src\hotspot\share\prims\jni.cpp, line 516]
Event: 1594.974 Thread 0x0000020b4db30d50 Exception <a 'sun/nio/fs/WindowsException'{0x000001ff7f5afbd8}> (0x000001ff7f5afbd8) 
thrown [s\src\hotspot\share\prims\jni.cpp, line 516]
Event: 1594.974 Thread 0x0000020b4db30d50 Exception <a 'sun/nio/fs/WindowsException'{0x000001ff7f5b0970}> (0x000001ff7f5b0970) 
thrown [s\src\hotspot\share\prims\jni.cpp, line 516]
Event: 1594.974 Thread 0x0000020b4db30d50 Exception <a 'sun/nio/fs/WindowsException'{0x000001ff7f5b10c0}> (0x000001ff7f5b10c0) 
thrown [s\src\hotspot\share\prims\jni.cpp, line 516]
Event: 1595.007 Thread 0x0000020b4c894de0 Exception <a 'sun/nio/fs/WindowsException'{0x000001ff7f3b1320}> (0x000001ff7f3b1320) 
thrown [s\src\hotspot\share\prims\jni.cpp, line 516]
Event: 1595.213 Thread 0x0000020b4db35940 Exception <a 'sun/nio/fs/WindowsException'{0x000001ff7f3e1888}> (0x000001ff7f3e1888) 
thrown [s\src\hotspot\share\prims\jni.cpp, line 516]
Event: 1595.213 Thread 0x0000020b4db35940 Exception <a 'sun/nio/fs/WindowsException'{0x000001ff7f3e73d0}> (0x000001ff7f3e73d0) 
thrown [s\src\hotspot\share\prims\jni.cpp, line 516]
Event: 1595.214 Thread 0x0000020b4db35940 Exception <a 'sun/nio/fs/WindowsException'{0x000001ff7f3e9d00}> (0x000001ff7f3e9d00) 
thrown [s\src\hotspot\share\prims\jni.cpp, line 516]
Event: 2038.265 Thread 0x0000020b4db30d50 Exception <a 'sun/nio/fs/WindowsException'{0x000001ff7f3efc40}> (0x000001ff7f3efc40) 
thrown [s\src\hotspot\share\prims\jni.cpp, line 516]
Event: 2038.276 Thread 0x0000020b4db30d50 Exception <a 'sun/nio/fs/WindowsException'{0x000001ff7f438688}> (0x000001ff7f438688) 
thrown [s\src\hotspot\share\prims\jni.cpp, line 516]
Event: 2038.312 Thread 0x0000020b4c894de0 Exception <a 'sun/nio/fs/WindowsException'{0x000001ff7f42cc40}> (0x000001ff7f42cc40) 
thrown [s\src\hotspot\share\prims\jni.cpp, line 516]
Event: 2038.425 Thread 0x0000020b4db35940 Exception <a 'sun/nio/fs/WindowsException'{0x000001ff7f447f70}> (0x000001ff7f447f70) 
thrown [s\src\hotspot\share\prims\jni.cpp, line 516]
Event: 2038.491 Thread 0x0000020b4c894de0 Exception <a 'sun/nio/fs/WindowsException'{0x000001ff7f41b7d0}> (0x000001ff7f41b7d0) 
thrown [s\src\hotspot\share\prims\jni.cpp, line 516]
Event: 2038.536 Thread 0x0000020b4eea56a0 Exception <a 'java/lang/ClassNotFoundException'{0x000001ff7f5bd048}: sun/net/www/protocol/jdt/Handler> (0x000001ff7f5bd048) 
thrown [s\src\hotspot\share\classfile\systemDictionary.cpp, line 256]
Event: 2038.537 Thread 0x0000020b4eea56a0 Exception <a 'java/lang/ClassNotFoundException'{0x000001ff7f5c5750}: sun/net/www/protocol/jdt/Handler> (0x000001ff7f5c5750) 
thrown [s\src\hotspot\share\classfile\systemDictionary.cpp, line 256]

VM Operations (20 events):
Event: 2048.958 Executing VM operation: Cleanup
Event: 2048.958 Executing VM operation: Cleanup done
Event: 2051.982 Executing VM operation: ParallelGCFailedAllocation
Event: 2051.983 Executing VM operation: ParallelGCFailedAllocation done
Event: 2051.987 Executing VM operation: ParallelGCFailedAllocation
Event: 2051.988 Executing VM operation: ParallelGCFailedAllocation done
Event: 2053.989 Executing VM operation: Cleanup
Event: 2053.989 Executing VM operation: Cleanup done
Event: 2090.821 Executing VM operation: ParallelGCFailedAllocation
Event: 2090.822 Executing VM operation: ParallelGCFailedAllocation done
Event: 2090.825 Executing VM operation: ParallelGCFailedAllocation
Event: 2090.826 Executing VM operation: ParallelGCFailedAllocation done
Event: 2091.085 Executing VM operation: ParallelGCFailedAllocation
Event: 2091.086 Executing VM operation: ParallelGCFailedAllocation done
Event: 2091.089 Executing VM operation: ParallelGCFailedAllocation
Event: 2091.090 Executing VM operation: ParallelGCFailedAllocation done
Event: 2091.094 Executing VM operation: ParallelGCFailedAllocation
Event: 2091.095 Executing VM operation: ParallelGCFailedAllocation done
Event: 2091.100 Executing VM operation: ParallelGCFailedAllocation
Event: 2091.101 Executing VM operation: ParallelGCFailedAllocation done

Events (20 events):
Event: 2046.744 Thread 0x0000020b4a0b48c0 flushing nmethod 0x000001ea1bf33790
Event: 2046.744 Thread 0x0000020b4a0b48c0 flushing nmethod 0x000001ea1bf72010
Event: 2046.744 Thread 0x0000020b4a0b48c0 flushing nmethod 0x000001ea1bfa6a90
Event: 2046.744 Thread 0x0000020b4a0b48c0 flushing nmethod 0x000001ea1bfd3e90
Event: 2046.744 Thread 0x0000020b4a0b48c0 flushing nmethod 0x000001ea1bfe5a90
Event: 2046.744 Thread 0x0000020b4a0b48c0 flushing nmethod 0x000001ea1bfff790
Event: 2046.744 Thread 0x0000020b4a0b48c0 flushing nmethod 0x000001ea1c000490
Event: 2046.744 Thread 0x0000020b4a0b48c0 flushing nmethod 0x000001ea1c06f910
Event: 2046.745 Thread 0x0000020b4a0b48c0 flushing nmethod 0x000001ea1c0d9710
Event: 2046.746 Thread 0x0000020b4a0b48c0 flushing nmethod 0x000001ea1c2f8b10
Event: 2046.746 Thread 0x0000020b4a0b48c0 flushing nmethod 0x000001ea1c329b10
Event: 2046.746 Thread 0x0000020b4a0b48c0 flushing nmethod 0x000001ea1c32a590
Event: 2046.746 Thread 0x0000020b4a0b48c0 flushing nmethod 0x000001ea1c39ea90
Event: 2046.746 Thread 0x0000020b4a0b48c0 flushing nmethod 0x000001ea1c408410
Event: 2046.747 Thread 0x0000020b4a0b48c0 flushing nmethod 0x000001ea1c60be90
Event: 2051.963 Thread 0x0000020b4c451b50 Thread exited: 0x0000020b4c451b50
Event: 2051.970 Thread 0x0000020b4c4510b0 Thread exited: 0x0000020b4c4510b0
Event: 2090.830 Thread 0x0000020b4c450b60 Thread added: 0x0000020b4c450b60
Event: 2091.083 Thread 0x0000020b4eea4c80 Thread added: 0x0000020b4eea4c80
Event: 2091.088 Thread 0x0000020b4c450b60 Thread exited: 0x0000020b4c450b60


Dynamic libraries:
0x00007ff6d95f0000 - 0x00007ff6d95fe000 	c:\Users\galax\.vscode\extensions\redhat.java-1.31.0-win32-x64\jre\17.0.11-win32-x86_64\bin\java.exe
0x00007ffb15230000 - 0x00007ffb15447000 	C:\WINDOWS\SYSTEM32\ntdll.dll
0x00007ffb14450000 - 0x00007ffb14514000 	C:\WINDOWS\System32\KERNEL32.DLL
0x00007ffb12830000 - 0x00007ffb12bd7000 	C:\WINDOWS\System32\KERNELBASE.dll
0x00007ffb12c50000 - 0x00007ffb12d61000 	C:\WINDOWS\System32\ucrtbase.dll
0x00007ffb0a040000 - 0x00007ffb0a057000 	c:\Users\galax\.vscode\extensions\redhat.java-1.31.0-win32-x64\jre\17.0.11-win32-x86_64\bin\jli.dll
0x00007ffafeed0000 - 0x00007ffafeeeb000 	c:\Users\galax\.vscode\extensions\redhat.java-1.31.0-win32-x64\jre\17.0.11-win32-x86_64\bin\VCRUNTIME140.dll
0x00007ffb14b10000 - 0x00007ffb14cbe000 	C:\WINDOWS\System32\USER32.dll
0x00007ffaffe80000 - 0x00007ffb00113000 	C:\WINDOWS\WinSxS\amd64_microsoft.windows.common-controls_6595b64144ccf1df_6.0.22621.3527_none_270e469b73872a76\COMCTL32.dll
0x00007ffb127d0000 - 0x00007ffb127f6000 	C:\WINDOWS\System32\win32u.dll
0x00007ffb130e0000 - 0x00007ffb13187000 	C:\WINDOWS\System32\msvcrt.dll
0x00007ffb15190000 - 0x00007ffb151b9000 	C:\WINDOWS\System32\GDI32.dll
0x00007ffb12e10000 - 0x00007ffb12f29000 	C:\WINDOWS\System32\gdi32full.dll
0x00007ffb12d70000 - 0x00007ffb12e0a000 	C:\WINDOWS\System32\msvcp_win.dll
0x00007ffb14eb0000 - 0x00007ffb14ee1000 	C:\WINDOWS\System32\IMM32.DLL
0x00007ffb0d250000 - 0x00007ffb0d25c000 	c:\Users\galax\.vscode\extensions\redhat.java-1.31.0-win32-x64\jre\17.0.11-win32-x86_64\bin\vcruntime140_1.dll
0x00007ffae63f0000 - 0x00007ffae647d000 	c:\Users\galax\.vscode\extensions\redhat.java-1.31.0-win32-x64\jre\17.0.11-win32-x86_64\bin\msvcp140.dll
0x00007ffabd0d0000 - 0x00007ffabdd32000 	c:\Users\galax\.vscode\extensions\redhat.java-1.31.0-win32-x64\jre\17.0.11-win32-x86_64\bin\server\jvm.dll
0x00007ffb14df0000 - 0x00007ffb14ea2000 	C:\WINDOWS\System32\ADVAPI32.dll
0x00007ffb14890000 - 0x00007ffb14938000 	C:\WINDOWS\System32\sechost.dll
0x00007ffb12800000 - 0x00007ffb12828000 	C:\WINDOWS\System32\bcrypt.dll
0x00007ffb14cc0000 - 0x00007ffb14dd5000 	C:\WINDOWS\System32\RPCRT4.dll
0x00007ffb0cbd0000 - 0x00007ffb0cbd9000 	C:\WINDOWS\SYSTEM32\WSOCK32.dll
0x00007ffb123e0000 - 0x00007ffb1242d000 	C:\WINDOWS\SYSTEM32\POWRPROF.dll
0x00007ffb0a7d0000 - 0x00007ffb0a804000 	C:\WINDOWS\SYSTEM32\WINMM.dll
0x00007ffb08d00000 - 0x00007ffb08d0a000 	C:\WINDOWS\SYSTEM32\VERSION.dll
0x00007ffb13590000 - 0x00007ffb13601000 	C:\WINDOWS\System32\WS2_32.dll
0x00007ffb123c0000 - 0x00007ffb123d3000 	C:\WINDOWS\SYSTEM32\UMPDC.dll
0x00007ffb11500000 - 0x00007ffb11518000 	C:\WINDOWS\SYSTEM32\kernel.appcore.dll
0x00007ffb0c840000 - 0x00007ffb0c84a000 	c:\Users\galax\.vscode\extensions\redhat.java-1.31.0-win32-x64\jre\17.0.11-win32-x86_64\bin\jimage.dll
0x00007ffb0ff10000 - 0x00007ffb10142000 	C:\WINDOWS\SYSTEM32\DBGHELP.DLL
0x00007ffb13200000 - 0x00007ffb13588000 	C:\WINDOWS\System32\combase.dll
0x00007ffb14ef0000 - 0x00007ffb14fc7000 	C:\WINDOWS\System32\OLEAUT32.dll
0x00007ffb02b80000 - 0x00007ffb02bb2000 	C:\WINDOWS\SYSTEM32\dbgcore.DLL
0x00007ffb12520000 - 0x00007ffb12599000 	C:\WINDOWS\System32\bcryptPrimitives.dll
0x00007ffb0b110000 - 0x00007ffb0b11e000 	c:\Users\galax\.vscode\extensions\redhat.java-1.31.0-win32-x64\jre\17.0.11-win32-x86_64\bin\instrument.dll
0x00007ffafcad0000 - 0x00007ffafcaf5000 	c:\Users\galax\.vscode\extensions\redhat.java-1.31.0-win32-x64\jre\17.0.11-win32-x86_64\bin\java.dll
0x00007ffafd0b0000 - 0x00007ffafd0c8000 	c:\Users\galax\.vscode\extensions\redhat.java-1.31.0-win32-x64\jre\17.0.11-win32-x86_64\bin\zip.dll
0x00007ffb13660000 - 0x00007ffb13ebc000 	C:\WINDOWS\System32\SHELL32.dll
0x00007ffb10410000 - 0x00007ffb10d06000 	C:\WINDOWS\SYSTEM32\windows.storage.dll
0x00007ffb102d0000 - 0x00007ffb1040e000 	C:\WINDOWS\SYSTEM32\wintypes.dll
0x00007ffb14a10000 - 0x00007ffb14b05000 	C:\WINDOWS\System32\SHCORE.dll
0x00007ffb131a0000 - 0x00007ffb131fe000 	C:\WINDOWS\System32\shlwapi.dll
0x00007ffb12450000 - 0x00007ffb12471000 	C:\WINDOWS\SYSTEM32\profapi.dll
0x00007ffafcfa0000 - 0x00007ffafcfb9000 	C:\Users\galax\.vscode\extensions\redhat.java-1.31.0-win32-x64\jre\17.0.11-win32-x86_64\bin\net.dll
0x00007ffb0ba00000 - 0x00007ffb0bb36000 	C:\WINDOWS\SYSTEM32\WINHTTP.dll
0x00007ffb11960000 - 0x00007ffb119c9000 	C:\WINDOWS\system32\mswsock.dll
0x00007ffaef620000 - 0x00007ffaef636000 	C:\Users\galax\.vscode\extensions\redhat.java-1.31.0-win32-x64\jre\17.0.11-win32-x86_64\bin\nio.dll
0x00007ffafcd60000 - 0x00007ffafcd70000 	c:\Users\galax\.vscode\extensions\redhat.java-1.31.0-win32-x64\jre\17.0.11-win32-x86_64\bin\verify.dll
0x00007ffae6a90000 - 0x00007ffae6ad4000 	C:\Users\galax\AppData\Roaming\Code\User\globalStorage\redhat.java\1.31.0\config_win\org.eclipse.equinox.launcher\org.eclipse.equinox.launcher.win32.win32.x86_64_1.2.1000.v20240507-1834\eclipse_11902.dll
0x00007ffb12f30000 - 0x00007ffb130d5000 	C:\WINDOWS\System32\ole32.dll
0x00007ffb11b80000 - 0x00007ffb11b9b000 	C:\WINDOWS\SYSTEM32\CRYPTSP.dll
0x00007ffb11460000 - 0x00007ffb11495000 	C:\WINDOWS\system32\rsaenh.dll
0x00007ffb11a10000 - 0x00007ffb11a38000 	C:\WINDOWS\SYSTEM32\USERENV.dll
0x00007ffb11b70000 - 0x00007ffb11b7c000 	C:\WINDOWS\SYSTEM32\CRYPTBASE.dll
0x00007ffb10fb0000 - 0x00007ffb10fdd000 	C:\WINDOWS\SYSTEM32\IPHLPAPI.DLL
0x00007ffb14980000 - 0x00007ffb14989000 	C:\WINDOWS\System32\NSI.dll
0x00007ffb0b5d0000 - 0x00007ffb0b5e9000 	C:\WINDOWS\SYSTEM32\dhcpcsvc6.DLL
0x00007ffb0b5b0000 - 0x00007ffb0b5cf000 	C:\WINDOWS\SYSTEM32\dhcpcsvc.DLL
0x00007ffb10fe0000 - 0x00007ffb110d8000 	C:\WINDOWS\SYSTEM32\DNSAPI.dll
0x00007ffad9290000 - 0x00007ffad92d5000 	C:\Users\galax\AppData\Local\Temp\jna-79889305\jna6962225130113674950.dll
0x00007ffb14780000 - 0x00007ffb14788000 	C:\WINDOWS\System32\PSAPI.DLL
0x00007ffaf5dc0000 - 0x00007ffaf5dce000 	C:\Users\galax\.vscode\extensions\redhat.java-1.31.0-win32-x64\jre\17.0.11-win32-x86_64\bin\sunmscapi.dll
0x00007ffb12660000 - 0x00007ffb127c8000 	C:\WINDOWS\System32\CRYPT32.dll
0x00007ffb11db0000 - 0x00007ffb11dde000 	C:\WINDOWS\SYSTEM32\ncrypt.dll
0x00007ffb11d70000 - 0x00007ffb11da7000 	C:\WINDOWS\SYSTEM32\NTASN1.dll

dbghelp: loaded successfully - version: 4.0.5 - missing functions: none
symbol engine: initialized successfully - sym options: 0x614 - pdb path: .;c:\Users\galax\.vscode\extensions\redhat.java-1.31.0-win32-x64\jre\17.0.11-win32-x86_64\bin;C:\WINDOWS\SYSTEM32;C:\WINDOWS\WinSxS\amd64_microsoft.windows.common-controls_6595b64144ccf1df_6.0.22621.3527_none_270e469b73872a76;c:\Users\galax\.vscode\extensions\redhat.java-1.31.0-win32-x64\jre\17.0.11-win32-x86_64\bin\server;C:\Users\galax\AppData\Roaming\Code\User\globalStorage\redhat.java\1.31.0\config_win\org.eclipse.equinox.launcher\org.eclipse.equinox.launcher.win32.win32.x86_64_1.2.1000.v20240507-1834;C:\Users\galax\AppData\Local\Temp\jna-79889305

VM Arguments:
jvm_args: --add-modules=ALL-SYSTEM --add-opens=java.base/java.util=ALL-UNNAMED --add-opens=java.base/java.lang=ALL-UNNAMED --add-opens=java.base/sun.nio.fs=ALL-UNNAMED -Declipse.application=org.eclipse.jdt.ls.core.id1 -Dosgi.bundles.defaultStartLevel=4 -Declipse.product=org.eclipse.jdt.ls.core.product -Djava.import.generatesMetadataFilesAtProjectRoot=false -DDetectVMInstallationsJob.disabled=true -Dfile.encoding=utf8 -XX:+UseParallelGC -XX:GCTimeRatio=4 -XX:AdaptiveSizePolicyWeight=90 -Dsun.zip.disableMemoryMapping=true -Xmx128G -Xms100m -Xlog:disable -javaagent:c:\Users\galax\.vscode\extensions\redhat.java-1.31.0-win32-x64\lombok\lombok-1.18.32.jar -XX:+HeapDumpOnOutOfMemoryError -XX:HeapDumpPath=c:\Users\galax\AppData\Roaming\Code\User\workspaceStorage\715939317411bacedd6cdfeea8c9b0d6\redhat.java -Daether.dependencyCollector.impl=bf 
java_command: c:\Users\galax\.vscode\extensions\redhat.java-1.31.0-win32-x64\server\plugins\org.eclipse.equinox.launcher_1.6.800.v20240513-1750.jar -configuration c:\Users\galax\AppData\Roaming\Code\User\globalStorage\redhat.java\1.31.0\config_win -data c:\Users\galax\AppData\Roaming\Code\User\workspaceStorage\715939317411bacedd6cdfeea8c9b0d6\redhat.java\jdt_ws --pipe=\\.\pipe\lsp-9746bb83722e4a049b81884c2d007bb3-sock
java_class_path (initial): c:\Users\galax\.vscode\extensions\redhat.java-1.31.0-win32-x64\server\plugins\org.eclipse.equinox.launcher_1.6.800.v20240513-1750.jar
Launcher Type: SUN_STANDARD

[Global flags]
    uintx AdaptiveSizePolicyWeight                 = 90                                        {product} {command line}
     intx CICompilerCount                          = 4                                         {product} {ergonomic}
    uintx GCTimeRatio                              = 4                                         {product} {command line}
     bool HeapDumpOnOutOfMemoryError               = true                                   {manageable} {command line}
    ccstr HeapDumpPath                             = c:\Users\galax\AppData\Roaming\Code\User\workspaceStorage\715939317411bacedd6cdfeea8c9b0d6\redhat.java         {manageable} {command line}
   size_t InitialHeapSize                          = 104857600                                 {product} {command line}
   size_t MaxHeapSize                              = 137438953472                              {product} {command line}
   size_t MaxNewSize                               = 45812809728                               {product} {ergonomic}
   size_t MinHeapDeltaBytes                        = 524288                                    {product} {ergonomic}
   size_t MinHeapSize                              = 104857600                                 {product} {command line}
   size_t NewSize                                  = 34603008                                  {product} {ergonomic}
    uintx NonNMethodCodeHeapSize                   = 5839372                                {pd product} {ergonomic}
    uintx NonProfiledCodeHeapSize                  = 122909434                              {pd product} {ergonomic}
   size_t OldSize                                  = 70254592                                  {product} {ergonomic}
    uintx ProfiledCodeHeapSize                     = 122909434                              {pd product} {ergonomic}
    uintx ReservedCodeCacheSize                    = 251658240                              {pd product} {ergonomic}
     bool SegmentedCodeCache                       = true                                      {product} {ergonomic}
   size_t SoftMaxHeapSize                          = 137438953472                           {manageable} {ergonomic}
     bool UseCompressedClassPointers               = true                           {product lp64_product} {ergonomic}
     bool UseLargePagesIndividualAllocation        = false                                  {pd product} {ergonomic}
     bool UseParallelGC                            = true                                      {product} {command line}

Logging:
Log output configuration:
 #0: stdout all=off uptime,level,tags
 #1: stderr all=off uptime,level,tags

Environment Variables:
JAVA_HOME=C:\Program Files\Java\jdk-22\
PATH=C:\Program Files\Common Files\Oracle\Java\javapath;C:\Program Files (x86)\Common Files\Oracle\Java\java8path;C:\Program Files (x86)\Common Files\Oracle\Java\javapath;C:\Program Files\Eclipse Adoptium\jdk-21.0.3.9-hotspot\bin;C:\Program Files\Eclipse Adoptium\jdk-21.0.1.12-hotspot;C:\Windows\system32;C:\Windows;C:\Windows\System32\Wbem;C:\Windows\System32\WindowsPowerShell\v1.0\;C:\Windows\System32\OpenSSH\;C:\Program Files (x86)\NVIDIA Corporation\PhysX\Common;C:\Program Files\NVIDIA Corporation\NVIDIA NvDLISR;C:\WINDOWS\system32;C:\WINDOWS;C:\WINDOWS\System32\Wbem;C:\WINDOWS\System32\WindowsPowerShell\v1.0\;C:\WINDOWS\System32\OpenSSH\;C:\Users\galax\AppData\Roaming\nvm;C:\Program Files\nodejs;C:\Program Files\Graphviz\bin;C:\Program Files\GitHub CLI\;C:\Program Files\Git\cmd;C:\Users\galax\AppData\Local\Programs\Python\Python39\Scripts\;C:\Users\galax\AppData\Local\Programs\Python\Python39\;C:\Users\galax\AppData\Local\Programs\Python\Python312\Scripts\;C:\Users\galax\AppData\Local\Programs\Python\Python312\;C:\Users\galax\.console-ninja\.bin;C:\Users\galax\AppData\Local\Microsoft\WindowsApps;C:\Users\galax\AppData\Local\Programs\oh-my-posh\bin;C:\Program Files\JetBrains\IntelliJ IDEA Community Edition 2023.2\bin;C:\Users\galax\AppData\Roaming\npm;C:\Users\galax\AppData\Local\Programs\mongosh\;C:\Users\galax\AppData\Local\GitHubDesktop\bin;C:\Program Files\Git\bin;D:\whois;C:\Program Files (x86)\IntelliJ IDEA Community Edition 2023.2\bin;C:\Users\galax\AppData\Local\JetBrains\Toolbox\scripts;C:\Microsoft VS Code\bin
USERNAME=Singh
OS=Windows_NT
PROCESSOR_IDENTIFIER=AMD64 Family 25 Model 80 Stepping 0, AuthenticAMD
TMP=C:\Users\galax\AppData\Local\Temp
TEMP=C:\Users\galax\AppData\Local\Temp



Periodic native trim disabled


---------------  S Y S T E M  ---------------

OS:
 Windows 11 , 64 bit Build 22621 (10.0.22621.3527)
OS uptime: 0 days 13:27 hours
Hyper-V role detected

CPU: total 12 (initial active 12) (12 cores per cpu, 2 threads per core) family 25 model 80 stepping 0 microcode 0x0, cx8, cmov, fxsr, ht, mmx, 3dnowpref, sse, sse2, sse3, ssse3, sse4a, sse4.1, sse4.2, popcnt, lzcnt, tsc, tscinvbit, avx, avx2, aes, erms, clmul, bmi1, bmi2, adx, sha, fma, vzeroupper, clflush, clflushopt, hv
Processor Information for processor 0
  Max Mhz: 3301, Current Mhz: 2011, Mhz Limit: 3301
Processor Information for processor 1
  Max Mhz: 3301, Current Mhz: 2011, Mhz Limit: 3301
Processor Information for processor 2
  Max Mhz: 3301, Current Mhz: 3301, Mhz Limit: 3301
Processor Information for processor 3
  Max Mhz: 3301, Current Mhz: 2011, Mhz Limit: 3301
Processor Information for processor 4
  Max Mhz: 3301, Current Mhz: 3301, Mhz Limit: 3301
Processor Information for processor 5
  Max Mhz: 3301, Current Mhz: 2011, Mhz Limit: 3301
Processor Information for processor 6
  Max Mhz: 3301, Current Mhz: 2011, Mhz Limit: 3301
Processor Information for processor 7
  Max Mhz: 3301, Current Mhz: 3301, Mhz Limit: 3301
Processor Information for processor 8
  Max Mhz: 3301, Current Mhz: 3301, Mhz Limit: 3301
Processor Information for processor 9
  Max Mhz: 3301, Current Mhz: 2011, Mhz Limit: 3301
Processor Information for processor 10
  Max Mhz: 3301, Current Mhz: 2011, Mhz Limit: 3301
Processor Information for processor 11
  Max Mhz: 3301, Current Mhz: 2011, Mhz Limit: 3301

Memory: 4k page, system-wide physical 15212M (3767M free)
TotalPageFile size 20212M (AvailPageFile size 4M)
current process WorkingSet (physical memory assigned to process): 374M, peak: 442M
current process commit charge ("private bytes"): 4788M, peak: 4855M

vm_info: OpenJDK 64-Bit Server VM (17.0.11+9) for windows-amd64 JRE (17.0.11+9), built on Apr 17 2024 06:07:48 by "admin" with MS VC++ 16.10 / 16.11 (VS2019)

END.
