#
# There is insufficient memory for the Java Runtime Environment to continue.
# Native memory allocation (malloc) failed to allocate 2080688 bytes for Chunk::new
# Possible reasons:
#   The system is out of physical RAM or swap space
# Possible solutions:
#   Reduce memory load on the system
#   Increase physical memory or swap space
#   Check if swap backing store is full
#   Decrease Java heap size (-Xmx/-Xms)
#   Decrease number of Java threads
#   Decrease Java thread stack sizes (-Xss)
#   Set larger code cache with -XX:ReservedCodeCacheSize=
# This output file may be truncated or incomplete.
#
#  Out of Memory Error (arena.cpp:191), pid=18028, tid=12800
#
# JRE version: OpenJDK Runtime Environment Temurin-17.0.10+7 (17.0.10+7) (build 17.0.10+7)
# Java VM: OpenJDK 64-Bit Server VM Temurin-17.0.10+7 (17.0.10+7, mixed mode, tiered, compressed class ptrs, parallel gc, windows-amd64)
# No core dump will be written. Minidumps are not enabled by default on client versions of Windows
#

---------------  S U M M A R Y ------------

Command Line: --add-modules=ALL-SYSTEM --add-opens=java.base/java.util=ALL-UNNAMED --add-opens=java.base/java.lang=ALL-UNNAMED --add-opens=java.base/sun.nio.fs=ALL-UNNAMED -Declipse.application=org.eclipse.jdt.ls.core.id1 -Dosgi.bundles.defaultStartLevel=4 -Declipse.product=org.eclipse.jdt.ls.core.product -Djava.import.generatesMetadataFilesAtProjectRoot=false -DDetectVMInstallationsJob.disabled=true -Dfile.encoding=utf8 -XX:+UseParallelGC -XX:GCTimeRatio=4 -XX:AdaptiveSizePolicyWeight=90 -Dsun.zip.disableMemoryMapping=true -Xmx128G -Xms100m -Xlog:disable -javaagent:c:\Users\galax\.vscode\extensions\redhat.java-1.30.0-win32-x64\lombok\lombok-1.18.32.jar -XX:+HeapDumpOnOutOfMemoryError -XX:HeapDumpPath=c:\Users\galax\AppData\Roaming\Code\User\workspaceStorage\715939317411bacedd6cdfeea8c9b0d6\redhat.java -Daether.dependencyCollector.impl=bf c:\Users\galax\.vscode\extensions\redhat.java-1.30.0-win32-x64\server\plugins\org.eclipse.equinox.launcher_1.6.800.v20240330-1250.jar -configuration c:\Users\galax\AppData\Roaming\Code\User\globalStorage\redhat.java\1.30.0\config_win -data c:\Users\galax\AppData\Roaming\Code\User\workspaceStorage\715939317411bacedd6cdfeea8c9b0d6\redhat.java\jdt_ws --pipe=\\.\pipe\lsp-2d7adef19252d789963d2b3ee9d66b13-sock

Host: AMD Ryzen 5 5600H with Radeon Graphics         , 12 cores, 15G,  Windows 11 , 64 bit Build 22621 (10.0.22621.3527)
Time: Wed May 22 21:41:56 2024 India Standard Time elapsed time: 7.788927 seconds (0d 0h 0m 7s)

---------------  T H R E A D  ---------------

Current thread (0x000001a93f5fa730):  JavaThread "C2 CompilerThread0" daemon [_thread_in_native, id=12800, stack(0x0000007126900000,0x0000007126a00000)]


Current CompileTask:
C2:   7789 4016   !   4       org.eclipse.osgi.internal.loader.classpath.ClasspathManager::findClassImpl (308 bytes)

Stack: [0x0000007126900000,0x0000007126a00000]
Native frames: (J=compiled Java code, j=interpreted, Vv=VM code, C=native code)
V  [jvm.dll+0x67d2c9]
V  [jvm.dll+0x834afa]
V  [jvm.dll+0x8365be]
V  [jvm.dll+0x836c23]
V  [jvm.dll+0x2477ff]
V  [jvm.dll+0xac514]
V  [jvm.dll+0xacb5c]
V  [jvm.dll+0x3667d7]
V  [jvm.dll+0x1bcf72]
V  [jvm.dll+0x21a049]
V  [jvm.dll+0x219311]
V  [jvm.dll+0x1a502d]
V  [jvm.dll+0x2290de]
V  [jvm.dll+0x2272ac]
V  [jvm.dll+0x7e9bb7]
V  [jvm.dll+0x7e3fba]
V  [jvm.dll+0x67c1b5]
C  [ucrtbase.dll+0x29333]
C  [KERNEL32.DLL+0x1257d]
C  [ntdll.dll+0x5aa48]


---------------  P R O C E S S  ---------------

Threads class SMR info:
_java_thread_list=0x000001a944204c30, length=40, elements={
0x000001a9792d1300, 0x000001a978e5a020, 0x000001a978e5e370, 0x000001a97937b370,
0x000001a97937c000, 0x000001a97937cd90, 0x000001a97937e9d0, 0x000001a93f5fa730,
0x000001a93f65f320, 0x000001a93f661c60, 0x000001a979333e10, 0x000001a93f91ee20,
0x000001a941505040, 0x000001a941586710, 0x000001a9414dcd40, 0x000001a941ba9370,
0x000001a941cbb9b0, 0x000001a941d8ae90, 0x000001a941803a90, 0x000001a941b7bd80,
0x000001a941553cc0, 0x000001a941b7a430, 0x000001a941b7a940, 0x000001a941b7c7a0,
0x000001a941b78ff0, 0x000001a941b7b360, 0x000001a941b79500, 0x000001a941b79f20,
0x000001a944046c50, 0x000001a94404cc80, 0x000001a94404e5d0, 0x000001a944047160,
0x000001a94404d6a0, 0x000001a94404dbb0, 0x000001a94404a400, 0x000001a94404b330,
0x000001a94404c260, 0x000001a9440499e0, 0x000001a944047b80, 0x000001a94404e0c0
}

Java Threads: ( => current thread )
  0x000001a9792d1300 JavaThread "main" [_thread_in_Java, id=7256, stack(0x0000007126000000,0x0000007126100000)]
  0x000001a978e5a020 JavaThread "Reference Handler" daemon [_thread_blocked, id=5260, stack(0x0000007126300000,0x0000007126400000)]
  0x000001a978e5e370 JavaThread "Finalizer" daemon [_thread_blocked, id=20140, stack(0x0000007126400000,0x0000007126500000)]
  0x000001a97937b370 JavaThread "Signal Dispatcher" daemon [_thread_blocked, id=13824, stack(0x0000007126500000,0x0000007126600000)]
  0x000001a97937c000 JavaThread "Attach Listener" daemon [_thread_blocked, id=11652, stack(0x0000007126600000,0x0000007126700000)]
  0x000001a97937cd90 JavaThread "Service Thread" daemon [_thread_blocked, id=5968, stack(0x0000007126700000,0x0000007126800000)]
  0x000001a97937e9d0 JavaThread "Monitor Deflation Thread" daemon [_thread_blocked, id=556, stack(0x0000007126800000,0x0000007126900000)]
=>0x000001a93f5fa730 JavaThread "C2 CompilerThread0" daemon [_thread_in_native, id=12800, stack(0x0000007126900000,0x0000007126a00000)]
  0x000001a93f65f320 JavaThread "C1 CompilerThread0" daemon [_thread_in_native, id=1792, stack(0x0000007126a00000,0x0000007126b00000)]
  0x000001a93f661c60 JavaThread "Sweeper thread" daemon [_thread_blocked, id=17384, stack(0x0000007126b00000,0x0000007126c00000)]
  0x000001a979333e10 JavaThread "Common-Cleaner" daemon [_thread_blocked, id=7832, stack(0x0000007126c00000,0x0000007126d00000)]
  0x000001a93f91ee20 JavaThread "Notification Thread" daemon [_thread_blocked, id=11996, stack(0x0000007126d00000,0x0000007126e00000)]
  0x000001a941505040 JavaThread "Active Thread: Equinox Container: 3ab2f6a5-a152-4a0f-9508-caaf13e65240" [_thread_blocked, id=17112, stack(0x0000007127000000,0x0000007127100000)]
  0x000001a941586710 JavaThread "Framework Event Dispatcher: Equinox Container: 3ab2f6a5-a152-4a0f-9508-caaf13e65240" daemon [_thread_blocked, id=3252, stack(0x0000007127700000,0x0000007127800000)]
  0x000001a9414dcd40 JavaThread "Start Level: Equinox Container: 3ab2f6a5-a152-4a0f-9508-caaf13e65240" daemon [_thread_blocked, id=5988, stack(0x0000007127800000,0x0000007127900000)]
  0x000001a941ba9370 JavaThread "Bundle File Closer" daemon [_thread_blocked, id=8952, stack(0x0000007127900000,0x0000007127a00000)]
  0x000001a941cbb9b0 JavaThread "SCR Component Actor" daemon [_thread_blocked, id=11456, stack(0x0000007127c00000,0x0000007127d00000)]
  0x000001a941d8ae90 JavaThread "SCR Component Registry" daemon [_thread_blocked, id=6208, stack(0x0000007127d00000,0x0000007127e00000)]
  0x000001a941803a90 JavaThread "C2 CompilerThread1" daemon [_thread_in_vm, id=360, stack(0x0000007127e00000,0x0000007127f00000)]
  0x000001a941b7bd80 JavaThread "Worker-JM" [_thread_blocked, id=13760, stack(0x0000007127f00000,0x0000007128000000)]
  0x000001a941553cc0 JavaThread "C2 CompilerThread2" daemon [_thread_in_native, id=10676, stack(0x0000007128000000,0x0000007128100000)]
  0x000001a941b7a430 JavaThread "Worker-0: Repository registry initialization" [_thread_in_Java, id=4700, stack(0x0000007128100000,0x0000007128200000)]
  0x000001a941b7a940 JavaThread "Worker-1: Updating Maven Dependencies" [_thread_blocked, id=9640, stack(0x0000007128200000,0x0000007128300000)]
  0x000001a941b7c7a0 JavaThread "Java indexing" daemon [_thread_blocked, id=20536, stack(0x0000007128300000,0x0000007128400000)]
  0x000001a941b78ff0 JavaThread "Worker-2" [_thread_blocked, id=20540, stack(0x0000007128400000,0x0000007128500000)]
  0x000001a941b7b360 JavaThread "JNA Cleaner" daemon [_thread_blocked, id=20552, stack(0x0000007128500000,0x0000007128600000)]
  0x000001a941b79500 JavaThread "Thread-2" daemon [_thread_in_native, id=20556, stack(0x0000007128600000,0x0000007128700000)]
  0x000001a941b79f20 JavaThread "Thread-3" daemon [_thread_in_native, id=20560, stack(0x0000007128700000,0x0000007128800000)]
  0x000001a944046c50 JavaThread "Thread-4" daemon [_thread_in_native, id=20564, stack(0x0000007128800000,0x0000007128900000)]
  0x000001a94404cc80 JavaThread "Thread-5" daemon [_thread_in_native, id=20568, stack(0x0000007128900000,0x0000007128a00000)]
  0x000001a94404e5d0 JavaThread "Thread-6" daemon [_thread_in_native, id=20572, stack(0x0000007128a00000,0x0000007128b00000)]
  0x000001a944047160 JavaThread "Thread-7" daemon [_thread_in_native, id=20576, stack(0x0000007128b00000,0x0000007128c00000)]
  0x000001a94404d6a0 JavaThread "Thread-8" daemon [_thread_in_native, id=20580, stack(0x0000007128c00000,0x0000007128d00000)]
  0x000001a94404dbb0 JavaThread "Thread-9" daemon [_thread_in_native, id=20584, stack(0x0000007128d00000,0x0000007128e00000)]
  0x000001a94404a400 JavaThread "Thread-10" daemon [_thread_in_native, id=20588, stack(0x0000007128e00000,0x0000007128f00000)]
  0x000001a94404b330 JavaThread "Thread-11" daemon [_thread_in_native, id=20592, stack(0x0000007128f00000,0x0000007129000000)]
  0x000001a94404c260 JavaThread "Thread-12" daemon [_thread_in_native, id=20596, stack(0x0000007129000000,0x0000007129100000)]
  0x000001a9440499e0 JavaThread "Thread-13" daemon [_thread_in_native, id=20600, stack(0x0000007129100000,0x0000007129200000)]
  0x000001a944047b80 JavaThread "Thread-14" daemon [_thread_in_native, id=20604, stack(0x0000007129200000,0x0000007129300000)]
  0x000001a94404e0c0 JavaThread "pool-2-thread-1" [_thread_blocked, id=20608, stack(0x0000007129300000,0x0000007129400000)]

Other Threads:
  0x000001a9793788d0 VMThread "VM Thread" [stack: 0x0000007126200000,0x0000007126300000] [id=13480]
  0x000001a940db8b20 WatcherThread [stack: 0x0000007126e00000,0x0000007126f00000] [id=6392]
  0x000001a9792e6de0 GCTaskThread "GC Thread#0" [stack: 0x0000007126100000,0x0000007126200000] [id=8748]
  0x000001a941199b60 GCTaskThread "GC Thread#1" [stack: 0x0000007127100000,0x0000007127200000] [id=14676]
  0x000001a94142e0b0 GCTaskThread "GC Thread#2" [stack: 0x0000007127200000,0x0000007127300000] [id=17160]
  0x000001a94142e370 GCTaskThread "GC Thread#3" [stack: 0x0000007127300000,0x0000007127400000] [id=15932]
  0x000001a940ff31a0 GCTaskThread "GC Thread#4" [stack: 0x0000007127400000,0x0000007127500000] [id=4104]
  0x000001a940ff3460 GCTaskThread "GC Thread#5" [stack: 0x0000007127500000,0x0000007127600000] [id=19976]
  0x000001a941709d00 GCTaskThread "GC Thread#6" [stack: 0x0000007127600000,0x0000007127700000] [id=1644]
  0x000001a941c30d70 GCTaskThread "GC Thread#7" [stack: 0x0000007127a00000,0x0000007127b00000] [id=14380]
  0x000001a941817fc0 GCTaskThread "GC Thread#8" [stack: 0x0000007127b00000,0x0000007127c00000] [id=3916]
  0x000001a941cb2d90 GCTaskThread "GC Thread#9" [stack: 0x0000007126f00000,0x0000007127000000] [id=14504]

Threads with active compile tasks:
C2 CompilerThread0     7857 4016   !   4       org.eclipse.osgi.internal.loader.classpath.ClasspathManager::findClassImpl (308 bytes)
C1 CompilerThread0     7857 4456       3       sun.reflect.generics.visitor.Reifier::visitClassTypeSignature (381 bytes)
C2 CompilerThread1     7857 4436   !   4       org.eclipse.osgi.internal.loader.classpath.ClasspathManager::findLocalClass (210 bytes)
C2 CompilerThread2     7858 4411       4       jdk.internal.org.objectweb.asm.SymbolTable::addConstantUtf8Reference (101 bytes)

VM state: not at safepoint (normal execution)

VM Mutex/Monitor currently owned by a thread: None

CDS archive(s) not mapped
Compressed class space mapped at: 0x0000000080000000-0x00000000c0000000, reserved size: 1073741824
Narrow klass base: 0x0000000000000000, Narrow klass shift: 0, Narrow klass range: 0xc0000000

GC Precious Log:
 CPUs: 12 total, 12 available
 Memory: 15724M
 Large Page Support: Disabled
 NUMA Support: Disabled
 Compressed Oops: Disabled
 Alignments: Space 512K, Generation 512K, Heap 2M
 Heap Min Capacity: 100M
 Heap Initial Capacity: 100M
 Heap Max Capacity: 128G
 Pre-touch: Disabled
 Parallel Workers: 10

Heap:
 PSYoungGen      total 23040K, used 19361K [0x000001bed1580000, 0x000001bed3000000, 0x000001c97c000000)
  eden space 22016K, 83% used [0x000001bed1580000,0x000001bed276e920,0x000001bed2b00000)
  from space 1024K, 97% used [0x000001bed2f00000,0x000001bed2ff9ca0,0x000001bed3000000)
  to   space 2048K, 0% used [0x000001bed2c00000,0x000001bed2c00000,0x000001bed2e00000)
 ParOldGen       total 68608K, used 20985K [0x000001a97c000000, 0x000001a980300000, 0x000001bed1580000)
  object space 68608K, 30% used [0x000001a97c000000,0x000001a97d47e600,0x000001a980300000)
 Metaspace       used 41111K, committed 42048K, reserved 1114112K
  class space    used 4233K, committed 4608K, reserved 1048576K

Card table byte_map: [0x000001a90f000000,0x000001a91f010000] _byte_map_base: 0x000001a83a420000

Marking Bits: (ParMarkBitMap*) 0x00007ffc202ad7d0
 Begin Bits: [0x000001c97c000000, 0x000001c9fc000000)
 End Bits:   [0x000001c9fc000000, 0x000001ca7c000000)

Polling page: 0x000001a977210000

Metaspace:

Usage:
  Non-class:     36.01 MB used.
      Class:      4.13 MB used.
       Both:     40.15 MB used.

Virtual space:
  Non-class space:       64.00 MB reserved,      36.56 MB ( 57%) committed,  1 nodes.
      Class space:        1.00 GB reserved,       4.50 MB ( <1%) committed,  1 nodes.
             Both:        1.06 GB reserved,      41.06 MB (  4%) committed. 

Chunk freelists:
   Non-Class:  11.22 MB
       Class:  11.41 MB
        Both:  22.63 MB

MaxMetaspaceSize: unlimited
CompressedClassSpaceSize: 1.00 GB
Initial GC threshold: 21.00 MB
Current GC threshold: 58.38 MB
CDS: off
MetaspaceReclaimPolicy: balanced
 - commit_granule_bytes: 65536.
 - commit_granule_words: 8192.
 - virtual_space_node_default_size: 8388608.
 - enlarge_chunks_in_place: 1.
 - new_chunks_are_fully_committed: 0.
 - uncommit_free_chunks: 1.
 - use_allocation_guard: 0.
 - handle_deallocations: 1.


Internal statistics:

num_allocs_failed_limit: 6.
num_arena_births: 508.
num_arena_deaths: 14.
num_vsnodes_births: 2.
num_vsnodes_deaths: 0.
num_space_committed: 657.
num_space_uncommitted: 0.
num_chunks_returned_to_freelist: 20.
num_chunks_taken_from_freelist: 1925.
num_chunk_merges: 8.
num_chunk_splits: 1215.
num_chunks_enlarged: 762.
num_inconsistent_stats: 0.

CodeHeap 'non-profiled nmethods': size=120000Kb used=2212Kb max_used=2212Kb free=117787Kb
 bounds [0x000001a907ad0000, 0x000001a907d40000, 0x000001a90f000000]
CodeHeap 'profiled nmethods': size=120000Kb used=9413Kb max_used=9413Kb free=110586Kb
 bounds [0x000001a900000000, 0x000001a900940000, 0x000001a907530000]
CodeHeap 'non-nmethods': size=5760Kb used=1273Kb max_used=1343Kb free=4486Kb
 bounds [0x000001a907530000, 0x000001a9077a0000, 0x000001a907ad0000]
 total_blobs=5051 nmethods=4453 adapters=511
 compilation: enabled
              stopped_count=0, restarted_count=0
 full_count=0

Compilation events (20 events):
Event: 7.770 Thread 0x000001a93f65f320 nmethod 4376 0x000001a900901190 code [0x000001a900901320, 0x000001a900901418]
Event: 7.770 Thread 0x000001a93f65f320 4377       3       java.lang.reflect.Method::getParameterCount (6 bytes)
Event: 7.771 Thread 0x000001a93f65f320 nmethod 4377 0x000001a900901490 code [0x000001a900901620, 0x000001a900901738]
Event: 7.771 Thread 0x000001a941553cc0 4378       4       jdk.internal.org.objectweb.asm.ByteVector::putShort (52 bytes)
Event: 7.772 Thread 0x000001a93f65f320 4381       3       jdk.internal.org.objectweb.asm.MethodWriter::putAbstractTypes (31 bytes)
Event: 7.773 Thread 0x000001a93f65f320 nmethod 4381 0x000001a900901810 code [0x000001a9009019c0, 0x000001a900901c08]
Event: 7.775 Thread 0x000001a93f65f320 4382       3       sun.reflect.annotation.AnnotationInvocationHandler::invoke (178 bytes)
Event: 7.775 Thread 0x000001a941553cc0 nmethod 4378 0x000001a907cf3090 code [0x000001a907cf3220, 0x000001a907cf33a8]
Event: 7.775 Thread 0x000001a941553cc0 4380       4       java.lang.invoke.DirectMethodHandle::internalMemberName (8 bytes)
Event: 7.776 Thread 0x000001a941553cc0 nmethod 4380 0x000001a907cf3510 code [0x000001a907cf3680, 0x000001a907cf3718]
Event: 7.776 Thread 0x000001a941553cc0 4379       4       sun.reflect.generics.parser.SignatureParser::advance (53 bytes)
Event: 7.776 Thread 0x000001a93f65f320 nmethod 4382 0x000001a900901d90 code [0x000001a9009020a0, 0x000001a9009031c8]
Event: 7.776 Thread 0x000001a93f65f320 4384       3       jdk.internal.reflect.ConstantPool::getUTF8At (10 bytes)
Event: 7.777 Thread 0x000001a93f65f320 nmethod 4384 0x000001a900903710 code [0x000001a9009038a0, 0x000001a9009039e8]
Event: 7.777 Thread 0x000001a93f65f320 4383       3       com.google.common.cache.LocalCache::expiresAfterAccess (15 bytes)
Event: 7.777 Thread 0x000001a93f65f320 nmethod 4383 0x000001a900903a90 code [0x000001a900903c20, 0x000001a900903d98]
Event: 7.777 Thread 0x000001a93f65f320 4385       3       java.lang.Class::getGenericInfo (52 bytes)
Event: 7.778 Thread 0x000001a941553cc0 nmethod 4379 0x000001a907cf3810 code [0x000001a907cf3980, 0x000001a907cf3a38]
Event: 7.778 Thread 0x000001a93f65f320 nmethod 4385 0x000001a900903e10 code [0x000001a900904080, 0x000001a900904c88]
Event: 7.781 Thread 0x000001a93f65f320 4386       3       java.lang.reflect.AccessibleObject::checkCanSetAccessible (368 bytes)

GC Heap History (20 events):
Event: 5.387 GC heap before
{Heap before GC invocations=7 (full 1):
 PSYoungGen      total 29696K, used 25600K [0x000001bed1580000, 0x000001bed3980000, 0x000001c97c000000)
  eden space 25600K, 100% used [0x000001bed1580000,0x000001bed2e80000,0x000001bed2e80000)
  from space 4096K, 0% used [0x000001bed2e80000,0x000001bed2e80000,0x000001bed3280000)
  to   space 5632K, 0% used [0x000001bed3400000,0x000001bed3400000,0x000001bed3980000)
 ParOldGen       total 68608K, used 12903K [0x000001a97c000000, 0x000001a980300000, 0x000001bed1580000)
  object space 68608K, 18% used [0x000001a97c000000,0x000001a97cc99e30,0x000001a980300000)
 Metaspace       used 24162K, committed 24704K, reserved 1114112K
  class space    used 2454K, committed 2624K, reserved 1048576K
}
Event: 5.391 GC heap after
{Heap after GC invocations=7 (full 1):
 PSYoungGen      total 27136K, used 1792K [0x000001bed1580000, 0x000001bed3600000, 0x000001c97c000000)
  eden space 25088K, 0% used [0x000001bed1580000,0x000001bed1580000,0x000001bed2e00000)
  from space 2048K, 87% used [0x000001bed3400000,0x000001bed35c0000,0x000001bed3600000)
  to   space 3072K, 0% used [0x000001bed3000000,0x000001bed3000000,0x000001bed3300000)
 ParOldGen       total 68608K, used 12911K [0x000001a97c000000, 0x000001a980300000, 0x000001bed1580000)
  object space 68608K, 18% used [0x000001a97c000000,0x000001a97cc9be30,0x000001a980300000)
 Metaspace       used 24162K, committed 24704K, reserved 1114112K
  class space    used 2454K, committed 2624K, reserved 1048576K
}
Event: 5.865 GC heap before
{Heap before GC invocations=8 (full 1):
 PSYoungGen      total 27136K, used 26880K [0x000001bed1580000, 0x000001bed3600000, 0x000001c97c000000)
  eden space 25088K, 100% used [0x000001bed1580000,0x000001bed2e00000,0x000001bed2e00000)
  from space 2048K, 87% used [0x000001bed3400000,0x000001bed35c0000,0x000001bed3600000)
  to   space 3072K, 0% used [0x000001bed3000000,0x000001bed3000000,0x000001bed3300000)
 ParOldGen       total 68608K, used 12911K [0x000001a97c000000, 0x000001a980300000, 0x000001bed1580000)
  object space 68608K, 18% used [0x000001a97c000000,0x000001a97cc9be30,0x000001a980300000)
 Metaspace       used 26479K, committed 27136K, reserved 1114112K
  class space    used 2711K, committed 2944K, reserved 1048576K
}
Event: 5.867 GC heap after
{Heap after GC invocations=8 (full 1):
 PSYoungGen      total 27648K, used 3065K [0x000001bed1580000, 0x000001bed3580000, 0x000001c97c000000)
  eden space 24576K, 0% used [0x000001bed1580000,0x000001bed1580000,0x000001bed2d80000)
  from space 3072K, 99% used [0x000001bed3000000,0x000001bed32fe4e0,0x000001bed3300000)
  to   space 2560K, 0% used [0x000001bed3300000,0x000001bed3300000,0x000001bed3580000)
 ParOldGen       total 68608K, used 13287K [0x000001a97c000000, 0x000001a980300000, 0x000001bed1580000)
  object space 68608K, 19% used [0x000001a97c000000,0x000001a97ccf9e30,0x000001a980300000)
 Metaspace       used 26479K, committed 27136K, reserved 1114112K
  class space    used 2711K, committed 2944K, reserved 1048576K
}
Event: 6.072 GC heap before
{Heap before GC invocations=9 (full 1):
 PSYoungGen      total 27648K, used 27641K [0x000001bed1580000, 0x000001bed3580000, 0x000001c97c000000)
  eden space 24576K, 100% used [0x000001bed1580000,0x000001bed2d80000,0x000001bed2d80000)
  from space 3072K, 99% used [0x000001bed3000000,0x000001bed32fe4e0,0x000001bed3300000)
  to   space 2560K, 0% used [0x000001bed3300000,0x000001bed3300000,0x000001bed3580000)
 ParOldGen       total 68608K, used 13287K [0x000001a97c000000, 0x000001a980300000, 0x000001bed1580000)
  object space 68608K, 19% used [0x000001a97c000000,0x000001a97ccf9e30,0x000001a980300000)
 Metaspace       used 28214K, committed 28736K, reserved 1114112K
  class space    used 2859K, committed 3072K, reserved 1048576K
}
Event: 6.074 GC heap after
{Heap after GC invocations=9 (full 1):
 PSYoungGen      total 26624K, used 2542K [0x000001bed1580000, 0x000001bed3580000, 0x000001c97c000000)
  eden space 24064K, 0% used [0x000001bed1580000,0x000001bed1580000,0x000001bed2d00000)
  from space 2560K, 99% used [0x000001bed3300000,0x000001bed357bb58,0x000001bed3580000)
  to   space 4096K, 0% used [0x000001bed2d80000,0x000001bed2d80000,0x000001bed3180000)
 ParOldGen       total 68608K, used 14359K [0x000001a97c000000, 0x000001a980300000, 0x000001bed1580000)
  object space 68608K, 20% used [0x000001a97c000000,0x000001a97ce05e50,0x000001a980300000)
 Metaspace       used 28214K, committed 28736K, reserved 1114112K
  class space    used 2859K, committed 3072K, reserved 1048576K
}
Event: 6.329 GC heap before
{Heap before GC invocations=10 (full 1):
 PSYoungGen      total 26624K, used 26606K [0x000001bed1580000, 0x000001bed3580000, 0x000001c97c000000)
  eden space 24064K, 100% used [0x000001bed1580000,0x000001bed2d00000,0x000001bed2d00000)
  from space 2560K, 99% used [0x000001bed3300000,0x000001bed357bb58,0x000001bed3580000)
  to   space 4096K, 0% used [0x000001bed2d80000,0x000001bed2d80000,0x000001bed3180000)
 ParOldGen       total 68608K, used 14359K [0x000001a97c000000, 0x000001a980300000, 0x000001bed1580000)
  object space 68608K, 20% used [0x000001a97c000000,0x000001a97ce05e50,0x000001a980300000)
 Metaspace       used 31610K, committed 32256K, reserved 1114112K
  class space    used 3109K, committed 3392K, reserved 1048576K
}
Event: 6.331 GC heap after
{Heap after GC invocations=10 (full 1):
 PSYoungGen      total 25600K, used 1946K [0x000001bed1580000, 0x000001bed3380000, 0x000001c97c000000)
  eden space 23552K, 0% used [0x000001bed1580000,0x000001bed1580000,0x000001bed2c80000)
  from space 2048K, 95% used [0x000001bed2d80000,0x000001bed2f66b40,0x000001bed2f80000)
  to   space 3072K, 0% used [0x000001bed3080000,0x000001bed3080000,0x000001bed3380000)
 ParOldGen       total 68608K, used 14992K [0x000001a97c000000, 0x000001a980300000, 0x000001bed1580000)
  object space 68608K, 21% used [0x000001a97c000000,0x000001a97cea4288,0x000001a980300000)
 Metaspace       used 31610K, committed 32256K, reserved 1114112K
  class space    used 3109K, committed 3392K, reserved 1048576K
}
Event: 6.401 GC heap before
{Heap before GC invocations=11 (full 1):
 PSYoungGen      total 25600K, used 25483K [0x000001bed1580000, 0x000001bed3380000, 0x000001c97c000000)
  eden space 23552K, 99% used [0x000001bed1580000,0x000001bed2c7c478,0x000001bed2c80000)
  from space 2048K, 95% used [0x000001bed2d80000,0x000001bed2f66b40,0x000001bed2f80000)
  to   space 3072K, 0% used [0x000001bed3080000,0x000001bed3080000,0x000001bed3380000)
 ParOldGen       total 68608K, used 14992K [0x000001a97c000000, 0x000001a980300000, 0x000001bed1580000)
  object space 68608K, 21% used [0x000001a97c000000,0x000001a97cea4288,0x000001a980300000)
 Metaspace       used 32161K, committed 32832K, reserved 1114112K
  class space    used 3130K, committed 3392K, reserved 1048576K
}
Event: 6.405 GC heap after
{Heap after GC invocations=11 (full 1):
 PSYoungGen      total 25600K, used 2326K [0x000001bed1580000, 0x000001bed3300000, 0x000001c97c000000)
  eden space 23040K, 0% used [0x000001bed1580000,0x000001bed1580000,0x000001bed2c00000)
  from space 2560K, 90% used [0x000001bed3080000,0x000001bed32c5b40,0x000001bed3300000)
  to   space 2560K, 0% used [0x000001bed2e00000,0x000001bed2e00000,0x000001bed3080000)
 ParOldGen       total 68608K, used 18234K [0x000001a97c000000, 0x000001a980300000, 0x000001bed1580000)
  object space 68608K, 26% used [0x000001a97c000000,0x000001a97d1ce980,0x000001a980300000)
 Metaspace       used 32161K, committed 32832K, reserved 1114112K
  class space    used 3130K, committed 3392K, reserved 1048576K
}
Event: 7.004 GC heap before
{Heap before GC invocations=12 (full 1):
 PSYoungGen      total 25600K, used 25366K [0x000001bed1580000, 0x000001bed3300000, 0x000001c97c000000)
  eden space 23040K, 100% used [0x000001bed1580000,0x000001bed2c00000,0x000001bed2c00000)
  from space 2560K, 90% used [0x000001bed3080000,0x000001bed32c5b40,0x000001bed3300000)
  to   space 2560K, 0% used [0x000001bed2e00000,0x000001bed2e00000,0x000001bed3080000)
 ParOldGen       total 68608K, used 18234K [0x000001a97c000000, 0x000001a980300000, 0x000001bed1580000)
  object space 68608K, 26% used [0x000001a97c000000,0x000001a97d1ce980,0x000001a980300000)
 Metaspace       used 34968K, committed 35776K, reserved 1114112K
  class space    used 3417K, committed 3776K, reserved 1048576K
}
Event: 7.008 GC heap after
{Heap after GC invocations=12 (full 1):
 PSYoungGen      total 24064K, used 1493K [0x000001bed1580000, 0x000001bed3100000, 0x000001c97c000000)
  eden space 22528K, 0% used [0x000001bed1580000,0x000001bed1580000,0x000001bed2b80000)
  from space 1536K, 97% used [0x000001bed2e00000,0x000001bed2f75720,0x000001bed2f80000)
  to   space 1536K, 0% used [0x000001bed2f80000,0x000001bed2f80000,0x000001bed3100000)
 ParOldGen       total 68608K, used 20272K [0x000001a97c000000, 0x000001a980300000, 0x000001bed1580000)
  object space 68608K, 29% used [0x000001a97c000000,0x000001a97d3cc240,0x000001a980300000)
 Metaspace       used 34968K, committed 35776K, reserved 1114112K
  class space    used 3417K, committed 3776K, reserved 1048576K
}
Event: 7.015 GC heap before
{Heap before GC invocations=13 (full 1):
 PSYoungGen      total 24064K, used 2158K [0x000001bed1580000, 0x000001bed3100000, 0x000001c97c000000)
  eden space 22528K, 2% used [0x000001bed1580000,0x000001bed16262b8,0x000001bed2b80000)
  from space 1536K, 97% used [0x000001bed2e00000,0x000001bed2f75720,0x000001bed2f80000)
  to   space 1536K, 0% used [0x000001bed2f80000,0x000001bed2f80000,0x000001bed3100000)
 ParOldGen       total 68608K, used 20272K [0x000001a97c000000, 0x000001a980300000, 0x000001bed1580000)
  object space 68608K, 29% used [0x000001a97c000000,0x000001a97d3cc240,0x000001a980300000)
 Metaspace       used 35094K, committed 35840K, reserved 1114112K
  class space    used 3433K, committed 3776K, reserved 1048576K
}
Event: 7.016 GC heap after
{Heap after GC invocations=13 (full 1):
 PSYoungGen      total 23040K, used 320K [0x000001bed1580000, 0x000001bed3000000, 0x000001c97c000000)
  eden space 22528K, 0% used [0x000001bed1580000,0x000001bed1580000,0x000001bed2b80000)
  from space 512K, 62% used [0x000001bed2f80000,0x000001bed2fd0000,0x000001bed3000000)
  to   space 1024K, 0% used [0x000001bed2e00000,0x000001bed2e00000,0x000001bed2f00000)
 ParOldGen       total 68608K, used 21643K [0x000001a97c000000, 0x000001a980300000, 0x000001bed1580000)
  object space 68608K, 31% used [0x000001a97c000000,0x000001a97d522e30,0x000001a980300000)
 Metaspace       used 35094K, committed 35840K, reserved 1114112K
  class space    used 3433K, committed 3776K, reserved 1048576K
}
Event: 7.016 GC heap before
{Heap before GC invocations=14 (full 2):
 PSYoungGen      total 23040K, used 320K [0x000001bed1580000, 0x000001bed3000000, 0x000001c97c000000)
  eden space 22528K, 0% used [0x000001bed1580000,0x000001bed1580000,0x000001bed2b80000)
  from space 512K, 62% used [0x000001bed2f80000,0x000001bed2fd0000,0x000001bed3000000)
  to   space 1024K, 0% used [0x000001bed2e00000,0x000001bed2e00000,0x000001bed2f00000)
 ParOldGen       total 68608K, used 21643K [0x000001a97c000000, 0x000001a980300000, 0x000001bed1580000)
  object space 68608K, 31% used [0x000001a97c000000,0x000001a97d522e30,0x000001a980300000)
 Metaspace       used 35094K, committed 35840K, reserved 1114112K
  class space    used 3433K, committed 3776K, reserved 1048576K
}
Event: 7.048 GC heap after
{Heap after GC invocations=14 (full 2):
 PSYoungGen      total 23040K, used 0K [0x000001bed1580000, 0x000001bed3000000, 0x000001c97c000000)
  eden space 22528K, 0% used [0x000001bed1580000,0x000001bed1580000,0x000001bed2b80000)
  from space 512K, 0% used [0x000001bed2f80000,0x000001bed2f80000,0x000001bed3000000)
  to   space 1024K, 0% used [0x000001bed2e00000,0x000001bed2e00000,0x000001bed2f00000)
 ParOldGen       total 68608K, used 20183K [0x000001a97c000000, 0x000001a980300000, 0x000001bed1580000)
  object space 68608K, 29% used [0x000001a97c000000,0x000001a97d3b5c70,0x000001a980300000)
 Metaspace       used 35081K, committed 35840K, reserved 1114112K
  class space    used 3430K, committed 3776K, reserved 1048576K
}
Event: 7.364 GC heap before
{Heap before GC invocations=15 (full 2):
 PSYoungGen      total 23040K, used 22528K [0x000001bed1580000, 0x000001bed3000000, 0x000001c97c000000)
  eden space 22528K, 100% used [0x000001bed1580000,0x000001bed2b80000,0x000001bed2b80000)
  from space 512K, 0% used [0x000001bed2f80000,0x000001bed2f80000,0x000001bed3000000)
  to   space 1024K, 0% used [0x000001bed2e00000,0x000001bed2e00000,0x000001bed2f00000)
 ParOldGen       total 68608K, used 20183K [0x000001a97c000000, 0x000001a980300000, 0x000001bed1580000)
  object space 68608K, 29% used [0x000001a97c000000,0x000001a97d3b5c70,0x000001a980300000)
 Metaspace       used 37867K, committed 38784K, reserved 1114112K
  class space    used 3815K, committed 4224K, reserved 1048576K
}
Event: 7.365 GC heap after
{Heap after GC invocations=15 (full 2):
 PSYoungGen      total 23040K, used 973K [0x000001bed1580000, 0x000001bed3000000, 0x000001c97c000000)
  eden space 22016K, 0% used [0x000001bed1580000,0x000001bed1580000,0x000001bed2b00000)
  from space 1024K, 95% used [0x000001bed2e00000,0x000001bed2ef3410,0x000001bed2f00000)
  to   space 1024K, 0% used [0x000001bed2f00000,0x000001bed2f00000,0x000001bed3000000)
 ParOldGen       total 68608K, used 20191K [0x000001a97c000000, 0x000001a980300000, 0x000001bed1580000)
  object space 68608K, 29% used [0x000001a97c000000,0x000001a97d3b7c70,0x000001a980300000)
 Metaspace       used 37867K, committed 38784K, reserved 1114112K
  class space    used 3815K, committed 4224K, reserved 1048576K
}
Event: 7.660 GC heap before
{Heap before GC invocations=16 (full 2):
 PSYoungGen      total 23040K, used 22989K [0x000001bed1580000, 0x000001bed3000000, 0x000001c97c000000)
  eden space 22016K, 100% used [0x000001bed1580000,0x000001bed2b00000,0x000001bed2b00000)
  from space 1024K, 95% used [0x000001bed2e00000,0x000001bed2ef3410,0x000001bed2f00000)
  to   space 1024K, 0% used [0x000001bed2f00000,0x000001bed2f00000,0x000001bed3000000)
 ParOldGen       total 68608K, used 20191K [0x000001a97c000000, 0x000001a980300000, 0x000001bed1580000)
  object space 68608K, 29% used [0x000001a97c000000,0x000001a97d3b7c70,0x000001a980300000)
 Metaspace       used 39602K, committed 40448K, reserved 1114112K
  class space    used 4032K, committed 4416K, reserved 1048576K
}
Event: 7.661 GC heap after
{Heap after GC invocations=16 (full 2):
 PSYoungGen      total 23040K, used 999K [0x000001bed1580000, 0x000001bed3000000, 0x000001c97c000000)
  eden space 22016K, 0% used [0x000001bed1580000,0x000001bed1580000,0x000001bed2b00000)
  from space 1024K, 97% used [0x000001bed2f00000,0x000001bed2ff9ca0,0x000001bed3000000)
  to   space 2048K, 0% used [0x000001bed2c00000,0x000001bed2c00000,0x000001bed2e00000)
 ParOldGen       total 68608K, used 20985K [0x000001a97c000000, 0x000001a980300000, 0x000001bed1580000)
  object space 68608K, 30% used [0x000001a97c000000,0x000001a97d47e600,0x000001a980300000)
 Metaspace       used 39602K, committed 40448K, reserved 1114112K
  class space    used 4032K, committed 4416K, reserved 1048576K
}

Dll operation events (10 events):
Event: 0.032 Loaded shared library c:\Users\galax\.vscode\extensions\redhat.java-1.30.0-win32-x64\jre\17.0.10-win32-x86_64\bin\java.dll
Event: 0.540 Loaded shared library c:\Users\galax\.vscode\extensions\redhat.java-1.30.0-win32-x64\jre\17.0.10-win32-x86_64\bin\zip.dll
Event: 0.549 Loaded shared library C:\Users\galax\.vscode\extensions\redhat.java-1.30.0-win32-x64\jre\17.0.10-win32-x86_64\bin\instrument.dll
Event: 0.596 Loaded shared library C:\Users\galax\.vscode\extensions\redhat.java-1.30.0-win32-x64\jre\17.0.10-win32-x86_64\bin\net.dll
Event: 0.638 Loaded shared library C:\Users\galax\.vscode\extensions\redhat.java-1.30.0-win32-x64\jre\17.0.10-win32-x86_64\bin\nio.dll
Event: 0.660 Loaded shared library C:\Users\galax\.vscode\extensions\redhat.java-1.30.0-win32-x64\jre\17.0.10-win32-x86_64\bin\zip.dll
Event: 0.709 Loaded shared library C:\Users\galax\.vscode\extensions\redhat.java-1.30.0-win32-x64\jre\17.0.10-win32-x86_64\bin\jimage.dll
Event: 0.888 Loaded shared library c:\Users\galax\.vscode\extensions\redhat.java-1.30.0-win32-x64\jre\17.0.10-win32-x86_64\bin\verify.dll
Event: 3.051 Loaded shared library C:\Users\galax\AppData\Roaming\Code\User\globalStorage\redhat.java\1.30.0\config_win\org.eclipse.equinox.launcher\org.eclipse.equinox.launcher.win32.win32.x86_64_1.2.900.v20240213-1244\eclipse_11900.dll
Event: 7.353 Loaded shared library C:\Users\galax\AppData\Local\Temp\jna-79889305\jna17812674874655511643.dll

Deoptimization events (20 events):
Event: 7.520 Thread 0x000001a941b7a430 Uncommon trap: trap_request=0xffffff45 fr.pc=0x000001a907cae89c relative=0x000000000000009c
Event: 7.520 Thread 0x000001a941b7a430 Uncommon trap: reason=unstable_if action=reinterpret pc=0x000001a907cae89c method=org.codehaus.plexus.util.xml.pull.MXParser.more()C @ 8 c2
Event: 7.520 Thread 0x000001a941b7a430 DEOPT PACKING pc=0x000001a907cae89c sp=0x00000071281fe1e0
Event: 7.520 Thread 0x000001a941b7a430 DEOPT UNPACKING pc=0x000001a9075866a3 sp=0x00000071281fe170 mode 2
Event: 7.562 Thread 0x000001a941b7a430 Uncommon trap: trap_request=0xffffff45 fr.pc=0x000001a907bd0d14 relative=0x00000000000000f4
Event: 7.562 Thread 0x000001a941b7a430 Uncommon trap: reason=unstable_if action=reinterpret pc=0x000001a907bd0d14 method=java.util.ArrayList.indexOfRange(Ljava/lang/Object;II)I @ 7 c2
Event: 7.562 Thread 0x000001a941b7a430 DEOPT PACKING pc=0x000001a907bd0d14 sp=0x00000071281fe260
Event: 7.562 Thread 0x000001a941b7a430 DEOPT UNPACKING pc=0x000001a9075866a3 sp=0x00000071281fe120 mode 2
Event: 7.587 Thread 0x000001a941b7a430 Uncommon trap: trap_request=0xffffff45 fr.pc=0x000001a907bca200 relative=0x00000000000000e0
Event: 7.587 Thread 0x000001a941b7a430 Uncommon trap: reason=unstable_if action=reinterpret pc=0x000001a907bca200 method=java.util.ArrayList.indexOfRange(Ljava/lang/Object;II)I @ 7 c2
Event: 7.587 Thread 0x000001a941b7a430 DEOPT PACKING pc=0x000001a907bca200 sp=0x00000071281fe200
Event: 7.587 Thread 0x000001a941b7a430 DEOPT UNPACKING pc=0x000001a9075866a3 sp=0x00000071281fe180 mode 2
Event: 7.624 Thread 0x000001a9792d1300 Uncommon trap: trap_request=0xffffff45 fr.pc=0x000001a907c7cc8c relative=0x00000000000011ac
Event: 7.624 Thread 0x000001a9792d1300 Uncommon trap: reason=unstable_if action=reinterpret pc=0x000001a907c7cc8c method=java.util.Properties.loadConvert([CIILjava/lang/StringBuilder;)Ljava/lang/String; @ 477 c2
Event: 7.624 Thread 0x000001a9792d1300 DEOPT PACKING pc=0x000001a907c7cc8c sp=0x00000071260f9380
Event: 7.624 Thread 0x000001a9792d1300 DEOPT UNPACKING pc=0x000001a9075866a3 sp=0x00000071260f9360 mode 2
Event: 7.784 Thread 0x000001a9792d1300 Uncommon trap: trap_request=0xffffff45 fr.pc=0x000001a907b82b58 relative=0x0000000000000138
Event: 7.784 Thread 0x000001a9792d1300 Uncommon trap: reason=unstable_if action=reinterpret pc=0x000001a907b82b58 method=java.util.concurrent.ConcurrentHashMap.get(Ljava/lang/Object;)Ljava/lang/Object; @ 76 c2
Event: 7.784 Thread 0x000001a9792d1300 DEOPT PACKING pc=0x000001a907b82b58 sp=0x00000071260fd290
Event: 7.784 Thread 0x000001a9792d1300 DEOPT UNPACKING pc=0x000001a9075866a3 sp=0x00000071260fd208 mode 2

Classes unloaded (7 events):
Event: 7.022 Thread 0x000001a9793788d0 Unloading class 0x0000000080254400 'java/lang/invoke/LambdaForm$MH+0x0000000080254400'
Event: 7.022 Thread 0x000001a9793788d0 Unloading class 0x0000000080254000 'java/lang/invoke/LambdaForm$MH+0x0000000080254000'
Event: 7.022 Thread 0x000001a9793788d0 Unloading class 0x0000000080253c00 'java/lang/invoke/LambdaForm$MH+0x0000000080253c00'
Event: 7.022 Thread 0x000001a9793788d0 Unloading class 0x0000000080253800 'java/lang/invoke/LambdaForm$MH+0x0000000080253800'
Event: 7.022 Thread 0x000001a9793788d0 Unloading class 0x0000000080253400 'java/lang/invoke/LambdaForm$BMH+0x0000000080253400'
Event: 7.022 Thread 0x000001a9793788d0 Unloading class 0x0000000080253000 'java/lang/invoke/LambdaForm$DMH+0x0000000080253000'
Event: 7.022 Thread 0x000001a9793788d0 Unloading class 0x0000000080250400 'java/lang/invoke/LambdaForm$DMH+0x0000000080250400'

Classes redefined (0 events):
No events

Internal exceptions (20 events):
Event: 6.976 Thread 0x000001a941b7a430 Exception <a 'java/lang/NoSuchMethodError'{0x000001bed29b2c38}: 'int java.lang.invoke.DirectMethodHandle$Holder.invokeStaticInit(java.lang.Object, float, float)'> (0x000001bed29b2c38) 
thrown [s\src\hotspot\share\interpreter\linkResolver.cpp, line 759]
Event: 6.977 Thread 0x000001a941b7a430 Exception <a 'java/lang/NoSuchMethodError'{0x000001bed2a2b400}: 'int java.lang.invoke.DirectMethodHandle$Holder.invokeStaticInit(java.lang.Object, double, double)'> (0x000001bed2a2b400) 
thrown [s\src\hotspot\share\interpreter\linkResolver.cpp, line 759]
Event: 6.978 Thread 0x000001a941b7a430 Exception <a 'java/lang/NoSuchMethodError'{0x000001bed2a31138}: 'int java.lang.invoke.DirectMethodHandle$Holder.invokeStatic(java.lang.Object, long)'> (0x000001bed2a31138) 
thrown [s\src\hotspot\share\interpreter\linkResolver.cpp, line 759]
Event: 6.986 Thread 0x000001a941b7a430 Exception <a 'java/lang/NoSuchMethodError'{0x000001bed2a64c10}: 'int java.lang.invoke.Invokers$Holder.linkToTargetMethod(java.lang.Object, java.lang.Object)'> (0x000001bed2a64c10) 
thrown [s\src\hotspot\share\interpreter\linkResolver.cpp, line 759]
Event: 6.992 Thread 0x000001a941b7a940 Exception <a 'java/lang/NoSuchMethodError'{0x000001bed2a9fbb8}: 'int java.lang.invoke.DirectMethodHandle$Holder.invokeSpecial(java.lang.Object, java.lang.Object, java.lang.Object, java.lang.Object)'> (0x000001bed2a9fbb8) 
thrown [s\src\hotspot\share\interpreter\linkResolver.cpp, line 759]
Event: 6.996 Thread 0x000001a941b7a940 Exception <a 'java/lang/NoSuchMethodError'{0x000001bed2b4e120}: 'java.lang.Object java.lang.invoke.DirectMethodHandle$Holder.invokeStatic(java.lang.Object, int, java.lang.Object, java.lang.Object)'> (0x000001bed2b4e120) 
thrown [s\src\hotspot\share\interpreter\linkResolver.cpp, line 759]
Event: 6.997 Thread 0x000001a941b7a940 Exception <a 'java/lang/NoSuchMethodError'{0x000001bed2b5db28}: 'java.lang.Object java.lang.invoke.DelegatingMethodHandle$Holder.delegate(java.lang.Object, int, java.lang.Object, java.lang.Object)'> (0x000001bed2b5db28) 
thrown [s\src\hotspot\share\interpreter\linkResolver.cpp, line 759]
Event: 7.000 Thread 0x000001a941b7a940 Exception <a 'java/lang/NoSuchMethodError'{0x000001bed2b9d568}: 'int java.lang.invoke.Invokers$Holder.linkToTargetMethod(java.lang.Object, java.lang.Object, java.lang.Object)'> (0x000001bed2b9d568) 
thrown [s\src\hotspot\share\interpreter\linkResolver.cpp, line 759]
Event: 7.013 Thread 0x000001a9414dcd40 Exception <a 'java/lang/ClassNotFoundException'{0x000001bed15a2310}: com/sun/org/apache/xml/internal/serializer/spi/XMLEntitiesProvider> (0x000001bed15a2310) 
thrown [s\src\hotspot\share\classfile\systemDictionary.cpp, line 256]
Event: 7.071 Thread 0x000001a941b7a430 Exception <a 'java/lang/NoSuchMethodError'{0x000001bed171f110}: 'java.lang.Object java.lang.invoke.DirectMethodHandle$Holder.invokeSpecialIFC(java.lang.Object, java.lang.Object, java.lang.Object, java.lang.Object)'> (0x000001bed171f110) 
thrown [s\src\hotspot\share\interpreter\linkResolver.cpp, line 759]
Event: 7.170 Thread 0x000001a9414dcd40 Exception <a 'java/io/FileNotFoundException'{0x000001bed1fa23e8}> (0x000001bed1fa23e8) 
thrown [s\src\hotspot\share\prims\jni.cpp, line 516]
Event: 7.290 Thread 0x000001a941b7a430 Exception <a 'java/lang/NoSuchMethodError'{0x000001bed2766568}: 'int java.lang.invoke.DirectMethodHandle$Holder.invokeSpecialIFC(java.lang.Object, java.lang.Object, java.lang.Object, java.lang.Object, java.lang.Object)'> (0x000001bed2766568) 
thrown [s\src\hotspot\share\interpreter\linkResolver.cpp, line 759]
Event: 7.424 Thread 0x000001a9414dcd40 Exception <a 'java/lang/UnsatisfiedLinkError'{0x000001bed184e160}: The specified procedure could not be found.
> (0x000001bed184e160) 
thrown [s\src\hotspot\share\prims\jni.cpp, line 535]
Event: 7.435 Thread 0x000001a9414dcd40 Exception <a 'java/io/FileNotFoundException'{0x000001bed18d9380}> (0x000001bed18d9380) 
thrown [s\src\hotspot\share\prims\jni.cpp, line 516]
Event: 7.460 Thread 0x000001a9414dcd40 Exception <a 'java/io/FileNotFoundException'{0x000001bed1a6faf0}> (0x000001bed1a6faf0) 
thrown [s\src\hotspot\share\prims\jni.cpp, line 516]
Event: 7.489 Thread 0x000001a9414dcd40 Exception <a 'java/lang/UnsatisfiedLinkError'{0x000001bed1b94540}: The specified procedure could not be found.
> (0x000001bed1b94540) 
thrown [s\src\hotspot\share\prims\jni.cpp, line 535]
Event: 7.512 Thread 0x000001a941b7a430 Exception <a 'java/lang/NoClassDefFoundError'{0x000001bed1c71cb0}: javax/enterprise/inject/Typed> (0x000001bed1c71cb0) 
thrown [s\src\hotspot\share\classfile\systemDictionary.cpp, line 245]
Event: 7.677 Thread 0x000001a9792d1300 Exception <a 'java/lang/NoSuchMethodError'{0x000001bed18388a8}: 'java.lang.Object java.lang.invoke.DirectMethodHandle$Holder.invokeStatic(java.lang.Object, java.lang.Object, long, java.lang.Object)'> (0x000001bed18388a8) 
thrown [s\src\hotspot\share\interpreter\linkResolver.cpp, line 759]
Event: 7.678 Thread 0x000001a9792d1300 Exception <a 'java/lang/NoSuchMethodError'{0x000001bed183d210}: 'java.lang.Object java.lang.invoke.DirectMethodHandle$Holder.invokeStaticInit(java.lang.Object, java.lang.Object, long, java.lang.Object)'> (0x000001bed183d210) 
thrown [s\src\hotspot\share\interpreter\linkResolver.cpp, line 759]
Event: 7.679 Thread 0x000001a9792d1300 Exception <a 'java/lang/NoSuchMethodError'{0x000001bed1845588}: 'java.lang.Object java.lang.invoke.DirectMethodHandle$Holder.newInvokeSpecial(java.lang.Object, java.lang.Object, long)'> (0x000001bed1845588) 
thrown [s\src\hotspot\share\interpreter\linkResolver.cpp, line 759]

VM Operations (20 events):
Event: 6.996 Executing VM operation: HandshakeAllThreads
Event: 6.996 Executing VM operation: HandshakeAllThreads done
Event: 7.004 Executing VM operation: ParallelGCFailedAllocation
Event: 7.008 Executing VM operation: ParallelGCFailedAllocation done
Event: 7.011 Executing VM operation: HandshakeAllThreads
Event: 7.011 Executing VM operation: HandshakeAllThreads done
Event: 7.014 Executing VM operation: CollectForMetadataAllocation
Event: 7.049 Executing VM operation: CollectForMetadataAllocation done
Event: 7.050 Executing VM operation: HandshakeAllThreads
Event: 7.050 Executing VM operation: HandshakeAllThreads done
Event: 7.092 Executing VM operation: HandshakeAllThreads
Event: 7.092 Executing VM operation: HandshakeAllThreads done
Event: 7.363 Executing VM operation: ParallelGCFailedAllocation
Event: 7.365 Executing VM operation: ParallelGCFailedAllocation done
Event: 7.388 Executing VM operation: HandshakeAllThreads
Event: 7.388 Executing VM operation: HandshakeAllThreads done
Event: 7.469 Executing VM operation: HandshakeAllThreads
Event: 7.469 Executing VM operation: HandshakeAllThreads done
Event: 7.660 Executing VM operation: ParallelGCFailedAllocation
Event: 7.662 Executing VM operation: ParallelGCFailedAllocation done

Events (20 events):
Event: 7.697 Thread 0x000001a94404b330 Thread added: 0x000001a94404b330
Event: 7.697 loading class sun/nio/ch/Invoker$GroupAndInvokeCount done
Event: 7.697 Thread 0x000001a94404c260 Thread added: 0x000001a94404c260
Event: 7.697 Thread 0x000001a9440499e0 Thread added: 0x000001a9440499e0
Event: 7.698 Thread 0x000001a944047b80 Thread added: 0x000001a944047b80
Event: 7.698 loading class sun/nio/ch/PendingIoCache
Event: 7.698 loading class sun/nio/ch/PendingIoCache done
Event: 7.739 Thread 0x000001a94404e0c0 Thread added: 0x000001a94404e0c0
Event: 7.749 loading class java/util/concurrent/CompletableFuture
Event: 7.750 loading class java/util/concurrent/CompletableFuture done
Event: 7.766 loading class sun/reflect/generics/scope/MethodScope
Event: 7.766 loading class sun/reflect/generics/scope/MethodScope done
Event: 7.766 loading class sun/reflect/generics/repository/MethodRepository
Event: 7.766 loading class sun/reflect/generics/repository/ConstructorRepository
Event: 7.767 loading class sun/reflect/generics/repository/ConstructorRepository done
Event: 7.767 loading class sun/reflect/generics/repository/MethodRepository done
Event: 7.767 loading class sun/reflect/generics/tree/MethodTypeSignature
Event: 7.767 loading class sun/reflect/generics/tree/MethodTypeSignature done
Event: 7.784 loading class jdk/internal/vm/annotation/IntrinsicCandidate
Event: 7.784 loading class jdk/internal/vm/annotation/IntrinsicCandidate done


Dynamic libraries:
0x00007ff6acd10000 - 0x00007ff6acd1e000 	c:\Users\galax\.vscode\extensions\redhat.java-1.30.0-win32-x64\jre\17.0.10-win32-x86_64\bin\java.exe
0x00007ffc766f0000 - 0x00007ffc76907000 	C:\WINDOWS\SYSTEM32\ntdll.dll
0x00007ffc758e0000 - 0x00007ffc759a4000 	C:\WINDOWS\System32\KERNEL32.DLL
0x00007ffc73a60000 - 0x00007ffc73e07000 	C:\WINDOWS\System32\KERNELBASE.dll
0x00007ffc741a0000 - 0x00007ffc742b1000 	C:\WINDOWS\System32\ucrtbase.dll
0x00007ffc6e720000 - 0x00007ffc6e737000 	c:\Users\galax\.vscode\extensions\redhat.java-1.30.0-win32-x64\jre\17.0.10-win32-x86_64\bin\jli.dll
0x00007ffc752b0000 - 0x00007ffc7545e000 	C:\WINDOWS\System32\USER32.dll
0x00007ffc73e10000 - 0x00007ffc73e36000 	C:\WINDOWS\System32\win32u.dll
0x00007ffc75d60000 - 0x00007ffc75d89000 	C:\WINDOWS\System32\GDI32.dll
0x00007ffc74050000 - 0x00007ffc74169000 	C:\WINDOWS\System32\gdi32full.dll
0x00007ffc73e40000 - 0x00007ffc73eda000 	C:\WINDOWS\System32\msvcp_win.dll
0x00007ffc6e740000 - 0x00007ffc6e75b000 	c:\Users\galax\.vscode\extensions\redhat.java-1.30.0-win32-x64\jre\17.0.10-win32-x86_64\bin\VCRUNTIME140.dll
0x00007ffc5e3f0000 - 0x00007ffc5e683000 	C:\WINDOWS\WinSxS\amd64_microsoft.windows.common-controls_6595b64144ccf1df_6.0.22621.3527_none_270e469b73872a76\COMCTL32.dll
0x00007ffc74c50000 - 0x00007ffc74cf7000 	C:\WINDOWS\System32\msvcrt.dll
0x00007ffc751f0000 - 0x00007ffc75221000 	C:\WINDOWS\System32\IMM32.DLL
0x00007ffc70740000 - 0x00007ffc7074c000 	c:\Users\galax\.vscode\extensions\redhat.java-1.30.0-win32-x64\jre\17.0.10-win32-x86_64\bin\vcruntime140_1.dll
0x00007ffc5d860000 - 0x00007ffc5d8ed000 	c:\Users\galax\.vscode\extensions\redhat.java-1.30.0-win32-x64\jre\17.0.10-win32-x86_64\bin\msvcp140.dll
0x00007ffc1f710000 - 0x00007ffc20372000 	c:\Users\galax\.vscode\extensions\redhat.java-1.30.0-win32-x64\jre\17.0.10-win32-x86_64\bin\server\jvm.dll
0x00007ffc75010000 - 0x00007ffc750c2000 	C:\WINDOWS\System32\ADVAPI32.dll
0x00007ffc76090000 - 0x00007ffc76138000 	C:\WINDOWS\System32\sechost.dll
0x00007ffc74170000 - 0x00007ffc74198000 	C:\WINDOWS\System32\bcrypt.dll
0x00007ffc75be0000 - 0x00007ffc75cf5000 	C:\WINDOWS\System32\RPCRT4.dll
0x00007ffc6e710000 - 0x00007ffc6e719000 	C:\WINDOWS\SYSTEM32\WSOCK32.dll
0x00007ffc738a0000 - 0x00007ffc738ed000 	C:\WINDOWS\SYSTEM32\POWRPROF.dll
0x00007ffc75230000 - 0x00007ffc752a1000 	C:\WINDOWS\System32\WS2_32.dll
0x00007ffc6a810000 - 0x00007ffc6a81a000 	C:\WINDOWS\SYSTEM32\VERSION.dll
0x00007ffc6c3e0000 - 0x00007ffc6c414000 	C:\WINDOWS\SYSTEM32\WINMM.dll
0x00007ffc73880000 - 0x00007ffc73893000 	C:\WINDOWS\SYSTEM32\UMPDC.dll
0x00007ffc729c0000 - 0x00007ffc729d8000 	C:\WINDOWS\SYSTEM32\kernel.appcore.dll
0x00007ffc6dfd0000 - 0x00007ffc6dfda000 	c:\Users\galax\.vscode\extensions\redhat.java-1.30.0-win32-x64\jre\17.0.10-win32-x86_64\bin\jimage.dll
0x00007ffc713a0000 - 0x00007ffc715d2000 	C:\WINDOWS\SYSTEM32\DBGHELP.DLL
0x00007ffc762f0000 - 0x00007ffc76678000 	C:\WINDOWS\System32\combase.dll
0x00007ffc74f30000 - 0x00007ffc75007000 	C:\WINDOWS\System32\OLEAUT32.dll
0x00007ffc68c20000 - 0x00007ffc68c52000 	C:\WINDOWS\SYSTEM32\dbgcore.DLL
0x00007ffc739e0000 - 0x00007ffc73a59000 	C:\WINDOWS\System32\bcryptPrimitives.dll
0x00007ffc6b5c0000 - 0x00007ffc6b5ce000 	c:\Users\galax\.vscode\extensions\redhat.java-1.30.0-win32-x64\jre\17.0.10-win32-x86_64\bin\instrument.dll
0x00007ffc60a70000 - 0x00007ffc60a95000 	c:\Users\galax\.vscode\extensions\redhat.java-1.30.0-win32-x64\jre\17.0.10-win32-x86_64\bin\java.dll
0x00007ffc6b1c0000 - 0x00007ffc6b1d8000 	c:\Users\galax\.vscode\extensions\redhat.java-1.30.0-win32-x64\jre\17.0.10-win32-x86_64\bin\zip.dll
0x00007ffc743f0000 - 0x00007ffc74c4c000 	C:\WINDOWS\System32\SHELL32.dll
0x00007ffc718d0000 - 0x00007ffc721c6000 	C:\WINDOWS\SYSTEM32\windows.storage.dll
0x00007ffc71790000 - 0x00007ffc718ce000 	C:\WINDOWS\SYSTEM32\wintypes.dll
0x00007ffc75d90000 - 0x00007ffc75e85000 	C:\WINDOWS\System32\SHCORE.dll
0x00007ffc74dd0000 - 0x00007ffc74e2e000 	C:\WINDOWS\System32\shlwapi.dll
0x00007ffc73910000 - 0x00007ffc73931000 	C:\WINDOWS\SYSTEM32\profapi.dll
0x00007ffc60870000 - 0x00007ffc60889000 	C:\Users\galax\.vscode\extensions\redhat.java-1.30.0-win32-x64\jre\17.0.10-win32-x86_64\bin\net.dll
0x00007ffc6ce70000 - 0x00007ffc6cfa6000 	C:\WINDOWS\SYSTEM32\WINHTTP.dll
0x00007ffc72e20000 - 0x00007ffc72e89000 	C:\WINDOWS\system32\mswsock.dll
0x00007ffc60850000 - 0x00007ffc60866000 	C:\Users\galax\.vscode\extensions\redhat.java-1.30.0-win32-x64\jre\17.0.10-win32-x86_64\bin\nio.dll
0x00007ffc6b5b0000 - 0x00007ffc6b5c0000 	c:\Users\galax\.vscode\extensions\redhat.java-1.30.0-win32-x64\jre\17.0.10-win32-x86_64\bin\verify.dll
0x00007ffc513b0000 - 0x00007ffc513ee000 	C:\Users\galax\AppData\Roaming\Code\User\globalStorage\redhat.java\1.30.0\config_win\org.eclipse.equinox.launcher\org.eclipse.equinox.launcher.win32.win32.x86_64_1.2.900.v20240213-1244\eclipse_11900.dll
0x00007ffc76140000 - 0x00007ffc762e5000 	C:\WINDOWS\System32\ole32.dll
0x00007ffc73070000 - 0x00007ffc7308b000 	C:\WINDOWS\SYSTEM32\CRYPTSP.dll
0x00007ffc72920000 - 0x00007ffc72955000 	C:\WINDOWS\system32\rsaenh.dll
0x00007ffc72ed0000 - 0x00007ffc72ef8000 	C:\WINDOWS\SYSTEM32\USERENV.dll
0x00007ffc73030000 - 0x00007ffc7303c000 	C:\WINDOWS\SYSTEM32\CRYPTBASE.dll
0x00007ffc72470000 - 0x00007ffc7249d000 	C:\WINDOWS\SYSTEM32\IPHLPAPI.DLL
0x00007ffc74db0000 - 0x00007ffc74db9000 	C:\WINDOWS\System32\NSI.dll
0x00007ffc6d570000 - 0x00007ffc6d589000 	C:\WINDOWS\SYSTEM32\dhcpcsvc6.DLL
0x00007ffc6d080000 - 0x00007ffc6d09f000 	C:\WINDOWS\SYSTEM32\dhcpcsvc.DLL
0x00007ffc724a0000 - 0x00007ffc72598000 	C:\WINDOWS\SYSTEM32\DNSAPI.dll
0x00007ffc5d810000 - 0x00007ffc5d855000 	C:\Users\galax\AppData\Local\Temp\jna-79889305\jna17812674874655511643.dll
0x00007ffc74dc0000 - 0x00007ffc74dc8000 	C:\WINDOWS\System32\PSAPI.DLL

dbghelp: loaded successfully - version: 4.0.5 - missing functions: none
symbol engine: initialized successfully - sym options: 0x614 - pdb path: .;c:\Users\galax\.vscode\extensions\redhat.java-1.30.0-win32-x64\jre\17.0.10-win32-x86_64\bin;C:\WINDOWS\SYSTEM32;C:\WINDOWS\WinSxS\amd64_microsoft.windows.common-controls_6595b64144ccf1df_6.0.22621.3527_none_270e469b73872a76;c:\Users\galax\.vscode\extensions\redhat.java-1.30.0-win32-x64\jre\17.0.10-win32-x86_64\bin\server;C:\Users\galax\AppData\Roaming\Code\User\globalStorage\redhat.java\1.30.0\config_win\org.eclipse.equinox.launcher\org.eclipse.equinox.launcher.win32.win32.x86_64_1.2.900.v20240213-1244;C:\Users\galax\AppData\Local\Temp\jna-79889305

VM Arguments:
jvm_args: --add-modules=ALL-SYSTEM --add-opens=java.base/java.util=ALL-UNNAMED --add-opens=java.base/java.lang=ALL-UNNAMED --add-opens=java.base/sun.nio.fs=ALL-UNNAMED -Declipse.application=org.eclipse.jdt.ls.core.id1 -Dosgi.bundles.defaultStartLevel=4 -Declipse.product=org.eclipse.jdt.ls.core.product -Djava.import.generatesMetadataFilesAtProjectRoot=false -DDetectVMInstallationsJob.disabled=true -Dfile.encoding=utf8 -XX:+UseParallelGC -XX:GCTimeRatio=4 -XX:AdaptiveSizePolicyWeight=90 -Dsun.zip.disableMemoryMapping=true -Xmx128G -Xms100m -Xlog:disable -javaagent:c:\Users\galax\.vscode\extensions\redhat.java-1.30.0-win32-x64\lombok\lombok-1.18.32.jar -XX:+HeapDumpOnOutOfMemoryError -XX:HeapDumpPath=c:\Users\galax\AppData\Roaming\Code\User\workspaceStorage\715939317411bacedd6cdfeea8c9b0d6\redhat.java -Daether.dependencyCollector.impl=bf 
java_command: c:\Users\galax\.vscode\extensions\redhat.java-1.30.0-win32-x64\server\plugins\org.eclipse.equinox.launcher_1.6.800.v20240330-1250.jar -configuration c:\Users\galax\AppData\Roaming\Code\User\globalStorage\redhat.java\1.30.0\config_win -data c:\Users\galax\AppData\Roaming\Code\User\workspaceStorage\715939317411bacedd6cdfeea8c9b0d6\redhat.java\jdt_ws --pipe=\\.\pipe\lsp-2d7adef19252d789963d2b3ee9d66b13-sock
java_class_path (initial): c:\Users\galax\.vscode\extensions\redhat.java-1.30.0-win32-x64\server\plugins\org.eclipse.equinox.launcher_1.6.800.v20240330-1250.jar
Launcher Type: SUN_STANDARD

[Global flags]
    uintx AdaptiveSizePolicyWeight                 = 90                                        {product} {command line}
     intx CICompilerCount                          = 4                                         {product} {ergonomic}
    uintx GCTimeRatio                              = 4                                         {product} {command line}
     bool HeapDumpOnOutOfMemoryError               = true                                   {manageable} {command line}
    ccstr HeapDumpPath                             = c:\Users\galax\AppData\Roaming\Code\User\workspaceStorage\715939317411bacedd6cdfeea8c9b0d6\redhat.java         {manageable} {command line}
   size_t InitialHeapSize                          = 104857600                                 {product} {command line}
   size_t MaxHeapSize                              = 137438953472                              {product} {command line}
   size_t MaxNewSize                               = 45812809728                               {product} {ergonomic}
   size_t MinHeapDeltaBytes                        = 524288                                    {product} {ergonomic}
   size_t MinHeapSize                              = 104857600                                 {product} {command line}
   size_t NewSize                                  = 34603008                                  {product} {ergonomic}
    uintx NonNMethodCodeHeapSize                   = 5839372                                {pd product} {ergonomic}
    uintx NonProfiledCodeHeapSize                  = 122909434                              {pd product} {ergonomic}
   size_t OldSize                                  = 70254592                                  {product} {ergonomic}
    uintx ProfiledCodeHeapSize                     = 122909434                              {pd product} {ergonomic}
    uintx ReservedCodeCacheSize                    = 251658240                              {pd product} {ergonomic}
     bool SegmentedCodeCache                       = true                                      {product} {ergonomic}
   size_t SoftMaxHeapSize                          = 137438953472                           {manageable} {ergonomic}
     bool UseCompressedClassPointers               = true                           {product lp64_product} {ergonomic}
     bool UseLargePagesIndividualAllocation        = false                                  {pd product} {ergonomic}
     bool UseParallelGC                            = true                                      {product} {command line}

Logging:
Log output configuration:
 #0: stdout all=off uptime,level,tags
 #1: stderr all=off uptime,level,tags

Environment Variables:
JAVA_HOME=C:\Program Files\Eclipse Adoptium\jdk-21.0.1.12-hotspot
PATH=C:\Program Files\Eclipse Adoptium\jdk-21.0.3.9-hotspot\bin;C:\Program Files\Common Files\Oracle\Java\javapath;C:\Program Files\Eclipse Adoptium\jdk-21.0.1.12-hotspot;C:\Program Files (x86)\Common Files\Oracle\Java\java8path;C:\Program Files (x86)\Common Files\Oracle\Java\javapath;C:\Windows\system32;C:\Windows;C:\Windows\System32\Wbem;C:\Windows\System32\WindowsPowerShell\v1.0\;C:\Windows\System32\OpenSSH\;C:\Program Files (x86)\NVIDIA Corporation\PhysX\Common;C:\Program Files\NVIDIA Corporation\NVIDIA NvDLISR;C:\WINDOWS\system32;C:\WINDOWS;C:\WINDOWS\System32\Wbem;C:\WINDOWS\System32\WindowsPowerShell\v1.0\;C:\WINDOWS\System32\OpenSSH\;C:\Users\galax\AppData\Roaming\nvm;C:\Program Files\nodejs;C:\Program Files\Graphviz\bin;C:\Program Files\GitHub CLI\;C:\Program Files\Git\cmd;C:\Users\galax\AppData\Local\Programs\Python\Python39\Scripts\;C:\Users\galax\AppData\Local\Programs\Python\Python39\;C:\Users\galax\AppData\Local\Programs\Python\Python312\Scripts\;C:\Users\galax\AppData\Local\Programs\Python\Python312\;C:\Users\galax\.console-ninja\.bin;C:\Users\galax\AppData\Local\Microsoft\WindowsApps;C:\Users\galax\AppData\Local\Programs\oh-my-posh\bin;C:\Program Files\JetBrains\IntelliJ IDEA Community Edition 2023.2\bin;C:\Users\galax\AppData\Roaming\npm;C:\Users\galax\AppData\Local\Programs\mongosh\;C:\Users\galax\AppData\Local\GitHubDesktop\bin;C:\Users\galax\AppData\Roaming\nvm;C:\Program Files\nodejs;C:\Program Files\Eclipse Adoptium\jdk-21.0.1.12-hotspot;C:\Program Files\Git\bin;D:\whois;C:\Program Files (x86)\IntelliJ IDEA Community Edition 2023.2\bin;;C:\Microsoft VS Code\bin;
USERNAME=Singh
OS=Windows_NT
PROCESSOR_IDENTIFIER=AMD64 Family 25 Model 80 Stepping 0, AuthenticAMD
TMP=C:\Users\galax\AppData\Local\Temp
TEMP=C:\Users\galax\AppData\Local\Temp



Periodic native trim disabled


---------------  S Y S T E M  ---------------

OS:
 Windows 11 , 64 bit Build 22621 (10.0.22621.3527)
OS uptime: 0 days 11:18 hours
Hyper-V role detected

CPU: total 12 (initial active 12) (12 cores per cpu, 2 threads per core) family 25 model 80 stepping 0 microcode 0x0, cx8, cmov, fxsr, ht, mmx, 3dnowpref, sse, sse2, sse3, ssse3, sse4a, sse4.1, sse4.2, popcnt, lzcnt, tsc, tscinvbit, avx, avx2, aes, erms, clmul, bmi1, bmi2, adx, sha, fma, vzeroupper, clflush, clflushopt, hv
Processor Information for all 12 processors :
  Max Mhz: 3301, Current Mhz: 1908, Mhz Limit: 3301

Memory: 4k page, system-wide physical 15724M (6971M free)
TotalPageFile size 20724M (AvailPageFile size 221M)
current process WorkingSet (physical memory assigned to process): 192M, peak: 194M
current process commit charge ("private bytes"): 4626M, peak: 4627M

vm_info: OpenJDK 64-Bit Server VM (17.0.10+7) for windows-amd64 JRE (17.0.10+7), built on Jan 16 2024 23:25:11 by "admin" with MS VC++ 16.10 / 16.11 (VS2019)

END.
