#
# There is insufficient memory for the Java Runtime Environment to continue.
# Native memory allocation (mmap) failed to map 65536 bytes for Failed to commit metaspace.
# Possible reasons:
#   The system is out of physical RAM or swap space
# Possible solutions:
#   Reduce memory load on the system
#   Increase physical memory or swap space
#   Check if swap backing store is full
#   Decrease Java heap size (-Xmx/-Xms)
#   Decrease number of Java threads
#   Decrease Java thread stack sizes (-Xss)
#   Set larger code cache with -XX:ReservedCodeCacheSize=
# This output file may be truncated or incomplete.
#
#  Out of Memory Error (virtualSpaceNode.cpp:110), pid=6116, tid=18360
#
# JRE version: OpenJDK Runtime Environment Temurin-17.0.10+7 (17.0.10+7) (build 17.0.10+7)
# Java VM: OpenJDK 64-Bit Server VM Temurin-17.0.10+7 (17.0.10+7, mixed mode, tiered, compressed class ptrs, parallel gc, windows-amd64)
# No core dump will be written. Minidumps are not enabled by default on client versions of Windows
#

---------------  S U M M A R Y ------------

Command Line: --add-modules=ALL-SYSTEM --add-opens=java.base/java.util=ALL-UNNAMED --add-opens=java.base/java.lang=ALL-UNNAMED --add-opens=java.base/sun.nio.fs=ALL-UNNAMED -Declipse.application=org.eclipse.jdt.ls.core.id1 -Dosgi.bundles.defaultStartLevel=4 -Declipse.product=org.eclipse.jdt.ls.core.product -Djava.import.generatesMetadataFilesAtProjectRoot=false -DDetectVMInstallationsJob.disabled=true -Dfile.encoding=utf8 -XX:+UseParallelGC -XX:GCTimeRatio=4 -XX:AdaptiveSizePolicyWeight=90 -Dsun.zip.disableMemoryMapping=true -Xmx128G -Xms100m -Xlog:disable -javaagent:c:\Users\galax\.vscode\extensions\redhat.java-1.30.0-win32-x64\lombok\lombok-1.18.32.jar c:\Users\galax\.vscode\extensions\redhat.java-1.30.0-win32-x64\server\plugins\org.eclipse.equinox.launcher_1.6.800.v20240330-1250.jar -configuration c:\Users\galax\AppData\Roaming\Code\User\globalStorage\redhat.java\1.30.0\config_ss_win -data c:\Users\galax\AppData\Roaming\Code\User\workspaceStorage\715939317411bacedd6cdfeea8c9b0d6\redhat.java\ss_ws --pipe=\\.\pipe\lsp-711e300a6078ba582e45c799636fbcd6-sock

Host: AMD Ryzen 5 5600H with Radeon Graphics         , 12 cores, 15G,  Windows 11 , 64 bit Build 22621 (10.0.22621.3527)
Time: Tue May 21 21:39:25 2024 India Standard Time elapsed time: 2.707212 seconds (0d 0h 0m 2s)

---------------  T H R E A D  ---------------

Current thread (0x000001fd6b18f710):  JavaThread "main" [_thread_in_vm, id=18360, stack(0x000000cadcc00000,0x000000cadcd00000)]

Stack: [0x000000cadcc00000,0x000000cadcd00000]
Native frames: (J=compiled Java code, j=interpreted, Vv=VM code, C=native code)
V  [jvm.dll+0x67d2c9]
V  [jvm.dll+0x834afa]
V  [jvm.dll+0x8365be]
V  [jvm.dll+0x836c23]
V  [jvm.dll+0x2477ff]
V  [jvm.dll+0x8307bb]
V  [jvm.dll+0x621d16]
V  [jvm.dll+0x621d7a]
V  [jvm.dll+0x6245aa]
V  [jvm.dll+0x6226b6]
V  [jvm.dll+0x23bd4f]
V  [jvm.dll+0x62c565]
V  [jvm.dll+0x1eb80b]
V  [jvm.dll+0x1ebd45]
V  [jvm.dll+0x1ec800]
V  [jvm.dll+0x1e1c01]
V  [jvm.dll+0x5427ce]
V  [jvm.dll+0x1f2647]
V  [jvm.dll+0x7adf9b]
V  [jvm.dll+0x7af36c]
V  [jvm.dll+0x7af6b8]
V  [jvm.dll+0x23face]
V  [jvm.dll+0x38260e]
C  0x000001fd7536ad77

The last pc belongs to new (printed below).
Java frames: (J=compiled Java code, j=interpreted, Vv=VM code)
j  java.time.format.DateTimeFormatter.parseUnresolved0(Ljava/lang/CharSequence;Ljava/text/ParsePosition;)Ljava/time/format/DateTimeParseContext;+16 java.base@17.0.10
j  java.time.format.DateTimeFormatter.parseResolved0(Ljava/lang/CharSequence;Ljava/text/ParsePosition;)Ljava/time/temporal/TemporalAccessor;+20 java.base@17.0.10
j  java.time.format.DateTimeFormatter.parse(Ljava/lang/CharSequence;)Ljava/time/temporal/TemporalAccessor;+11 java.base@17.0.10
j  org.eclipse.jdt.ls.core.internal.LogReader$LogEntry.processEntry(Ljava/lang/String;)V+172
j  org.eclipse.jdt.ls.core.internal.LogReader.parseLogFile(Ljava/io/File;Ljava/lang/String;)Ljava/util/List;+455
j  org.eclipse.jdt.ls.core.internal.handlers.LogHandler.setClientConnection(Lorg/eclipse/jdt/ls/core/internal/JavaClientConnection;)V+65
j  org.eclipse.jdt.ls.core.internal.JavaLanguageServerPlugin.startConnection()V+326
j  org.eclipse.jdt.ls.core.internal.JavaLanguageServerPlugin.startLanguageServer(Lorg/eclipse/jdt/ls/core/internal/LanguageServerApplication;)V+16
j  org.eclipse.jdt.ls.core.internal.LanguageServerApplication.start(Lorg/eclipse/equinox/app/IApplicationContext;)Ljava/lang/Object;+8
j  org.eclipse.equinox.internal.app.EclipseAppHandle.run(Ljava/lang/Object;)Ljava/lang/Object;+138
j  org.eclipse.core.runtime.internal.adaptor.EclipseAppLauncher.runApplication(Ljava/lang/Object;)Ljava/lang/Object;+85
j  org.eclipse.core.runtime.internal.adaptor.EclipseAppLauncher.start(Ljava/lang/Object;)Ljava/lang/Object;+79
j  org.eclipse.core.runtime.adaptor.EclipseStarter.run(Ljava/lang/Object;)Ljava/lang/Object;+99
j  org.eclipse.core.runtime.adaptor.EclipseStarter.run([Ljava/lang/String;Ljava/lang/Runnable;)Ljava/lang/Object;+132
v  ~StubRoutines::call_stub
j  jdk.internal.reflect.NativeMethodAccessorImpl.invoke0(Ljava/lang/reflect/Method;Ljava/lang/Object;[Ljava/lang/Object;)Ljava/lang/Object;+0 java.base@17.0.10
j  jdk.internal.reflect.NativeMethodAccessorImpl.invoke(Ljava/lang/Object;[Ljava/lang/Object;)Ljava/lang/Object;+133 java.base@17.0.10
j  jdk.internal.reflect.DelegatingMethodAccessorImpl.invoke(Ljava/lang/Object;[Ljava/lang/Object;)Ljava/lang/Object;+6 java.base@17.0.10
j  java.lang.reflect.Method.invoke(Ljava/lang/Object;[Ljava/lang/Object;)Ljava/lang/Object;+59 java.base@17.0.10
j  org.eclipse.equinox.launcher.Main.invokeFramework([Ljava/lang/String;[Ljava/net/URL;)V+202
j  org.eclipse.equinox.launcher.Main.basicRun([Ljava/lang/String;)V+159
j  org.eclipse.equinox.launcher.Main.run([Ljava/lang/String;)I+4
j  org.eclipse.equinox.launcher.Main.main([Ljava/lang/String;)V+10
v  ~StubRoutines::call_stub
new  187 new  [0x000001fd7536abe0, 0x000001fd7536ae00]  544 bytes
[MachCode]
  0x000001fd7536abe0: 4883 ec08 | c5fa 1104 | 24eb 1f48 | 83ec 10c5 | fb11 0424 | eb14 4883 | ec10 4889 | 0424 48c7 
  0x000001fd7536ac00: 4424 0800 | 0000 00eb | 0150 410f | b755 010f | cac1 ea10 | 488b 4de8 | 488b 4908 | 488b 4908 
  0x000001fd7536ac20: 488b 4108 | 807c 1004 | 070f 85d2 | 0000 0066 | 8b54 d148 | 488b 4928 | 488b 4cd1 | 0851 80b9 
  0x000001fd7536ac40: 3301 0000 | 040f 85b5 | 0000 008b | 5108 f7c2 | 0100 0000 | 0f85 a600 | 0000 498b | 8708 0100 
  0x000001fd7536ac60: 0048 8d1c | 1049 3b9f | 1801 0000 | 0f87 8e00 | 0000 4989 | 9f08 0100 | 00e9 0000 | 0000 4883 
  0x000001fd7536ac80: ea10 0f84 | 0f00 0000 | 33c9 c1ea | 0348 894c | d008 48ff | ca75 f648 | c700 0100 | 0000 5933 
  0x000001fd7536aca0: f689 700c | 8948 0849 | ba7a 3529 | eafa 7f00 | 0041 803a | 000f 8440 | 0000 0050 | 488b c848 
  0x000001fd7536acc0: 83ec 20f7 | c40f 0000 | 000f 841a | 0000 0048 | 83ec 0849 | ba20 30df | e9fa 7f00 | 0041 ffd2 
  0x000001fd7536ace0: 4883 c408 | e90d 0000 | 0049 ba20 | 30df e9fa | 7f00 0041 | ffd2 4883 | c420 58e9 | cd00 0000 
  0x000001fd7536ad00: 5948 8b55 | e848 8b52 | 0848 8b52 | 0845 0fb7 | 4501 410f | c841 c1e8 | 10e8 0500 | 0000 e9aa 
  0x000001fd7536ad20: 0000 0048 | 8d44 2408 | 4c89 6dc0 | 498b cfc5 | f877 4989 | afa8 0200 | 0049 8987 | 9802 0000 
  0x000001fd7536ad40: 4883 ec20 | f7c4 0f00 | 0000 0f84 | 1a00 0000 | 4883 ec08 | 49ba c025 | a9e9 fa7f | 0000 41ff 
  0x000001fd7536ad60: d248 83c4 | 08e9 0d00 | 0000 49ba | c025 a9e9 | fa7f 0000 | 41ff d248 | 83c4 2049 | c787 9802 
  0x000001fd7536ad80: 0000 0000 | 0000 49c7 | 87a8 0200 | 0000 0000 | 0049 c787 | a002 0000 | 0000 0000 | c5f8 7749 
  0x000001fd7536ada0: 817f 0800 | 0000 000f | 8405 0000 | 00e9 4e61 | feff 498b | 87f0 0200 | 0049 c787 | f002 0000 
  0x000001fd7536adc0: 0000 0000 | 4c8b 6dc0 | 4c8b 75c8 | c341 0fb6 | 5d03 4983 | c503 49ba | 90a1 2bea | fa7f 0000 
  0x000001fd7536ade0: 41ff 24da | 0f1f 4000 | 0000 0000 | 0000 0000 | 0000 0000 | 0000 0000 | 0000 0000 | 0000 0000 
[/MachCode]

---------------  P R O C E S S  ---------------

Threads class SMR info:
_java_thread_list=0x000001fd32fbf270, length=38, elements={
0x000001fd6b18f710, 0x000001fd307e5020, 0x000001fd307e6190, 0x000001fd30812f20,
0x000001fd30813ae0, 0x000001fd30814ee0, 0x000001fd3081ba50, 0x000001fd3081e740,
0x000001fd308208b0, 0x000001fd30829990, 0x000001fd30906030, 0x000001fd30b1dad0,
0x000001fd32700ea0, 0x000001fd326db180, 0x000001fd326dc280, 0x000001fd3283b010,
0x000001fd32a7b030, 0x000001fd327ad980, 0x000001fd327ae8b0, 0x000001fd327ad470,
0x000001fd3369eaa0, 0x000001fd327aca50, 0x000001fd327ae3a0, 0x000001fd327b0200,
0x000001fd327aedc0, 0x000001fd327af2d0, 0x000001fd327af7e0, 0x000001fd33437600,
0x000001fd3343cc10, 0x000001fd3343a390, 0x000001fd334370f0, 0x000001fd33439970,
0x000001fd3343e050, 0x000001fd3343b7d0, 0x000001fd3343d630, 0x000001fd33439e80,
0x000001fd33439460, 0x000001fd3343db40
}

Java Threads: ( => current thread )
=>0x000001fd6b18f710 JavaThread "main" [_thread_in_vm, id=18360, stack(0x000000cadcc00000,0x000000cadcd00000)]
  0x000001fd307e5020 JavaThread "Reference Handler" daemon [_thread_blocked, id=3448, stack(0x000000cadcf00000,0x000000cadd000000)]
  0x000001fd307e6190 JavaThread "Finalizer" daemon [_thread_blocked, id=2928, stack(0x000000cadd000000,0x000000cadd100000)]
  0x000001fd30812f20 JavaThread "Signal Dispatcher" daemon [_thread_blocked, id=13820, stack(0x000000cadd100000,0x000000cadd200000)]
  0x000001fd30813ae0 JavaThread "Attach Listener" daemon [_thread_blocked, id=7404, stack(0x000000cadd200000,0x000000cadd300000)]
  0x000001fd30814ee0 JavaThread "Service Thread" daemon [_thread_blocked, id=7772, stack(0x000000cadd300000,0x000000cadd400000)]
  0x000001fd3081ba50 JavaThread "Monitor Deflation Thread" daemon [_thread_blocked, id=8852, stack(0x000000cadd400000,0x000000cadd500000)]
  0x000001fd3081e740 JavaThread "C2 CompilerThread0" daemon [_thread_blocked, id=15180, stack(0x000000cadd500000,0x000000cadd600000)]
  0x000001fd308208b0 JavaThread "C1 CompilerThread0" daemon [_thread_blocked, id=23732, stack(0x000000cadd600000,0x000000cadd700000)]
  0x000001fd30829990 JavaThread "Sweeper thread" daemon [_thread_blocked, id=1768, stack(0x000000cadd700000,0x000000cadd800000)]
  0x000001fd30906030 JavaThread "Common-Cleaner" daemon [_thread_blocked, id=18608, stack(0x000000cadd800000,0x000000cadd900000)]
  0x000001fd30b1dad0 JavaThread "Notification Thread" daemon [_thread_blocked, id=16460, stack(0x000000cadda00000,0x000000caddb00000)]
  0x000001fd32700ea0 JavaThread "Active Thread: Equinox Container: 330e9f69-e2bd-446f-9ac0-e9fdc3ae036a" [_thread_blocked, id=24204, stack(0x000000cade200000,0x000000cade300000)]
  0x000001fd326db180 JavaThread "Framework Event Dispatcher: Equinox Container: 330e9f69-e2bd-446f-9ac0-e9fdc3ae036a" daemon [_thread_blocked, id=22204, stack(0x000000cade300000,0x000000cade400000)]
  0x000001fd326dc280 JavaThread "Start Level: Equinox Container: 330e9f69-e2bd-446f-9ac0-e9fdc3ae036a" daemon [_thread_blocked, id=11196, stack(0x000000cade400000,0x000000cade500000)]
  0x000001fd3283b010 JavaThread "SCR Component Actor" daemon [_thread_blocked, id=24904, stack(0x000000cade700000,0x000000cade800000)]
  0x000001fd32a7b030 JavaThread "SCR Component Registry" daemon [_thread_blocked, id=25184, stack(0x000000cade800000,0x000000cade900000)]
  0x000001fd327ad980 JavaThread "Worker-JM" [_thread_blocked, id=19124, stack(0x000000cadeb00000,0x000000cadec00000)]
  0x000001fd327ae8b0 JavaThread "Worker-0" [_thread_blocked, id=24584, stack(0x000000cadec00000,0x000000caded00000)]
  0x000001fd327ad470 JavaThread "Worker-1" [_thread_blocked, id=3112, stack(0x000000caded00000,0x000000cadee00000)]
  0x000001fd3369eaa0 JavaThread "C2 CompilerThread1" daemon [_thread_blocked, id=19160, stack(0x000000cadd900000,0x000000cadda00000)]
  0x000001fd327aca50 JavaThread "JNA Cleaner" daemon [_thread_blocked, id=24072, stack(0x000000cadee00000,0x000000cadef00000)]
  0x000001fd327ae3a0 JavaThread "Thread-2" daemon [_thread_in_native, id=2520, stack(0x000000caddc00000,0x000000caddd00000)]
  0x000001fd327b0200 JavaThread "Thread-3" daemon [_thread_in_native, id=17848, stack(0x000000cadef00000,0x000000cadf000000)]
  0x000001fd327aedc0 JavaThread "Thread-4" daemon [_thread_in_native, id=11144, stack(0x000000cadf000000,0x000000cadf100000)]
  0x000001fd327af2d0 JavaThread "Thread-5" daemon [_thread_in_native, id=20744, stack(0x000000cadf100000,0x000000cadf200000)]
  0x000001fd327af7e0 JavaThread "Thread-6" daemon [_thread_in_native, id=21300, stack(0x000000cadf200000,0x000000cadf300000)]
  0x000001fd33437600 JavaThread "Thread-7" daemon [_thread_in_native, id=20664, stack(0x000000cadf300000,0x000000cadf400000)]
  0x000001fd3343cc10 JavaThread "Thread-8" daemon [_thread_in_native, id=7868, stack(0x000000cadf400000,0x000000cadf500000)]
  0x000001fd3343a390 JavaThread "Thread-9" daemon [_thread_in_native, id=3404, stack(0x000000cadf500000,0x000000cadf600000)]
  0x000001fd334370f0 JavaThread "Thread-10" daemon [_thread_in_native, id=16112, stack(0x000000cadf600000,0x000000cadf700000)]
  0x000001fd33439970 JavaThread "Thread-11" daemon [_thread_in_native, id=23080, stack(0x000000cadf700000,0x000000cadf800000)]
  0x000001fd3343e050 JavaThread "Thread-12" daemon [_thread_in_native, id=2576, stack(0x000000cadf800000,0x000000cadf900000)]
  0x000001fd3343b7d0 JavaThread "Thread-13" daemon [_thread_in_native, id=12660, stack(0x000000cadf900000,0x000000cadfa00000)]
  0x000001fd3343d630 JavaThread "Thread-14" daemon [_thread_in_native, id=23960, stack(0x000000cadfa00000,0x000000cadfb00000)]
  0x000001fd33439e80 JavaThread "pool-2-thread-1" [_thread_blocked, id=15416, stack(0x000000cadfb00000,0x000000cadfc00000)]
  0x000001fd33439460 JavaThread "WorkspaceEventsHandler" [_thread_blocked, id=16184, stack(0x000000cadfc00000,0x000000cadfd00000)]
  0x000001fd3343db40 JavaThread "pool-1-thread-1" [_thread_in_vm, id=2584, stack(0x000000cadfd00000,0x000000cadfe00000)]

Other Threads:
  0x000001fd6ad4e190 VMThread "VM Thread" [stack: 0x000000cadce00000,0x000000cadcf00000] [id=3016]
  0x000001fd31d894b0 WatcherThread [stack: 0x000000caddb00000,0x000000caddc00000] [id=18852]
  0x000001fd6b1a27f0 GCTaskThread "GC Thread#0" [stack: 0x000000cadcd00000,0x000000cadce00000] [id=19508]
  0x000001fd321ada20 GCTaskThread "GC Thread#1" [stack: 0x000000caddd00000,0x000000cadde00000] [id=13864]
  0x000001fd324afe30 GCTaskThread "GC Thread#2" [stack: 0x000000cadde00000,0x000000caddf00000] [id=21468]
  0x000001fd324b00f0 GCTaskThread "GC Thread#3" [stack: 0x000000caddf00000,0x000000cade000000] [id=24868]
  0x000001fd324b03b0 GCTaskThread "GC Thread#4" [stack: 0x000000cade000000,0x000000cade100000] [id=18232]
  0x000001fd322d2660 GCTaskThread "GC Thread#5" [stack: 0x000000cade100000,0x000000cade200000] [id=25292]
  0x000001fd68fbeb70 GCTaskThread "GC Thread#6" [stack: 0x000000cade500000,0x000000cade600000] [id=22996]
  0x000001fd32a52f40 GCTaskThread "GC Thread#7" [stack: 0x000000cade600000,0x000000cade700000] [id=12864]
  0x000001fd32baff70 GCTaskThread "GC Thread#8" [stack: 0x000000cade900000,0x000000cadea00000] [id=7784]
  0x000001fd32bb0230 GCTaskThread "GC Thread#9" [stack: 0x000000cadea00000,0x000000cadeb00000] [id=9304]

Threads with active compile tasks:

VM state: not at safepoint (normal execution)

VM Mutex/Monitor currently owned by a thread:  ([mutex/lock_event])
[0x000001fd6b18a310] Metaspace_lock - owner thread: 0x000001fd6b18f710

CDS archive(s) not mapped
Compressed class space mapped at: 0x0000000080000000-0x00000000c0000000, reserved size: 1073741824
Narrow klass base: 0x0000000000000000, Narrow klass shift: 0, Narrow klass range: 0xc0000000

GC Precious Log:
 CPUs: 12 total, 12 available
 Memory: 15724M
 Large Page Support: Disabled
 NUMA Support: Disabled
 Compressed Oops: Disabled
 Alignments: Space 512K, Generation 512K, Heap 2M
 Heap Min Capacity: 100M
 Heap Initial Capacity: 100M
 Heap Max Capacity: 128G
 Pre-touch: Disabled
 Parallel Workers: 10

Heap:
 PSYoungGen      total 26112K, used 13773K [0x00000212d2580000, 0x00000212d4400000, 0x0000021d7d000000)
  eden space 22016K, 44% used [0x00000212d2580000,0x00000212d2f01f70,0x00000212d3b00000)
  from space 4096K, 98% used [0x00000212d3b00000,0x00000212d3ef1760,0x00000212d3f00000)
  to   space 4608K, 0% used [0x00000212d3f80000,0x00000212d3f80000,0x00000212d4400000)
 ParOldGen       total 68608K, used 14995K [0x000001fd7d000000, 0x000001fd81300000, 0x00000212d2580000)
  object space 68608K, 21% used [0x000001fd7d000000,0x000001fd7dea4ee0,0x000001fd81300000)
 Metaspace       used 34912K, committed 35584K, reserved 1114112K
  class space    used 3484K, committed 3776K, reserved 1048576K

Card table byte_map: [0x000001fd00000000,0x000001fd10010000] _byte_map_base: 0x000001fc01418000

Marking Bits: (ParMarkBitMap*) 0x00007ffaea2ad7d0
 Begin Bits: [0x0000021d7d000000, 0x0000021dfd000000)
 End Bits:   [0x0000021dfd000000, 0x0000021e7d000000)

Polling page: 0x000001fd6a940000

Metaspace:

Usage:
  Non-class:     30.69 MB used.
      Class:      3.40 MB used.
       Both:     34.09 MB used.

Virtual space:
  Non-class space:       64.00 MB reserved,      31.06 MB ( 49%) committed,  1 nodes.
      Class space:        1.00 GB reserved,       3.69 MB ( <1%) committed,  1 nodes.
             Both:        1.06 GB reserved,      34.75 MB (  3%) committed. 

Chunk freelists:
   Non-Class:  720.00 KB
       Class:  12.22 MB
        Both:  12.92 MB

MaxMetaspaceSize: unlimited
CompressedClassSpaceSize: 1.00 GB
Initial GC threshold: 21.00 MB
Current GC threshold: 35.00 MB
CDS: off
MetaspaceReclaimPolicy: balanced
 - commit_granule_bytes: 65536.
 - commit_granule_words: 8192.
 - virtual_space_node_default_size: 8388608.
 - enlarge_chunks_in_place: 1.
 - new_chunks_are_fully_committed: 0.
 - uncommit_free_chunks: 1.
 - use_allocation_guard: 0.
 - handle_deallocations: 1.


Internal statistics:

num_allocs_failed_limit: 3.
num_arena_births: 354.
num_arena_deaths: 14.
num_vsnodes_births: 2.
num_vsnodes_deaths: 0.
num_space_committed: 556.
num_space_uncommitted: 0.
num_chunks_returned_to_freelist: 17.
num_chunks_taken_from_freelist: 1388.
num_chunk_merges: 5.
num_chunk_splits: 909.
num_chunks_enlarged: 605.
num_inconsistent_stats: 0.

CodeHeap 'non-profiled nmethods': size=120000Kb used=1488Kb max_used=1488Kb free=118511Kb
 bounds [0x000001fd758f0000, 0x000001fd75b60000, 0x000001fd7ce20000]
CodeHeap 'profiled nmethods': size=120000Kb used=6094Kb max_used=6094Kb free=113905Kb
 bounds [0x000001fd6de20000, 0x000001fd6e420000, 0x000001fd75350000]
CodeHeap 'non-nmethods': size=5760Kb used=1260Kb max_used=1304Kb free=4500Kb
 bounds [0x000001fd75350000, 0x000001fd755c0000, 0x000001fd758f0000]
 total_blobs=3689 nmethods=3105 adapters=498
 compilation: enabled
              stopped_count=0, restarted_count=0
 full_count=0

Compilation events (20 events):
Event: 2.698 Thread 0x000001fd308208b0 nmethod 3094 0x000001fd6e410910 code [0x000001fd6e410b00, 0x000001fd6e410f98]
Event: 2.698 Thread 0x000001fd308208b0 3095       3       java.lang.PublicMethods$MethodList::<init> (10 bytes)
Event: 2.698 Thread 0x000001fd308208b0 nmethod 3095 0x000001fd6e411110 code [0x000001fd6e4112a0, 0x000001fd6e411418]
Event: 2.701 Thread 0x000001fd308208b0 3096       3       java.nio.HeapByteBuffer::get (14 bytes)
Event: 2.701 Thread 0x000001fd3081e740 3099       4       java.nio.HeapByteBuffer::ix (7 bytes)
Event: 2.701 Thread 0x000001fd308208b0 nmethod 3096 0x000001fd6e411510 code [0x000001fd6e4116c0, 0x000001fd6e411988]
Event: 2.701 Thread 0x000001fd308208b0 3097       3       java.nio.Buffer::nextGetIndex (30 bytes)
Event: 2.701 Thread 0x000001fd308208b0 nmethod 3097 0x000001fd6e411b10 code [0x000001fd6e411cc0, 0x000001fd6e411e88]
Event: 2.701 Thread 0x000001fd308208b0 3098   !   3       org.eclipse.jdt.ls.core.internal.ConnectionStreamFactory$NamedPipeInputStream::read (128 bytes)
Event: 2.702 Thread 0x000001fd3081e740 nmethod 3099 0x000001fd75a57e90 code [0x000001fd75a58000, 0x000001fd75a58078]
Event: 2.702 Thread 0x000001fd3081e740 3101       4       java.nio.HeapByteBuffer::get (14 bytes)
Event: 2.702 Thread 0x000001fd308208b0 nmethod 3098 0x000001fd6e411f90 code [0x000001fd6e4121e0, 0x000001fd6e412b18]
Event: 2.702 Thread 0x000001fd308208b0 3100       3       java.lang.Math::max (12 bytes)
Event: 2.702 Thread 0x000001fd308208b0 nmethod 3100 0x000001fd6e412f90 code [0x000001fd6e413120, 0x000001fd6e413258]
Event: 2.703 Thread 0x000001fd3081e740 nmethod 3101 0x000001fd75a58190 code [0x000001fd75a58300, 0x000001fd75a583d8]
Event: 2.703 Thread 0x000001fd3081e740 3102   !   4       org.eclipse.jdt.ls.core.internal.ConnectionStreamFactory$NamedPipeInputStream::read (128 bytes)
Event: 2.703 Thread 0x000001fd308208b0 3103       3       java.util.Locale::hashCode (41 bytes)
Event: 2.703 Thread 0x000001fd308208b0 nmethod 3103 0x000001fd6e413310 code [0x000001fd6e4134c0, 0x000001fd6e4136d8]
Event: 2.704 Thread 0x000001fd308208b0 3104       3       java.util.Calendar::internalSet (8 bytes)
Event: 2.705 Thread 0x000001fd308208b0 nmethod 3104 0x000001fd6e413810 code [0x000001fd6e4139a0, 0x000001fd6e413ad8]

GC Heap History (20 events):
Event: 0.567 GC heap before
{Heap before GC invocations=1 (full 0):
 PSYoungGen      total 29696K, used 25600K [0x00000212d2580000, 0x00000212d4680000, 0x0000021d7d000000)
  eden space 25600K, 100% used [0x00000212d2580000,0x00000212d3e80000,0x00000212d3e80000)
  from space 4096K, 0% used [0x00000212d4280000,0x00000212d4280000,0x00000212d4680000)
  to   space 4096K, 0% used [0x00000212d3e80000,0x00000212d3e80000,0x00000212d4280000)
 ParOldGen       total 68608K, used 0K [0x000001fd7d000000, 0x000001fd81300000, 0x00000212d2580000)
  object space 68608K, 0% used [0x000001fd7d000000,0x000001fd7d000000,0x000001fd81300000)
 Metaspace       used 10373K, committed 10496K, reserved 1114112K
  class space    used 1029K, committed 1088K, reserved 1048576K
}
Event: 0.571 GC heap after
{Heap after GC invocations=1 (full 0):
 PSYoungGen      total 29696K, used 3844K [0x00000212d2580000, 0x00000212d4680000, 0x0000021d7d000000)
  eden space 25600K, 0% used [0x00000212d2580000,0x00000212d2580000,0x00000212d3e80000)
  from space 4096K, 93% used [0x00000212d3e80000,0x00000212d42412a8,0x00000212d4280000)
  to   space 4096K, 0% used [0x00000212d4280000,0x00000212d4280000,0x00000212d4680000)
 ParOldGen       total 68608K, used 16K [0x000001fd7d000000, 0x000001fd81300000, 0x00000212d2580000)
  object space 68608K, 0% used [0x000001fd7d000000,0x000001fd7d004000,0x000001fd81300000)
 Metaspace       used 10373K, committed 10496K, reserved 1114112K
  class space    used 1029K, committed 1088K, reserved 1048576K
}
Event: 0.933 GC heap before
{Heap before GC invocations=2 (full 0):
 PSYoungGen      total 29696K, used 29444K [0x00000212d2580000, 0x00000212d4680000, 0x0000021d7d000000)
  eden space 25600K, 100% used [0x00000212d2580000,0x00000212d3e80000,0x00000212d3e80000)
  from space 4096K, 93% used [0x00000212d3e80000,0x00000212d42412a8,0x00000212d4280000)
  to   space 4096K, 0% used [0x00000212d4280000,0x00000212d4280000,0x00000212d4680000)
 ParOldGen       total 68608K, used 16K [0x000001fd7d000000, 0x000001fd81300000, 0x00000212d2580000)
  object space 68608K, 0% used [0x000001fd7d000000,0x000001fd7d004000,0x000001fd81300000)
 Metaspace       used 13888K, committed 14080K, reserved 1114112K
  class space    used 1385K, committed 1472K, reserved 1048576K
}
Event: 0.937 GC heap after
{Heap after GC invocations=2 (full 0):
 PSYoungGen      total 29696K, used 4089K [0x00000212d2580000, 0x00000212d4680000, 0x0000021d7d000000)
  eden space 25600K, 0% used [0x00000212d2580000,0x00000212d2580000,0x00000212d3e80000)
  from space 4096K, 99% used [0x00000212d4280000,0x00000212d467e798,0x00000212d4680000)
  to   space 4096K, 0% used [0x00000212d3e80000,0x00000212d3e80000,0x00000212d4280000)
 ParOldGen       total 68608K, used 1866K [0x000001fd7d000000, 0x000001fd81300000, 0x00000212d2580000)
  object space 68608K, 2% used [0x000001fd7d000000,0x000001fd7d1d2ba0,0x000001fd81300000)
 Metaspace       used 13888K, committed 14080K, reserved 1114112K
  class space    used 1385K, committed 1472K, reserved 1048576K
}
Event: 1.177 GC heap before
{Heap before GC invocations=3 (full 0):
 PSYoungGen      total 29696K, used 29689K [0x00000212d2580000, 0x00000212d4680000, 0x0000021d7d000000)
  eden space 25600K, 100% used [0x00000212d2580000,0x00000212d3e80000,0x00000212d3e80000)
  from space 4096K, 99% used [0x00000212d4280000,0x00000212d467e798,0x00000212d4680000)
  to   space 4096K, 0% used [0x00000212d3e80000,0x00000212d3e80000,0x00000212d4280000)
 ParOldGen       total 68608K, used 1866K [0x000001fd7d000000, 0x000001fd81300000, 0x00000212d2580000)
  object space 68608K, 2% used [0x000001fd7d000000,0x000001fd7d1d2ba0,0x000001fd81300000)
 Metaspace       used 18420K, committed 18752K, reserved 1114112K
  class space    used 1880K, committed 2048K, reserved 1048576K
}
Event: 1.180 GC heap after
{Heap after GC invocations=3 (full 0):
 PSYoungGen      total 29696K, used 4094K [0x00000212d2580000, 0x00000212d4680000, 0x0000021d7d000000)
  eden space 25600K, 0% used [0x00000212d2580000,0x00000212d2580000,0x00000212d3e80000)
  from space 4096K, 99% used [0x00000212d3e80000,0x00000212d427f8e8,0x00000212d4280000)
  to   space 4096K, 0% used [0x00000212d4280000,0x00000212d4280000,0x00000212d4680000)
 ParOldGen       total 68608K, used 3862K [0x000001fd7d000000, 0x000001fd81300000, 0x00000212d2580000)
  object space 68608K, 5% used [0x000001fd7d000000,0x000001fd7d3c5a18,0x000001fd81300000)
 Metaspace       used 18420K, committed 18752K, reserved 1114112K
  class space    used 1880K, committed 2048K, reserved 1048576K
}
Event: 1.381 GC heap before
{Heap before GC invocations=4 (full 0):
 PSYoungGen      total 29696K, used 21781K [0x00000212d2580000, 0x00000212d4680000, 0x0000021d7d000000)
  eden space 25600K, 69% used [0x00000212d2580000,0x00000212d36c5bf8,0x00000212d3e80000)
  from space 4096K, 99% used [0x00000212d3e80000,0x00000212d427f8e8,0x00000212d4280000)
  to   space 4096K, 0% used [0x00000212d4280000,0x00000212d4280000,0x00000212d4680000)
 ParOldGen       total 68608K, used 3862K [0x000001fd7d000000, 0x000001fd81300000, 0x00000212d2580000)
  object space 68608K, 5% used [0x000001fd7d000000,0x000001fd7d3c5a18,0x000001fd81300000)
 Metaspace       used 21025K, committed 21504K, reserved 1114112K
  class space    used 2146K, committed 2368K, reserved 1048576K
}
Event: 1.383 GC heap after
{Heap after GC invocations=4 (full 0):
 PSYoungGen      total 29696K, used 4085K [0x00000212d2580000, 0x00000212d4680000, 0x0000021d7d000000)
  eden space 25600K, 0% used [0x00000212d2580000,0x00000212d2580000,0x00000212d3e80000)
  from space 4096K, 99% used [0x00000212d4280000,0x00000212d467d6a0,0x00000212d4680000)
  to   space 4096K, 0% used [0x00000212d3e80000,0x00000212d3e80000,0x00000212d4280000)
 ParOldGen       total 68608K, used 5502K [0x000001fd7d000000, 0x000001fd81300000, 0x00000212d2580000)
  object space 68608K, 8% used [0x000001fd7d000000,0x000001fd7d55fa48,0x000001fd81300000)
 Metaspace       used 21025K, committed 21504K, reserved 1114112K
  class space    used 2146K, committed 2368K, reserved 1048576K
}
Event: 1.383 GC heap before
{Heap before GC invocations=5 (full 1):
 PSYoungGen      total 29696K, used 4085K [0x00000212d2580000, 0x00000212d4680000, 0x0000021d7d000000)
  eden space 25600K, 0% used [0x00000212d2580000,0x00000212d2580000,0x00000212d3e80000)
  from space 4096K, 99% used [0x00000212d4280000,0x00000212d467d6a0,0x00000212d4680000)
  to   space 4096K, 0% used [0x00000212d3e80000,0x00000212d3e80000,0x00000212d4280000)
 ParOldGen       total 68608K, used 5502K [0x000001fd7d000000, 0x000001fd81300000, 0x00000212d2580000)
  object space 68608K, 8% used [0x000001fd7d000000,0x000001fd7d55fa48,0x000001fd81300000)
 Metaspace       used 21025K, committed 21504K, reserved 1114112K
  class space    used 2146K, committed 2368K, reserved 1048576K
}
Event: 1.396 GC heap after
{Heap after GC invocations=5 (full 1):
 PSYoungGen      total 29696K, used 0K [0x00000212d2580000, 0x00000212d4680000, 0x0000021d7d000000)
  eden space 25600K, 0% used [0x00000212d2580000,0x00000212d2580000,0x00000212d3e80000)
  from space 4096K, 0% used [0x00000212d4280000,0x00000212d4280000,0x00000212d4680000)
  to   space 4096K, 0% used [0x00000212d3e80000,0x00000212d3e80000,0x00000212d4280000)
 ParOldGen       total 68608K, used 9424K [0x000001fd7d000000, 0x000001fd81300000, 0x00000212d2580000)
  object space 68608K, 13% used [0x000001fd7d000000,0x000001fd7d9341e8,0x000001fd81300000)
 Metaspace       used 21011K, committed 21504K, reserved 1114112K
  class space    used 2142K, committed 2368K, reserved 1048576K
}
Event: 1.508 GC heap before
{Heap before GC invocations=6 (full 1):
 PSYoungGen      total 29696K, used 25600K [0x00000212d2580000, 0x00000212d4680000, 0x0000021d7d000000)
  eden space 25600K, 100% used [0x00000212d2580000,0x00000212d3e80000,0x00000212d3e80000)
  from space 4096K, 0% used [0x00000212d4280000,0x00000212d4280000,0x00000212d4680000)
  to   space 4096K, 0% used [0x00000212d3e80000,0x00000212d3e80000,0x00000212d4280000)
 ParOldGen       total 68608K, used 9424K [0x000001fd7d000000, 0x000001fd81300000, 0x00000212d2580000)
  object space 68608K, 13% used [0x000001fd7d000000,0x000001fd7d9341e8,0x000001fd81300000)
 Metaspace       used 23260K, committed 23872K, reserved 1114112K
  class space    used 2351K, committed 2624K, reserved 1048576K
}
Event: 1.509 GC heap after
{Heap after GC invocations=6 (full 1):
 PSYoungGen      total 26624K, used 1447K [0x00000212d2580000, 0x00000212d4400000, 0x0000021d7d000000)
  eden space 25088K, 0% used [0x00000212d2580000,0x00000212d2580000,0x00000212d3e00000)
  from space 1536K, 94% used [0x00000212d3e80000,0x00000212d3fe9d98,0x00000212d4000000)
  to   space 3072K, 0% used [0x00000212d4100000,0x00000212d4100000,0x00000212d4400000)
 ParOldGen       total 68608K, used 9432K [0x000001fd7d000000, 0x000001fd81300000, 0x00000212d2580000)
  object space 68608K, 13% used [0x000001fd7d000000,0x000001fd7d9361e8,0x000001fd81300000)
 Metaspace       used 23260K, committed 23872K, reserved 1114112K
  class space    used 2351K, committed 2624K, reserved 1048576K
}
Event: 1.635 GC heap before
{Heap before GC invocations=7 (full 1):
 PSYoungGen      total 26624K, used 26535K [0x00000212d2580000, 0x00000212d4400000, 0x0000021d7d000000)
  eden space 25088K, 100% used [0x00000212d2580000,0x00000212d3e00000,0x00000212d3e00000)
  from space 1536K, 94% used [0x00000212d3e80000,0x00000212d3fe9d98,0x00000212d4000000)
  to   space 3072K, 0% used [0x00000212d4100000,0x00000212d4100000,0x00000212d4400000)
 ParOldGen       total 68608K, used 9432K [0x000001fd7d000000, 0x000001fd81300000, 0x00000212d2580000)
  object space 68608K, 13% used [0x000001fd7d000000,0x000001fd7d9361e8,0x000001fd81300000)
 Metaspace       used 26889K, committed 27456K, reserved 1114112K
  class space    used 2618K, committed 2880K, reserved 1048576K
}
Event: 1.637 GC heap after
{Heap after GC invocations=7 (full 1):
 PSYoungGen      total 27648K, used 2704K [0x00000212d2580000, 0x00000212d4400000, 0x0000021d7d000000)
  eden space 24576K, 0% used [0x00000212d2580000,0x00000212d2580000,0x00000212d3d80000)
  from space 3072K, 88% used [0x00000212d4100000,0x00000212d43a4310,0x00000212d4400000)
  to   space 3072K, 0% used [0x00000212d3e00000,0x00000212d3e00000,0x00000212d4100000)
 ParOldGen       total 68608K, used 11002K [0x000001fd7d000000, 0x000001fd81300000, 0x00000212d2580000)
  object space 68608K, 16% used [0x000001fd7d000000,0x000001fd7dabebf8,0x000001fd81300000)
 Metaspace       used 26889K, committed 27456K, reserved 1114112K
  class space    used 2618K, committed 2880K, reserved 1048576K
}
Event: 1.721 GC heap before
{Heap before GC invocations=8 (full 1):
 PSYoungGen      total 27648K, used 27280K [0x00000212d2580000, 0x00000212d4400000, 0x0000021d7d000000)
  eden space 24576K, 100% used [0x00000212d2580000,0x00000212d3d80000,0x00000212d3d80000)
  from space 3072K, 88% used [0x00000212d4100000,0x00000212d43a4310,0x00000212d4400000)
  to   space 3072K, 0% used [0x00000212d3e00000,0x00000212d3e00000,0x00000212d4100000)
 ParOldGen       total 68608K, used 11002K [0x000001fd7d000000, 0x000001fd81300000, 0x00000212d2580000)
  object space 68608K, 16% used [0x000001fd7d000000,0x000001fd7dabebf8,0x000001fd81300000)
 Metaspace       used 27480K, committed 28032K, reserved 1114112K
  class space    used 2646K, committed 2880K, reserved 1048576K
}
Event: 1.723 GC heap after
{Heap after GC invocations=8 (full 1):
 PSYoungGen      total 27136K, used 2960K [0x00000212d2580000, 0x00000212d4300000, 0x0000021d7d000000)
  eden space 24064K, 0% used [0x00000212d2580000,0x00000212d2580000,0x00000212d3d00000)
  from space 3072K, 96% used [0x00000212d3e00000,0x00000212d40e4310,0x00000212d4100000)
  to   space 2048K, 0% used [0x00000212d4100000,0x00000212d4100000,0x00000212d4300000)
 ParOldGen       total 68608K, used 11010K [0x000001fd7d000000, 0x000001fd81300000, 0x00000212d2580000)
  object space 68608K, 16% used [0x000001fd7d000000,0x000001fd7dac0bf8,0x000001fd81300000)
 Metaspace       used 27480K, committed 28032K, reserved 1114112K
  class space    used 2646K, committed 2880K, reserved 1048576K
}
Event: 2.419 GC heap before
{Heap before GC invocations=9 (full 1):
 PSYoungGen      total 27136K, used 27024K [0x00000212d2580000, 0x00000212d4300000, 0x0000021d7d000000)
  eden space 24064K, 100% used [0x00000212d2580000,0x00000212d3d00000,0x00000212d3d00000)
  from space 3072K, 96% used [0x00000212d3e00000,0x00000212d40e4310,0x00000212d4100000)
  to   space 2048K, 0% used [0x00000212d4100000,0x00000212d4100000,0x00000212d4300000)
 ParOldGen       total 68608K, used 11010K [0x000001fd7d000000, 0x000001fd81300000, 0x00000212d2580000)
  object space 68608K, 16% used [0x000001fd7d000000,0x000001fd7dac0bf8,0x000001fd81300000)
 Metaspace       used 31090K, committed 31808K, reserved 1114112K
  class space    used 3008K, committed 3328K, reserved 1048576K
}
Event: 2.421 GC heap after
{Heap after GC invocations=9 (full 1):
 PSYoungGen      total 24064K, used 2034K [0x00000212d2580000, 0x00000212d4880000, 0x0000021d7d000000)
  eden space 22016K, 0% used [0x00000212d2580000,0x00000212d2580000,0x00000212d3b00000)
  from space 2048K, 99% used [0x00000212d4100000,0x00000212d42fca58,0x00000212d4300000)
  to   space 6144K, 0% used [0x00000212d3b00000,0x00000212d3b00000,0x00000212d4100000)
 ParOldGen       total 68608K, used 14323K [0x000001fd7d000000, 0x000001fd81300000, 0x00000212d2580000)
  object space 68608K, 20% used [0x000001fd7d000000,0x000001fd7ddfcdb8,0x000001fd81300000)
 Metaspace       used 31090K, committed 31808K, reserved 1114112K
  class space    used 3008K, committed 3328K, reserved 1048576K
}
Event: 2.632 GC heap before
{Heap before GC invocations=10 (full 1):
 PSYoungGen      total 24064K, used 24042K [0x00000212d2580000, 0x00000212d4880000, 0x0000021d7d000000)
  eden space 22016K, 99% used [0x00000212d2580000,0x00000212d3afe118,0x00000212d3b00000)
  from space 2048K, 99% used [0x00000212d4100000,0x00000212d42fca58,0x00000212d4300000)
  to   space 6144K, 0% used [0x00000212d3b00000,0x00000212d3b00000,0x00000212d4100000)
 ParOldGen       total 68608K, used 14323K [0x000001fd7d000000, 0x000001fd81300000, 0x00000212d2580000)
  object space 68608K, 20% used [0x000001fd7d000000,0x000001fd7ddfcdb8,0x000001fd81300000)
 Metaspace       used 33597K, committed 34304K, reserved 1114112K
  class space    used 3324K, committed 3648K, reserved 1048576K
}
Event: 2.634 GC heap after
{Heap after GC invocations=10 (full 1):
 PSYoungGen      total 26112K, used 4037K [0x00000212d2580000, 0x00000212d4400000, 0x0000021d7d000000)
  eden space 22016K, 0% used [0x00000212d2580000,0x00000212d2580000,0x00000212d3b00000)
  from space 4096K, 98% used [0x00000212d3b00000,0x00000212d3ef1760,0x00000212d3f00000)
  to   space 4608K, 0% used [0x00000212d3f80000,0x00000212d3f80000,0x00000212d4400000)
 ParOldGen       total 68608K, used 14995K [0x000001fd7d000000, 0x000001fd81300000, 0x00000212d2580000)
  object space 68608K, 21% used [0x000001fd7d000000,0x000001fd7dea4ee0,0x000001fd81300000)
 Metaspace       used 33597K, committed 34304K, reserved 1114112K
  class space    used 3324K, committed 3648K, reserved 1048576K
}

Dll operation events (10 events):
Event: 0.007 Loaded shared library c:\Users\galax\.vscode\extensions\redhat.java-1.30.0-win32-x64\jre\17.0.10-win32-x86_64\bin\java.dll
Event: 0.107 Loaded shared library c:\Users\galax\.vscode\extensions\redhat.java-1.30.0-win32-x64\jre\17.0.10-win32-x86_64\bin\zip.dll
Event: 0.111 Loaded shared library C:\Users\galax\.vscode\extensions\redhat.java-1.30.0-win32-x64\jre\17.0.10-win32-x86_64\bin\instrument.dll
Event: 0.120 Loaded shared library C:\Users\galax\.vscode\extensions\redhat.java-1.30.0-win32-x64\jre\17.0.10-win32-x86_64\bin\net.dll
Event: 0.122 Loaded shared library C:\Users\galax\.vscode\extensions\redhat.java-1.30.0-win32-x64\jre\17.0.10-win32-x86_64\bin\nio.dll
Event: 0.127 Loaded shared library C:\Users\galax\.vscode\extensions\redhat.java-1.30.0-win32-x64\jre\17.0.10-win32-x86_64\bin\zip.dll
Event: 0.138 Loaded shared library C:\Users\galax\.vscode\extensions\redhat.java-1.30.0-win32-x64\jre\17.0.10-win32-x86_64\bin\jimage.dll
Event: 0.183 Loaded shared library c:\Users\galax\.vscode\extensions\redhat.java-1.30.0-win32-x64\jre\17.0.10-win32-x86_64\bin\verify.dll
Event: 0.927 Loaded shared library C:\Users\galax\AppData\Roaming\Code\User\globalStorage\redhat.java\1.30.0\config_ss_win\org.eclipse.equinox.launcher\org.eclipse.equinox.launcher.win32.win32.x86_64_1.2.900.v20240213-1244\eclipse_11900.dll
Event: 2.536 Loaded shared library C:\Users\galax\AppData\Local\Temp\jna-79889305\jna15053699949801910042.dll

Deoptimization events (20 events):
Event: 2.576 Thread 0x000001fd6b18f710 Uncommon trap: trap_request=0xffffff76 fr.pc=0x000001fd75a398a4 relative=0x0000000000000564
Event: 2.576 Thread 0x000001fd6b18f710 Uncommon trap: reason=predicate action=maybe_recompile pc=0x000001fd75a398a4 method=java.util.TreeMap.getEntryUsingComparator(Ljava/lang/Object;)Ljava/util/TreeMap$Entry; @ 19 c2
Event: 2.576 Thread 0x000001fd6b18f710 DEOPT PACKING pc=0x000001fd75a398a4 sp=0x000000cadccfe2a0
Event: 2.576 Thread 0x000001fd6b18f710 DEOPT UNPACKING pc=0x000001fd753a66a3 sp=0x000000cadccfe260 mode 2
Event: 2.694 Thread 0x000001fd6b18f710 Uncommon trap: trap_request=0xffffff45 fr.pc=0x000001fd759b061c relative=0x00000000000000fc
Event: 2.694 Thread 0x000001fd6b18f710 Uncommon trap: reason=unstable_if action=reinterpret pc=0x000001fd759b061c method=jdk.internal.org.objectweb.asm.SymbolTable.put(Ljdk/internal/org/objectweb/asm/SymbolTable$Entry;)Ljdk/internal/org/objectweb/asm/SymbolTable$Entry; @ 13 c2
Event: 2.694 Thread 0x000001fd6b18f710 DEOPT PACKING pc=0x000001fd759b061c sp=0x000000cadccfdc70
Event: 2.695 Thread 0x000001fd6b18f710 DEOPT UNPACKING pc=0x000001fd753a66a3 sp=0x000000cadccfdbd0 mode 2
Event: 2.701 Thread 0x000001fd6b18f710 Uncommon trap: trap_request=0xffffff45 fr.pc=0x000001fd75a3a864 relative=0x00000000000000c4
Event: 2.701 Thread 0x000001fd6b18f710 Uncommon trap: reason=unstable_if action=reinterpret pc=0x000001fd75a3a864 method=java.lang.CharacterDataLatin1.digit(II)I @ 7 c2
Event: 2.701 Thread 0x000001fd6b18f710 DEOPT PACKING pc=0x000001fd75a3a864 sp=0x000000cadccfdfb0
Event: 2.701 Thread 0x000001fd6b18f710 DEOPT UNPACKING pc=0x000001fd753a66a3 sp=0x000000cadccfde70 mode 2
Event: 2.701 Thread 0x000001fd6b18f710 Uncommon trap: trap_request=0xffffff45 fr.pc=0x000001fd7591c1a4 relative=0x0000000000000084
Event: 2.701 Thread 0x000001fd6b18f710 Uncommon trap: reason=unstable_if action=reinterpret pc=0x000001fd7591c1a4 method=java.lang.CharacterDataLatin1.digit(II)I @ 7 c2
Event: 2.701 Thread 0x000001fd6b18f710 DEOPT PACKING pc=0x000001fd7591c1a4 sp=0x000000cadccfdf10
Event: 2.701 Thread 0x000001fd6b18f710 DEOPT UNPACKING pc=0x000001fd753a66a3 sp=0x000000cadccfde90 mode 2
Event: 2.703 Thread 0x000001fd6b18f710 Uncommon trap: trap_request=0xffffff76 fr.pc=0x000001fd75a3cd60 relative=0x0000000000000ae0
Event: 2.703 Thread 0x000001fd6b18f710 Uncommon trap: reason=predicate action=maybe_recompile pc=0x000001fd75a3cd60 method=java.util.TreeMap.put(Ljava/lang/Object;Ljava/lang/Object;Z)Ljava/lang/Object; @ 27 c2
Event: 2.703 Thread 0x000001fd6b18f710 DEOPT PACKING pc=0x000001fd75a3cd60 sp=0x000000cadccfdc30
Event: 2.703 Thread 0x000001fd6b18f710 DEOPT UNPACKING pc=0x000001fd753a66a3 sp=0x000000cadccfdbe0 mode 2

Classes unloaded (7 events):
Event: 1.385 Thread 0x000001fd6ad4e190 Unloading class 0x0000000080222400 'java/lang/invoke/LambdaForm$MH+0x0000000080222400'
Event: 1.385 Thread 0x000001fd6ad4e190 Unloading class 0x0000000080222000 'java/lang/invoke/LambdaForm$MH+0x0000000080222000'
Event: 1.385 Thread 0x000001fd6ad4e190 Unloading class 0x0000000080221c00 'java/lang/invoke/LambdaForm$MH+0x0000000080221c00'
Event: 1.385 Thread 0x000001fd6ad4e190 Unloading class 0x0000000080221800 'java/lang/invoke/LambdaForm$MH+0x0000000080221800'
Event: 1.385 Thread 0x000001fd6ad4e190 Unloading class 0x0000000080221400 'java/lang/invoke/LambdaForm$BMH+0x0000000080221400'
Event: 1.385 Thread 0x000001fd6ad4e190 Unloading class 0x0000000080221000 'java/lang/invoke/LambdaForm$DMH+0x0000000080221000'
Event: 1.385 Thread 0x000001fd6ad4e190 Unloading class 0x000000008021c400 'java/lang/invoke/LambdaForm$DMH+0x000000008021c400'

Classes redefined (0 events):
No events

Internal exceptions (20 events):
Event: 1.773 Thread 0x000001fd326dc280 Exception <a 'java/lang/ClassNotFoundException'{0x00000212d28b06d0}: com/sun/org/apache/xerces/internal/impl/msg/spi/DOMMessagesProvider> (0x00000212d28b06d0) 
thrown [s\src\hotspot\share\classfile\systemDictionary.cpp, line 256]
Event: 1.775 Thread 0x000001fd326dc280 Exception <a 'java/lang/ClassNotFoundException'{0x00000212d28ddb20}: com/sun/org/apache/xerces/internal/impl/msg/spi/XMLSerializerMessagesProvider> (0x00000212d28ddb20) 
thrown [s\src\hotspot\share\classfile\systemDictionary.cpp, line 256]
Event: 1.775 Thread 0x000001fd326dc280 Exception <a 'java/lang/ClassNotFoundException'{0x00000212d28ebc00}: com/sun/org/apache/xerces/internal/impl/msg/spi/XMLMessagesProvider> (0x00000212d28ebc00) 
thrown [s\src\hotspot\share\classfile\systemDictionary.cpp, line 256]
Event: 1.794 Thread 0x000001fd326dc280 Exception <a 'java/lang/NoSuchMethodError'{0x00000212d2b26500}: 'java.lang.Object java.lang.invoke.DirectMethodHandle$Holder.newInvokeSpecial(java.lang.Object, int, java.lang.Object, java.lang.Object)'> (0x00000212d2b26500) 
thrown [s\src\hotspot\share\interpreter\linkResolver.cpp, line 759]
Event: 2.295 Thread 0x000001fd326dc280 Exception <a 'java/lang/NoSuchMethodError'{0x00000212d2e6f570}: 'java.lang.Object java.lang.invoke.DirectMethodHandle$Holder.invokeStaticInit(java.lang.Object, int, int, int, int)'> (0x00000212d2e6f570) 
thrown [s\src\hotspot\share\interpreter\linkResolver.cpp, line 759]
Event: 2.344 Thread 0x000001fd326dc280 Exception <a 'java/lang/NoSuchMethodError'{0x00000212d2f3c428}: 'java.lang.Object java.lang.invoke.DirectMethodHandle$Holder.invokeStaticInit(java.lang.Object, java.lang.Object, int, int, int, int)'> (0x00000212d2f3c428) 
thrown [s\src\hotspot\share\interpreter\linkResolver.cpp, line 759]
Event: 2.369 Thread 0x000001fd326dc280 Exception <a 'sun/nio/fs/WindowsException'{0x00000212d3252828}> (0x00000212d3252828) 
thrown [s\src\hotspot\share\prims\jni.cpp, line 516]
Event: 2.386 Thread 0x000001fd326dc280 Implicit null exception at 0x000001fd759c6472 to 0x000001fd759c70d4
Event: 2.404 Thread 0x000001fd326dc280 Exception <a 'java/lang/ClassNotFoundException'{0x00000212d38bf9b0}: com/sun/org/apache/xml/internal/serializer/spi/XMLEntitiesProvider> (0x00000212d38bf9b0) 
thrown [s\src\hotspot\share\classfile\systemDictionary.cpp, line 256]
Event: 2.464 Thread 0x000001fd326dc280 Exception <a 'java/io/FileNotFoundException'{0x00000212d29b8348}> (0x00000212d29b8348) 
thrown [s\src\hotspot\share\prims\jni.cpp, line 516]
Event: 2.551 Thread 0x000001fd326dc280 Exception <a 'java/lang/UnsatisfiedLinkError'{0x00000212d31306c0}: The specified procedure could not be found.
> (0x00000212d31306c0) 
thrown [s\src\hotspot\share\prims\jni.cpp, line 535]
Event: 2.554 Thread 0x000001fd326dc280 Exception <a 'java/io/FileNotFoundException'{0x00000212d315c1c8}> (0x00000212d315c1c8) 
thrown [s\src\hotspot\share\prims\jni.cpp, line 516]
Event: 2.559 Thread 0x000001fd326dc280 Exception <a 'java/io/FileNotFoundException'{0x00000212d31e5398}> (0x00000212d31e5398) 
thrown [s\src\hotspot\share\prims\jni.cpp, line 516]
Event: 2.564 Thread 0x000001fd326dc280 Exception <a 'java/lang/UnsatisfiedLinkError'{0x00000212d32864e0}: The specified procedure could not be found.
> (0x00000212d32864e0) 
thrown [s\src\hotspot\share\prims\jni.cpp, line 535]
Event: 2.583 Thread 0x000001fd6b18f710 Exception <a 'java/lang/NoSuchMethodError'{0x00000212d34978e8}: 'java.lang.Object java.lang.invoke.DirectMethodHandle$Holder.invokeStatic(java.lang.Object, java.lang.Object, long, java.lang.Object)'> (0x00000212d34978e8) 
thrown [s\src\hotspot\share\interpreter\linkResolver.cpp, line 759]
Event: 2.583 Thread 0x000001fd6b18f710 Exception <a 'java/lang/NoSuchMethodError'{0x00000212d349c560}: 'java.lang.Object java.lang.invoke.DirectMethodHandle$Holder.invokeStaticInit(java.lang.Object, java.lang.Object, long, java.lang.Object)'> (0x00000212d349c560) 
thrown [s\src\hotspot\share\interpreter\linkResolver.cpp, line 759]
Event: 2.584 Thread 0x000001fd6b18f710 Exception <a 'java/lang/NoSuchMethodError'{0x00000212d34a49d8}: 'java.lang.Object java.lang.invoke.DirectMethodHandle$Holder.newInvokeSpecial(java.lang.Object, java.lang.Object, long)'> (0x00000212d34a49d8) 
thrown [s\src\hotspot\share\interpreter\linkResolver.cpp, line 759]
Event: 2.616 Thread 0x000001fd6b18f710 Exception <a 'java/lang/NoSuchMethodError'{0x00000212d383d0b0}: 'void java.lang.invoke.DirectMethodHandle$Holder.invokeStatic(java.lang.Object, java.lang.Object, java.lang.Object, java.lang.Object)'> (0x00000212d383d0b0) 
thrown [s\src\hotspot\share\interpreter\linkResolver.cpp, line 759]
Event: 2.689 Thread 0x000001fd6b18f710 Exception <a 'java/lang/NoSuchMethodError'{0x00000212d2cf8f38}: 'void java.lang.invoke.DirectMethodHandle$Holder.invokeSpecial(java.lang.Object, java.lang.Object, java.lang.Object, java.lang.Object, java.lang.Object, java.lang.Object)'> (0x00000212d2cf8f38) 
thrown [s\src\hotspot\share\interpreter\linkResolver.cpp, line 759]
Event: 2.690 Thread 0x000001fd6b18f710 Exception <a 'java/lang/IncompatibleClassChangeError'{0x00000212d2d04f70}: Found class java.lang.Object, but interface was expected> (0x00000212d2d04f70) 
thrown [s\src\hotspot\share\interpreter\linkResolver.cpp, line 826]

VM Operations (20 events):
Event: 1.635 Executing VM operation: ParallelGCFailedAllocation
Event: 1.637 Executing VM operation: ParallelGCFailedAllocation done
Event: 1.721 Executing VM operation: ParallelGCFailedAllocation
Event: 1.723 Executing VM operation: ParallelGCFailedAllocation done
Event: 1.754 Executing VM operation: HandshakeAllThreads
Event: 1.754 Executing VM operation: HandshakeAllThreads done
Event: 1.813 Executing VM operation: HandshakeAllThreads
Event: 1.813 Executing VM operation: HandshakeAllThreads done
Event: 1.815 Executing VM operation: HandshakeAllThreads
Event: 1.815 Executing VM operation: HandshakeAllThreads done
Event: 2.351 Executing VM operation: HandshakeAllThreads
Event: 2.351 Executing VM operation: HandshakeAllThreads done
Event: 2.419 Executing VM operation: ParallelGCFailedAllocation
Event: 2.421 Executing VM operation: ParallelGCFailedAllocation done
Event: 2.426 Executing VM operation: HandshakeAllThreads
Event: 2.426 Executing VM operation: HandshakeAllThreads done
Event: 2.544 Executing VM operation: HandshakeAllThreads
Event: 2.544 Executing VM operation: HandshakeAllThreads done
Event: 2.632 Executing VM operation: ParallelGCFailedAllocation
Event: 2.634 Executing VM operation: ParallelGCFailedAllocation done

Events (20 events):
Event: 2.701 loading class java/util/concurrent/ForkJoinPool$ForkJoinWorkerThreadFactory
Event: 2.701 loading class java/util/concurrent/ForkJoinPool$ForkJoinWorkerThreadFactory done
Event: 2.701 loading class java/util/concurrent/ForkJoinPool$DefaultForkJoinWorkerThreadFactory done
Event: 2.701 loading class java/util/concurrent/ForkJoinPool$1
Event: 2.701 loading class java/util/concurrent/ForkJoinPool$1 done
Event: 2.701 loading class java/util/concurrent/ForkJoinPool$DefaultCommonPoolForkJoinWorkerThreadFactory
Event: 2.701 loading class java/util/spi/CalendarNameProvider
Event: 2.701 loading class java/util/concurrent/ForkJoinPool$DefaultCommonPoolForkJoinWorkerThreadFactory done
Event: 2.701 loading class java/util/spi/CalendarNameProvider done
Event: 2.701 loading class sun/util/locale/provider/CalendarDataUtility$CalendarFieldValueNamesMapGetter
Event: 2.702 loading class java/util/concurrent/ForkJoinPool$WorkQueue
Event: 2.702 loading class sun/util/locale/provider/CalendarDataUtility$CalendarFieldValueNamesMapGetter done
Event: 2.702 loading class java/util/concurrent/ForkJoinPool$WorkQueue done
Event: 2.702 loading class sun/util/cldr/CLDRCalendarNameProviderImpl
Event: 2.702 loading class sun/util/locale/provider/CalendarNameProviderImpl
Event: 2.702 loading class sun/util/locale/provider/CalendarNameProviderImpl done
Event: 2.702 loading class sun/util/cldr/CLDRCalendarNameProviderImpl done
Event: 2.703 loading class sun/util/locale/provider/CalendarNameProviderImpl$LengthBasedComparator
Event: 2.703 loading class sun/util/locale/provider/CalendarNameProviderImpl$LengthBasedComparator done
Event: 2.705 loading class java/time/format/DateTimeParseContext


Dynamic libraries:
0x00007ff7adc20000 - 0x00007ff7adc2e000 	c:\Users\galax\.vscode\extensions\redhat.java-1.30.0-win32-x64\jre\17.0.10-win32-x86_64\bin\java.exe
0x00007ffb41710000 - 0x00007ffb41927000 	C:\WINDOWS\SYSTEM32\ntdll.dll
0x00007ffb40a30000 - 0x00007ffb40af4000 	C:\WINDOWS\System32\KERNEL32.DLL
0x00007ffb3ee80000 - 0x00007ffb3f227000 	C:\WINDOWS\System32\KERNELBASE.dll
0x00007ffb3ec10000 - 0x00007ffb3ed21000 	C:\WINDOWS\System32\ucrtbase.dll
0x00007ffb2b800000 - 0x00007ffb2b81b000 	c:\Users\galax\.vscode\extensions\redhat.java-1.30.0-win32-x64\jre\17.0.10-win32-x86_64\bin\VCRUNTIME140.dll
0x00007ffb2a1d0000 - 0x00007ffb2a1e7000 	c:\Users\galax\.vscode\extensions\redhat.java-1.30.0-win32-x64\jre\17.0.10-win32-x86_64\bin\jli.dll
0x00007ffb3f410000 - 0x00007ffb3f5be000 	C:\WINDOWS\System32\USER32.dll
0x00007ffb3ea00000 - 0x00007ffb3ea26000 	C:\WINDOWS\System32\win32u.dll
0x00007ffb29470000 - 0x00007ffb29703000 	C:\WINDOWS\WinSxS\amd64_microsoft.windows.common-controls_6595b64144ccf1df_6.0.22621.3527_none_270e469b73872a76\COMCTL32.dll
0x00007ffb3fe80000 - 0x00007ffb3fea9000 	C:\WINDOWS\System32\GDI32.dll
0x00007ffb40bb0000 - 0x00007ffb40c57000 	C:\WINDOWS\System32\msvcrt.dll
0x00007ffb3ed60000 - 0x00007ffb3ee79000 	C:\WINDOWS\System32\gdi32full.dll
0x00007ffb3eaf0000 - 0x00007ffb3eb8a000 	C:\WINDOWS\System32\msvcp_win.dll
0x00007ffb400c0000 - 0x00007ffb400f1000 	C:\WINDOWS\System32\IMM32.DLL
0x00007ffb39880000 - 0x00007ffb3988c000 	c:\Users\galax\.vscode\extensions\redhat.java-1.30.0-win32-x64\jre\17.0.10-win32-x86_64\bin\vcruntime140_1.dll
0x00007ffafd680000 - 0x00007ffafd70d000 	c:\Users\galax\.vscode\extensions\redhat.java-1.30.0-win32-x64\jre\17.0.10-win32-x86_64\bin\msvcp140.dll
0x00007ffae9710000 - 0x00007ffaea372000 	c:\Users\galax\.vscode\extensions\redhat.java-1.30.0-win32-x64\jre\17.0.10-win32-x86_64\bin\server\jvm.dll
0x00007ffb3f860000 - 0x00007ffb3f912000 	C:\WINDOWS\System32\ADVAPI32.dll
0x00007ffb40ea0000 - 0x00007ffb40f48000 	C:\WINDOWS\System32\sechost.dll
0x00007ffb3ed30000 - 0x00007ffb3ed58000 	C:\WINDOWS\System32\bcrypt.dll
0x00007ffb3f5c0000 - 0x00007ffb3f6d5000 	C:\WINDOWS\System32\RPCRT4.dll
0x00007ffb2a370000 - 0x00007ffb2a379000 	C:\WINDOWS\SYSTEM32\WSOCK32.dll
0x00007ffb3e8c0000 - 0x00007ffb3e90d000 	C:\WINDOWS\SYSTEM32\POWRPROF.dll
0x00007ffb41070000 - 0x00007ffb410e1000 	C:\WINDOWS\System32\WS2_32.dll
0x00007ffb36c60000 - 0x00007ffb36c94000 	C:\WINDOWS\SYSTEM32\WINMM.dll
0x00007ffb385f0000 - 0x00007ffb385fa000 	C:\WINDOWS\SYSTEM32\VERSION.dll
0x00007ffb3e8a0000 - 0x00007ffb3e8b3000 	C:\WINDOWS\SYSTEM32\UMPDC.dll
0x00007ffb3d940000 - 0x00007ffb3d958000 	C:\WINDOWS\SYSTEM32\kernel.appcore.dll
0x00007ffb35180000 - 0x00007ffb3518a000 	c:\Users\galax\.vscode\extensions\redhat.java-1.30.0-win32-x64\jre\17.0.10-win32-x86_64\bin\jimage.dll
0x00007ffb3c550000 - 0x00007ffb3c782000 	C:\WINDOWS\SYSTEM32\DBGHELP.DLL
0x00007ffb41310000 - 0x00007ffb41698000 	C:\WINDOWS\System32\combase.dll
0x00007ffb3fda0000 - 0x00007ffb3fe77000 	C:\WINDOWS\System32\OLEAUT32.dll
0x00007ffb32dd0000 - 0x00007ffb32e02000 	C:\WINDOWS\SYSTEM32\dbgcore.DLL
0x00007ffb3eb90000 - 0x00007ffb3ec09000 	C:\WINDOWS\System32\bcryptPrimitives.dll
0x00007ffb2f600000 - 0x00007ffb2f60e000 	c:\Users\galax\.vscode\extensions\redhat.java-1.30.0-win32-x64\jre\17.0.10-win32-x86_64\bin\instrument.dll
0x00007ffb13570000 - 0x00007ffb13595000 	c:\Users\galax\.vscode\extensions\redhat.java-1.30.0-win32-x64\jre\17.0.10-win32-x86_64\bin\java.dll
0x00007ffb29b00000 - 0x00007ffb29b18000 	c:\Users\galax\.vscode\extensions\redhat.java-1.30.0-win32-x64\jre\17.0.10-win32-x86_64\bin\zip.dll
0x00007ffb40100000 - 0x00007ffb4095c000 	C:\WINDOWS\System32\SHELL32.dll
0x00007ffb3c8f0000 - 0x00007ffb3d1e6000 	C:\WINDOWS\SYSTEM32\windows.storage.dll
0x00007ffb3c7b0000 - 0x00007ffb3c8ee000 	C:\WINDOWS\SYSTEM32\wintypes.dll
0x00007ffb3f6e0000 - 0x00007ffb3f7d5000 	C:\WINDOWS\System32\SHCORE.dll
0x00007ffb3feb0000 - 0x00007ffb3ff0e000 	C:\WINDOWS\System32\shlwapi.dll
0x00007ffb3e930000 - 0x00007ffb3e951000 	C:\WINDOWS\SYSTEM32\profapi.dll
0x00007ffb24830000 - 0x00007ffb24849000 	C:\Users\galax\.vscode\extensions\redhat.java-1.30.0-win32-x64\jre\17.0.10-win32-x86_64\bin\net.dll
0x00007ffb38600000 - 0x00007ffb38736000 	C:\WINDOWS\SYSTEM32\WINHTTP.dll
0x00007ffb3de40000 - 0x00007ffb3dea9000 	C:\WINDOWS\system32\mswsock.dll
0x00007ffb1a0f0000 - 0x00007ffb1a106000 	C:\Users\galax\.vscode\extensions\redhat.java-1.30.0-win32-x64\jre\17.0.10-win32-x86_64\bin\nio.dll
0x00007ffb2b8c0000 - 0x00007ffb2b8d0000 	c:\Users\galax\.vscode\extensions\redhat.java-1.30.0-win32-x64\jre\17.0.10-win32-x86_64\bin\verify.dll
0x00007ffb130e0000 - 0x00007ffb1311e000 	C:\Users\galax\AppData\Roaming\Code\User\globalStorage\redhat.java\1.30.0\config_ss_win\org.eclipse.equinox.launcher\org.eclipse.equinox.launcher.win32.win32.x86_64_1.2.900.v20240213-1244\eclipse_11900.dll
0x00007ffb3ff10000 - 0x00007ffb400b5000 	C:\WINDOWS\System32\ole32.dll
0x00007ffb3e0c0000 - 0x00007ffb3e0db000 	C:\WINDOWS\SYSTEM32\CRYPTSP.dll
0x00007ffb3d960000 - 0x00007ffb3d995000 	C:\WINDOWS\system32\rsaenh.dll
0x00007ffb3dee0000 - 0x00007ffb3df08000 	C:\WINDOWS\SYSTEM32\USERENV.dll
0x00007ffb3e050000 - 0x00007ffb3e05c000 	C:\WINDOWS\SYSTEM32\CRYPTBASE.dll
0x00007ffb3d490000 - 0x00007ffb3d4bd000 	C:\WINDOWS\SYSTEM32\IPHLPAPI.DLL
0x00007ffb40f60000 - 0x00007ffb40f69000 	C:\WINDOWS\System32\NSI.dll
0x00007ffb37eb0000 - 0x00007ffb37ec9000 	C:\WINDOWS\SYSTEM32\dhcpcsvc6.DLL
0x00007ffb37a80000 - 0x00007ffb37a9f000 	C:\WINDOWS\SYSTEM32\dhcpcsvc.DLL
0x00007ffb3d4c0000 - 0x00007ffb3d5b8000 	C:\WINDOWS\SYSTEM32\DNSAPI.dll
0x00007ffb12b90000 - 0x00007ffb12bd5000 	C:\Users\galax\AppData\Local\Temp\jna-79889305\jna15053699949801910042.dll
0x00007ffb410f0000 - 0x00007ffb410f8000 	C:\WINDOWS\System32\PSAPI.DLL

dbghelp: loaded successfully - version: 4.0.5 - missing functions: none
symbol engine: initialized successfully - sym options: 0x614 - pdb path: .;c:\Users\galax\.vscode\extensions\redhat.java-1.30.0-win32-x64\jre\17.0.10-win32-x86_64\bin;C:\WINDOWS\SYSTEM32;C:\WINDOWS\WinSxS\amd64_microsoft.windows.common-controls_6595b64144ccf1df_6.0.22621.3527_none_270e469b73872a76;c:\Users\galax\.vscode\extensions\redhat.java-1.30.0-win32-x64\jre\17.0.10-win32-x86_64\bin\server;C:\Users\galax\AppData\Roaming\Code\User\globalStorage\redhat.java\1.30.0\config_ss_win\org.eclipse.equinox.launcher\org.eclipse.equinox.launcher.win32.win32.x86_64_1.2.900.v20240213-1244;C:\Users\galax\AppData\Local\Temp\jna-79889305

VM Arguments:
jvm_args: --add-modules=ALL-SYSTEM --add-opens=java.base/java.util=ALL-UNNAMED --add-opens=java.base/java.lang=ALL-UNNAMED --add-opens=java.base/sun.nio.fs=ALL-UNNAMED -Declipse.application=org.eclipse.jdt.ls.core.id1 -Dosgi.bundles.defaultStartLevel=4 -Declipse.product=org.eclipse.jdt.ls.core.product -Djava.import.generatesMetadataFilesAtProjectRoot=false -DDetectVMInstallationsJob.disabled=true -Dfile.encoding=utf8 -XX:+UseParallelGC -XX:GCTimeRatio=4 -XX:AdaptiveSizePolicyWeight=90 -Dsun.zip.disableMemoryMapping=true -Xmx128G -Xms100m -Xlog:disable -javaagent:c:\Users\galax\.vscode\extensions\redhat.java-1.30.0-win32-x64\lombok\lombok-1.18.32.jar 
java_command: c:\Users\galax\.vscode\extensions\redhat.java-1.30.0-win32-x64\server\plugins\org.eclipse.equinox.launcher_1.6.800.v20240330-1250.jar -configuration c:\Users\galax\AppData\Roaming\Code\User\globalStorage\redhat.java\1.30.0\config_ss_win -data c:\Users\galax\AppData\Roaming\Code\User\workspaceStorage\715939317411bacedd6cdfeea8c9b0d6\redhat.java\ss_ws --pipe=\\.\pipe\lsp-711e300a6078ba582e45c799636fbcd6-sock
java_class_path (initial): c:\Users\galax\.vscode\extensions\redhat.java-1.30.0-win32-x64\server\plugins\org.eclipse.equinox.launcher_1.6.800.v20240330-1250.jar
Launcher Type: SUN_STANDARD

[Global flags]
    uintx AdaptiveSizePolicyWeight                 = 90                                        {product} {command line}
     intx CICompilerCount                          = 4                                         {product} {ergonomic}
    uintx GCTimeRatio                              = 4                                         {product} {command line}
   size_t InitialHeapSize                          = 104857600                                 {product} {command line}
   size_t MaxHeapSize                              = 137438953472                              {product} {command line}
   size_t MaxNewSize                               = 45812809728                               {product} {ergonomic}
   size_t MinHeapDeltaBytes                        = 524288                                    {product} {ergonomic}
   size_t MinHeapSize                              = 104857600                                 {product} {command line}
   size_t NewSize                                  = 34603008                                  {product} {ergonomic}
    uintx NonNMethodCodeHeapSize                   = 5839372                                {pd product} {ergonomic}
    uintx NonProfiledCodeHeapSize                  = 122909434                              {pd product} {ergonomic}
   size_t OldSize                                  = 70254592                                  {product} {ergonomic}
    uintx ProfiledCodeHeapSize                     = 122909434                              {pd product} {ergonomic}
    uintx ReservedCodeCacheSize                    = 251658240                              {pd product} {ergonomic}
     bool SegmentedCodeCache                       = true                                      {product} {ergonomic}
   size_t SoftMaxHeapSize                          = 137438953472                           {manageable} {ergonomic}
     bool UseCompressedClassPointers               = true                           {product lp64_product} {ergonomic}
     bool UseLargePagesIndividualAllocation        = false                                  {pd product} {ergonomic}
     bool UseParallelGC                            = true                                      {product} {command line}

Logging:
Log output configuration:
 #0: stdout all=off uptime,level,tags
 #1: stderr all=off uptime,level,tags

Environment Variables:
JAVA_HOME=C:\Program Files\Eclipse Adoptium\jdk-21.0.1.12-hotspot
PATH=C:\Program Files\Eclipse Adoptium\jdk-21.0.3.9-hotspot\bin;C:\Program Files\Common Files\Oracle\Java\javapath;C:\Program Files\Eclipse Adoptium\jdk-21.0.1.12-hotspot;C:\Program Files (x86)\Common Files\Oracle\Java\java8path;C:\Program Files (x86)\Common Files\Oracle\Java\javapath;C:\Windows\system32;C:\Windows;C:\Windows\System32\Wbem;C:\Windows\System32\WindowsPowerShell\v1.0\;C:\Windows\System32\OpenSSH\;C:\Program Files (x86)\NVIDIA Corporation\PhysX\Common;C:\Program Files\NVIDIA Corporation\NVIDIA NvDLISR;C:\WINDOWS\system32;C:\WINDOWS;C:\WINDOWS\System32\Wbem;C:\WINDOWS\System32\WindowsPowerShell\v1.0\;C:\WINDOWS\System32\OpenSSH\;C:\Users\galax\AppData\Roaming\nvm;C:\Program Files\nodejs;C:\Program Files\Graphviz\bin;C:\Program Files\GitHub CLI\;C:\Program Files\Git\cmd;C:\Users\galax\AppData\Local\Programs\Python\Python39\Scripts\;C:\Users\galax\AppData\Local\Programs\Python\Python39\;C:\Users\galax\AppData\Local\Programs\Python\Python312\Scripts\;C:\Users\galax\AppData\Local\Programs\Python\Python312\;C:\Users\galax\.console-ninja\.bin;C:\Users\galax\AppData\Local\Microsoft\WindowsApps;C:\Users\galax\AppData\Local\Programs\oh-my-posh\bin;C:\Program Files\JetBrains\IntelliJ IDEA Community Edition 2023.2\bin;C:\Users\galax\AppData\Roaming\npm;C:\Users\galax\AppData\Local\Programs\mongosh\;C:\Users\galax\AppData\Local\GitHubDesktop\bin;C:\Users\galax\AppData\Roaming\nvm;C:\Program Files\nodejs;C:\Program Files\Eclipse Adoptium\jdk-21.0.1.12-hotspot;C:\Program Files\Git\bin;D:\whois;C:\Program Files (x86)\IntelliJ IDEA Community Edition 2023.2\bin;;C:\Microsoft VS Code\bin;
USERNAME=Singh
OS=Windows_NT
PROCESSOR_IDENTIFIER=AMD64 Family 25 Model 80 Stepping 0, AuthenticAMD
TMP=C:\Users\galax\AppData\Local\Temp
TEMP=C:\Users\galax\AppData\Local\Temp



Periodic native trim disabled


---------------  S Y S T E M  ---------------

OS:
 Windows 11 , 64 bit Build 22621 (10.0.22621.3527)
OS uptime: 0 days 10:32 hours
Hyper-V role detected

CPU: total 12 (initial active 12) (12 cores per cpu, 2 threads per core) family 25 model 80 stepping 0 microcode 0x0, cx8, cmov, fxsr, ht, mmx, 3dnowpref, sse, sse2, sse3, ssse3, sse4a, sse4.1, sse4.2, popcnt, lzcnt, tsc, tscinvbit, avx, avx2, aes, erms, clmul, bmi1, bmi2, adx, sha, fma, vzeroupper, clflush, clflushopt, hv
Processor Information for processor 0
  Max Mhz: 3301, Current Mhz: 3301, Mhz Limit: 3301
Processor Information for processor 1
  Max Mhz: 3301, Current Mhz: 2011, Mhz Limit: 3301
Processor Information for processor 2
  Max Mhz: 3301, Current Mhz: 3301, Mhz Limit: 3301
Processor Information for processor 3
  Max Mhz: 3301, Current Mhz: 2011, Mhz Limit: 3301
Processor Information for processor 4
  Max Mhz: 3301, Current Mhz: 3301, Mhz Limit: 3301
Processor Information for processor 5
  Max Mhz: 3301, Current Mhz: 2011, Mhz Limit: 3301
Processor Information for processor 6
  Max Mhz: 3301, Current Mhz: 2011, Mhz Limit: 3301
Processor Information for processor 7
  Max Mhz: 3301, Current Mhz: 2011, Mhz Limit: 3301
Processor Information for processor 8
  Max Mhz: 3301, Current Mhz: 2011, Mhz Limit: 3301
Processor Information for processor 9
  Max Mhz: 3301, Current Mhz: 2011, Mhz Limit: 3301
Processor Information for processor 10
  Max Mhz: 3301, Current Mhz: 3301, Mhz Limit: 3301
Processor Information for processor 11
  Max Mhz: 3301, Current Mhz: 2011, Mhz Limit: 3301

Memory: 4k page, system-wide physical 15724M (7312M free)
TotalPageFile size 20724M (AvailPageFile size 5M)
current process WorkingSet (physical memory assigned to process): 160M, peak: 163M
current process commit charge ("private bytes"): 4600M, peak: 4605M

vm_info: OpenJDK 64-Bit Server VM (17.0.10+7) for windows-amd64 JRE (17.0.10+7), built on Jan 16 2024 23:25:11 by "admin" with MS VC++ 16.10 / 16.11 (VS2019)

END.
