#
# There is insufficient memory for the Java Runtime Environment to continue.
# Native memory allocation (malloc) failed to allocate 1932320 bytes. Error detail: Chunk::new
# Possible reasons:
#   The system is out of physical RAM or swap space
#   This process is running with CompressedOops enabled, and the Java Heap may be blocking the growth of the native heap
# Possible solutions:
#   Reduce memory load on the system
#   Increase physical memory or swap space
#   Check if swap backing store is full
#   Decrease Java heap size (-Xmx/-Xms)
#   Decrease number of Java threads
#   Decrease Java thread stack sizes (-Xss)
#   Set larger code cache with -XX:ReservedCodeCacheSize=
#   JVM is running with Unscaled Compressed Oops mode in which the Java heap is
#     placed in the first 4GB address space. The Java Heap base address is the
#     maximum limit for the native heap growth. Please use -XX:HeapBaseMinAddress
#     to set the Java Heap base and to place the Java Heap above 4GB virtual address.
# This output file may be truncated or incomplete.
#
#  Out of Memory Error (arena.cpp:150), pid=27084, tid=7392
#
# JRE version: Java(TM) SE Runtime Environment (22.0.2+9) (build 22.0.2+9-70)
# Java VM: Java HotSpot(TM) 64-Bit Server VM (22.0.2+9-70, mixed mode, sharing, tiered, compressed oops, compressed class ptrs, parallel gc, windows-amd64)
# No core dump will be written. Minidumps are not enabled by default on client versions of Windows
#

---------------  S U M M A R Y ------------

Command Line: --add-modules=ALL-SYSTEM --add-opens=java.base/java.util=ALL-UNNAMED --add-opens=java.base/java.lang=ALL-UNNAMED --add-opens=java.base/sun.nio.fs=ALL-UNNAMED -Declipse.application=org.eclipse.jdt.ls.core.id1 -Dosgi.bundles.defaultStartLevel=4 -Declipse.product=org.eclipse.jdt.ls.core.product -Djava.import.generatesMetadataFilesAtProjectRoot=false -DDetectVMInstallationsJob.disabled=true -Dfile.encoding=utf8 -XX:+UseParallelGC -XX:GCTimeRatio=4 -XX:AdaptiveSizePolicyWeight=90 -Dsun.zip.disableMemoryMapping=true -Xmx2G -Xms100m -Xlog:disable -javaagent:c:\Users\galax\.vscode\extensions\redhat.java-1.32.0-win32-x64\lombok\lombok-1.18.33.jar -XX:+HeapDumpOnOutOfMemoryError -XX:HeapDumpPath=c:\Users\galax\AppData\Roaming\Code\User\workspaceStorage\434381599979fe80c24a5019c7888678\redhat.java -Daether.dependencyCollector.impl=bf c:\Users\galax\.vscode\extensions\redhat.java-1.32.0-win32-x64\server\plugins\org.eclipse.equinox.launcher_1.6.900.v20240613-2009.jar -configuration c:\Users\galax\AppData\Roaming\Code\User\globalStorage\redhat.java\1.32.0\config_win -data c:\Users\galax\AppData\Roaming\Code\User\workspaceStorage\434381599979fe80c24a5019c7888678\redhat.java\jdt_ws --pipe=\\.\pipe\lsp-5aa84780d82d64e110e652f6e28b1ea4-sock

Host: AMD Ryzen 5 5600H with Radeon Graphics         , 12 cores, 15G,  Windows 11 , 64 bit Build 22621 (10.0.22621.3672)
Time: Sun Jul 28 21:03:57 2024 India Standard Time elapsed time: 3.071547 seconds (0d 0h 0m 3s)

---------------  T H R E A D  ---------------

Current thread (0x000001e2bb9b8150):  JavaThread "C2 CompilerThread0" daemon [_thread_in_native, id=7392, stack(0x000000497ee00000,0x000000497ef00000) (1024K)]


Current CompileTask:
C2:3071 4412   !   4       org.eclipse.osgi.internal.loader.classpath.ClasspathManager::findLocalClass (210 bytes)

Stack: [0x000000497ee00000,0x000000497ef00000]
Native frames: (J=compiled Java code, j=interpreted, Vv=VM code, C=native code)
V  [jvm.dll+0x6e26e9]  (no source info available)
V  [jvm.dll+0x875753]  (no source info available)
V  [jvm.dll+0x877b7e]  (no source info available)
V  [jvm.dll+0x878253]  (no source info available)
V  [jvm.dll+0x27fc86]  (no source info available)
V  [jvm.dll+0xc3d0f]  (no source info available)
V  [jvm.dll+0xc3f6b]  (no source info available)
V  [jvm.dll+0x3bb47c]  (no source info available)
V  [jvm.dll+0x387d4b]  (no source info available)
V  [jvm.dll+0x3871ba]  (no source info available)
V  [jvm.dll+0x2477f8]  (no source info available)
V  [jvm.dll+0x246e9f]  (no source info available)
V  [jvm.dll+0x1c4e80]  (no source info available)
V  [jvm.dll+0x2568f3]  (no source info available)
V  [jvm.dll+0x254baa]  (no source info available)
V  [jvm.dll+0x3f57a6]  (no source info available)
V  [jvm.dll+0x81dc0b]  (no source info available)
V  [jvm.dll+0x6e0d85]  (no source info available)
C  [ucrtbase.dll+0x29333]  (no source info available)
C  [KERNEL32.DLL+0x1257d]  (no source info available)
C  [ntdll.dll+0x5af28]  (no source info available)


---------------  P R O C E S S  ---------------

Threads class SMR info:
_java_thread_list=0x000001e32127d300, length=41, elements={
0x000001e2bb9015a0, 0x000001e2bb9a6fe0, 0x000001e2bb9a86e0, 0x000001e2bb9aa8a0,
0x000001e2bb9aba10, 0x000001e2bb9adbf0, 0x000001e2bb9b2f30, 0x000001e2bb9b8150,
0x000001e2bb9ba500, 0x000001e2bb96c5a0, 0x000001e319a87800, 0x000001e319beff00,
0x000001e31f059cf0, 0x000001e31f75d280, 0x000001e31f9037a0, 0x000001e31f91dd00,
0x000001e320100310, 0x000001e31fd0eed0, 0x000001e31f7977b0, 0x000001e31f797120,
0x000001e31f797e40, 0x000001e31f7984d0, 0x000001e31f798b60, 0x000001e31f7956e0,
0x000001e31f795d70, 0x000001e31f796400, 0x000001e31f796a90, 0x000001e320c6d890,
0x000001e320c69060, 0x000001e320c6b7c0, 0x000001e320c6f960, 0x000001e320c6fff0,
0x000001e320c70680, 0x000001e320c696f0, 0x000001e320c6ec40, 0x000001e320c6c4e0,
0x000001e320c69d80, 0x000001e320c6aaa0, 0x000001e320c6a410, 0x000001e320c6b130,
0x000001e320c6d200
}

Java Threads: ( => current thread )
  0x000001e2bb9015a0 JavaThread "main"                              [_thread_blocked, id=27112, stack(0x000000497e400000,0x000000497e500000) (1024K)]
  0x000001e2bb9a6fe0 JavaThread "Reference Handler"          daemon [_thread_blocked, id=10692, stack(0x000000497e800000,0x000000497e900000) (1024K)]
  0x000001e2bb9a86e0 JavaThread "Finalizer"                  daemon [_thread_blocked, id=9312, stack(0x000000497e900000,0x000000497ea00000) (1024K)]
  0x000001e2bb9aa8a0 JavaThread "Signal Dispatcher"          daemon [_thread_blocked, id=15516, stack(0x000000497ea00000,0x000000497eb00000) (1024K)]
  0x000001e2bb9aba10 JavaThread "Attach Listener"            daemon [_thread_blocked, id=27136, stack(0x000000497eb00000,0x000000497ec00000) (1024K)]
  0x000001e2bb9adbf0 JavaThread "Service Thread"             daemon [_thread_blocked, id=27204, stack(0x000000497ec00000,0x000000497ed00000) (1024K)]
  0x000001e2bb9b2f30 JavaThread "Monitor Deflation Thread"   daemon [_thread_blocked, id=12276, stack(0x000000497ed00000,0x000000497ee00000) (1024K)]
=>0x000001e2bb9b8150 JavaThread "C2 CompilerThread0"         daemon [_thread_in_native, id=7392, stack(0x000000497ee00000,0x000000497ef00000) (1024K)]
  0x000001e2bb9ba500 JavaThread "C1 CompilerThread0"         daemon [_thread_blocked, id=24988, stack(0x000000497ef00000,0x000000497f000000) (1024K)]
  0x000001e2bb96c5a0 JavaThread "Common-Cleaner"             daemon [_thread_blocked, id=27480, stack(0x000000497f000000,0x000000497f100000) (1024K)]
  0x000001e319a87800 JavaThread "C2 CompilerThread1"         daemon [_thread_in_native, id=27392, stack(0x000000497f100000,0x000000497f200000) (1024K)]
  0x000001e319beff00 JavaThread "Notification Thread"        daemon [_thread_blocked, id=26604, stack(0x000000497f200000,0x000000497f300000) (1024K)]
  0x000001e31f059cf0 JavaThread "C2 CompilerThread2"         daemon [_thread_in_native, id=26676, stack(0x000000497f300000,0x000000497f400000) (1024K)]
  0x000001e31f75d280 JavaThread "Active Thread: Equinox Container: c3e4f74f-3e91-4e6e-a180-fa521c358770"        [_thread_blocked, id=26216, stack(0x000000497fa00000,0x000000497fb00000) (1024K)]
  0x000001e31f9037a0 JavaThread "Framework Event Dispatcher: Equinox Container: c3e4f74f-3e91-4e6e-a180-fa521c358770" daemon [_thread_blocked, id=26936, stack(0x000000497fb00000,0x000000497fc00000) (1024K)]
  0x000001e31f91dd00 JavaThread "Start Level: Equinox Container: c3e4f74f-3e91-4e6e-a180-fa521c358770" daemon [_thread_blocked, id=7896, stack(0x000000497fc00000,0x000000497fd00000) (1024K)]
  0x000001e320100310 JavaThread "Bundle File Closer"         daemon [_thread_blocked, id=25632, stack(0x000000497fe00000,0x000000497ff00000) (1024K)]
  0x000001e31fd0eed0 JavaThread "SCR Component Actor"        daemon [_thread_blocked, id=21808, stack(0x0000004900100000,0x0000004900200000) (1024K)]
  0x000001e31f7977b0 JavaThread "SCR Component Registry"     daemon [_thread_blocked, id=12508, stack(0x0000004900200000,0x0000004900300000) (1024K)]
  0x000001e31f797120 JavaThread "Worker-JM"                         [_thread_blocked, id=26732, stack(0x0000004900300000,0x0000004900400000) (1024K)]
  0x000001e31f797e40 JavaThread "Worker-0: Updating Maven Dependencies"        [_thread_in_Java, id=27328, stack(0x0000004900400000,0x0000004900500000) (1024K)]
  0x000001e31f7984d0 JavaThread "Worker-1: Repository registry initialization"        [_thread_blocked, id=10728, stack(0x0000004900500000,0x0000004900600000) (1024K)]
  0x000001e31f798b60 JavaThread "Java indexing"              daemon [_thread_blocked, id=26692, stack(0x0000004900600000,0x0000004900700000) (1024K)]
  0x000001e31f7956e0 JavaThread "JNA Cleaner"                daemon [_thread_blocked, id=27684, stack(0x0000004900700000,0x0000004900800000) (1024K)]
  0x000001e31f795d70 JavaThread "Thread-2"                   daemon [_thread_in_native, id=27760, stack(0x0000004900800000,0x0000004900900000) (1024K)]
  0x000001e31f796400 JavaThread "Thread-3"                   daemon [_thread_in_native, id=27768, stack(0x0000004900900000,0x0000004900a00000) (1024K)]
  0x000001e31f796a90 JavaThread "Thread-4"                   daemon [_thread_in_native, id=27772, stack(0x0000004900a00000,0x0000004900b00000) (1024K)]
  0x000001e320c6d890 JavaThread "Thread-5"                   daemon [_thread_in_native, id=27776, stack(0x0000004900b00000,0x0000004900c00000) (1024K)]
  0x000001e320c69060 JavaThread "Thread-6"                   daemon [_thread_in_native, id=27780, stack(0x0000004900c00000,0x0000004900d00000) (1024K)]
  0x000001e320c6b7c0 JavaThread "Thread-7"                   daemon [_thread_in_native, id=27784, stack(0x0000004900d00000,0x0000004900e00000) (1024K)]
  0x000001e320c6f960 JavaThread "Thread-8"                   daemon [_thread_in_native, id=27788, stack(0x0000004900e00000,0x0000004900f00000) (1024K)]
  0x000001e320c6fff0 JavaThread "Thread-9"                   daemon [_thread_in_native, id=27792, stack(0x0000004900f00000,0x0000004901000000) (1024K)]
  0x000001e320c70680 JavaThread "Thread-10"                  daemon [_thread_in_native, id=27796, stack(0x0000004901000000,0x0000004901100000) (1024K)]
  0x000001e320c696f0 JavaThread "Thread-11"                  daemon [_thread_in_native, id=27800, stack(0x0000004901100000,0x0000004901200000) (1024K)]
  0x000001e320c6ec40 JavaThread "Thread-12"                  daemon [_thread_in_native, id=27804, stack(0x0000004901200000,0x0000004901300000) (1024K)]
  0x000001e320c6c4e0 JavaThread "Thread-13"                  daemon [_thread_in_native, id=27808, stack(0x0000004901300000,0x0000004901400000) (1024K)]
  0x000001e320c69d80 JavaThread "Thread-14"                  daemon [_thread_in_native, id=27812, stack(0x0000004901400000,0x0000004901500000) (1024K)]
  0x000001e320c6aaa0 JavaThread "pool-2-thread-1"                   [_thread_blocked, id=27824, stack(0x0000004901500000,0x0000004901600000) (1024K)]
  0x000001e320c6a410 JavaThread "WorkspaceEventsHandler"            [_thread_blocked, id=27912, stack(0x0000004901600000,0x0000004901700000) (1024K)]
  0x000001e320c6b130 JavaThread "pool-1-thread-1"                   [_thread_blocked, id=27916, stack(0x0000004901700000,0x0000004901800000) (1024K)]
  0x000001e320c6d200 JavaThread "Worker-2"                          [_thread_blocked, id=28040, stack(0x0000004901800000,0x0000004901900000) (1024K)]
Total: 41

Other Threads:
  0x000001e2bb9a2830 VMThread "VM Thread"                           [id=26724, stack(0x000000497e700000,0x000000497e800000) (1024K)]
  0x000001e2bb96a7d0 WatcherThread "VM Periodic Task Thread"        [id=27408, stack(0x000000497e600000,0x000000497e700000) (1024K)]
  0x000001e2bb91fa00 WorkerThread "GC Thread#0"                     [id=27404, stack(0x000000497e500000,0x000000497e600000) (1024K)]
  0x000001e31f2da980 WorkerThread "GC Thread#1"                     [id=6048, stack(0x000000497f400000,0x000000497f500000) (1024K)]
  0x000001e31f1051b0 WorkerThread "GC Thread#2"                     [id=16832, stack(0x000000497f500000,0x000000497f600000) (1024K)]
  0x000001e31f105560 WorkerThread "GC Thread#3"                     [id=27624, stack(0x000000497f600000,0x000000497f700000) (1024K)]
  0x000001e31f105910 WorkerThread "GC Thread#4"                     [id=27596, stack(0x000000497f700000,0x000000497f800000) (1024K)]
  0x000001e31f8ca870 WorkerThread "GC Thread#5"                     [id=26816, stack(0x000000497f800000,0x000000497f900000) (1024K)]
  0x000001e31f100900 WorkerThread "GC Thread#6"                     [id=26708, stack(0x000000497f900000,0x000000497fa00000) (1024K)]
  0x000001e31fd02060 WorkerThread "GC Thread#7"                     [id=9896, stack(0x000000497fd00000,0x000000497fe00000) (1024K)]
  0x000001e320151d00 WorkerThread "GC Thread#8"                     [id=25936, stack(0x000000497ff00000,0x0000004980000000) (1024K)]
  0x000001e31fd9efa0 WorkerThread "GC Thread#9"                     [id=26556, stack(0x0000004900000000,0x0000004900100000) (1024K)]
Total: 12

Threads with active compile tasks:
C2 CompilerThread0  3132 4412   !   4       org.eclipse.osgi.internal.loader.classpath.ClasspathManager::findLocalClass (210 bytes)
C2 CompilerThread1  3132 4265       4       org.eclipse.osgi.internal.loader.BundleLoader::addExportedProvidersFor (167 bytes)
C2 CompilerThread2  3132 4535   !   4       org.eclipse.osgi.internal.loader.classpath.ClasspathManager::findClassImpl (308 bytes)
Total: 3

VM state: not at safepoint (normal execution)

VM Mutex/Monitor currently owned by a thread: None

Heap address: 0x0000000080000000, size: 2048 MB, Compressed Oops mode: 32-bit

CDS archive(s) mapped at: [0x000001e2d8000000-0x000001e2d8c60000-0x000001e2d8c60000), size 12976128, SharedBaseAddress: 0x000001e2d8000000, ArchiveRelocationMode: 1.
Compressed class space mapped at: 0x000001e2d9000000-0x000001e319000000, reserved size: 1073741824
Narrow klass base: 0x000001e2d8000000, Narrow klass shift: 0, Narrow klass range: 0x41000000

GC Precious Log:
 CardTable entry size: 512
 CPUs: 12 total, 12 available
 Memory: 15724M
 Large Page Support: Disabled
 NUMA Support: Disabled
 Compressed Oops: Enabled (32-bit)
 Alignments: Space 512K, Generation 512K, Heap 2M
 Heap Min Capacity: 100M
 Heap Initial Capacity: 100M
 Heap Max Capacity: 2G
 Pre-touch: Disabled
 Parallel Workers: 10

Heap:
 PSYoungGen      total 23552K, used 7084K [0x00000000d5580000, 0x00000000d7080000, 0x0000000100000000)
  eden space 22528K, 31% used [0x00000000d5580000,0x00000000d5c6b050,0x00000000d6b80000)
  from space 1024K, 0% used [0x00000000d6f80000,0x00000000d6f80000,0x00000000d7080000)
  to   space 1024K, 0% used [0x00000000d6e80000,0x00000000d6e80000,0x00000000d6f80000)
 ParOldGen       total 68608K, used 17659K [0x0000000080000000, 0x0000000084300000, 0x00000000d5580000)
  object space 68608K, 25% used [0x0000000080000000,0x000000008113edd8,0x0000000084300000)
 Metaspace       used 35228K, committed 36288K, reserved 1114112K
  class space    used 3634K, committed 4032K, reserved 1048576K

Card table byte_map: [0x000001e2bb2a0000,0x000001e2bb6b0000] _byte_map_base: 0x000001e2baea0000

Marking Bits: (ParMarkBitMap*) 0x00007ffaa95b1a90
 Begin Bits: [0x000001e2d2f00000, 0x000001e2d4f00000)
 End Bits:   [0x000001e2d4f00000, 0x000001e2d6f00000)

Polling page: 0x000001e2b98e0000

Metaspace:

Usage:
  Non-class:     30.85 MB used.
      Class:      3.55 MB used.
       Both:     34.40 MB used.

Virtual space:
  Non-class space:       64.00 MB reserved,      31.50 MB ( 49%) committed,  1 nodes.
      Class space:        1.00 GB reserved,       3.94 MB ( <1%) committed,  1 nodes.
             Both:        1.06 GB reserved,      35.44 MB (  3%) committed. 

Chunk freelists:
   Non-Class:  288.00 KB
       Class:  12.00 MB
        Both:  12.28 MB

MaxMetaspaceSize: unlimited
CompressedClassSpaceSize: 1.00 GB
Initial GC threshold: 21.00 MB
Current GC threshold: 58.38 MB
CDS: on
 - commit_granule_bytes: 65536.
 - commit_granule_words: 8192.
 - virtual_space_node_default_size: 8388608.
 - enlarge_chunks_in_place: 1.
 - use_allocation_guard: 0.


Internal statistics:

num_allocs_failed_limit: 6.
num_arena_births: 698.
num_arena_deaths: 14.
num_vsnodes_births: 2.
num_vsnodes_deaths: 0.
num_space_committed: 567.
num_space_uncommitted: 0.
num_chunks_returned_to_freelist: 20.
num_chunks_taken_from_freelist: 2105.
num_chunk_merges: 12.
num_chunk_splits: 1377.
num_chunks_enlarged: 865.
num_inconsistent_stats: 0.

CodeHeap 'non-profiled nmethods': size=120000Kb used=1914Kb max_used=2273Kb free=118085Kb
 bounds [0x000001e2cb720000, 0x000001e2cb990000, 0x000001e2d2c50000]
CodeHeap 'profiled nmethods': size=120000Kb used=8302Kb max_used=9450Kb free=111697Kb
 bounds [0x000001e2c3c50000, 0x000001e2c4590000, 0x000001e2cb180000]
CodeHeap 'non-nmethods': size=5760Kb used=1360Kb max_used=1395Kb free=4399Kb
 bounds [0x000001e2cb180000, 0x000001e2cb3f0000, 0x000001e2cb720000]
 total_blobs=4726 nmethods=4074 adapters=558
 compilation: enabled
              stopped_count=0, restarted_count=0
 full_count=0

Compilation events (20 events):
Event: 3.039 Thread 0x000001e2bb9ba500 nmethod 4576 0x000001e2c4587d90 code [0x000001e2c4587f20, 0x000001e2c4588028]
Event: 3.040 Thread 0x000001e2bb9ba500 4577   !   3       sun.reflect.annotation.AnnotationParser::parseAnnotations (37 bytes)
Event: 3.040 Thread 0x000001e2bb9ba500 nmethod 4577 0x000001e2c4588090 code [0x000001e2c4588280, 0x000001e2c45885a8]
Event: 3.040 Thread 0x000001e2bb9ba500 4578       3       java.util.stream.ReferencePipeline::toArray (18 bytes)
Event: 3.040 Thread 0x000001e2bb9ba500 nmethod 4578 0x000001e2c4588710 code [0x000001e2c45888e0, 0x000001e2c4588b38]
Event: 3.040 Thread 0x000001e2bb9ba500 4579       3       java.util.stream.AbstractPipeline::evaluateToArrayNode (78 bytes)
Event: 3.040 Thread 0x000001e2bb9ba500 nmethod 4579 0x000001e2c4588c10 code [0x000001e2c4588e20, 0x000001e2c45894e8]
Event: 3.040 Thread 0x000001e2bb9ba500 4582       3       java.util.Comparator$$Lambda/0x000001e2d9366fc0::compare (16 bytes)
Event: 3.040 Thread 0x000001e2bb9ba500 nmethod 4582 0x000001e2c4589710 code [0x000001e2c45898e0, 0x000001e2c4589d50]
Event: 3.040 Thread 0x000001e2bb9ba500 4583       3       java.util.Comparator::lambda$thenComparing$36697e65$1 (29 bytes)
Event: 3.040 Thread 0x000001e2bb9ba500 nmethod 4583 0x000001e2c4589e90 code [0x000001e2c458a060, 0x000001e2c458a380]
Event: 3.040 Thread 0x000001e2bb9ba500 4581       3       com.google.inject.internal.DeclaredMembers$$Lambda/0x000001e2d93d3020::apply (8 bytes)
Event: 3.040 Thread 0x000001e2bb9ba500 nmethod 4581 0x000001e2c458a490 code [0x000001e2c458a620, 0x000001e2c458a828]
Event: 3.064 Thread 0x000001e2bb9ba500 4584       3       java.util.regex.Pattern::atom (422 bytes)
Event: 3.066 Thread 0x000001e2bb9ba500 nmethod 4584 0x000001e2c3d78a10 code [0x000001e2c3d78da0, 0x000001e2c3d7a390]
Event: 3.066 Thread 0x000001e2bb9ba500 4585       3       java.util.stream.SortedOps$SizedRefSortingSink::accept (18 bytes)
Event: 3.066 Thread 0x000001e2bb9ba500 nmethod 4585 0x000001e2c3d0fb10 code [0x000001e2c3d0fcc0, 0x000001e2c3d0ff28]
Event: 3.066 Thread 0x000001e2bb9ba500 4586       3       java.lang.reflect.Field::getAnnotation (23 bytes)
Event: 3.067 Thread 0x000001e2bb9ba500 nmethod 4586 0x000001e2c3cda790 code [0x000001e2c3cda9a0, 0x000001e2c3cdb010]
Event: 3.067 Thread 0x000001e2bb9ba500 4587       3       org.objectweb.asm.ClassReader::readMethod (1070 bytes)

GC Heap History (20 events):
Event: 1.705 GC heap before
{Heap before GC invocations=5 (full 0):
 PSYoungGen      total 29696K, used 29678K [0x00000000d5580000, 0x00000000d7680000, 0x0000000100000000)
  eden space 25600K, 100% used [0x00000000d5580000,0x00000000d6e80000,0x00000000d6e80000)
  from space 4096K, 99% used [0x00000000d7280000,0x00000000d767b998,0x00000000d7680000)
  to   space 4096K, 0% used [0x00000000d6e80000,0x00000000d6e80000,0x00000000d7280000)
 ParOldGen       total 68608K, used 6657K [0x0000000080000000, 0x0000000084300000, 0x00000000d5580000)
  object space 68608K, 9% used [0x0000000080000000,0x00000000806805c8,0x0000000084300000)
 Metaspace       used 16808K, committed 17472K, reserved 1114112K
  class space    used 1711K, committed 1984K, reserved 1048576K
}
Event: 1.708 GC heap after
{Heap after GC invocations=5 (full 0):
 PSYoungGen      total 29184K, used 4084K [0x00000000d5580000, 0x00000000d7900000, 0x0000000100000000)
  eden space 25088K, 0% used [0x00000000d5580000,0x00000000d5580000,0x00000000d6e00000)
  from space 4096K, 99% used [0x00000000d6e80000,0x00000000d727d010,0x00000000d7280000)
  to   space 5632K, 0% used [0x00000000d7380000,0x00000000d7380000,0x00000000d7900000)
 ParOldGen       total 68608K, used 7900K [0x0000000080000000, 0x0000000084300000, 0x00000000d5580000)
  object space 68608K, 11% used [0x0000000080000000,0x00000000807b70d0,0x0000000084300000)
 Metaspace       used 16808K, committed 17472K, reserved 1114112K
  class space    used 1711K, committed 1984K, reserved 1048576K
}
Event: 1.939 GC heap before
{Heap before GC invocations=6 (full 0):
 PSYoungGen      total 29184K, used 29172K [0x00000000d5580000, 0x00000000d7900000, 0x0000000100000000)
  eden space 25088K, 100% used [0x00000000d5580000,0x00000000d6e00000,0x00000000d6e00000)
  from space 4096K, 99% used [0x00000000d6e80000,0x00000000d727d010,0x00000000d7280000)
  to   space 5632K, 0% used [0x00000000d7380000,0x00000000d7380000,0x00000000d7900000)
 ParOldGen       total 68608K, used 7900K [0x0000000080000000, 0x0000000084300000, 0x00000000d5580000)
  object space 68608K, 11% used [0x0000000080000000,0x00000000807b70d0,0x0000000084300000)
 Metaspace       used 19217K, committed 19968K, reserved 1114112K
  class space    used 1995K, committed 2304K, reserved 1048576K
}
Event: 1.942 GC heap after
{Heap after GC invocations=6 (full 0):
 PSYoungGen      total 30208K, used 5510K [0x00000000d5580000, 0x00000000d7900000, 0x0000000100000000)
  eden space 24576K, 0% used [0x00000000d5580000,0x00000000d5580000,0x00000000d6d80000)
  from space 5632K, 97% used [0x00000000d7380000,0x00000000d78e1b90,0x00000000d7900000)
  to   space 5632K, 0% used [0x00000000d6e00000,0x00000000d6e00000,0x00000000d7380000)
 ParOldGen       total 68608K, used 7908K [0x0000000080000000, 0x0000000084300000, 0x00000000d5580000)
  object space 68608K, 11% used [0x0000000080000000,0x00000000807b90d0,0x0000000084300000)
 Metaspace       used 19217K, committed 19968K, reserved 1114112K
  class space    used 1995K, committed 2304K, reserved 1048576K
}
Event: 2.030 GC heap before
{Heap before GC invocations=7 (full 0):
 PSYoungGen      total 30208K, used 24811K [0x00000000d5580000, 0x00000000d7900000, 0x0000000100000000)
  eden space 24576K, 78% used [0x00000000d5580000,0x00000000d6859208,0x00000000d6d80000)
  from space 5632K, 97% used [0x00000000d7380000,0x00000000d78e1b90,0x00000000d7900000)
  to   space 5632K, 0% used [0x00000000d6e00000,0x00000000d6e00000,0x00000000d7380000)
 ParOldGen       total 68608K, used 7908K [0x0000000080000000, 0x0000000084300000, 0x00000000d5580000)
  object space 68608K, 11% used [0x0000000080000000,0x00000000807b90d0,0x0000000084300000)
 Metaspace       used 20747K, committed 21504K, reserved 1114112K
  class space    used 2113K, committed 2432K, reserved 1048576K
}
Event: 2.032 GC heap after
{Heap after GC invocations=7 (full 0):
 PSYoungGen      total 29696K, used 4743K [0x00000000d5580000, 0x00000000d7780000, 0x0000000100000000)
  eden space 24576K, 0% used [0x00000000d5580000,0x00000000d5580000,0x00000000d6d80000)
  from space 5120K, 92% used [0x00000000d6e00000,0x00000000d72a1f38,0x00000000d7300000)
  to   space 4608K, 0% used [0x00000000d7300000,0x00000000d7300000,0x00000000d7780000)
 ParOldGen       total 68608K, used 9002K [0x0000000080000000, 0x0000000084300000, 0x00000000d5580000)
  object space 68608K, 13% used [0x0000000080000000,0x00000000808ca830,0x0000000084300000)
 Metaspace       used 20747K, committed 21504K, reserved 1114112K
  class space    used 2113K, committed 2432K, reserved 1048576K
}
Event: 2.032 GC heap before
{Heap before GC invocations=8 (full 1):
 PSYoungGen      total 29696K, used 4743K [0x00000000d5580000, 0x00000000d7780000, 0x0000000100000000)
  eden space 24576K, 0% used [0x00000000d5580000,0x00000000d5580000,0x00000000d6d80000)
  from space 5120K, 92% used [0x00000000d6e00000,0x00000000d72a1f38,0x00000000d7300000)
  to   space 4608K, 0% used [0x00000000d7300000,0x00000000d7300000,0x00000000d7780000)
 ParOldGen       total 68608K, used 9002K [0x0000000080000000, 0x0000000084300000, 0x00000000d5580000)
  object space 68608K, 13% used [0x0000000080000000,0x00000000808ca830,0x0000000084300000)
 Metaspace       used 20747K, committed 21504K, reserved 1114112K
  class space    used 2113K, committed 2432K, reserved 1048576K
}
Event: 2.056 GC heap after
{Heap after GC invocations=8 (full 1):
 PSYoungGen      total 29696K, used 0K [0x00000000d5580000, 0x00000000d7780000, 0x0000000100000000)
  eden space 24576K, 0% used [0x00000000d5580000,0x00000000d5580000,0x00000000d6d80000)
  from space 5120K, 0% used [0x00000000d6e00000,0x00000000d6e00000,0x00000000d7300000)
  to   space 4608K, 0% used [0x00000000d7300000,0x00000000d7300000,0x00000000d7780000)
 ParOldGen       total 68608K, used 12698K [0x0000000080000000, 0x0000000084300000, 0x00000000d5580000)
  object space 68608K, 18% used [0x0000000080000000,0x0000000080c66928,0x0000000084300000)
 Metaspace       used 20735K, committed 21504K, reserved 1114112K
  class space    used 2110K, committed 2432K, reserved 1048576K
}
Event: 2.203 GC heap before
{Heap before GC invocations=9 (full 1):
 PSYoungGen      total 29696K, used 24573K [0x00000000d5580000, 0x00000000d7780000, 0x0000000100000000)
  eden space 24576K, 99% used [0x00000000d5580000,0x00000000d6d7f6a8,0x00000000d6d80000)
  from space 5120K, 0% used [0x00000000d6e00000,0x00000000d6e00000,0x00000000d7300000)
  to   space 4608K, 0% used [0x00000000d7300000,0x00000000d7300000,0x00000000d7780000)
 ParOldGen       total 68608K, used 12698K [0x0000000080000000, 0x0000000084300000, 0x00000000d5580000)
  object space 68608K, 18% used [0x0000000080000000,0x0000000080c66928,0x0000000084300000)
 Metaspace       used 24475K, committed 25216K, reserved 1114112K
  class space    used 2391K, committed 2688K, reserved 1048576K
}
Event: 2.203 GC heap after
{Heap after GC invocations=9 (full 1):
 PSYoungGen      total 24576K, used 430K [0x00000000d5580000, 0x00000000d7380000, 0x0000000100000000)
  eden space 24064K, 0% used [0x00000000d5580000,0x00000000d5580000,0x00000000d6d00000)
  from space 512K, 84% used [0x00000000d7300000,0x00000000d736b890,0x00000000d7380000)
  to   space 2560K, 0% used [0x00000000d6e80000,0x00000000d6e80000,0x00000000d7100000)
 ParOldGen       total 68608K, used 12706K [0x0000000080000000, 0x0000000084300000, 0x00000000d5580000)
  object space 68608K, 18% used [0x0000000080000000,0x0000000080c68928,0x0000000084300000)
 Metaspace       used 24475K, committed 25216K, reserved 1114112K
  class space    used 2391K, committed 2688K, reserved 1048576K
}
Event: 2.385 GC heap before
{Heap before GC invocations=10 (full 1):
 PSYoungGen      total 24576K, used 24494K [0x00000000d5580000, 0x00000000d7380000, 0x0000000100000000)
  eden space 24064K, 100% used [0x00000000d5580000,0x00000000d6d00000,0x00000000d6d00000)
  from space 512K, 84% used [0x00000000d7300000,0x00000000d736b890,0x00000000d7380000)
  to   space 2560K, 0% used [0x00000000d6e80000,0x00000000d6e80000,0x00000000d7100000)
 ParOldGen       total 68608K, used 12706K [0x0000000080000000, 0x0000000084300000, 0x00000000d5580000)
  object space 68608K, 18% used [0x0000000080000000,0x0000000080c68928,0x0000000084300000)
 Metaspace       used 26112K, committed 26944K, reserved 1114112K
  class space    used 2511K, committed 2816K, reserved 1048576K
}
Event: 2.387 GC heap after
{Heap after GC invocations=10 (full 1):
 PSYoungGen      total 26112K, used 2061K [0x00000000d5580000, 0x00000000d7380000, 0x0000000100000000)
  eden space 23552K, 0% used [0x00000000d5580000,0x00000000d5580000,0x00000000d6c80000)
  from space 2560K, 80% used [0x00000000d6e80000,0x00000000d70835c0,0x00000000d7100000)
  to   space 2560K, 0% used [0x00000000d7100000,0x00000000d7100000,0x00000000d7380000)
 ParOldGen       total 68608K, used 13495K [0x0000000080000000, 0x0000000084300000, 0x00000000d5580000)
  object space 68608K, 19% used [0x0000000080000000,0x0000000080d2de38,0x0000000084300000)
 Metaspace       used 26112K, committed 26944K, reserved 1114112K
  class space    used 2511K, committed 2816K, reserved 1048576K
}
Event: 2.717 GC heap before
{Heap before GC invocations=11 (full 1):
 PSYoungGen      total 26112K, used 25613K [0x00000000d5580000, 0x00000000d7380000, 0x0000000100000000)
  eden space 23552K, 100% used [0x00000000d5580000,0x00000000d6c80000,0x00000000d6c80000)
  from space 2560K, 80% used [0x00000000d6e80000,0x00000000d70835c0,0x00000000d7100000)
  to   space 2560K, 0% used [0x00000000d7100000,0x00000000d7100000,0x00000000d7380000)
 ParOldGen       total 68608K, used 13495K [0x0000000080000000, 0x0000000084300000, 0x00000000d5580000)
  object space 68608K, 19% used [0x0000000080000000,0x0000000080d2de38,0x0000000084300000)
 Metaspace       used 29902K, committed 30784K, reserved 1114112K
  class space    used 2924K, committed 3264K, reserved 1048576K
}
Event: 2.719 GC heap after
{Heap after GC invocations=11 (full 1):
 PSYoungGen      total 25600K, used 2535K [0x00000000d5580000, 0x00000000d7400000, 0x0000000100000000)
  eden space 23040K, 0% used [0x00000000d5580000,0x00000000d5580000,0x00000000d6c00000)
  from space 2560K, 99% used [0x00000000d7100000,0x00000000d7379e50,0x00000000d7380000)
  to   space 4096K, 0% used [0x00000000d6c00000,0x00000000d6c00000,0x00000000d7000000)
 ParOldGen       total 68608K, used 14384K [0x0000000080000000, 0x0000000084300000, 0x00000000d5580000)
  object space 68608K, 20% used [0x0000000080000000,0x0000000080e0c2c0,0x0000000084300000)
 Metaspace       used 29902K, committed 30784K, reserved 1114112K
  class space    used 2924K, committed 3264K, reserved 1048576K
}
Event: 2.881 GC heap before
{Heap before GC invocations=12 (full 1):
 PSYoungGen      total 25600K, used 25575K [0x00000000d5580000, 0x00000000d7400000, 0x0000000100000000)
  eden space 23040K, 100% used [0x00000000d5580000,0x00000000d6c00000,0x00000000d6c00000)
  from space 2560K, 99% used [0x00000000d7100000,0x00000000d7379e50,0x00000000d7380000)
  to   space 4096K, 0% used [0x00000000d6c00000,0x00000000d6c00000,0x00000000d7000000)
 ParOldGen       total 68608K, used 14384K [0x0000000080000000, 0x0000000084300000, 0x00000000d5580000)
  object space 68608K, 20% used [0x0000000080000000,0x0000000080e0c2c0,0x0000000084300000)
 Metaspace       used 32316K, committed 33344K, reserved 1114112K
  class space    used 3222K, committed 3648K, reserved 1048576K
}
Event: 2.883 GC heap after
{Heap after GC invocations=12 (full 1):
 PSYoungGen      total 24064K, used 1040K [0x00000000d5580000, 0x00000000d7180000, 0x0000000100000000)
  eden space 22528K, 0% used [0x00000000d5580000,0x00000000d5580000,0x00000000d6b80000)
  from space 1536K, 67% used [0x00000000d6c00000,0x00000000d6d042f0,0x00000000d6d80000)
  to   space 2048K, 0% used [0x00000000d6f80000,0x00000000d6f80000,0x00000000d7180000)
 ParOldGen       total 68608K, used 16935K [0x0000000080000000, 0x0000000084300000, 0x00000000d5580000)
  object space 68608K, 24% used [0x0000000080000000,0x0000000081089f00,0x0000000084300000)
 Metaspace       used 32316K, committed 33344K, reserved 1114112K
  class space    used 3222K, committed 3648K, reserved 1048576K
}
Event: 3.041 GC heap before
{Heap before GC invocations=13 (full 1):
 PSYoungGen      total 24064K, used 19134K [0x00000000d5580000, 0x00000000d7180000, 0x0000000100000000)
  eden space 22528K, 80% used [0x00000000d5580000,0x00000000d672b5e0,0x00000000d6b80000)
  from space 1536K, 67% used [0x00000000d6c00000,0x00000000d6d042f0,0x00000000d6d80000)
  to   space 2048K, 0% used [0x00000000d6f80000,0x00000000d6f80000,0x00000000d7180000)
 ParOldGen       total 68608K, used 16935K [0x0000000080000000, 0x0000000084300000, 0x00000000d5580000)
  object space 68608K, 24% used [0x0000000080000000,0x0000000081089f00,0x0000000084300000)
 Metaspace       used 34799K, committed 35840K, reserved 1114112K
  class space    used 3575K, committed 4032K, reserved 1048576K
}
Event: 3.043 GC heap after
{Heap after GC invocations=13 (full 1):
 PSYoungGen      total 23552K, used 544K [0x00000000d5580000, 0x00000000d7080000, 0x0000000100000000)
  eden space 22528K, 0% used [0x00000000d5580000,0x00000000d5580000,0x00000000d6b80000)
  from space 1024K, 53% used [0x00000000d6f80000,0x00000000d7008000,0x00000000d7080000)
  to   space 1024K, 0% used [0x00000000d6e80000,0x00000000d6e80000,0x00000000d6f80000)
 ParOldGen       total 68608K, used 17897K [0x0000000080000000, 0x0000000084300000, 0x00000000d5580000)
  object space 68608K, 26% used [0x0000000080000000,0x000000008117a4f0,0x0000000084300000)
 Metaspace       used 34799K, committed 35840K, reserved 1114112K
  class space    used 3575K, committed 4032K, reserved 1048576K
}
Event: 3.043 GC heap before
{Heap before GC invocations=14 (full 2):
 PSYoungGen      total 23552K, used 544K [0x00000000d5580000, 0x00000000d7080000, 0x0000000100000000)
  eden space 22528K, 0% used [0x00000000d5580000,0x00000000d5580000,0x00000000d6b80000)
  from space 1024K, 53% used [0x00000000d6f80000,0x00000000d7008000,0x00000000d7080000)
  to   space 1024K, 0% used [0x00000000d6e80000,0x00000000d6e80000,0x00000000d6f80000)
 ParOldGen       total 68608K, used 17897K [0x0000000080000000, 0x0000000084300000, 0x00000000d5580000)
  object space 68608K, 26% used [0x0000000080000000,0x000000008117a4f0,0x0000000084300000)
 Metaspace       used 34799K, committed 35840K, reserved 1114112K
  class space    used 3575K, committed 4032K, reserved 1048576K
}
Event: 3.064 GC heap after
{Heap after GC invocations=14 (full 2):
 PSYoungGen      total 23552K, used 0K [0x00000000d5580000, 0x00000000d7080000, 0x0000000100000000)
  eden space 22528K, 0% used [0x00000000d5580000,0x00000000d5580000,0x00000000d6b80000)
  from space 1024K, 0% used [0x00000000d6f80000,0x00000000d6f80000,0x00000000d7080000)
  to   space 1024K, 0% used [0x00000000d6e80000,0x00000000d6e80000,0x00000000d6f80000)
 ParOldGen       total 68608K, used 17659K [0x0000000080000000, 0x0000000084300000, 0x00000000d5580000)
  object space 68608K, 25% used [0x0000000080000000,0x000000008113edd8,0x0000000084300000)
 Metaspace       used 34799K, committed 35840K, reserved 1114112K
  class space    used 3575K, committed 4032K, reserved 1048576K
}

Dll operation events (11 events):
Event: 0.009 Loaded shared library C:\Program Files\Java\jdk-22\bin\java.dll
Event: 0.035 Loaded shared library C:\Program Files\Java\jdk-22\bin\jsvml.dll
Event: 0.069 Loaded shared library C:\Program Files\Java\jdk-22\bin\zip.dll
Event: 0.072 Loaded shared library C:\Program Files\Java\jdk-22\bin\instrument.dll
Event: 0.075 Loaded shared library C:\Program Files\Java\jdk-22\bin\net.dll
Event: 0.076 Loaded shared library C:\Program Files\Java\jdk-22\bin\nio.dll
Event: 0.078 Loaded shared library C:\Program Files\Java\jdk-22\bin\zip.dll
Event: 0.088 Loaded shared library C:\Program Files\Java\jdk-22\bin\jimage.dll
Event: 0.132 Loaded shared library C:\Program Files\Java\jdk-22\bin\verify.dll
Event: 0.885 Loaded shared library C:\Users\galax\AppData\Roaming\Code\User\globalStorage\redhat.java\1.32.0\config_win\org.eclipse.equinox.launcher\org.eclipse.equinox.launcher.win32.win32.x86_64_1.2.1100.v20240613-2013\eclipse_11903.dll
Event: 2.592 Loaded shared library C:\Users\galax\AppData\Local\Temp\jna-79889305\jna11882042830283911402.dll

Deoptimization events (20 events):
Event: 2.919 Thread 0x000001e31f797e40 Uncommon trap: trap_request=0xffffffde fr.pc=0x000001e2cb8bd338 relative=0x00000000000000f8
Event: 2.919 Thread 0x000001e31f797e40 Uncommon trap: reason=class_check action=maybe_recompile pc=0x000001e2cb8bd338 method=java.lang.Character.codePointAt(Ljava/lang/CharSequence;I)I @ 2 c2
Event: 2.919 Thread 0x000001e31f797e40 DEOPT PACKING pc=0x000001e2cb8bd338 sp=0x00000049004fe3e0
Event: 2.919 Thread 0x000001e31f797e40 DEOPT UNPACKING pc=0x000001e2cb1d3aa2 sp=0x00000049004fe368 mode 2
Event: 2.919 Thread 0x000001e31f797e40 Uncommon trap: trap_request=0xffffffde fr.pc=0x000001e2cb8bd338 relative=0x00000000000000f8
Event: 2.919 Thread 0x000001e31f797e40 Uncommon trap: reason=class_check action=maybe_recompile pc=0x000001e2cb8bd338 method=java.lang.Character.codePointAt(Ljava/lang/CharSequence;I)I @ 2 c2
Event: 2.919 Thread 0x000001e31f797e40 DEOPT PACKING pc=0x000001e2cb8bd338 sp=0x00000049004fe3e0
Event: 2.919 Thread 0x000001e31f797e40 DEOPT UNPACKING pc=0x000001e2cb1d3aa2 sp=0x00000049004fe368 mode 2
Event: 3.002 Thread 0x000001e31f7984d0 Uncommon trap: trap_request=0xffffffbe fr.pc=0x000001e2cb90150c relative=0x0000000000000a2c
Event: 3.002 Thread 0x000001e31f7984d0 Uncommon trap: reason=profile_predicate action=maybe_recompile pc=0x000001e2cb90150c method=java.util.TreeMap.put(Ljava/lang/Object;Ljava/lang/Object;Z)Ljava/lang/Object; @ 27 c2
Event: 3.002 Thread 0x000001e31f7984d0 DEOPT PACKING pc=0x000001e2cb90150c sp=0x00000049005fded0
Event: 3.002 Thread 0x000001e31f7984d0 DEOPT UNPACKING pc=0x000001e2cb1d3aa2 sp=0x00000049005fde80 mode 2
Event: 3.004 Thread 0x000001e31f7984d0 Uncommon trap: trap_request=0xfffffff4 fr.pc=0x000001e2cb8e1ea4 relative=0x0000000000000364
Event: 3.004 Thread 0x000001e31f7984d0 Uncommon trap: reason=null_check action=make_not_entrant pc=0x000001e2cb8e1ea4 method=sun.invoke.util.VerifyType.isNullConversion(Ljava/lang/Class;Ljava/lang/Class;Z)Z @ 12 c2
Event: 3.004 Thread 0x000001e31f7984d0 DEOPT PACKING pc=0x000001e2cb8e1ea4 sp=0x00000049005fd9c0
Event: 3.004 Thread 0x000001e31f7984d0 DEOPT UNPACKING pc=0x000001e2cb1d3aa2 sp=0x00000049005fd948 mode 2
Event: 3.004 Thread 0x000001e31f7984d0 Uncommon trap: trap_request=0xffffff45 fr.pc=0x000001e2cb7e3128 relative=0x0000000000000108
Event: 3.004 Thread 0x000001e31f7984d0 Uncommon trap: reason=unstable_if action=reinterpret pc=0x000001e2cb7e3128 method=jdk.internal.org.objectweb.asm.ByteVector.putShort(I)Ljdk/internal/org/objectweb/asm/ByteVector; @ 13 c2
Event: 3.004 Thread 0x000001e31f7984d0 DEOPT PACKING pc=0x000001e2cb7e3128 sp=0x00000049005fd590
Event: 3.004 Thread 0x000001e31f7984d0 DEOPT UNPACKING pc=0x000001e2cb1d3aa2 sp=0x00000049005fd528 mode 2

Classes loaded (20 events):
Event: 2.992 Loading class sun/reflect/annotation/TypeAnnotation$TypeAnnotationTarget
Event: 2.992 Loading class sun/reflect/annotation/TypeAnnotation$TypeAnnotationTarget done
Event: 2.992 Loading class sun/reflect/annotation/TypeAnnotation$LocationInfo
Event: 2.992 Loading class sun/reflect/annotation/TypeAnnotation$LocationInfo done
Event: 2.992 Loading class sun/reflect/annotation/TypeAnnotation$LocationInfo$Location
Event: 2.992 Loading class sun/reflect/annotation/TypeAnnotation$LocationInfo$Location done
Event: 2.992 Loading class sun/reflect/annotation/AnnotatedTypeFactory
Event: 2.992 Loading class sun/reflect/annotation/AnnotatedTypeFactory done
Event: 2.992 Loading class sun/reflect/annotation/AnnotatedTypeFactory$AnnotatedTypeBaseImpl
Event: 2.992 Loading class sun/reflect/annotation/AnnotatedTypeFactory$AnnotatedTypeBaseImpl done
Event: 2.992 Loading class java/util/stream/Streams$ConcatSpliterator$OfRef
Event: 2.992 Loading class java/util/stream/Streams$ConcatSpliterator
Event: 2.992 Loading class java/util/stream/Streams$ConcatSpliterator done
Event: 2.992 Loading class java/util/stream/Streams$ConcatSpliterator$OfRef done
Event: 2.992 Loading class java/util/stream/Streams$2
Event: 2.993 Loading class java/util/stream/Streams$2 done
Event: 3.003 Loading class java/lang/invoke/MethodHandleImpl$CountingWrapper
Event: 3.003 Loading class java/lang/invoke/MethodHandleImpl$CountingWrapper done
Event: 3.022 Loading class java/lang/annotation/ElementType
Event: 3.022 Loading class java/lang/annotation/ElementType done

Classes unloaded (7 events):
Event: 2.035 Thread 0x000001e2bb9a2830 Unloading class 0x000001e2d9197400 'java/lang/invoke/LambdaForm$MH+0x000001e2d9197400'
Event: 2.035 Thread 0x000001e2bb9a2830 Unloading class 0x000001e2d9197000 'java/lang/invoke/LambdaForm$MH+0x000001e2d9197000'
Event: 2.035 Thread 0x000001e2bb9a2830 Unloading class 0x000001e2d9196c00 'java/lang/invoke/LambdaForm$MH+0x000001e2d9196c00'
Event: 2.035 Thread 0x000001e2bb9a2830 Unloading class 0x000001e2d9196800 'java/lang/invoke/LambdaForm$MH+0x000001e2d9196800'
Event: 2.035 Thread 0x000001e2bb9a2830 Unloading class 0x000001e2d9196400 'java/lang/invoke/LambdaForm$BMH+0x000001e2d9196400'
Event: 2.035 Thread 0x000001e2bb9a2830 Unloading class 0x000001e2d9196000 'java/lang/invoke/LambdaForm$DMH+0x000001e2d9196000'
Event: 2.035 Thread 0x000001e2bb9a2830 Unloading class 0x000001e2d9194c00 'java/lang/invoke/LambdaForm$DMH+0x000001e2d9194c00'

Classes redefined (0 events):
No events

Internal exceptions (20 events):
Event: 2.724 Thread 0x000001e2bb9015a0 Exception <a 'java/lang/NoSuchMethodError'{0x00000000d55e2430}: 'void java.lang.invoke.DirectMethodHandle$Holder.invokeStatic(java.lang.Object, java.lang.Object, java.lang.Object, java.lang.Object)'> (0x00000000d55e2430) 
thrown [s\open\src\hotspot\share\interpreter\linkResolver.cpp, line 774]
Event: 2.796 Thread 0x000001e2bb9015a0 Exception <a 'java/lang/NoSuchMethodError'{0x00000000d6053338}: 'void java.lang.invoke.DirectMethodHandle$Holder.invokeSpecial(java.lang.Object, java.lang.Object, java.lang.Object, java.lang.Object, java.lang.Object, java.lang.Object)'> (0x00000000d6053338) 
thrown [s\open\src\hotspot\share\interpreter\linkResolver.cpp, line 774]
Event: 2.796 Thread 0x000001e2bb9015a0 Exception <a 'java/lang/IncompatibleClassChangeError'{0x00000000d605b498}: Found class java.lang.Object, but interface was expected> (0x00000000d605b498) 
thrown [s\open\src\hotspot\share\interpreter\linkResolver.cpp, line 841]
Event: 2.796 Thread 0x000001e2bb9015a0 Exception <a 'java/lang/IncompatibleClassChangeError'{0x00000000d605d288}: Found class java.lang.Object, but interface was expected> (0x00000000d605d288) 
thrown [s\open\src\hotspot\share\interpreter\linkResolver.cpp, line 841]
Event: 2.904 Thread 0x000001e31f797e40 Exception <a 'java/lang/NoSuchMethodError'{0x00000000d56efc70}: 'java.lang.Object java.lang.invoke.DirectMethodHandle$Holder.invokeStaticInit(java.lang.Object, java.lang.Object, java.lang.Object, java.lang.Object, java.lang.Object, java.lang.Object, java.lang.Object)'> (0x00000000d56efc70) 
thrown [s\open\src\hotspot\share\interpreter\linkResolver.cpp, line 774]
Event: 2.905 Thread 0x000001e31f797e40 Exception <a 'java/lang/NoSuchMethodError'{0x00000000d56f48b8}: 'java.lang.Object java.lang.invoke.Invokers$Holder.invoke_MT(java.lang.Object, java.lang.Object, java.lang.Object, java.lang.Object, java.lang.Object, java.lang.Object, java.lang.Object, java.lang.Object, java.lang.Object)'> (0x00000000d56f48b8) 
thrown [s\open\src\hotspot\share\interpreter\linkResolver.cpp, line 774]
Event: 2.907 Thread 0x000001e31f797e40 Exception <a 'java/lang/NoSuchMethodError'{0x00000000d5736998}: 'int java.lang.invoke.DirectMethodHandle$Holder.invokeVirtual(java.lang.Object, java.lang.Object, java.lang.Object)'> (0x00000000d5736998) 
thrown [s\open\src\hotspot\share\interpreter\linkResolver.cpp, line 774]
Event: 2.908 Thread 0x000001e31f797e40 Exception <a 'java/lang/NoSuchMethodError'{0x00000000d573ae40}: 'int java.lang.invoke.DirectMethodHandle$Holder.invokeStaticInit(java.lang.Object, int, int)'> (0x00000000d573ae40) 
thrown [s\open\src\hotspot\share\interpreter\linkResolver.cpp, line 774]
Event: 2.908 Thread 0x000001e31f797e40 Exception <a 'java/lang/NoSuchMethodError'{0x00000000d5742860}: 'int java.lang.invoke.DirectMethodHandle$Holder.invokeStaticInit(java.lang.Object, long, long)'> (0x00000000d5742860) 
thrown [s\open\src\hotspot\share\interpreter\linkResolver.cpp, line 774]
Event: 2.908 Thread 0x000001e31f797e40 Exception <a 'java/lang/NoSuchMethodError'{0x00000000d57498b0}: 'int java.lang.invoke.DirectMethodHandle$Holder.invokeStaticInit(java.lang.Object, float, float)'> (0x00000000d57498b0) 
thrown [s\open\src\hotspot\share\interpreter\linkResolver.cpp, line 774]
Event: 2.909 Thread 0x000001e31f797e40 Exception <a 'java/lang/NoSuchMethodError'{0x00000000d5750990}: 'int java.lang.invoke.DirectMethodHandle$Holder.invokeStaticInit(java.lang.Object, double, double)'> (0x00000000d5750990) 
thrown [s\open\src\hotspot\share\interpreter\linkResolver.cpp, line 774]
Event: 2.909 Thread 0x000001e31f797e40 Exception <a 'java/lang/NoSuchMethodError'{0x00000000d5755018}: 'int java.lang.invoke.DirectMethodHandle$Holder.invokeStatic(java.lang.Object, long)'> (0x00000000d5755018) 
thrown [s\open\src\hotspot\share\interpreter\linkResolver.cpp, line 774]
Event: 2.911 Thread 0x000001e31f797e40 Exception <a 'java/lang/NoSuchMethodError'{0x00000000d5774b60}: 'int java.lang.invoke.Invokers$Holder.linkToTargetMethod(java.lang.Object, java.lang.Object)'> (0x00000000d5774b60) 
thrown [s\open\src\hotspot\share\interpreter\linkResolver.cpp, line 774]
Event: 2.931 Thread 0x000001e31f797e40 Exception <a 'java/lang/NoSuchMethodError'{0x00000000d58e5af0}: 'java.lang.Object java.lang.invoke.DirectMethodHandle$Holder.invokeSpecialIFC(java.lang.Object, java.lang.Object, java.lang.Object, java.lang.Object)'> (0x00000000d58e5af0) 
thrown [s\open\src\hotspot\share\interpreter\linkResolver.cpp, line 774]
Event: 3.002 Thread 0x000001e31f797e40 Exception <a 'java/lang/NoSuchMethodError'{0x00000000d62979f8}: 'int java.lang.invoke.DirectMethodHandle$Holder.invokeSpecialIFC(java.lang.Object, java.lang.Object, java.lang.Object, java.lang.Object, java.lang.Object)'> (0x00000000d62979f8) 
thrown [s\open\src\hotspot\share\interpreter\linkResolver.cpp, line 774]
Event: 3.002 Thread 0x000001e31f7984d0 Exception <a 'java/lang/NoSuchMethodError'{0x00000000d629b4a0}: 'int java.lang.invoke.DirectMethodHandle$Holder.invokeSpecial(java.lang.Object, java.lang.Object, java.lang.Object, java.lang.Object)'> (0x00000000d629b4a0) 
thrown [s\open\src\hotspot\share\interpreter\linkResolver.cpp, line 774]
Event: 3.003 Thread 0x000001e31f7984d0 Exception <a 'java/lang/NoSuchMethodError'{0x00000000d62ba8b0}: 'java.lang.Object java.lang.invoke.DirectMethodHandle$Holder.invokeStatic(java.lang.Object, int, java.lang.Object, java.lang.Object)'> (0x00000000d62ba8b0) 
thrown [s\open\src\hotspot\share\interpreter\linkResolver.cpp, line 774]
Event: 3.003 Thread 0x000001e31f7984d0 Exception <a 'java/lang/NoSuchMethodError'{0x00000000d62ca290}: 'java.lang.Object java.lang.invoke.DelegatingMethodHandle$Holder.delegate(java.lang.Object, int, java.lang.Object, java.lang.Object)'> (0x00000000d62ca290) 
thrown [s\open\src\hotspot\share\interpreter\linkResolver.cpp, line 774]
Event: 3.004 Thread 0x000001e31f7984d0 Implicit null exception at 0x000001e2cb8e1b76 to 0x000001e2cb8e1e94
Event: 3.004 Thread 0x000001e31f7984d0 Exception <a 'java/lang/NoSuchMethodError'{0x00000000d6312c10}: 'int java.lang.invoke.Invokers$Holder.linkToTargetMethod(java.lang.Object, java.lang.Object, java.lang.Object)'> (0x00000000d6312c10) 
thrown [s\open\src\hotspot\share\interpreter\linkResolver.cpp, line 774]

ZGC Phase Switch (0 events):
No events

VM Operations (20 events):
Event: 2.319 Executing VM operation: HandshakeAllThreads (Deoptimize)
Event: 2.319 Executing VM operation: HandshakeAllThreads (Deoptimize) done
Event: 2.385 Executing VM operation: ParallelGCFailedAllocation (Allocation Failure)
Event: 2.387 Executing VM operation: ParallelGCFailedAllocation (Allocation Failure) done
Event: 2.394 Executing VM operation: HandshakeAllThreads (Deoptimize)
Event: 2.394 Executing VM operation: HandshakeAllThreads (Deoptimize) done
Event: 2.423 Executing VM operation: HandshakeAllThreads (Deoptimize)
Event: 2.423 Executing VM operation: HandshakeAllThreads (Deoptimize) done
Event: 2.510 Executing VM operation: HandshakeAllThreads (Deoptimize)
Event: 2.510 Executing VM operation: HandshakeAllThreads (Deoptimize) done
Event: 2.601 Executing VM operation: HandshakeAllThreads (Deoptimize)
Event: 2.601 Executing VM operation: HandshakeAllThreads (Deoptimize) done
Event: 2.717 Executing VM operation: ParallelGCFailedAllocation (Allocation Failure)
Event: 2.719 Executing VM operation: ParallelGCFailedAllocation (Allocation Failure) done
Event: 2.881 Executing VM operation: ParallelGCFailedAllocation (Allocation Failure)
Event: 2.883 Executing VM operation: ParallelGCFailedAllocation (Allocation Failure) done
Event: 2.913 Executing VM operation: HandshakeAllThreads (Deoptimize)
Event: 2.914 Executing VM operation: HandshakeAllThreads (Deoptimize) done
Event: 3.041 Executing VM operation: CollectForMetadataAllocation (Metadata GC Threshold)
Event: 3.064 Executing VM operation: CollectForMetadataAllocation (Metadata GC Threshold) done

Memory protections (0 events):
No events

Nmethod flushes (20 events):
Event: 3.054 Thread 0x000001e2bb9a2830 flushing  nmethod 0x000001e2c423ea10
Event: 3.054 Thread 0x000001e2bb9a2830 flushing  nmethod 0x000001e2c423f210
Event: 3.054 Thread 0x000001e2bb9a2830 flushing  nmethod 0x000001e2c423f990
Event: 3.054 Thread 0x000001e2bb9a2830 flushing  nmethod 0x000001e2c4240310
Event: 3.054 Thread 0x000001e2bb9a2830 flushing  nmethod 0x000001e2c4240810
Event: 3.054 Thread 0x000001e2bb9a2830 flushing  nmethod 0x000001e2c4241890
Event: 3.054 Thread 0x000001e2bb9a2830 flushing  nmethod 0x000001e2c4242990
Event: 3.054 Thread 0x000001e2bb9a2830 flushing  nmethod 0x000001e2c4243610
Event: 3.054 Thread 0x000001e2bb9a2830 flushing  nmethod 0x000001e2c424ef10
Event: 3.054 Thread 0x000001e2bb9a2830 flushing  nmethod 0x000001e2c4266990
Event: 3.054 Thread 0x000001e2bb9a2830 flushing  nmethod 0x000001e2c4276710
Event: 3.054 Thread 0x000001e2bb9a2830 flushing  nmethod 0x000001e2c4278c10
Event: 3.054 Thread 0x000001e2bb9a2830 flushing  nmethod 0x000001e2c4281f10
Event: 3.054 Thread 0x000001e2bb9a2830 flushing  nmethod 0x000001e2c429e410
Event: 3.054 Thread 0x000001e2bb9a2830 flushing  nmethod 0x000001e2c4311010
Event: 3.054 Thread 0x000001e2bb9a2830 flushing  nmethod 0x000001e2c4315110
Event: 3.054 Thread 0x000001e2bb9a2830 flushing  nmethod 0x000001e2c433af90
Event: 3.054 Thread 0x000001e2bb9a2830 flushing  nmethod 0x000001e2c4367190
Event: 3.054 Thread 0x000001e2bb9a2830 flushing  nmethod 0x000001e2c4377d10
Event: 3.054 Thread 0x000001e2bb9a2830 flushing  nmethod 0x000001e2c437d790

Events (20 events):
Event: 1.623 Thread 0x000001e31f91dd00 Thread added: 0x000001e31f7984d0
Event: 2.375 Thread 0x000001e31f91dd00 Thread added: 0x000001e31f798b60
Event: 2.606 Thread 0x000001e31f91dd00 Thread added: 0x000001e31f7956e0
Event: 2.688 Thread 0x000001e2bb9015a0 Thread added: 0x000001e31f795d70
Event: 2.688 Thread 0x000001e2bb9015a0 Thread added: 0x000001e31f796400
Event: 2.688 Thread 0x000001e2bb9015a0 Thread added: 0x000001e31f796a90
Event: 2.688 Thread 0x000001e2bb9015a0 Thread added: 0x000001e320c6d890
Event: 2.688 Thread 0x000001e2bb9015a0 Thread added: 0x000001e320c69060
Event: 2.688 Thread 0x000001e2bb9015a0 Thread added: 0x000001e320c6b7c0
Event: 2.688 Thread 0x000001e2bb9015a0 Thread added: 0x000001e320c6f960
Event: 2.688 Thread 0x000001e2bb9015a0 Thread added: 0x000001e320c6fff0
Event: 2.688 Thread 0x000001e2bb9015a0 Thread added: 0x000001e320c70680
Event: 2.688 Thread 0x000001e2bb9015a0 Thread added: 0x000001e320c696f0
Event: 2.689 Thread 0x000001e2bb9015a0 Thread added: 0x000001e320c6ec40
Event: 2.689 Thread 0x000001e2bb9015a0 Thread added: 0x000001e320c6c4e0
Event: 2.689 Thread 0x000001e2bb9015a0 Thread added: 0x000001e320c69d80
Event: 2.707 Thread 0x000001e2bb9015a0 Thread added: 0x000001e320c6aaa0
Event: 2.809 Thread 0x000001e2bb9015a0 Thread added: 0x000001e320c6a410
Event: 2.809 Thread 0x000001e2bb9015a0 Thread added: 0x000001e320c6b130
Event: 3.001 Thread 0x000001e31f7984d0 Thread added: 0x000001e320c6d200


Dynamic libraries:
0x00007ff60a560000 - 0x00007ff60a570000 	C:\Program Files\Java\jdk-22\bin\java.exe
0x00007ffaf29b0000 - 0x00007ffaf2bc7000 	C:\WINDOWS\SYSTEM32\ntdll.dll
0x00007ffaf2500000 - 0x00007ffaf25c4000 	C:\WINDOWS\System32\KERNEL32.DLL
0x00007ffaf0310000 - 0x00007ffaf06bd000 	C:\WINDOWS\System32\KERNELBASE.dll
0x00007ffaf01f0000 - 0x00007ffaf0301000 	C:\WINDOWS\System32\ucrtbase.dll
0x00007ffad8d00000 - 0x00007ffad8d1b000 	C:\Program Files\Java\jdk-22\bin\VCRUNTIME140.dll
0x00007ffad76f0000 - 0x00007ffad7707000 	C:\Program Files\Java\jdk-22\bin\jli.dll
0x00007ffaf1750000 - 0x00007ffaf18fe000 	C:\WINDOWS\System32\USER32.dll
0x00007ffade430000 - 0x00007ffade6c3000 	C:\WINDOWS\WinSxS\amd64_microsoft.windows.common-controls_6595b64144ccf1df_6.0.22621.3672_none_2713b9d173822955\COMCTL32.dll
0x00007ffaefdd0000 - 0x00007ffaefdf6000 	C:\WINDOWS\System32\win32u.dll
0x00007ffaf27e0000 - 0x00007ffaf2887000 	C:\WINDOWS\System32\msvcrt.dll
0x00007ffaf1990000 - 0x00007ffaf19b9000 	C:\WINDOWS\System32\GDI32.dll
0x00007ffaf00d0000 - 0x00007ffaf01e9000 	C:\WINDOWS\System32\gdi32full.dll
0x00007ffaeff70000 - 0x00007ffaf000a000 	C:\WINDOWS\System32\msvcp_win.dll
0x00007ffaf20d0000 - 0x00007ffaf2101000 	C:\WINDOWS\System32\IMM32.DLL
0x00007ffaecb20000 - 0x00007ffaecb2c000 	C:\Program Files\Java\jdk-22\bin\vcruntime140_1.dll
0x00007ffabc090000 - 0x00007ffabc11e000 	C:\Program Files\Java\jdk-22\bin\msvcp140.dll
0x00007ffaa8940000 - 0x00007ffaa9689000 	C:\Program Files\Java\jdk-22\bin\server\jvm.dll
0x00007ffaf13a0000 - 0x00007ffaf1452000 	C:\WINDOWS\System32\ADVAPI32.dll
0x00007ffaf2890000 - 0x00007ffaf2939000 	C:\WINDOWS\System32\sechost.dll
0x00007ffaefcb0000 - 0x00007ffaefcd8000 	C:\WINDOWS\System32\bcrypt.dll
0x00007ffaf1550000 - 0x00007ffaf1664000 	C:\WINDOWS\System32\RPCRT4.dll
0x00007ffaf14d0000 - 0x00007ffaf1541000 	C:\WINDOWS\System32\WS2_32.dll
0x00007ffaefb70000 - 0x00007ffaefbbd000 	C:\WINDOWS\SYSTEM32\POWRPROF.dll
0x00007ffae7630000 - 0x00007ffae763a000 	C:\WINDOWS\SYSTEM32\VERSION.dll
0x00007ffaeb5b0000 - 0x00007ffaeb5e4000 	C:\WINDOWS\SYSTEM32\WINMM.dll
0x00007ffaefb50000 - 0x00007ffaefb63000 	C:\WINDOWS\SYSTEM32\UMPDC.dll
0x00007ffaeec00000 - 0x00007ffaeec18000 	C:\WINDOWS\SYSTEM32\kernel.appcore.dll
0x00007ffaeb0f0000 - 0x00007ffaeb0fa000 	C:\Program Files\Java\jdk-22\bin\jimage.dll
0x00007ffaed680000 - 0x00007ffaed8b2000 	C:\WINDOWS\SYSTEM32\DBGHELP.DLL
0x00007ffaf2170000 - 0x00007ffaf24f8000 	C:\WINDOWS\System32\combase.dll
0x00007ffaf1670000 - 0x00007ffaf1747000 	C:\WINDOWS\System32\OLEAUT32.dll
0x00007ffae30f0000 - 0x00007ffae3122000 	C:\WINDOWS\SYSTEM32\dbgcore.DLL
0x00007ffaefd50000 - 0x00007ffaefdcb000 	C:\WINDOWS\System32\bcryptPrimitives.dll
0x00007ffae9130000 - 0x00007ffae913f000 	C:\Program Files\Java\jdk-22\bin\instrument.dll
0x00007ffae4440000 - 0x00007ffae445e000 	C:\Program Files\Java\jdk-22\bin\java.dll
0x00007ffaf0970000 - 0x00007ffaf11cf000 	C:\WINDOWS\System32\SHELL32.dll
0x00007ffaf07c0000 - 0x00007ffaf0965000 	C:\WINDOWS\System32\ole32.dll
0x00007ffaedbb0000 - 0x00007ffaee4ac000 	C:\WINDOWS\SYSTEM32\windows.storage.dll
0x00007ffaeda70000 - 0x00007ffaedbaf000 	C:\WINDOWS\SYSTEM32\wintypes.dll
0x00007ffaf2630000 - 0x00007ffaf2724000 	C:\WINDOWS\System32\SHCORE.dll
0x00007ffaf1900000 - 0x00007ffaf195e000 	C:\WINDOWS\System32\shlwapi.dll
0x00007ffaefbe0000 - 0x00007ffaefc01000 	C:\WINDOWS\SYSTEM32\profapi.dll
0x00007ffabb9d0000 - 0x00007ffabbaa7000 	C:\Program Files\Java\jdk-22\bin\jsvml.dll
0x00007ffad6d80000 - 0x00007ffad6d97000 	C:\Program Files\Java\jdk-22\bin\zip.dll
0x00007ffae9100000 - 0x00007ffae9110000 	C:\Program Files\Java\jdk-22\bin\net.dll
0x00007ffaef100000 - 0x00007ffaef169000 	C:\WINDOWS\system32\mswsock.dll
0x00007ffad6880000 - 0x00007ffad6896000 	C:\Program Files\Java\jdk-22\bin\nio.dll
0x00007ffae7a70000 - 0x00007ffae7a80000 	C:\Program Files\Java\jdk-22\bin\verify.dll
0x00007ffac9be0000 - 0x00007ffac9c24000 	C:\Users\galax\AppData\Roaming\Code\User\globalStorage\redhat.java\1.32.0\config_win\org.eclipse.equinox.launcher\org.eclipse.equinox.launcher.win32.win32.x86_64_1.2.1100.v20240613-2013\eclipse_11903.dll
0x00007ffaef350000 - 0x00007ffaef36b000 	C:\WINDOWS\SYSTEM32\CRYPTSP.dll
0x00007ffaeec20000 - 0x00007ffaeec55000 	C:\WINDOWS\system32\rsaenh.dll
0x00007ffaef1b0000 - 0x00007ffaef1d8000 	C:\WINDOWS\SYSTEM32\USERENV.dll
0x00007ffaef310000 - 0x00007ffaef31c000 	C:\WINDOWS\SYSTEM32\CRYPTBASE.dll
0x00007ffaee710000 - 0x00007ffaee73d000 	C:\WINDOWS\SYSTEM32\IPHLPAPI.DLL
0x00007ffaf1960000 - 0x00007ffaf1969000 	C:\WINDOWS\System32\NSI.dll
0x00007ffabff00000 - 0x00007ffabff45000 	C:\Users\galax\AppData\Local\Temp\jna-79889305\jna11882042830283911402.dll
0x00007ffaf14c0000 - 0x00007ffaf14c8000 	C:\WINDOWS\System32\PSAPI.DLL
0x00007ffaeba50000 - 0x00007ffaebb86000 	C:\WINDOWS\SYSTEM32\winhttp.dll
0x00007ffaeb990000 - 0x00007ffaeb9a9000 	C:\WINDOWS\SYSTEM32\dhcpcsvc6.DLL
0x00007ffaeb970000 - 0x00007ffaeb98f000 	C:\WINDOWS\SYSTEM32\dhcpcsvc.DLL

dbghelp: loaded successfully - version: 4.0.5 - missing functions: none
symbol engine: initialized successfully - sym options: 0x614 - pdb path: .;C:\Program Files\Java\jdk-22\bin;C:\WINDOWS\SYSTEM32;C:\WINDOWS\WinSxS\amd64_microsoft.windows.common-controls_6595b64144ccf1df_6.0.22621.3672_none_2713b9d173822955;C:\Program Files\Java\jdk-22\bin\server;C:\Users\galax\AppData\Roaming\Code\User\globalStorage\redhat.java\1.32.0\config_win\org.eclipse.equinox.launcher\org.eclipse.equinox.launcher.win32.win32.x86_64_1.2.1100.v20240613-2013;C:\Users\galax\AppData\Local\Temp\jna-79889305

VM Arguments:
jvm_args: --add-modules=ALL-SYSTEM --add-opens=java.base/java.util=ALL-UNNAMED --add-opens=java.base/java.lang=ALL-UNNAMED --add-opens=java.base/sun.nio.fs=ALL-UNNAMED -Declipse.application=org.eclipse.jdt.ls.core.id1 -Dosgi.bundles.defaultStartLevel=4 -Declipse.product=org.eclipse.jdt.ls.core.product -Djava.import.generatesMetadataFilesAtProjectRoot=false -DDetectVMInstallationsJob.disabled=true -Dfile.encoding=utf8 -XX:+UseParallelGC -XX:GCTimeRatio=4 -XX:AdaptiveSizePolicyWeight=90 -Dsun.zip.disableMemoryMapping=true -Xmx2G -Xms100m -Xlog:disable -javaagent:c:\Users\galax\.vscode\extensions\redhat.java-1.32.0-win32-x64\lombok\lombok-1.18.33.jar -XX:+HeapDumpOnOutOfMemoryError -XX:HeapDumpPath=c:\Users\galax\AppData\Roaming\Code\User\workspaceStorage\434381599979fe80c24a5019c7888678\redhat.java -Daether.dependencyCollector.impl=bf 
java_command: c:\Users\galax\.vscode\extensions\redhat.java-1.32.0-win32-x64\server\plugins\org.eclipse.equinox.launcher_1.6.900.v20240613-2009.jar -configuration c:\Users\galax\AppData\Roaming\Code\User\globalStorage\redhat.java\1.32.0\config_win -data c:\Users\galax\AppData\Roaming\Code\User\workspaceStorage\434381599979fe80c24a5019c7888678\redhat.java\jdt_ws --pipe=\\.\pipe\lsp-5aa84780d82d64e110e652f6e28b1ea4-sock
java_class_path (initial): c:\Users\galax\.vscode\extensions\redhat.java-1.32.0-win32-x64\server\plugins\org.eclipse.equinox.launcher_1.6.900.v20240613-2009.jar
Launcher Type: SUN_STANDARD

[Global flags]
     uint AdaptiveSizePolicyWeight                 = 90                                        {product} {command line}
     intx CICompilerCount                          = 4                                         {product} {ergonomic}
     uint GCTimeRatio                              = 4                                         {product} {command line}
     bool HeapDumpOnOutOfMemoryError               = true                                   {manageable} {command line}
    ccstr HeapDumpPath                             = c:\Users\galax\AppData\Roaming\Code\User\workspaceStorage\434381599979fe80c24a5019c7888678\redhat.java         {manageable} {command line}
   size_t InitialHeapSize                          = 104857600                                 {product} {command line}
   size_t MaxHeapSize                              = 2147483648                                {product} {command line}
   size_t MaxNewSize                               = 715653120                                 {product} {ergonomic}
   size_t MinHeapDeltaBytes                        = 524288                                    {product} {ergonomic}
   size_t MinHeapSize                              = 104857600                                 {product} {command line}
   size_t NewSize                                  = 34603008                                  {product} {ergonomic}
    uintx NonNMethodCodeHeapSize                   = 5839372                                {pd product} {ergonomic}
    uintx NonProfiledCodeHeapSize                  = 122909434                              {pd product} {ergonomic}
   size_t OldSize                                  = 70254592                                  {product} {ergonomic}
    uintx ProfiledCodeHeapSize                     = 122909434                              {pd product} {ergonomic}
    uintx ReservedCodeCacheSize                    = 251658240                              {pd product} {ergonomic}
     bool SegmentedCodeCache                       = true                                      {product} {ergonomic}
   size_t SoftMaxHeapSize                          = 2147483648                             {manageable} {ergonomic}
     bool UseCompressedOops                        = true                           {product lp64_product} {ergonomic}
     bool UseLargePagesIndividualAllocation        = false                                  {pd product} {ergonomic}
     bool UseParallelGC                            = true                                      {product} {command line}

Logging:
Log output configuration:
 #0: stdout all=off uptime,level,tags foldmultilines=false
 #1: stderr all=off uptime,level,tags foldmultilines=false

Environment Variables:
JAVA_HOME=C:\Program Files\Amazon Corretto\jdk21.0.3_9
PATH=C:\Program Files\Common Files\Oracle\Java\javapath;C:\Program Files\Amazon Corretto\jdk21.0.3_9\bin;C:\Program Files\Eclipse Adoptium\jdk-21.0.1.12-hotspot;C:\Windows\system32;C:\Windows;C:\Windows\System32\Wbem;C:\Windows\System32\WindowsPowerShell\v1.0\;C:\Windows\System32\OpenSSH\;C:\Program Files (x86)\NVIDIA Corporation\PhysX\Common;C:\Program Files\NVIDIA Corporation\NVIDIA NvDLISR;C:\WINDOWS\system32;C:\WINDOWS;C:\WINDOWS\System32\Wbem;C:\WINDOWS\System32\WindowsPowerShell\v1.0\;C:\WINDOWS\System32\OpenSSH\;C:\Users\galax\AppData\Roaming\nvm;C:\Program Files\nodejs;C:\Program Files\Graphviz\bin;C:\Program Files\GitHub CLI\;C:\Program Files\Git\cmd;C:\Program Files\MongoDB\Server\7.0\bin;C:\Users\galax\AppData\Local\Programs\Python\Python39\Scripts\;C:\Users\galax\AppData\Local\Programs\Python\Python39\;C:\Users\galax\AppData\Local\Programs\Python\Python312\Scripts\;C:\Users\galax\AppData\Local\Programs\Python\Python312\;C:\Users\galax\.console-ninja\.bin;C:\Users\galax\AppData\Local\Microsoft\WindowsApps;C:\Users\galax\AppData\Local\Programs\oh-my-posh\bin;C:\Program Files\JetBrains\IntelliJ IDEA Community Edition 2023.2\bin;C:\Users\galax\AppData\Roaming\npm;C:\Users\galax\AppData\Local\Programs\mongosh\;C:\Users\galax\AppData\Local\GitHubDesktop\bin;C:\Users\galax\AppData\Roaming\nvm;C:\Program Files\nodejs;C:\Program Files\Git\bin;D:\whois;C:\Program Files (x86)\IntelliJ IDEA Community Edition 2023.2\bin;C:\Users\galax\AppData\Local\JetBrains\Toolbox\scripts;C:\Microsoft VS Code\bin;C:\Program Files\MongoDB\Server\7.0\bin;C:\msys64\ucrt64\bin;
USERNAME=Singh
OS=Windows_NT
PROCESSOR_IDENTIFIER=AMD64 Family 25 Model 80 Stepping 0, AuthenticAMD
TMP=C:\Users\galax\AppData\Local\Temp
TEMP=C:\Users\galax\AppData\Local\Temp




Periodic native trim disabled

---------------  S Y S T E M  ---------------

OS:
 Windows 11 , 64 bit Build 22621 (10.0.22621.3672)
OS uptime: 0 days 9:21 hours
Hyper-V role detected

CPU: total 12 (initial active 12) (12 cores per cpu, 2 threads per core) family 25 model 80 stepping 0 microcode 0x0, cx8, cmov, fxsr, ht, mmx, 3dnowpref, sse, sse2, sse3, ssse3, sse4a, sse4.1, sse4.2, popcnt, lzcnt, tsc, tscinvbit, avx, avx2, aes, erms, clmul, bmi1, bmi2, adx, sha, fma, vzeroupper, clflush, clflushopt, hv, rdtscp, rdpid, fsrm, f16c, cet_ss
Processor Information for processor 0
  Max Mhz: 3301, Current Mhz: 2011, Mhz Limit: 3301
Processor Information for processor 1
  Max Mhz: 3301, Current Mhz: 3301, Mhz Limit: 3301
Processor Information for processor 2
  Max Mhz: 3301, Current Mhz: 3301, Mhz Limit: 3301
Processor Information for processor 3
  Max Mhz: 3301, Current Mhz: 2011, Mhz Limit: 3301
Processor Information for processor 4
  Max Mhz: 3301, Current Mhz: 3301, Mhz Limit: 3301
Processor Information for processor 5
  Max Mhz: 3301, Current Mhz: 3301, Mhz Limit: 3301
Processor Information for processor 6
  Max Mhz: 3301, Current Mhz: 2011, Mhz Limit: 3301
Processor Information for processor 7
  Max Mhz: 3301, Current Mhz: 3301, Mhz Limit: 3301
Processor Information for processor 8
  Max Mhz: 3301, Current Mhz: 3301, Mhz Limit: 3301
Processor Information for processor 9
  Max Mhz: 3301, Current Mhz: 2011, Mhz Limit: 3301
Processor Information for processor 10
  Max Mhz: 3301, Current Mhz: 3301, Mhz Limit: 3301
Processor Information for processor 11
  Max Mhz: 3301, Current Mhz: 2011, Mhz Limit: 3301

Memory: 4k page, system-wide physical 15724M (3133M free)
TotalPageFile size 20724M (AvailPageFile size 29M)
current process WorkingSet (physical memory assigned to process): 201M, peak: 201M
current process commit charge ("private bytes"): 341M, peak: 341M

vm_info: Java HotSpot(TM) 64-Bit Server VM (22.0.2+9-70) for windows-amd64 JRE (22.0.2+9-70), built on 2024-06-04T16:52:23Z by "mach5one" with MS VC++ 17.6 (VS2022)

END.
