#
# There is insufficient memory for the Java Runtime Environment to continue.
# Native memory allocation (malloc) failed to allocate 294464 bytes for Chunk::new
# Possible reasons:
#   The system is out of physical RAM or swap space
# Possible solutions:
#   Reduce memory load on the system
#   Increase physical memory or swap space
#   Check if swap backing store is full
#   Decrease Java heap size (-Xmx/-Xms)
#   Decrease number of Java threads
#   Decrease Java thread stack sizes (-Xss)
#   Set larger code cache with -XX:ReservedCodeCacheSize=
# This output file may be truncated or incomplete.
#
#  Out of Memory Error (arena.cpp:191), pid=21968, tid=24496
#
# JRE version: OpenJDK Runtime Environment Temurin-17.0.10+7 (17.0.10+7) (build 17.0.10+7)
# Java VM: OpenJDK 64-Bit Server VM Temurin-17.0.10+7 (17.0.10+7, mixed mode, tiered, compressed class ptrs, parallel gc, windows-amd64)
# No core dump will be written. Minidumps are not enabled by default on client versions of Windows
#

---------------  S U M M A R Y ------------

Command Line: --add-modules=ALL-SYSTEM --add-opens=java.base/java.util=ALL-UNNAMED --add-opens=java.base/java.lang=ALL-UNNAMED --add-opens=java.base/sun.nio.fs=ALL-UNNAMED -Declipse.application=org.eclipse.jdt.ls.core.id1 -Dosgi.bundles.defaultStartLevel=4 -Declipse.product=org.eclipse.jdt.ls.core.product -Djava.import.generatesMetadataFilesAtProjectRoot=false -DDetectVMInstallationsJob.disabled=true -Dfile.encoding=utf8 -XX:+UseParallelGC -XX:GCTimeRatio=4 -XX:AdaptiveSizePolicyWeight=90 -Dsun.zip.disableMemoryMapping=true -Xmx128G -Xms100m -Xlog:disable -javaagent:c:\Users\galax\.vscode\extensions\redhat.java-1.30.0-win32-x64\lombok\lombok-1.18.32.jar -XX:+HeapDumpOnOutOfMemoryError -XX:HeapDumpPath=c:\Users\galax\AppData\Roaming\Code\User\workspaceStorage\715939317411bacedd6cdfeea8c9b0d6\redhat.java -Daether.dependencyCollector.impl=bf c:\Users\galax\.vscode\extensions\redhat.java-1.30.0-win32-x64\server\plugins\org.eclipse.equinox.launcher_1.6.800.v20240330-1250.jar -configuration c:\Users\galax\AppData\Roaming\Code\User\globalStorage\redhat.java\1.30.0\config_win -data c:\Users\galax\AppData\Roaming\Code\User\workspaceStorage\715939317411bacedd6cdfeea8c9b0d6\redhat.java\jdt_ws --pipe=\\.\pipe\lsp-772543cd72dffe134ba44309fa409d34-sock

Host: AMD Ryzen 5 5600H with Radeon Graphics         , 12 cores, 15G,  Windows 11 , 64 bit Build 22621 (10.0.22621.3527)
Time: Tue May 21 21:39:25 2024 India Standard Time elapsed time: 2.582966 seconds (0d 0h 0m 2s)

---------------  T H R E A D  ---------------

Current thread (0x000002484a39c030):  JavaThread "C2 CompilerThread1" daemon [_thread_in_native, id=24496, stack(0x00000075ce400000,0x00000075ce500000)]


Current CompileTask:
C2:   2583 3638   !   4       org.eclipse.osgi.storage.bundlefile.CloseableBundleFile::getEntry (28 bytes)

Stack: [0x00000075ce400000,0x00000075ce500000]
Native frames: (J=compiled Java code, j=interpreted, Vv=VM code, C=native code)
V  [jvm.dll+0x67d2c9]
V  [jvm.dll+0x834afa]
V  [jvm.dll+0x8365be]
V  [jvm.dll+0x836c23]
V  [jvm.dll+0x2477ff]
V  [jvm.dll+0xac514]
V  [jvm.dll+0xacb5c]
V  [jvm.dll+0x3667d7]
V  [jvm.dll+0x330bfa]
V  [jvm.dll+0x33009a]
V  [jvm.dll+0x219ef1]
V  [jvm.dll+0x219311]
V  [jvm.dll+0x1a502d]
V  [jvm.dll+0x2290de]
V  [jvm.dll+0x2272ac]
V  [jvm.dll+0x7e9bb7]
V  [jvm.dll+0x7e3fba]
V  [jvm.dll+0x67c1b5]
C  [ucrtbase.dll+0x29333]
C  [KERNEL32.DLL+0x1257d]
C  [ntdll.dll+0x5aa48]


---------------  P R O C E S S  ---------------

Threads class SMR info:
_java_thread_list=0x000002484c698350, length=23, elements={
0x0000022718193b50, 0x000002484a1a7020, 0x000002484a1a9560, 0x0000022717d1dfd0,
0x000002484a1cbf00, 0x000002484a1d0ae0, 0x000002484a1d6c30, 0x000002484a1d7a30,
0x000002484a1dc360, 0x000002484a1dd450, 0x000002484a34d1f0, 0x000002484a39c030,
0x000002484a349f50, 0x000002484a349a40, 0x000002484a34b390, 0x000002484a34c2c0,
0x000002484a34a460, 0x000002484a34c7d0, 0x000002484a34a970, 0x000002484a34cce0,
0x000002484a39b040, 0x000002484c4c4d20, 0x000002484c4c5230
}

Java Threads: ( => current thread )
  0x0000022718193b50 JavaThread "main" [_thread_blocked, id=18228, stack(0x00000075cd700000,0x00000075cd800000)]
  0x000002484a1a7020 JavaThread "Reference Handler" daemon [_thread_blocked, id=7444, stack(0x00000075cda00000,0x00000075cdb00000)]
  0x000002484a1a9560 JavaThread "Finalizer" daemon [_thread_blocked, id=11752, stack(0x00000075cdb00000,0x00000075cdc00000)]
  0x0000022717d1dfd0 JavaThread "Signal Dispatcher" daemon [_thread_blocked, id=6620, stack(0x00000075cdc00000,0x00000075cdd00000)]
  0x000002484a1cbf00 JavaThread "Attach Listener" daemon [_thread_blocked, id=24120, stack(0x00000075cdd00000,0x00000075cde00000)]
  0x000002484a1d0ae0 JavaThread "Service Thread" daemon [_thread_blocked, id=8176, stack(0x00000075cde00000,0x00000075cdf00000)]
  0x000002484a1d6c30 JavaThread "Monitor Deflation Thread" daemon [_thread_blocked, id=11504, stack(0x00000075cdf00000,0x00000075ce000000)]
  0x000002484a1d7a30 JavaThread "C2 CompilerThread0" daemon [_thread_blocked, id=18512, stack(0x00000075ce000000,0x00000075ce100000)]
  0x000002484a1dc360 JavaThread "C1 CompilerThread0" daemon [_thread_blocked, id=18584, stack(0x00000075ce100000,0x00000075ce200000)]
  0x000002484a1dd450 JavaThread "Sweeper thread" daemon [_thread_blocked, id=24288, stack(0x00000075ce200000,0x00000075ce300000)]
  0x000002484a34d1f0 JavaThread "Common-Cleaner" daemon [_thread_blocked, id=24856, stack(0x00000075ce300000,0x00000075ce400000)]
=>0x000002484a39c030 JavaThread "C2 CompilerThread1" daemon [_thread_in_native, id=24496, stack(0x00000075ce400000,0x00000075ce500000)]
  0x000002484a349f50 JavaThread "Notification Thread" daemon [_thread_blocked, id=24592, stack(0x00000075ce500000,0x00000075ce600000)]
  0x000002484a349a40 JavaThread "Active Thread: Equinox Container: 8b0b5fc9-3591-4a8e-a5d2-fd5a18a1a356" [_thread_blocked, id=24176, stack(0x00000075ced00000,0x00000075cee00000)]
  0x000002484a34b390 JavaThread "Framework Event Dispatcher: Equinox Container: 8b0b5fc9-3591-4a8e-a5d2-fd5a18a1a356" daemon [_thread_blocked, id=13364, stack(0x00000075cef00000,0x00000075cf000000)]
  0x000002484a34c2c0 JavaThread "Start Level: Equinox Container: 8b0b5fc9-3591-4a8e-a5d2-fd5a18a1a356" daemon [_thread_in_vm, id=25272, stack(0x00000075cf000000,0x00000075cf100000)]
  0x000002484a34a460 JavaThread "Bundle File Closer" daemon [_thread_blocked, id=21792, stack(0x00000075cf100000,0x00000075cf200000)]
  0x000002484a34c7d0 JavaThread "SCR Component Actor" daemon [_thread_blocked, id=17252, stack(0x00000075ce700000,0x00000075ce800000)]
  0x000002484a34a970 JavaThread "SCR Component Registry" daemon [_thread_blocked, id=22284, stack(0x00000075cf400000,0x00000075cf500000)]
  0x000002484a34cce0 JavaThread "Worker-JM" [_thread_blocked, id=18612, stack(0x00000075cf600000,0x00000075cf700000)]
  0x000002484a39b040 JavaThread "C2 CompilerThread2" daemon [_thread_in_native, id=13476, stack(0x00000075cf700000,0x00000075cf800000)]
  0x000002484c4c4d20 JavaThread "Worker-0" [_thread_blocked, id=13008, stack(0x00000075cf800000,0x00000075cf900000)]
  0x000002484c4c5230 JavaThread "Worker-1" [_thread_blocked, id=16076, stack(0x00000075cf900000,0x00000075cfa00000)]

Other Threads:
  0x000002271823ed00 VMThread "VM Thread" [stack: 0x00000075cd900000,0x00000075cda00000] [id=19204]
  0x000002484b98b200 WatcherThread [stack: 0x00000075ce600000,0x00000075ce700000] [id=4432]
  0x00000227181ac100 GCTaskThread "GC Thread#0" [stack: 0x00000075cd800000,0x00000075cd900000] [id=2380]
  0x000002484c158970 GCTaskThread "GC Thread#1" [stack: 0x00000075ce800000,0x00000075ce900000] [id=5116]
  0x000002484bdf84e0 GCTaskThread "GC Thread#2" [stack: 0x00000075ce900000,0x00000075cea00000] [id=18036]
  0x000002484bdf8bb0 GCTaskThread "GC Thread#3" [stack: 0x00000075cea00000,0x00000075ceb00000] [id=18796]
  0x000002484bdf8e70 GCTaskThread "GC Thread#4" [stack: 0x00000075ceb00000,0x00000075cec00000] [id=6968]
  0x000002484bffceb0 GCTaskThread "GC Thread#5" [stack: 0x00000075cec00000,0x00000075ced00000] [id=8156]
  0x000002484c0396f0 GCTaskThread "GC Thread#6" [stack: 0x00000075cee00000,0x00000075cef00000] [id=6652]
  0x000002484c53a360 GCTaskThread "GC Thread#7" [stack: 0x00000075cf200000,0x00000075cf300000] [id=25332]
  0x000002484c53a620 GCTaskThread "GC Thread#8" [stack: 0x00000075cf300000,0x00000075cf400000] [id=24600]
  0x000002484c8d8030 GCTaskThread "GC Thread#9" [stack: 0x00000075cf500000,0x00000075cf600000] [id=8312]

Threads with active compile tasks:
C2 CompilerThread1     2606 3638   !   4       org.eclipse.osgi.storage.bundlefile.CloseableBundleFile::getEntry (28 bytes)
C2 CompilerThread2     2606 3655 %     4       java.io.WinNTFileSystem::normalize @ 22 (143 bytes)

VM state: not at safepoint (normal execution)

VM Mutex/Monitor currently owned by a thread: None

CDS archive(s) not mapped
Compressed class space mapped at: 0x0000000080000000-0x00000000c0000000, reserved size: 1073741824
Narrow klass base: 0x0000000000000000, Narrow klass shift: 0, Narrow klass range: 0xc0000000

GC Precious Log:
 CPUs: 12 total, 12 available
 Memory: 15724M
 Large Page Support: Disabled
 NUMA Support: Disabled
 Compressed Oops: Disabled
 Alignments: Space 512K, Generation 512K, Heap 2M
 Heap Min Capacity: 100M
 Heap Initial Capacity: 100M
 Heap Max Capacity: 128G
 Pre-touch: Disabled
 Parallel Workers: 10

Heap:
 PSYoungGen      total 26112K, used 13246K [0x0000023c7f580000, 0x0000023c81500000, 0x000002472a000000)
  eden space 24064K, 46% used [0x0000023c7f580000,0x0000023c80072418,0x0000023c80d00000)
  from space 2048K, 99% used [0x0000023c81280000,0x0000023c8147d798,0x0000023c81480000)
  to   space 4096K, 0% used [0x0000023c80d00000,0x0000023c80d00000,0x0000023c81100000)
 ParOldGen       total 68608K, used 14881K [0x000002272a000000, 0x000002272e300000, 0x0000023c7f580000)
  object space 68608K, 21% used [0x000002272a000000,0x000002272ae886c8,0x000002272e300000)
 Metaspace       used 30107K, committed 30656K, reserved 1114112K
  class space    used 2964K, committed 3200K, reserved 1048576K

Card table byte_map: [0x0000022700000000,0x0000022710010000] _byte_map_base: 0x00000225ec6b0000

Marking Bits: (ParMarkBitMap*) 0x00007ffaea2ad7d0
 Begin Bits: [0x0000024734ab0000, 0x00000247b4ab0000)
 End Bits:   [0x00000247b4ab0000, 0x0000024834ab0000)

Polling page: 0x0000022716150000

Metaspace:

Usage:
  Non-class:     26.51 MB used.
      Class:      2.90 MB used.
       Both:     29.40 MB used.

Virtual space:
  Non-class space:       64.00 MB reserved,      26.81 MB ( 42%) committed,  1 nodes.
      Class space:        1.00 GB reserved,       3.12 MB ( <1%) committed,  1 nodes.
             Both:        1.06 GB reserved,      29.94 MB (  3%) committed. 

Chunk freelists:
   Non-Class:  4.62 MB
       Class:  12.91 MB
        Both:  17.53 MB

MaxMetaspaceSize: unlimited
CompressedClassSpaceSize: 1.00 GB
Initial GC threshold: 21.00 MB
Current GC threshold: 35.00 MB
CDS: off
MetaspaceReclaimPolicy: balanced
 - commit_granule_bytes: 65536.
 - commit_granule_words: 8192.
 - virtual_space_node_default_size: 8388608.
 - enlarge_chunks_in_place: 1.
 - new_chunks_are_fully_committed: 0.
 - uncommit_free_chunks: 1.
 - use_allocation_guard: 0.
 - handle_deallocations: 1.


Internal statistics:

num_allocs_failed_limit: 3.
num_arena_births: 346.
num_arena_deaths: 0.
num_vsnodes_births: 2.
num_vsnodes_deaths: 0.
num_space_committed: 480.
num_space_uncommitted: 0.
num_chunks_returned_to_freelist: 3.
num_chunks_taken_from_freelist: 1196.
num_chunk_merges: 3.
num_chunk_splits: 787.
num_chunks_enlarged: 556.
num_inconsistent_stats: 0.

CodeHeap 'non-profiled nmethods': size=120000Kb used=1608Kb max_used=1608Kb free=118391Kb
 bounds [0x00000227228f0000, 0x0000022722b60000, 0x0000022729e20000]
CodeHeap 'profiled nmethods': size=120000Kb used=7518Kb max_used=7518Kb free=112481Kb
 bounds [0x000002271ae20000, 0x000002271b580000, 0x0000022722350000]
CodeHeap 'non-nmethods': size=5760Kb used=1237Kb max_used=1237Kb free=4523Kb
 bounds [0x0000022722350000, 0x00000227225c0000, 0x00000227228f0000]
 total_blobs=4203 nmethods=3656 adapters=461
 compilation: enabled
              stopped_count=0, restarted_count=0
 full_count=0

Compilation events (20 events):
Event: 2.543 Thread 0x000002484a1dc360 nmethod 3628 0x000002271b567590 code [0x000002271b5677a0, 0x000002271b567f38]
Event: 2.543 Thread 0x000002484a1dc360 3629       3       java.lang.invoke.MethodHandles$Lookup::getDirectMethodCommon (280 bytes)
Event: 2.543 Thread 0x000002484a1dc360 nmethod 3629 0x000002271b568190 code [0x000002271b5684a0, 0x000002271b569518]
Event: 2.543 Thread 0x000002484a1dc360 3630       3       java.lang.invoke.MethodHandles$Lookup::checkMethod (87 bytes)
Event: 2.544 Thread 0x000002484a1dc360 nmethod 3630 0x000002271b569b10 code [0x000002271b569d20, 0x000002271b56a498]
Event: 2.547 Thread 0x000002484a1dc360 3631       3       java.lang.invoke.MethodHandleNatives$CallSiteContext::run (5 bytes)
Event: 2.547 Thread 0x000002484a1dc360 nmethod 3631 0x000002271b56a710 code [0x000002271b56a8a0, 0x000002271b56a9c8]
Event: 2.548 Thread 0x000002484a1dc360 3633       3       java.lang.Package::<init> (47 bytes)
Event: 2.548 Thread 0x000002484a1dc360 nmethod 3633 0x000002271b56aa90 code [0x000002271b56ac60, 0x000002271b56b068]
Event: 2.548 Thread 0x000002484a1dc360 3634       3       java.lang.Package$VersionInfo::getInstance (53 bytes)
Event: 2.548 Thread 0x000002484a1dc360 nmethod 3634 0x000002271b56b290 code [0x000002271b56b440, 0x000002271b56b808]
Event: 2.555 Thread 0x000002484a1dc360 3635       3       org.lombokweb.asm.SymbolTable::addConstantIntegerOrFloat (21 bytes)
Event: 2.555 Thread 0x000002484a1dc360 nmethod 3635 0x000002271b56b910 code [0x000002271b56bac0, 0x000002271b56bd18]
Event: 2.555 Thread 0x000002484a1dc360 3636       1       lombok.patcher.scripts.AddFieldScript::access$0 (5 bytes)
Event: 2.556 Thread 0x000002484a1dc360 nmethod 3636 0x0000022722a7f590 code [0x0000022722a7f720, 0x0000022722a7f7d8]
Event: 2.571 Thread 0x000002484a39b040 3637       4       org.eclipse.osgi.storage.bundlefile.ZipBundleFile::findEntry (62 bytes)
Event: 2.571 Thread 0x000002484a39c030 3638   !   4       org.eclipse.osgi.storage.bundlefile.CloseableBundleFile::getEntry (28 bytes)
Event: 2.572 Thread 0x000002484a1d7a30 3639       4       java.lang.ClassLoader::loadClass (7 bytes)
Event: 2.573 Thread 0x000002484a1d7a30 nmethod 3639 0x0000022722a7f890 code [0x0000022722a7fa00, 0x0000022722a7fa98]
Event: 2.579 Thread 0x000002484a39b040 nmethod 3637 0x0000022722a7fb90 code [0x0000022722a7fd80, 0x0000022722a80560]

GC Heap History (18 events):
Event: 0.780 GC heap before
{Heap before GC invocations=1 (full 0):
 PSYoungGen      total 29696K, used 25600K [0x0000023c7f580000, 0x0000023c81680000, 0x000002472a000000)
  eden space 25600K, 100% used [0x0000023c7f580000,0x0000023c80e80000,0x0000023c80e80000)
  from space 4096K, 0% used [0x0000023c81280000,0x0000023c81280000,0x0000023c81680000)
  to   space 4096K, 0% used [0x0000023c80e80000,0x0000023c80e80000,0x0000023c81280000)
 ParOldGen       total 68608K, used 0K [0x000002272a000000, 0x000002272e300000, 0x0000023c7f580000)
  object space 68608K, 0% used [0x000002272a000000,0x000002272a000000,0x000002272e300000)
 Metaspace       used 10368K, committed 10496K, reserved 1114112K
  class space    used 1028K, committed 1088K, reserved 1048576K
}
Event: 0.784 GC heap after
{Heap after GC invocations=1 (full 0):
 PSYoungGen      total 29696K, used 3828K [0x0000023c7f580000, 0x0000023c81680000, 0x000002472a000000)
  eden space 25600K, 0% used [0x0000023c7f580000,0x0000023c7f580000,0x0000023c80e80000)
  from space 4096K, 93% used [0x0000023c80e80000,0x0000023c8123d298,0x0000023c81280000)
  to   space 4096K, 0% used [0x0000023c81280000,0x0000023c81280000,0x0000023c81680000)
 ParOldGen       total 68608K, used 16K [0x000002272a000000, 0x000002272e300000, 0x0000023c7f580000)
  object space 68608K, 0% used [0x000002272a000000,0x000002272a004000,0x000002272e300000)
 Metaspace       used 10368K, committed 10496K, reserved 1114112K
  class space    used 1028K, committed 1088K, reserved 1048576K
}
Event: 1.090 GC heap before
{Heap before GC invocations=2 (full 0):
 PSYoungGen      total 29696K, used 29428K [0x0000023c7f580000, 0x0000023c81680000, 0x000002472a000000)
  eden space 25600K, 100% used [0x0000023c7f580000,0x0000023c80e80000,0x0000023c80e80000)
  from space 4096K, 93% used [0x0000023c80e80000,0x0000023c8123d298,0x0000023c81280000)
  to   space 4096K, 0% used [0x0000023c81280000,0x0000023c81280000,0x0000023c81680000)
 ParOldGen       total 68608K, used 16K [0x000002272a000000, 0x000002272e300000, 0x0000023c7f580000)
  object space 68608K, 0% used [0x000002272a000000,0x000002272a004000,0x000002272e300000)
 Metaspace       used 13819K, committed 14016K, reserved 1114112K
  class space    used 1367K, committed 1472K, reserved 1048576K
}
Event: 1.095 GC heap after
{Heap after GC invocations=2 (full 0):
 PSYoungGen      total 29696K, used 4083K [0x0000023c7f580000, 0x0000023c81680000, 0x000002472a000000)
  eden space 25600K, 0% used [0x0000023c7f580000,0x0000023c7f580000,0x0000023c80e80000)
  from space 4096K, 99% used [0x0000023c81280000,0x0000023c8167cf48,0x0000023c81680000)
  to   space 4096K, 0% used [0x0000023c80e80000,0x0000023c80e80000,0x0000023c81280000)
 ParOldGen       total 68608K, used 2920K [0x000002272a000000, 0x000002272e300000, 0x0000023c7f580000)
  object space 68608K, 4% used [0x000002272a000000,0x000002272a2da398,0x000002272e300000)
 Metaspace       used 13819K, committed 14016K, reserved 1114112K
  class space    used 1367K, committed 1472K, reserved 1048576K
}
Event: 1.478 GC heap before
{Heap before GC invocations=3 (full 0):
 PSYoungGen      total 29696K, used 29683K [0x0000023c7f580000, 0x0000023c81680000, 0x000002472a000000)
  eden space 25600K, 100% used [0x0000023c7f580000,0x0000023c80e80000,0x0000023c80e80000)
  from space 4096K, 99% used [0x0000023c81280000,0x0000023c8167cf48,0x0000023c81680000)
  to   space 4096K, 0% used [0x0000023c80e80000,0x0000023c80e80000,0x0000023c81280000)
 ParOldGen       total 68608K, used 2920K [0x000002272a000000, 0x000002272e300000, 0x0000023c7f580000)
  object space 68608K, 4% used [0x000002272a000000,0x000002272a2da398,0x000002272e300000)
 Metaspace       used 15798K, committed 16000K, reserved 1114112K
  class space    used 1591K, committed 1664K, reserved 1048576K
}
Event: 1.483 GC heap after
{Heap after GC invocations=3 (full 0):
 PSYoungGen      total 29696K, used 4066K [0x0000023c7f580000, 0x0000023c81680000, 0x000002472a000000)
  eden space 25600K, 0% used [0x0000023c7f580000,0x0000023c7f580000,0x0000023c80e80000)
  from space 4096K, 99% used [0x0000023c80e80000,0x0000023c81278868,0x0000023c81280000)
  to   space 4096K, 0% used [0x0000023c81280000,0x0000023c81280000,0x0000023c81680000)
 ParOldGen       total 68608K, used 7142K [0x000002272a000000, 0x000002272e300000, 0x0000023c7f580000)
  object space 68608K, 10% used [0x000002272a000000,0x000002272a6f98a8,0x000002272e300000)
 Metaspace       used 15798K, committed 16000K, reserved 1114112K
  class space    used 1591K, committed 1664K, reserved 1048576K
}
Event: 1.828 GC heap before
{Heap before GC invocations=4 (full 0):
 PSYoungGen      total 29696K, used 29666K [0x0000023c7f580000, 0x0000023c81680000, 0x000002472a000000)
  eden space 25600K, 100% used [0x0000023c7f580000,0x0000023c80e80000,0x0000023c80e80000)
  from space 4096K, 99% used [0x0000023c80e80000,0x0000023c81278868,0x0000023c81280000)
  to   space 4096K, 0% used [0x0000023c81280000,0x0000023c81280000,0x0000023c81680000)
 ParOldGen       total 68608K, used 7142K [0x000002272a000000, 0x000002272e300000, 0x0000023c7f580000)
  object space 68608K, 10% used [0x000002272a000000,0x000002272a6f98a8,0x000002272e300000)
 Metaspace       used 18638K, committed 19008K, reserved 1114112K
  class space    used 1890K, committed 2048K, reserved 1048576K
}
Event: 1.831 GC heap after
{Heap after GC invocations=4 (full 0):
 PSYoungGen      total 29696K, used 4085K [0x0000023c7f580000, 0x0000023c81680000, 0x000002472a000000)
  eden space 25600K, 0% used [0x0000023c7f580000,0x0000023c7f580000,0x0000023c80e80000)
  from space 4096K, 99% used [0x0000023c81280000,0x0000023c8167d528,0x0000023c81680000)
  to   space 4096K, 0% used [0x0000023c80e80000,0x0000023c80e80000,0x0000023c81280000)
 ParOldGen       total 68608K, used 8974K [0x000002272a000000, 0x000002272e300000, 0x0000023c7f580000)
  object space 68608K, 13% used [0x000002272a000000,0x000002272a8c3838,0x000002272e300000)
 Metaspace       used 18638K, committed 19008K, reserved 1114112K
  class space    used 1890K, committed 2048K, reserved 1048576K
}
Event: 2.005 GC heap before
{Heap before GC invocations=5 (full 0):
 PSYoungGen      total 29696K, used 24552K [0x0000023c7f580000, 0x0000023c81680000, 0x000002472a000000)
  eden space 25600K, 79% used [0x0000023c7f580000,0x0000023c8097cb68,0x0000023c80e80000)
  from space 4096K, 99% used [0x0000023c81280000,0x0000023c8167d528,0x0000023c81680000)
  to   space 4096K, 0% used [0x0000023c80e80000,0x0000023c80e80000,0x0000023c81280000)
 ParOldGen       total 68608K, used 8974K [0x000002272a000000, 0x000002272e300000, 0x0000023c7f580000)
  object space 68608K, 13% used [0x000002272a000000,0x000002272a8c3838,0x000002272e300000)
 Metaspace       used 21139K, committed 21504K, reserved 1114112K
  class space    used 2130K, committed 2304K, reserved 1048576K
}
Event: 2.007 GC heap after
{Heap after GC invocations=5 (full 0):
 PSYoungGen      total 29696K, used 4087K [0x0000023c7f580000, 0x0000023c81980000, 0x000002472a000000)
  eden space 25600K, 0% used [0x0000023c7f580000,0x0000023c7f580000,0x0000023c80e80000)
  from space 4096K, 99% used [0x0000023c80e80000,0x0000023c8127de80,0x0000023c81280000)
  to   space 5632K, 0% used [0x0000023c81400000,0x0000023c81400000,0x0000023c81980000)
 ParOldGen       total 68608K, used 9853K [0x000002272a000000, 0x000002272e300000, 0x0000023c7f580000)
  object space 68608K, 14% used [0x000002272a000000,0x000002272a99f438,0x000002272e300000)
 Metaspace       used 21139K, committed 21504K, reserved 1114112K
  class space    used 2130K, committed 2304K, reserved 1048576K
}
Event: 2.007 GC heap before
{Heap before GC invocations=6 (full 1):
 PSYoungGen      total 29696K, used 4087K [0x0000023c7f580000, 0x0000023c81980000, 0x000002472a000000)
  eden space 25600K, 0% used [0x0000023c7f580000,0x0000023c7f580000,0x0000023c80e80000)
  from space 4096K, 99% used [0x0000023c80e80000,0x0000023c8127de80,0x0000023c81280000)
  to   space 5632K, 0% used [0x0000023c81400000,0x0000023c81400000,0x0000023c81980000)
 ParOldGen       total 68608K, used 9853K [0x000002272a000000, 0x000002272e300000, 0x0000023c7f580000)
  object space 68608K, 14% used [0x000002272a000000,0x000002272a99f438,0x000002272e300000)
 Metaspace       used 21139K, committed 21504K, reserved 1114112K
  class space    used 2130K, committed 2304K, reserved 1048576K
}
Event: 2.022 GC heap after
{Heap after GC invocations=6 (full 1):
 PSYoungGen      total 29696K, used 0K [0x0000023c7f580000, 0x0000023c81980000, 0x000002472a000000)
  eden space 25600K, 0% used [0x0000023c7f580000,0x0000023c7f580000,0x0000023c80e80000)
  from space 4096K, 0% used [0x0000023c80e80000,0x0000023c80e80000,0x0000023c81280000)
  to   space 5632K, 0% used [0x0000023c81400000,0x0000023c81400000,0x0000023c81980000)
 ParOldGen       total 68608K, used 13084K [0x000002272a000000, 0x000002272e300000, 0x0000023c7f580000)
  object space 68608K, 19% used [0x000002272a000000,0x000002272acc70d0,0x000002272e300000)
 Metaspace       used 21139K, committed 21504K, reserved 1114112K
  class space    used 2130K, committed 2304K, reserved 1048576K
}
Event: 2.259 GC heap before
{Heap before GC invocations=7 (full 1):
 PSYoungGen      total 29696K, used 25600K [0x0000023c7f580000, 0x0000023c81980000, 0x000002472a000000)
  eden space 25600K, 100% used [0x0000023c7f580000,0x0000023c80e80000,0x0000023c80e80000)
  from space 4096K, 0% used [0x0000023c80e80000,0x0000023c80e80000,0x0000023c81280000)
  to   space 5632K, 0% used [0x0000023c81400000,0x0000023c81400000,0x0000023c81980000)
 ParOldGen       total 68608K, used 13084K [0x000002272a000000, 0x000002272e300000, 0x0000023c7f580000)
  object space 68608K, 19% used [0x000002272a000000,0x000002272acc70d0,0x000002272e300000)
 Metaspace       used 24116K, committed 24640K, reserved 1114112K
  class space    used 2453K, committed 2688K, reserved 1048576K
}
Event: 2.261 GC heap after
{Heap after GC invocations=7 (full 1):
 PSYoungGen      total 26624K, used 1472K [0x0000023c7f580000, 0x0000023c81580000, 0x000002472a000000)
  eden space 25088K, 0% used [0x0000023c7f580000,0x0000023c7f580000,0x0000023c80e00000)
  from space 1536K, 95% used [0x0000023c81400000,0x0000023c815702a0,0x0000023c81580000)
  to   space 3072K, 0% used [0x0000023c80f80000,0x0000023c80f80000,0x0000023c81280000)
 ParOldGen       total 68608K, used 13092K [0x000002272a000000, 0x000002272e300000, 0x0000023c7f580000)
  object space 68608K, 19% used [0x000002272a000000,0x000002272acc90d0,0x000002272e300000)
 Metaspace       used 24116K, committed 24640K, reserved 1114112K
  class space    used 2453K, committed 2688K, reserved 1048576K
}
Event: 2.444 GC heap before
{Heap before GC invocations=8 (full 1):
 PSYoungGen      total 26624K, used 26560K [0x0000023c7f580000, 0x0000023c81580000, 0x000002472a000000)
  eden space 25088K, 100% used [0x0000023c7f580000,0x0000023c80e00000,0x0000023c80e00000)
  from space 1536K, 95% used [0x0000023c81400000,0x0000023c815702a0,0x0000023c81580000)
  to   space 3072K, 0% used [0x0000023c80f80000,0x0000023c80f80000,0x0000023c81280000)
 ParOldGen       total 68608K, used 13092K [0x000002272a000000, 0x000002272e300000, 0x0000023c7f580000)
  object space 68608K, 19% used [0x000002272a000000,0x000002272acc90d0,0x000002272e300000)
 Metaspace       used 26486K, committed 27008K, reserved 1114112K
  class space    used 2716K, committed 2944K, reserved 1048576K
}
Event: 2.445 GC heap after
{Heap after GC invocations=8 (full 1):
 PSYoungGen      total 27648K, used 3057K [0x0000023c7f580000, 0x0000023c81480000, 0x000002472a000000)
  eden space 24576K, 0% used [0x0000023c7f580000,0x0000023c7f580000,0x0000023c80d80000)
  from space 3072K, 99% used [0x0000023c80f80000,0x0000023c8127c5f0,0x0000023c81280000)
  to   space 2048K, 0% used [0x0000023c81280000,0x0000023c81280000,0x0000023c81480000)
 ParOldGen       total 68608K, used 13268K [0x000002272a000000, 0x000002272e300000, 0x0000023c7f580000)
  object space 68608K, 19% used [0x000002272a000000,0x000002272acf50d0,0x000002272e300000)
 Metaspace       used 26486K, committed 27008K, reserved 1114112K
  class space    used 2716K, committed 2944K, reserved 1048576K
}
Event: 2.546 GC heap before
{Heap before GC invocations=9 (full 1):
 PSYoungGen      total 27648K, used 27633K [0x0000023c7f580000, 0x0000023c81480000, 0x000002472a000000)
  eden space 24576K, 100% used [0x0000023c7f580000,0x0000023c80d80000,0x0000023c80d80000)
  from space 3072K, 99% used [0x0000023c80f80000,0x0000023c8127c5f0,0x0000023c81280000)
  to   space 2048K, 0% used [0x0000023c81280000,0x0000023c81280000,0x0000023c81480000)
 ParOldGen       total 68608K, used 13268K [0x000002272a000000, 0x000002272e300000, 0x0000023c7f580000)
  object space 68608K, 19% used [0x000002272a000000,0x000002272acf50d0,0x000002272e300000)
 Metaspace       used 28311K, committed 28864K, reserved 1114112K
  class space    used 2861K, committed 3072K, reserved 1048576K
}
Event: 2.547 GC heap after
{Heap after GC invocations=9 (full 1):
 PSYoungGen      total 26112K, used 2037K [0x0000023c7f580000, 0x0000023c81500000, 0x000002472a000000)
  eden space 24064K, 0% used [0x0000023c7f580000,0x0000023c7f580000,0x0000023c80d00000)
  from space 2048K, 99% used [0x0000023c81280000,0x0000023c8147d798,0x0000023c81480000)
  to   space 4096K, 0% used [0x0000023c80d00000,0x0000023c80d00000,0x0000023c81100000)
 ParOldGen       total 68608K, used 14881K [0x000002272a000000, 0x000002272e300000, 0x0000023c7f580000)
  object space 68608K, 21% used [0x000002272a000000,0x000002272ae886c8,0x000002272e300000)
 Metaspace       used 28311K, committed 28864K, reserved 1114112K
  class space    used 2861K, committed 3072K, reserved 1048576K
}

Dll operation events (9 events):
Event: 0.007 Loaded shared library c:\Users\galax\.vscode\extensions\redhat.java-1.30.0-win32-x64\jre\17.0.10-win32-x86_64\bin\java.dll
Event: 0.357 Loaded shared library c:\Users\galax\.vscode\extensions\redhat.java-1.30.0-win32-x64\jre\17.0.10-win32-x86_64\bin\zip.dll
Event: 0.360 Loaded shared library C:\Users\galax\.vscode\extensions\redhat.java-1.30.0-win32-x64\jre\17.0.10-win32-x86_64\bin\instrument.dll
Event: 0.370 Loaded shared library C:\Users\galax\.vscode\extensions\redhat.java-1.30.0-win32-x64\jre\17.0.10-win32-x86_64\bin\net.dll
Event: 0.372 Loaded shared library C:\Users\galax\.vscode\extensions\redhat.java-1.30.0-win32-x64\jre\17.0.10-win32-x86_64\bin\nio.dll
Event: 0.378 Loaded shared library C:\Users\galax\.vscode\extensions\redhat.java-1.30.0-win32-x64\jre\17.0.10-win32-x86_64\bin\zip.dll
Event: 0.389 Loaded shared library C:\Users\galax\.vscode\extensions\redhat.java-1.30.0-win32-x64\jre\17.0.10-win32-x86_64\bin\jimage.dll
Event: 0.441 Loaded shared library c:\Users\galax\.vscode\extensions\redhat.java-1.30.0-win32-x64\jre\17.0.10-win32-x86_64\bin\verify.dll
Event: 1.183 Loaded shared library C:\Users\galax\AppData\Roaming\Code\User\globalStorage\redhat.java\1.30.0\config_win\org.eclipse.equinox.launcher\org.eclipse.equinox.launcher.win32.win32.x86_64_1.2.900.v20240213-1244\eclipse_11900.dll

Deoptimization events (20 events):
Event: 2.350 Thread 0x000002484a34c2c0 Uncommon trap: trap_request=0xffffffc6 fr.pc=0x00000227229d336c relative=0x0000000000000dcc
Event: 2.350 Thread 0x000002484a34c2c0 Uncommon trap: reason=bimorphic_or_optimized_type_check action=maybe_recompile pc=0x00000227229d336c method=java.util.Properties$LineReader.readLine()I @ 479 c2
Event: 2.350 Thread 0x000002484a34c2c0 DEOPT PACKING pc=0x00000227229d336c sp=0x00000075cf0f1f10
Event: 2.351 Thread 0x000002484a34c2c0 DEOPT UNPACKING pc=0x00000227223a66a3 sp=0x00000075cf0f1eb0 mode 2
Event: 2.380 Thread 0x000002484a34c2c0 DEOPT PACKING pc=0x000002271b189cb0 sp=0x00000075cf0f1c50
Event: 2.380 Thread 0x000002484a34c2c0 DEOPT UNPACKING pc=0x00000227223a6e43 sp=0x00000075cf0f1160 mode 0
Event: 2.383 Thread 0x000002484a34c2c0 DEOPT PACKING pc=0x000002271b189c8f sp=0x00000075cf0f1cc0
Event: 2.383 Thread 0x000002484a34c2c0 DEOPT UNPACKING pc=0x00000227223a6e43 sp=0x00000075cf0f11d0 mode 0
Event: 2.385 Thread 0x000002484a34c2c0 Uncommon trap: trap_request=0xffffff45 fr.pc=0x0000022722909950 relative=0x0000000000000330
Event: 2.385 Thread 0x000002484a34c2c0 Uncommon trap: reason=unstable_if action=reinterpret pc=0x0000022722909950 method=java.lang.StringLatin1.canEncode(I)Z @ 4 c2
Event: 2.385 Thread 0x000002484a34c2c0 DEOPT PACKING pc=0x0000022722909950 sp=0x00000075cf0f26f0
Event: 2.385 Thread 0x000002484a34c2c0 DEOPT UNPACKING pc=0x00000227223a66a3 sp=0x00000075cf0f2618 mode 2
Event: 2.385 Thread 0x000002484a34c2c0 Uncommon trap: trap_request=0xffffff45 fr.pc=0x0000022722934cbc relative=0x000000000000031c
Event: 2.385 Thread 0x000002484a34c2c0 Uncommon trap: reason=unstable_if action=reinterpret pc=0x0000022722934cbc method=java.lang.AbstractStringBuilder.isLatin1()Z @ 10 c2
Event: 2.385 Thread 0x000002484a34c2c0 DEOPT PACKING pc=0x0000022722934cbc sp=0x00000075cf0f2700
Event: 2.385 Thread 0x000002484a34c2c0 DEOPT UNPACKING pc=0x00000227223a66a3 sp=0x00000075cf0f2680 mode 2
Event: 2.501 Thread 0x000002484a34c2c0 Uncommon trap: trap_request=0xffffff45 fr.pc=0x0000022722a76dfc relative=0x000000000000073c
Event: 2.501 Thread 0x000002484a34c2c0 Uncommon trap: reason=unstable_if action=reinterpret pc=0x0000022722a76dfc method=org.lombokweb.asm.ClassReader.readUTF8(I[C)Ljava/lang/String; @ 11 c2
Event: 2.501 Thread 0x000002484a34c2c0 DEOPT PACKING pc=0x0000022722a76dfc sp=0x00000075cf0ef3d0
Event: 2.501 Thread 0x000002484a34c2c0 DEOPT UNPACKING pc=0x00000227223a66a3 sp=0x00000075cf0ef3c8 mode 2

Classes unloaded (0 events):
No events

Classes redefined (0 events):
No events

Internal exceptions (20 events):
Event: 2.026 Thread 0x000002484a34c2c0 Exception <a 'java/lang/NoSuchMethodError'{0x0000023c7f5dc6e8}: 'java.lang.Object java.lang.invoke.DelegatingMethodHandle$Holder.reinvoke_L(java.lang.Object, java.lang.Object, java.lang.Object, java.lang.Object, int, int)'> (0x0000023c7f5dc6e8) 
thrown [s\src\hotspot\share\interpreter\linkResolver.cpp, line 759]
Event: 2.027 Thread 0x000002484a34c2c0 Exception <a 'java/lang/NoSuchMethodError'{0x0000023c7f5f7108}: 'java.lang.Object java.lang.invoke.Invokers$Holder.invokeExact_MT(java.lang.Object, java.lang.Object, java.lang.Object, java.lang.Object)'> (0x0000023c7f5f7108) 
thrown [s\src\hotspot\share\interpreter\linkResolver.cpp, line 759]
Event: 2.066 Thread 0x000002484a34c2c0 Exception <a 'java/io/FileNotFoundException'{0x0000023c7f902240}> (0x0000023c7f902240) 
thrown [s\src\hotspot\share\prims\jni.cpp, line 516]
Event: 2.066 Thread 0x000002484a34c2c0 Exception <a 'java/io/FileNotFoundException'{0x0000023c7f90afd0}> (0x0000023c7f90afd0) 
thrown [s\src\hotspot\share\prims\jni.cpp, line 516]
Event: 2.100 Thread 0x000002484a34c2c0 Exception <a 'java/lang/NoSuchMethodError'{0x0000023c7fcce450}: 'java.lang.Object java.lang.invoke.DirectMethodHandle$Holder.newInvokeSpecial(java.lang.Object, java.lang.Object, java.lang.Object, java.lang.Object, java.lang.Object)'> (0x0000023c7fcce450) 
thrown [s\src\hotspot\share\interpreter\linkResolver.cpp, line 759]
Event: 2.121 Thread 0x000002484a34c2c0 Exception <a 'java/lang/NoSuchMethodError'{0x0000023c7fe9fa08}: 'java.lang.Object java.lang.invoke.DirectMethodHandle$Holder.invokeStaticInit(java.lang.Object, int)'> (0x0000023c7fe9fa08) 
thrown [s\src\hotspot\share\interpreter\linkResolver.cpp, line 759]
Event: 2.154 Thread 0x000002484a34c2c0 Exception <a 'java/lang/NoSuchMethodError'{0x0000023c801596c0}: 'java.lang.Object java.lang.invoke.DirectMethodHandle$Holder.invokeSpecial(java.lang.Object, java.lang.Object, java.lang.Object, long, java.lang.Object)'> (0x0000023c801596c0) 
thrown [s\src\hotspot\share\interpreter\linkResolver.cpp, line 759]
Event: 2.154 Thread 0x000002484a34c2c0 Exception <a 'java/lang/NoSuchMethodError'{0x0000023c801636c8}: 'java.lang.Object java.lang.invoke.DirectMethodHandle$Holder.newInvokeSpecial(java.lang.Object, java.lang.Object, java.lang.Object, long)'> (0x0000023c801636c8) 
thrown [s\src\hotspot\share\interpreter\linkResolver.cpp, line 759]
Event: 2.154 Thread 0x000002484a34c2c0 Exception <a 'java/lang/NoSuchMethodError'{0x0000023c80168ef0}: 'java.lang.Object java.lang.invoke.DirectMethodHandle$Holder.invokeSpecial(java.lang.Object, java.lang.Object, java.lang.Object, java.lang.Object, long)'> (0x0000023c80168ef0) 
thrown [s\src\hotspot\share\interpreter\linkResolver.cpp, line 759]
Event: 2.155 Thread 0x000002484a34c2c0 Exception <a 'java/lang/NoSuchMethodError'{0x0000023c8016dc48}: 'java.lang.Object java.lang.invoke.Invokers$Holder.linkToTargetMethod(java.lang.Object, java.lang.Object, long, java.lang.Object)'> (0x0000023c8016dc48) 
thrown [s\src\hotspot\share\interpreter\linkResolver.cpp, line 759]
Event: 2.161 Thread 0x000002484a34c2c0 Exception <a 'java/lang/NoSuchMethodError'{0x0000023c801ec448}: 'int java.lang.invoke.DirectMethodHandle$Holder.invokeStaticInit(java.lang.Object, java.lang.Object, java.lang.Object)'> (0x0000023c801ec448) 
thrown [s\src\hotspot\share\interpreter\linkResolver.cpp, line 759]
Event: 2.169 Thread 0x000002484a34c2c0 Exception <a 'java/lang/IncompatibleClassChangeError'{0x0000023c802d7c98}: Found class java.lang.Object, but interface was expected> (0x0000023c802d7c98) 
thrown [s\src\hotspot\share\interpreter\linkResolver.cpp, line 826]
Event: 2.173 Thread 0x000002484a34c2c0 Exception <a 'java/lang/NoSuchMethodError'{0x0000023c802efc78}: 'java.lang.Object java.lang.invoke.DirectMethodHandle$Holder.invokeSpecial(java.lang.Object, java.lang.Object, java.lang.Object, int, java.lang.Object, java.lang.Object)'> (0x0000023c802efc78) 
thrown [s\src\hotspot\share\interpreter\linkResolver.cpp, line 759]
Event: 2.173 Thread 0x000002484a34c2c0 Exception <a 'java/lang/NoSuchMethodError'{0x0000023c802fa2b8}: 'java.lang.Object java.lang.invoke.DirectMethodHandle$Holder.newInvokeSpecial(java.lang.Object, java.lang.Object, java.lang.Object, int, java.lang.Object)'> (0x0000023c802fa2b8) 
thrown [s\src\hotspot\share\interpreter\linkResolver.cpp, line 759]
Event: 2.173 Thread 0x000002484a34c2c0 Exception <a 'java/lang/NoSuchMethodError'{0x0000023c802ff998}: 'java.lang.Object java.lang.invoke.DirectMethodHandle$Holder.invokeSpecial(java.lang.Object, java.lang.Object, java.lang.Object, java.lang.Object, int, java.lang.Object)'> (0x0000023c802ff998) 
thrown [s\src\hotspot\share\interpreter\linkResolver.cpp, line 759]
Event: 2.174 Thread 0x000002484c4c4d20 Exception <a 'java/lang/NoSuchMethodError'{0x0000023c801feca8}: 'java.lang.Object java.lang.invoke.DirectMethodHandle$Holder.invokeSpecial(java.lang.Object, java.lang.Object, int, java.lang.Object, java.lang.Object)'> (0x0000023c801feca8) 
thrown [s\src\hotspot\share\interpreter\linkResolver.cpp, line 759]
Event: 2.298 Thread 0x000002484a34c2c0 Exception <a 'java/lang/NoSuchMethodError'{0x0000023c7fa07948}: 'java.lang.Object java.lang.invoke.Invokers$Holder.linkToTargetMethod(java.lang.Object, long, java.lang.Object, java.lang.Object)'> (0x0000023c7fa07948) 
thrown [s\src\hotspot\share\interpreter\linkResolver.cpp, line 759]
Event: 2.357 Thread 0x000002484a34c2c0 Exception <a 'java/io/FileNotFoundException'{0x0000023c802499b8}> (0x0000023c802499b8) 
thrown [s\src\hotspot\share\prims\jni.cpp, line 516]
Event: 2.357 Thread 0x000002484a34c2c0 Exception <a 'java/lang/NoSuchMethodError'{0x0000023c80254d30}: 'java.lang.Object java.lang.invoke.DirectMethodHandle$Holder.newInvokeSpecial(java.lang.Object, int, java.lang.Object, java.lang.Object)'> (0x0000023c80254d30) 
thrown [s\src\hotspot\share\interpreter\linkResolver.cpp, line 759]
Event: 2.421 Thread 0x000002484a34c2c0 Exception <a 'java/lang/NoSuchMethodError'{0x0000023c80b05268}: 'void java.lang.invoke.DirectMethodHandle$Holder.invokeSpecial(java.lang.Object, java.lang.Object, java.lang.Object, int)'> (0x0000023c80b05268) 
thrown [s\src\hotspot\share\interpreter\linkResolver.cpp, line 759]

VM Operations (20 events):
Event: 2.073 Executing VM operation: HandshakeAllThreads
Event: 2.073 Executing VM operation: HandshakeAllThreads done
Event: 2.127 Executing VM operation: HandshakeAllThreads
Event: 2.127 Executing VM operation: HandshakeAllThreads done
Event: 2.181 Executing VM operation: HandshakeAllThreads
Event: 2.182 Executing VM operation: HandshakeAllThreads done
Event: 2.209 Executing VM operation: HandshakeAllThreads
Event: 2.209 Executing VM operation: HandshakeAllThreads done
Event: 2.228 Executing VM operation: HandshakeAllThreads
Event: 2.228 Executing VM operation: HandshakeAllThreads done
Event: 2.232 Executing VM operation: HandshakeAllThreads
Event: 2.232 Executing VM operation: HandshakeAllThreads done
Event: 2.259 Executing VM operation: ParallelGCFailedAllocation
Event: 2.261 Executing VM operation: ParallelGCFailedAllocation done
Event: 2.388 Executing VM operation: HandshakeAllThreads
Event: 2.388 Executing VM operation: HandshakeAllThreads done
Event: 2.444 Executing VM operation: ParallelGCFailedAllocation
Event: 2.445 Executing VM operation: ParallelGCFailedAllocation done
Event: 2.546 Executing VM operation: ParallelGCFailedAllocation
Event: 2.547 Executing VM operation: ParallelGCFailedAllocation done

Events (20 events):
Event: 2.470 loading class java/io/StringReader
Event: 2.470 loading class java/io/StringReader done
Event: 2.481 loading class java/util/zip/GZIPInputStream
Event: 2.481 loading class java/util/zip/GZIPInputStream done
Event: 2.484 loading class java/net/SocketTimeoutException
Event: 2.484 loading class java/io/InterruptedIOException
Event: 2.484 loading class java/io/InterruptedIOException done
Event: 2.484 loading class java/net/SocketTimeoutException done
Event: 2.484 loading class java/net/SocketException
Event: 2.484 loading class java/net/SocketException done
Event: 2.484 loading class java/net/UnknownHostException
Event: 2.484 loading class java/net/UnknownHostException done
Event: 2.484 loading class java/net/ProtocolException
Event: 2.484 loading class java/net/ProtocolException done
Event: 2.493 loading class java/lang/ThreadLocal$SuppliedThreadLocal
Event: 2.493 loading class java/lang/ThreadLocal$SuppliedThreadLocal done
Event: 2.497 loading class java/lang/NegativeArraySizeException
Event: 2.497 loading class java/lang/NegativeArraySizeException done
Event: 2.497 loading class java/io/FileWriter
Event: 2.497 loading class java/io/FileWriter done


Dynamic libraries:
0x00007ff7adc20000 - 0x00007ff7adc2e000 	c:\Users\galax\.vscode\extensions\redhat.java-1.30.0-win32-x64\jre\17.0.10-win32-x86_64\bin\java.exe
0x00007ffb41710000 - 0x00007ffb41927000 	C:\WINDOWS\SYSTEM32\ntdll.dll
0x00007ffb40a30000 - 0x00007ffb40af4000 	C:\WINDOWS\System32\KERNEL32.DLL
0x00007ffb3ee80000 - 0x00007ffb3f227000 	C:\WINDOWS\System32\KERNELBASE.dll
0x00007ffb3ec10000 - 0x00007ffb3ed21000 	C:\WINDOWS\System32\ucrtbase.dll
0x00007ffb2a1d0000 - 0x00007ffb2a1e7000 	c:\Users\galax\.vscode\extensions\redhat.java-1.30.0-win32-x64\jre\17.0.10-win32-x86_64\bin\jli.dll
0x00007ffb2b800000 - 0x00007ffb2b81b000 	c:\Users\galax\.vscode\extensions\redhat.java-1.30.0-win32-x64\jre\17.0.10-win32-x86_64\bin\VCRUNTIME140.dll
0x00007ffb3f410000 - 0x00007ffb3f5be000 	C:\WINDOWS\System32\USER32.dll
0x00007ffb3ea00000 - 0x00007ffb3ea26000 	C:\WINDOWS\System32\win32u.dll
0x00007ffb29470000 - 0x00007ffb29703000 	C:\WINDOWS\WinSxS\amd64_microsoft.windows.common-controls_6595b64144ccf1df_6.0.22621.3527_none_270e469b73872a76\COMCTL32.dll
0x00007ffb3fe80000 - 0x00007ffb3fea9000 	C:\WINDOWS\System32\GDI32.dll
0x00007ffb40bb0000 - 0x00007ffb40c57000 	C:\WINDOWS\System32\msvcrt.dll
0x00007ffb3ed60000 - 0x00007ffb3ee79000 	C:\WINDOWS\System32\gdi32full.dll
0x00007ffb3eaf0000 - 0x00007ffb3eb8a000 	C:\WINDOWS\System32\msvcp_win.dll
0x00007ffb400c0000 - 0x00007ffb400f1000 	C:\WINDOWS\System32\IMM32.DLL
0x00007ffb39880000 - 0x00007ffb3988c000 	c:\Users\galax\.vscode\extensions\redhat.java-1.30.0-win32-x64\jre\17.0.10-win32-x86_64\bin\vcruntime140_1.dll
0x00007ffafd680000 - 0x00007ffafd70d000 	c:\Users\galax\.vscode\extensions\redhat.java-1.30.0-win32-x64\jre\17.0.10-win32-x86_64\bin\msvcp140.dll
0x00007ffae9710000 - 0x00007ffaea372000 	c:\Users\galax\.vscode\extensions\redhat.java-1.30.0-win32-x64\jre\17.0.10-win32-x86_64\bin\server\jvm.dll
0x00007ffb3f860000 - 0x00007ffb3f912000 	C:\WINDOWS\System32\ADVAPI32.dll
0x00007ffb40ea0000 - 0x00007ffb40f48000 	C:\WINDOWS\System32\sechost.dll
0x00007ffb3ed30000 - 0x00007ffb3ed58000 	C:\WINDOWS\System32\bcrypt.dll
0x00007ffb3f5c0000 - 0x00007ffb3f6d5000 	C:\WINDOWS\System32\RPCRT4.dll
0x00007ffb3e8c0000 - 0x00007ffb3e90d000 	C:\WINDOWS\SYSTEM32\POWRPROF.dll
0x00007ffb2a370000 - 0x00007ffb2a379000 	C:\WINDOWS\SYSTEM32\WSOCK32.dll
0x00007ffb36c60000 - 0x00007ffb36c94000 	C:\WINDOWS\SYSTEM32\WINMM.dll
0x00007ffb385f0000 - 0x00007ffb385fa000 	C:\WINDOWS\SYSTEM32\VERSION.dll
0x00007ffb41070000 - 0x00007ffb410e1000 	C:\WINDOWS\System32\WS2_32.dll
0x00007ffb3e8a0000 - 0x00007ffb3e8b3000 	C:\WINDOWS\SYSTEM32\UMPDC.dll
0x00007ffb3d940000 - 0x00007ffb3d958000 	C:\WINDOWS\SYSTEM32\kernel.appcore.dll
0x00007ffb35180000 - 0x00007ffb3518a000 	c:\Users\galax\.vscode\extensions\redhat.java-1.30.0-win32-x64\jre\17.0.10-win32-x86_64\bin\jimage.dll
0x00007ffb3c550000 - 0x00007ffb3c782000 	C:\WINDOWS\SYSTEM32\DBGHELP.DLL
0x00007ffb41310000 - 0x00007ffb41698000 	C:\WINDOWS\System32\combase.dll
0x00007ffb3fda0000 - 0x00007ffb3fe77000 	C:\WINDOWS\System32\OLEAUT32.dll
0x00007ffb32dd0000 - 0x00007ffb32e02000 	C:\WINDOWS\SYSTEM32\dbgcore.DLL
0x00007ffb3eb90000 - 0x00007ffb3ec09000 	C:\WINDOWS\System32\bcryptPrimitives.dll
0x00007ffb2f600000 - 0x00007ffb2f60e000 	c:\Users\galax\.vscode\extensions\redhat.java-1.30.0-win32-x64\jre\17.0.10-win32-x86_64\bin\instrument.dll
0x00007ffb13570000 - 0x00007ffb13595000 	c:\Users\galax\.vscode\extensions\redhat.java-1.30.0-win32-x64\jre\17.0.10-win32-x86_64\bin\java.dll
0x00007ffb29b00000 - 0x00007ffb29b18000 	c:\Users\galax\.vscode\extensions\redhat.java-1.30.0-win32-x64\jre\17.0.10-win32-x86_64\bin\zip.dll
0x00007ffb40100000 - 0x00007ffb4095c000 	C:\WINDOWS\System32\SHELL32.dll
0x00007ffb3c8f0000 - 0x00007ffb3d1e6000 	C:\WINDOWS\SYSTEM32\windows.storage.dll
0x00007ffb3c7b0000 - 0x00007ffb3c8ee000 	C:\WINDOWS\SYSTEM32\wintypes.dll
0x00007ffb3f6e0000 - 0x00007ffb3f7d5000 	C:\WINDOWS\System32\SHCORE.dll
0x00007ffb3feb0000 - 0x00007ffb3ff0e000 	C:\WINDOWS\System32\shlwapi.dll
0x00007ffb3e930000 - 0x00007ffb3e951000 	C:\WINDOWS\SYSTEM32\profapi.dll
0x00007ffb24830000 - 0x00007ffb24849000 	C:\Users\galax\.vscode\extensions\redhat.java-1.30.0-win32-x64\jre\17.0.10-win32-x86_64\bin\net.dll
0x00007ffb38600000 - 0x00007ffb38736000 	C:\WINDOWS\SYSTEM32\WINHTTP.dll
0x00007ffb3de40000 - 0x00007ffb3dea9000 	C:\WINDOWS\system32\mswsock.dll
0x00007ffb1a0f0000 - 0x00007ffb1a106000 	C:\Users\galax\.vscode\extensions\redhat.java-1.30.0-win32-x64\jre\17.0.10-win32-x86_64\bin\nio.dll
0x00007ffb2b8c0000 - 0x00007ffb2b8d0000 	c:\Users\galax\.vscode\extensions\redhat.java-1.30.0-win32-x64\jre\17.0.10-win32-x86_64\bin\verify.dll
0x00007ffb12d70000 - 0x00007ffb12dae000 	C:\Users\galax\AppData\Roaming\Code\User\globalStorage\redhat.java\1.30.0\config_win\org.eclipse.equinox.launcher\org.eclipse.equinox.launcher.win32.win32.x86_64_1.2.900.v20240213-1244\eclipse_11900.dll
0x00007ffb3ff10000 - 0x00007ffb400b5000 	C:\WINDOWS\System32\ole32.dll

dbghelp: loaded successfully - version: 4.0.5 - missing functions: none
symbol engine: initialized successfully - sym options: 0x614 - pdb path: .;c:\Users\galax\.vscode\extensions\redhat.java-1.30.0-win32-x64\jre\17.0.10-win32-x86_64\bin;C:\WINDOWS\SYSTEM32;C:\WINDOWS\WinSxS\amd64_microsoft.windows.common-controls_6595b64144ccf1df_6.0.22621.3527_none_270e469b73872a76;c:\Users\galax\.vscode\extensions\redhat.java-1.30.0-win32-x64\jre\17.0.10-win32-x86_64\bin\server;C:\Users\galax\AppData\Roaming\Code\User\globalStorage\redhat.java\1.30.0\config_win\org.eclipse.equinox.launcher\org.eclipse.equinox.launcher.win32.win32.x86_64_1.2.900.v20240213-1244

VM Arguments:
jvm_args: --add-modules=ALL-SYSTEM --add-opens=java.base/java.util=ALL-UNNAMED --add-opens=java.base/java.lang=ALL-UNNAMED --add-opens=java.base/sun.nio.fs=ALL-UNNAMED -Declipse.application=org.eclipse.jdt.ls.core.id1 -Dosgi.bundles.defaultStartLevel=4 -Declipse.product=org.eclipse.jdt.ls.core.product -Djava.import.generatesMetadataFilesAtProjectRoot=false -DDetectVMInstallationsJob.disabled=true -Dfile.encoding=utf8 -XX:+UseParallelGC -XX:GCTimeRatio=4 -XX:AdaptiveSizePolicyWeight=90 -Dsun.zip.disableMemoryMapping=true -Xmx128G -Xms100m -Xlog:disable -javaagent:c:\Users\galax\.vscode\extensions\redhat.java-1.30.0-win32-x64\lombok\lombok-1.18.32.jar -XX:+HeapDumpOnOutOfMemoryError -XX:HeapDumpPath=c:\Users\galax\AppData\Roaming\Code\User\workspaceStorage\715939317411bacedd6cdfeea8c9b0d6\redhat.java -Daether.dependencyCollector.impl=bf 
java_command: c:\Users\galax\.vscode\extensions\redhat.java-1.30.0-win32-x64\server\plugins\org.eclipse.equinox.launcher_1.6.800.v20240330-1250.jar -configuration c:\Users\galax\AppData\Roaming\Code\User\globalStorage\redhat.java\1.30.0\config_win -data c:\Users\galax\AppData\Roaming\Code\User\workspaceStorage\715939317411bacedd6cdfeea8c9b0d6\redhat.java\jdt_ws --pipe=\\.\pipe\lsp-772543cd72dffe134ba44309fa409d34-sock
java_class_path (initial): c:\Users\galax\.vscode\extensions\redhat.java-1.30.0-win32-x64\server\plugins\org.eclipse.equinox.launcher_1.6.800.v20240330-1250.jar
Launcher Type: SUN_STANDARD

[Global flags]
    uintx AdaptiveSizePolicyWeight                 = 90                                        {product} {command line}
     intx CICompilerCount                          = 4                                         {product} {ergonomic}
    uintx GCTimeRatio                              = 4                                         {product} {command line}
     bool HeapDumpOnOutOfMemoryError               = true                                   {manageable} {command line}
    ccstr HeapDumpPath                             = c:\Users\galax\AppData\Roaming\Code\User\workspaceStorage\715939317411bacedd6cdfeea8c9b0d6\redhat.java         {manageable} {command line}
   size_t InitialHeapSize                          = 104857600                                 {product} {command line}
   size_t MaxHeapSize                              = 137438953472                              {product} {command line}
   size_t MaxNewSize                               = 45812809728                               {product} {ergonomic}
   size_t MinHeapDeltaBytes                        = 524288                                    {product} {ergonomic}
   size_t MinHeapSize                              = 104857600                                 {product} {command line}
   size_t NewSize                                  = 34603008                                  {product} {ergonomic}
    uintx NonNMethodCodeHeapSize                   = 5839372                                {pd product} {ergonomic}
    uintx NonProfiledCodeHeapSize                  = 122909434                              {pd product} {ergonomic}
   size_t OldSize                                  = 70254592                                  {product} {ergonomic}
    uintx ProfiledCodeHeapSize                     = 122909434                              {pd product} {ergonomic}
    uintx ReservedCodeCacheSize                    = 251658240                              {pd product} {ergonomic}
     bool SegmentedCodeCache                       = true                                      {product} {ergonomic}
   size_t SoftMaxHeapSize                          = 137438953472                           {manageable} {ergonomic}
     bool UseCompressedClassPointers               = true                           {product lp64_product} {ergonomic}
     bool UseLargePagesIndividualAllocation        = false                                  {pd product} {ergonomic}
     bool UseParallelGC                            = true                                      {product} {command line}

Logging:
Log output configuration:
 #0: stdout all=off uptime,level,tags
 #1: stderr all=off uptime,level,tags

Environment Variables:
JAVA_HOME=C:\Program Files\Eclipse Adoptium\jdk-21.0.1.12-hotspot
PATH=C:\Program Files\Eclipse Adoptium\jdk-21.0.3.9-hotspot\bin;C:\Program Files\Common Files\Oracle\Java\javapath;C:\Program Files\Eclipse Adoptium\jdk-21.0.1.12-hotspot;C:\Program Files (x86)\Common Files\Oracle\Java\java8path;C:\Program Files (x86)\Common Files\Oracle\Java\javapath;C:\Windows\system32;C:\Windows;C:\Windows\System32\Wbem;C:\Windows\System32\WindowsPowerShell\v1.0\;C:\Windows\System32\OpenSSH\;C:\Program Files (x86)\NVIDIA Corporation\PhysX\Common;C:\Program Files\NVIDIA Corporation\NVIDIA NvDLISR;C:\WINDOWS\system32;C:\WINDOWS;C:\WINDOWS\System32\Wbem;C:\WINDOWS\System32\WindowsPowerShell\v1.0\;C:\WINDOWS\System32\OpenSSH\;C:\Users\galax\AppData\Roaming\nvm;C:\Program Files\nodejs;C:\Program Files\Graphviz\bin;C:\Program Files\GitHub CLI\;C:\Program Files\Git\cmd;C:\Users\galax\AppData\Local\Programs\Python\Python39\Scripts\;C:\Users\galax\AppData\Local\Programs\Python\Python39\;C:\Users\galax\AppData\Local\Programs\Python\Python312\Scripts\;C:\Users\galax\AppData\Local\Programs\Python\Python312\;C:\Users\galax\.console-ninja\.bin;C:\Users\galax\AppData\Local\Microsoft\WindowsApps;C:\Users\galax\AppData\Local\Programs\oh-my-posh\bin;C:\Program Files\JetBrains\IntelliJ IDEA Community Edition 2023.2\bin;C:\Users\galax\AppData\Roaming\npm;C:\Users\galax\AppData\Local\Programs\mongosh\;C:\Users\galax\AppData\Local\GitHubDesktop\bin;C:\Users\galax\AppData\Roaming\nvm;C:\Program Files\nodejs;C:\Program Files\Eclipse Adoptium\jdk-21.0.1.12-hotspot;C:\Program Files\Git\bin;D:\whois;C:\Program Files (x86)\IntelliJ IDEA Community Edition 2023.2\bin;;C:\Microsoft VS Code\bin;
USERNAME=Singh
OS=Windows_NT
PROCESSOR_IDENTIFIER=AMD64 Family 25 Model 80 Stepping 0, AuthenticAMD
TMP=C:\Users\galax\AppData\Local\Temp
TEMP=C:\Users\galax\AppData\Local\Temp



Periodic native trim disabled


---------------  S Y S T E M  ---------------

OS:
 Windows 11 , 64 bit Build 22621 (10.0.22621.3527)
OS uptime: 0 days 10:32 hours
Hyper-V role detected

CPU: total 12 (initial active 12) (12 cores per cpu, 2 threads per core) family 25 model 80 stepping 0 microcode 0x0, cx8, cmov, fxsr, ht, mmx, 3dnowpref, sse, sse2, sse3, ssse3, sse4a, sse4.1, sse4.2, popcnt, lzcnt, tsc, tscinvbit, avx, avx2, aes, erms, clmul, bmi1, bmi2, adx, sha, fma, vzeroupper, clflush, clflushopt, hv
Processor Information for processor 0
  Max Mhz: 3301, Current Mhz: 3301, Mhz Limit: 3301
Processor Information for processor 1
  Max Mhz: 3301, Current Mhz: 2011, Mhz Limit: 3301
Processor Information for processor 2
  Max Mhz: 3301, Current Mhz: 3301, Mhz Limit: 3301
Processor Information for processor 3
  Max Mhz: 3301, Current Mhz: 2011, Mhz Limit: 3301
Processor Information for processor 4
  Max Mhz: 3301, Current Mhz: 2011, Mhz Limit: 3301
Processor Information for processor 5
  Max Mhz: 3301, Current Mhz: 2011, Mhz Limit: 3301
Processor Information for processor 6
  Max Mhz: 3301, Current Mhz: 3301, Mhz Limit: 3301
Processor Information for processor 7
  Max Mhz: 3301, Current Mhz: 2011, Mhz Limit: 3301
Processor Information for processor 8
  Max Mhz: 3301, Current Mhz: 2011, Mhz Limit: 3301
Processor Information for processor 9
  Max Mhz: 3301, Current Mhz: 2011, Mhz Limit: 3301
Processor Information for processor 10
  Max Mhz: 3301, Current Mhz: 3301, Mhz Limit: 3301
Processor Information for processor 11
  Max Mhz: 3301, Current Mhz: 2011, Mhz Limit: 3301

Memory: 4k page, system-wide physical 15724M (7313M free)
TotalPageFile size 20724M (AvailPageFile size 5M)
current process WorkingSet (physical memory assigned to process): 139M, peak: 139M
current process commit charge ("private bytes"): 4580M, peak: 4580M

vm_info: OpenJDK 64-Bit Server VM (17.0.10+7) for windows-amd64 JRE (17.0.10+7), built on Jan 16 2024 23:25:11 by "admin" with MS VC++ 16.10 / 16.11 (VS2019)

END.
