#
# There is insufficient memory for the Java Runtime Environment to continue.
# Native memory allocation (malloc) failed to allocate 2145632 bytes for Chunk::new
# Possible reasons:
#   The system is out of physical RAM or swap space
# Possible solutions:
#   Reduce memory load on the system
#   Increase physical memory or swap space
#   Check if swap backing store is full
#   Decrease Java heap size (-Xmx/-Xms)
#   Decrease number of Java threads
#   Decrease Java thread stack sizes (-Xss)
#   Set larger code cache with -XX:ReservedCodeCacheSize=
# This output file may be truncated or incomplete.
#
#  Out of Memory Error (arena.cpp:191), pid=928, tid=4900
#
# JRE version: OpenJDK Runtime Environment Temurin-17.0.10+7 (17.0.10+7) (build 17.0.10+7)
# Java VM: OpenJDK 64-Bit Server VM Temurin-17.0.10+7 (17.0.10+7, mixed mode, tiered, compressed class ptrs, parallel gc, windows-amd64)
# No core dump will be written. Minidumps are not enabled by default on client versions of Windows
#

---------------  S U M M A R Y ------------

Command Line: --add-modules=ALL-SYSTEM --add-opens=java.base/java.util=ALL-UNNAMED --add-opens=java.base/java.lang=ALL-UNNAMED --add-opens=java.base/sun.nio.fs=ALL-UNNAMED -Declipse.application=org.eclipse.jdt.ls.core.id1 -Dosgi.bundles.defaultStartLevel=4 -Declipse.product=org.eclipse.jdt.ls.core.product -Djava.import.generatesMetadataFilesAtProjectRoot=false -DDetectVMInstallationsJob.disabled=true -Dfile.encoding=utf8 -XX:+UseParallelGC -XX:GCTimeRatio=4 -XX:AdaptiveSizePolicyWeight=90 -Dsun.zip.disableMemoryMapping=true -Xmx128G -Xms100m -Xlog:disable -javaagent:c:\Users\galax\.vscode\extensions\redhat.java-1.30.0-win32-x64\lombok\lombok-1.18.32.jar -XX:+HeapDumpOnOutOfMemoryError -XX:HeapDumpPath=c:\Users\galax\AppData\Roaming\Code\User\workspaceStorage\715939317411bacedd6cdfeea8c9b0d6\redhat.java -Daether.dependencyCollector.impl=bf c:\Users\galax\.vscode\extensions\redhat.java-1.30.0-win32-x64\server\plugins\org.eclipse.equinox.launcher_1.6.800.v20240330-1250.jar -configuration c:\Users\galax\AppData\Roaming\Code\User\globalStorage\redhat.java\1.30.0\config_win -data c:\Users\galax\AppData\Roaming\Code\User\workspaceStorage\715939317411bacedd6cdfeea8c9b0d6\redhat.java\jdt_ws --pipe=\\.\pipe\lsp-e3112a9fe804aa708d810aa712297390-sock

Host: AMD Ryzen 5 5600H with Radeon Graphics         , 12 cores, 15G,  Windows 11 , 64 bit Build 22621 (10.0.22621.3527)
Time: Wed May 29 13:24:59 2024 India Standard Time elapsed time: 11.871029 seconds (0d 0h 0m 11s)

---------------  T H R E A D  ---------------

Current thread (0x00000236b3bf2080):  JavaThread "C2 CompilerThread1" daemon [_thread_in_native, id=4900, stack(0x0000009e38600000,0x0000009e38700000)]


Current CompileTask:
C2:  11871 6771       4       org.lombokweb.asm.ClassReader::readMethod (1066 bytes)

Stack: [0x0000009e38600000,0x0000009e38700000]
Native frames: (J=compiled Java code, j=interpreted, Vv=VM code, C=native code)
V  [jvm.dll+0x67d2c9]
V  [jvm.dll+0x834afa]
V  [jvm.dll+0x8365be]
V  [jvm.dll+0x836c23]
V  [jvm.dll+0x2477ff]
V  [jvm.dll+0xac514]
V  [jvm.dll+0xacb5c]
V  [jvm.dll+0x3667d7]
V  [jvm.dll+0x1bcf72]
V  [jvm.dll+0x21a049]
V  [jvm.dll+0x219311]
V  [jvm.dll+0x1a502d]
V  [jvm.dll+0x2290de]
V  [jvm.dll+0x2272ac]
V  [jvm.dll+0x7e9bb7]
V  [jvm.dll+0x7e3fba]
V  [jvm.dll+0x67c1b5]
C  [ucrtbase.dll+0x29333]
C  [KERNEL32.DLL+0x1257d]
C  [ntdll.dll+0x5aa48]


---------------  P R O C E S S  ---------------

Threads class SMR info:
_java_thread_list=0x00000236b49221c0, length=45, elements={
0x00000236cb890d00, 0x00000236cb419020, 0x00000236cb41b560, 0x00000236cb93e100,
0x00000236b0605f10, 0x00000236b060aab0, 0x00000236b060fbf0, 0x00000236b06109f0,
0x00000236b0613310, 0x00000236b061c3f0, 0x00000236b063a360, 0x00000236b1d964b0,
0x00000236b240c1c0, 0x00000236b2554b10, 0x00000236b2555e70, 0x00000236b2b4f6a0,
0x00000236b2a4b170, 0x00000236b2041230, 0x00000236b203e4a0, 0x00000236b203eec0,
0x00000236b2040300, 0x00000236b2041740, 0x00000236b203e9b0, 0x00000236b203df90,
0x00000236b2040810, 0x00000236b30cc070, 0x00000236b30cd4b0, 0x00000236b30ce3e0,
0x00000236b30cded0, 0x00000236b30cee00, 0x00000236b30cf310, 0x00000236b30ccfa0,
0x00000236b30d0750, 0x00000236b30d39f0, 0x00000236b30d2ac0, 0x00000236b30ce8f0,
0x00000236b30cf820, 0x00000236b30cfd30, 0x00000236b30d0c60, 0x00000236b30d0240,
0x00000236b3bf2080, 0x00000236b22e8320, 0x00000236b30d2fd0, 0x00000236b30d34e0,
0x00000236b30cca90
}

Java Threads: ( => current thread )
  0x00000236cb890d00 JavaThread "main" [_thread_blocked, id=2084, stack(0x0000009e36800000,0x0000009e36900000)]
  0x00000236cb419020 JavaThread "Reference Handler" daemon [_thread_blocked, id=21680, stack(0x0000009e36b00000,0x0000009e36c00000)]
  0x00000236cb41b560 JavaThread "Finalizer" daemon [_thread_blocked, id=21384, stack(0x0000009e36c00000,0x0000009e36d00000)]
  0x00000236cb93e100 JavaThread "Signal Dispatcher" daemon [_thread_blocked, id=10652, stack(0x0000009e36d00000,0x0000009e36e00000)]
  0x00000236b0605f10 JavaThread "Attach Listener" daemon [_thread_blocked, id=324, stack(0x0000009e36e00000,0x0000009e36f00000)]
  0x00000236b060aab0 JavaThread "Service Thread" daemon [_thread_blocked, id=21652, stack(0x0000009e36f00000,0x0000009e37000000)]
  0x00000236b060fbf0 JavaThread "Monitor Deflation Thread" daemon [_thread_blocked, id=7128, stack(0x0000009e37000000,0x0000009e37100000)]
  0x00000236b06109f0 JavaThread "C2 CompilerThread0" daemon [_thread_in_native, id=6424, stack(0x0000009e37100000,0x0000009e37200000)]
  0x00000236b0613310 JavaThread "C1 CompilerThread0" daemon [_thread_in_native, id=12596, stack(0x0000009e37200000,0x0000009e37300000)]
  0x00000236b061c3f0 JavaThread "Sweeper thread" daemon [_thread_blocked, id=7284, stack(0x0000009e37300000,0x0000009e37400000)]
  0x00000236b063a360 JavaThread "Common-Cleaner" daemon [_thread_blocked, id=15436, stack(0x0000009e37400000,0x0000009e37500000)]
  0x00000236b1d964b0 JavaThread "Notification Thread" daemon [_thread_blocked, id=22316, stack(0x0000009e37500000,0x0000009e37600000)]
  0x00000236b240c1c0 JavaThread "Active Thread: Equinox Container: 4b9f3c36-421a-4932-8370-c705b75d8e27" [_thread_blocked, id=13992, stack(0x0000009e37e00000,0x0000009e37f00000)]
  0x00000236b2554b10 JavaThread "Framework Event Dispatcher: Equinox Container: 4b9f3c36-421a-4932-8370-c705b75d8e27" daemon [_thread_blocked, id=1848, stack(0x0000009e37800000,0x0000009e37900000)]
  0x00000236b2555e70 JavaThread "Start Level: Equinox Container: 4b9f3c36-421a-4932-8370-c705b75d8e27" daemon [_thread_blocked, id=8316, stack(0x0000009e38000000,0x0000009e38100000)]
  0x00000236b2b4f6a0 JavaThread "Bundle File Closer" daemon [_thread_blocked, id=19344, stack(0x0000009e38100000,0x0000009e38200000)]
  0x00000236b2a4b170 JavaThread "SCR Component Actor" daemon [_thread_blocked, id=4608, stack(0x0000009e37700000,0x0000009e37800000)]
  0x00000236b2041230 JavaThread "Worker-JM" [_thread_blocked, id=20352, stack(0x0000009e38700000,0x0000009e38800000)]
  0x00000236b203e4a0 JavaThread "Worker-0: Initialize workspace" [_thread_in_Java, id=10152, stack(0x0000009e38900000,0x0000009e38a00000)]
  0x00000236b203eec0 JavaThread "Worker-1" [_thread_blocked, id=4328, stack(0x0000009e38a00000,0x0000009e38b00000)]
  0x00000236b2040300 JavaThread "Java indexing" daemon [_thread_blocked, id=15564, stack(0x0000009e38b00000,0x0000009e38c00000)]
  0x00000236b2041740 JavaThread "JNA Cleaner" daemon [_thread_blocked, id=17476, stack(0x0000009e38c00000,0x0000009e38d00000)]
  0x00000236b203e9b0 JavaThread "Thread-2" daemon [_thread_in_native, id=18056, stack(0x0000009e38d00000,0x0000009e38e00000)]
  0x00000236b203df90 JavaThread "Thread-3" daemon [_thread_in_native, id=6248, stack(0x0000009e38e00000,0x0000009e38f00000)]
  0x00000236b2040810 JavaThread "Thread-4" daemon [_thread_in_native, id=18620, stack(0x0000009e38f00000,0x0000009e39000000)]
  0x00000236b30cc070 JavaThread "Thread-5" daemon [_thread_in_native, id=23352, stack(0x0000009e39000000,0x0000009e39100000)]
  0x00000236b30cd4b0 JavaThread "Thread-6" daemon [_thread_in_native, id=18016, stack(0x0000009e39100000,0x0000009e39200000)]
  0x00000236b30ce3e0 JavaThread "Thread-7" daemon [_thread_in_native, id=308, stack(0x0000009e39200000,0x0000009e39300000)]
  0x00000236b30cded0 JavaThread "Thread-8" daemon [_thread_in_native, id=22560, stack(0x0000009e39300000,0x0000009e39400000)]
  0x00000236b30cee00 JavaThread "Thread-9" daemon [_thread_in_native, id=11916, stack(0x0000009e39400000,0x0000009e39500000)]
  0x00000236b30cf310 JavaThread "Thread-10" daemon [_thread_in_native, id=1468, stack(0x0000009e39500000,0x0000009e39600000)]
  0x00000236b30ccfa0 JavaThread "Thread-11" daemon [_thread_in_native, id=9708, stack(0x0000009e39600000,0x0000009e39700000)]
  0x00000236b30d0750 JavaThread "Thread-12" daemon [_thread_in_native, id=6420, stack(0x0000009e39700000,0x0000009e39800000)]
  0x00000236b30d39f0 JavaThread "Thread-13" daemon [_thread_in_native, id=21840, stack(0x0000009e39800000,0x0000009e39900000)]
  0x00000236b30d2ac0 JavaThread "Thread-14" daemon [_thread_in_native, id=21988, stack(0x0000009e39900000,0x0000009e39a00000)]
  0x00000236b30ce8f0 JavaThread "Worker-2" [_thread_blocked, id=13912, stack(0x0000009e39a00000,0x0000009e39b00000)]
  0x00000236b30cf820 JavaThread "pool-2-thread-1" [_thread_blocked, id=18332, stack(0x0000009e39b00000,0x0000009e39c00000)]
  0x00000236b30cfd30 JavaThread "Worker-3" [_thread_blocked, id=22640, stack(0x0000009e39c00000,0x0000009e39d00000)]
  0x00000236b30d0c60 JavaThread "WorkspaceEventsHandler" [_thread_blocked, id=11696, stack(0x0000009e39d00000,0x0000009e39e00000)]
  0x00000236b30d0240 JavaThread "pool-1-thread-1" [_thread_in_Java, id=11016, stack(0x0000009e39e00000,0x0000009e39f00000)]
=>0x00000236b3bf2080 JavaThread "C2 CompilerThread1" daemon [_thread_in_native, id=4900, stack(0x0000009e38600000,0x0000009e38700000)]
  0x00000236b22e8320 JavaThread "C2 CompilerThread2" daemon [_thread_in_native, id=23460, stack(0x0000009e38800000,0x0000009e38900000)]
  0x00000236b30d2fd0 JavaThread "ForkJoinPool.commonPool-worker-1" daemon [_thread_in_Java, id=20728, stack(0x0000009e38400000,0x0000009e38500000)]
  0x00000236b30d34e0 JavaThread "ForkJoinPool.commonPool-worker-2" daemon [_thread_blocked, id=7716, stack(0x0000009e39f00000,0x0000009e3a000000)]
  0x00000236b30cca90 JavaThread "ForkJoinPool.commonPool-worker-3" daemon [_thread_in_Java, id=22600, stack(0x0000009e3a000000,0x0000009e3a100000)]

Other Threads:
  0x00000236cb937c00 VMThread "VM Thread" [stack: 0x0000009e36a00000,0x0000009e36b00000] [id=15264]
  0x00000236b1d96990 WatcherThread [stack: 0x0000009e37600000,0x0000009e37700000] [id=10088]
  0x00000236cb8a67e0 GCTaskThread "GC Thread#0" [stack: 0x0000009e36900000,0x0000009e36a00000] [id=16072]
  0x00000236b1e7d3d0 GCTaskThread "GC Thread#1" [stack: 0x0000009e37900000,0x0000009e37a00000] [id=20360]
  0x00000236b23a5c60 GCTaskThread "GC Thread#2" [stack: 0x0000009e37a00000,0x0000009e37b00000] [id=18128]
  0x00000236b23a5f20 GCTaskThread "GC Thread#3" [stack: 0x0000009e37b00000,0x0000009e37c00000] [id=19652]
  0x00000236b23a61e0 GCTaskThread "GC Thread#4" [stack: 0x0000009e37c00000,0x0000009e37d00000] [id=2484]
  0x00000236b1f9cf50 GCTaskThread "GC Thread#5" [stack: 0x0000009e37d00000,0x0000009e37e00000] [id=21248]
  0x00000236b2293980 GCTaskThread "GC Thread#6" [stack: 0x0000009e37f00000,0x0000009e38000000] [id=348]
  0x00000236b2929260 GCTaskThread "GC Thread#7" [stack: 0x0000009e38200000,0x0000009e38300000] [id=22996]
  0x00000236b29636f0 GCTaskThread "GC Thread#8" [stack: 0x0000009e38300000,0x0000009e38400000] [id=9792]
  0x00000236b2b6eec0 GCTaskThread "GC Thread#9" [stack: 0x0000009e38500000,0x0000009e38600000] [id=5152]

Threads with active compile tasks:
C2 CompilerThread0    11913 6746 %     4       org.lombokweb.asm.SymbolTable::<init> @ 98 (536 bytes)
C1 CompilerThread0    11913 7013       1       org.eclipse.jdt.internal.core.OpenableElementInfo::getModule (5 bytes)
C2 CompilerThread1    11913 6771       4       org.lombokweb.asm.ClassReader::readMethod (1066 bytes)
C2 CompilerThread2    11913 6784 %     4       org.lombokweb.asm.ClassReader::readCode @ 92 (5117 bytes)

VM state: not at safepoint (normal execution)

VM Mutex/Monitor currently owned by a thread: None

CDS archive(s) not mapped
Compressed class space mapped at: 0x0000000080000000-0x00000000c0000000, reserved size: 1073741824
Narrow klass base: 0x0000000000000000, Narrow klass shift: 0, Narrow klass range: 0xc0000000

GC Precious Log:
 CPUs: 12 total, 12 available
 Memory: 15724M
 Large Page Support: Disabled
 NUMA Support: Disabled
 Compressed Oops: Disabled
 Alignments: Space 512K, Generation 512K, Heap 2M
 Heap Min Capacity: 100M
 Heap Initial Capacity: 100M
 Heap Max Capacity: 128G
 Pre-touch: Disabled
 Parallel Workers: 10

Heap:
 PSYoungGen      total 21504K, used 4308K [0x0000024c32b80000, 0x0000024c34400000, 0x00000256dd600000)
  eden space 19456K, 19% used [0x0000024c32b80000,0x0000024c32f252a8,0x0000024c33e80000)
  from space 2048K, 28% used [0x0000024c34080000,0x0000024c34110010,0x0000024c34280000)
  to   space 1024K, 0% used [0x0000024c34300000,0x0000024c34300000,0x0000024c34400000)
 ParOldGen       total 68608K, used 51189K [0x00000236dd600000, 0x00000236e1900000, 0x0000024c32b80000)
  object space 68608K, 74% used [0x00000236dd600000,0x00000236e07fd790,0x00000236e1900000)
 Metaspace       used 58707K, committed 59776K, reserved 1114112K
  class space    used 6312K, committed 6784K, reserved 1048576K

Card table byte_map: [0x0000023680000000,0x0000023690010000] _byte_map_base: 0x0000023564915000

Marking Bits: (ParMarkBitMap*) 0x00007ffb781cd7d0
 Begin Bits: [0x00000256dd600000, 0x000002575d600000)
 End Bits:   [0x000002575d600000, 0x00000257dd600000)

Polling page: 0x00000236c9810000

Metaspace:

Usage:
  Non-class:     51.17 MB used.
      Class:      6.16 MB used.
       Both:     57.33 MB used.

Virtual space:
  Non-class space:       64.00 MB reserved,      51.75 MB ( 81%) committed,  1 nodes.
      Class space:        1.00 GB reserved,       6.62 MB ( <1%) committed,  1 nodes.
             Both:        1.06 GB reserved,      58.38 MB (  5%) committed. 

Chunk freelists:
   Non-Class:  11.48 MB
       Class:  9.39 MB
        Both:  20.86 MB

MaxMetaspaceSize: unlimited
CompressedClassSpaceSize: 1.00 GB
Initial GC threshold: 21.00 MB
Current GC threshold: 58.38 MB
CDS: off
MetaspaceReclaimPolicy: balanced
 - commit_granule_bytes: 65536.
 - commit_granule_words: 8192.
 - virtual_space_node_default_size: 8388608.
 - enlarge_chunks_in_place: 1.
 - new_chunks_are_fully_committed: 0.
 - uncommit_free_chunks: 1.
 - use_allocation_guard: 0.
 - handle_deallocations: 1.


Internal statistics:

num_allocs_failed_limit: 6.
num_arena_births: 582.
num_arena_deaths: 14.
num_vsnodes_births: 2.
num_vsnodes_deaths: 0.
num_space_committed: 934.
num_space_uncommitted: 0.
num_chunks_returned_to_freelist: 20.
num_chunks_taken_from_freelist: 2755.
num_chunk_merges: 8.
num_chunk_splits: 1782.
num_chunks_enlarged: 1158.
num_inconsistent_stats: 0.

CodeHeap 'non-profiled nmethods': size=120000Kb used=3773Kb max_used=3773Kb free=116226Kb
 bounds [0x00000236d5ff0000, 0x00000236d63a0000, 0x00000236dd520000]
CodeHeap 'profiled nmethods': size=120000Kb used=12641Kb max_used=12641Kb free=107358Kb
 bounds [0x00000236ce520000, 0x00000236cf180000, 0x00000236d5a50000]
CodeHeap 'non-nmethods': size=5760Kb used=1332Kb max_used=1374Kb free=4427Kb
 bounds [0x00000236d5a50000, 0x00000236d5cc0000, 0x00000236d5ff0000]
 total_blobs=6804 nmethods=6135 adapters=580
 compilation: enabled
              stopped_count=0, restarted_count=0
 full_count=0

Compilation events (20 events):
Event: 11.854 Thread 0x00000236b0613310 6922       2       org.eclipse.core.internal.resources.MarkerManager$$Lambda$414/0x0000000080356fb8::visitElement (23 bytes)
Event: 11.854 Thread 0x00000236b0613310 nmethod 6922 0x00000236cf159c10 code [0x00000236cf159da0, 0x00000236cf159ee8]
Event: 11.854 Thread 0x00000236b0613310 6923       2       org.eclipse.core.internal.resources.MarkerManager::lambda$1 (72 bytes)
Event: 11.855 Thread 0x00000236b0613310 nmethod 6923 0x00000236cf15a010 code [0x00000236cf15a1e0, 0x00000236cf15a498]
Event: 11.855 Thread 0x00000236b0613310 6925       1       org.eclipse.core.internal.resources.MarkerInfo::getId (5 bytes)
Event: 11.855 Thread 0x00000236b0613310 nmethod 6925 0x00000236d639a890 code [0x00000236d639aa20, 0x00000236d639aaf8]
Event: 11.855 Thread 0x00000236b0613310 6926       2       java.util.concurrent.locks.LockSupport::setBlocker (12 bytes)
Event: 11.855 Thread 0x00000236b0613310 nmethod 6926 0x00000236cf15a690 code [0x00000236cf15a820, 0x00000236cf15a948]
Event: 11.855 Thread 0x00000236b0613310 6927       2       java.util.Formatter$FormatSpecifier::<init> (77 bytes)
Event: 11.856 Thread 0x00000236b0613310 nmethod 6927 0x00000236cf15aa10 code [0x00000236cf15abe0, 0x00000236cf15ae58]
Event: 11.856 Thread 0x00000236b0613310 6928       2       com.google.gson.stream.JsonWriter::string (169 bytes)
Event: 11.857 Thread 0x00000236b0613310 nmethod 6928 0x00000236cf15af90 code [0x00000236cf15b1a0, 0x00000236cf15b768]
Event: 11.857 Thread 0x00000236b0613310 6929       2       com.google.gson.stream.JsonWriter::replaceTop (13 bytes)
Event: 11.857 Thread 0x00000236b0613310 nmethod 6929 0x00000236cf15bc10 code [0x00000236cf15bda0, 0x00000236cf15bed8]
Event: 11.857 Thread 0x00000236b0613310 6930       2       java.util.concurrent.locks.ReentrantReadWriteLock::readLock (5 bytes)
Event: 11.857 Thread 0x00000236b0613310 nmethod 6930 0x00000236cf15bf90 code [0x00000236cf15c120, 0x00000236cf15c238]
Event: 11.864 Thread 0x00000236b0613310 6931       2       java.util.UUID::<init> (109 bytes)
Event: 11.864 Thread 0x00000236b0613310 nmethod 6931 0x00000236cf15c310 code [0x00000236cf15c4c0, 0x00000236cf15c718]
Event: 11.865 Thread 0x00000236b0613310 6933       1       sun.util.calendar.CalendarDate::isNormalized (5 bytes)
Event: 11.865 Thread 0x00000236b0613310 nmethod 6933 0x00000236d639ab90 code [0x00000236d639ad20, 0x00000236d639adf8]

GC Heap History (20 events):
Event: 9.737 GC heap before
{Heap before GC invocations=27 (full 2):
 PSYoungGen      total 21504K, used 21440K [0x0000024c32b80000, 0x0000024c34280000, 0x00000256dd600000)
  eden space 19456K, 100% used [0x0000024c32b80000,0x0000024c33e80000,0x0000024c33e80000)
  from space 2048K, 96% used [0x0000024c34080000,0x0000024c34270010,0x0000024c34280000)
  to   space 2048K, 0% used [0x0000024c33e80000,0x0000024c33e80000,0x0000024c34080000)
 ParOldGen       total 68608K, used 35483K [0x00000236dd600000, 0x00000236e1900000, 0x0000024c32b80000)
  object space 68608K, 51% used [0x00000236dd600000,0x00000236df8a6ed8,0x00000236e1900000)
 Metaspace       used 52888K, committed 54016K, reserved 1114112K
  class space    used 5699K, committed 6208K, reserved 1048576K
}
Event: 9.739 GC heap after
{Heap after GC invocations=27 (full 2):
 PSYoungGen      total 21504K, used 2016K [0x0000024c32b80000, 0x0000024c34280000, 0x00000256dd600000)
  eden space 19456K, 0% used [0x0000024c32b80000,0x0000024c32b80000,0x0000024c33e80000)
  from space 2048K, 98% used [0x0000024c33e80000,0x0000024c34078000,0x0000024c34080000)
  to   space 2048K, 0% used [0x0000024c34080000,0x0000024c34080000,0x0000024c34280000)
 ParOldGen       total 68608K, used 37367K [0x00000236dd600000, 0x00000236e1900000, 0x0000024c32b80000)
  object space 68608K, 54% used [0x00000236dd600000,0x00000236dfa7dc10,0x00000236e1900000)
 Metaspace       used 52888K, committed 54016K, reserved 1114112K
  class space    used 5699K, committed 6208K, reserved 1048576K
}
Event: 9.766 GC heap before
{Heap before GC invocations=28 (full 2):
 PSYoungGen      total 21504K, used 21009K [0x0000024c32b80000, 0x0000024c34280000, 0x00000256dd600000)
  eden space 19456K, 97% used [0x0000024c32b80000,0x0000024c33e0c4e0,0x0000024c33e80000)
  from space 2048K, 98% used [0x0000024c33e80000,0x0000024c34078000,0x0000024c34080000)
  to   space 2048K, 0% used [0x0000024c34080000,0x0000024c34080000,0x0000024c34280000)
 ParOldGen       total 68608K, used 37367K [0x00000236dd600000, 0x00000236e1900000, 0x0000024c32b80000)
  object space 68608K, 54% used [0x00000236dd600000,0x00000236dfa7dc10,0x00000236e1900000)
 Metaspace       used 52888K, committed 54016K, reserved 1114112K
  class space    used 5699K, committed 6208K, reserved 1048576K
}
Event: 9.768 GC heap after
{Heap after GC invocations=28 (full 2):
 PSYoungGen      total 21504K, used 1920K [0x0000024c32b80000, 0x0000024c34280000, 0x00000256dd600000)
  eden space 19456K, 0% used [0x0000024c32b80000,0x0000024c32b80000,0x0000024c33e80000)
  from space 2048K, 93% used [0x0000024c34080000,0x0000024c34260000,0x0000024c34280000)
  to   space 2048K, 0% used [0x0000024c33e80000,0x0000024c33e80000,0x0000024c34080000)
 ParOldGen       total 68608K, used 39199K [0x00000236dd600000, 0x00000236e1900000, 0x0000024c32b80000)
  object space 68608K, 57% used [0x00000236dd600000,0x00000236dfc47e80,0x00000236e1900000)
 Metaspace       used 52888K, committed 54016K, reserved 1114112K
  class space    used 5699K, committed 6208K, reserved 1048576K
}
Event: 9.790 GC heap before
{Heap before GC invocations=29 (full 2):
 PSYoungGen      total 21504K, used 21376K [0x0000024c32b80000, 0x0000024c34280000, 0x00000256dd600000)
  eden space 19456K, 100% used [0x0000024c32b80000,0x0000024c33e80000,0x0000024c33e80000)
  from space 2048K, 93% used [0x0000024c34080000,0x0000024c34260000,0x0000024c34280000)
  to   space 2048K, 0% used [0x0000024c33e80000,0x0000024c33e80000,0x0000024c34080000)
 ParOldGen       total 68608K, used 39199K [0x00000236dd600000, 0x00000236e1900000, 0x0000024c32b80000)
  object space 68608K, 57% used [0x00000236dd600000,0x00000236dfc47e80,0x00000236e1900000)
 Metaspace       used 52888K, committed 54016K, reserved 1114112K
  class space    used 5699K, committed 6208K, reserved 1048576K
}
Event: 9.792 GC heap after
{Heap after GC invocations=29 (full 2):
 PSYoungGen      total 21504K, used 2016K [0x0000024c32b80000, 0x0000024c34780000, 0x00000256dd600000)
  eden space 19456K, 0% used [0x0000024c32b80000,0x0000024c32b80000,0x0000024c33e80000)
  from space 2048K, 98% used [0x0000024c33e80000,0x0000024c34078010,0x0000024c34080000)
  to   space 4608K, 0% used [0x0000024c34300000,0x0000024c34300000,0x0000024c34780000)
 ParOldGen       total 68608K, used 41227K [0x00000236dd600000, 0x00000236e1900000, 0x0000024c32b80000)
  object space 68608K, 60% used [0x00000236dd600000,0x00000236dfe42fb8,0x00000236e1900000)
 Metaspace       used 52888K, committed 54016K, reserved 1114112K
  class space    used 5699K, committed 6208K, reserved 1048576K
}
Event: 9.829 GC heap before
{Heap before GC invocations=30 (full 2):
 PSYoungGen      total 21504K, used 21439K [0x0000024c32b80000, 0x0000024c34780000, 0x00000256dd600000)
  eden space 19456K, 99% used [0x0000024c32b80000,0x0000024c33e77d10,0x0000024c33e80000)
  from space 2048K, 98% used [0x0000024c33e80000,0x0000024c34078010,0x0000024c34080000)
  to   space 4608K, 0% used [0x0000024c34300000,0x0000024c34300000,0x0000024c34780000)
 ParOldGen       total 68608K, used 41227K [0x00000236dd600000, 0x00000236e1900000, 0x0000024c32b80000)
  object space 68608K, 60% used [0x00000236dd600000,0x00000236dfe42fb8,0x00000236e1900000)
 Metaspace       used 52910K, committed 54016K, reserved 1114112K
  class space    used 5702K, committed 6208K, reserved 1048576K
}
Event: 9.832 GC heap after
{Heap after GC invocations=30 (full 2):
 PSYoungGen      total 22016K, used 2529K [0x0000024c32b80000, 0x0000024c34580000, 0x00000256dd600000)
  eden space 19456K, 0% used [0x0000024c32b80000,0x0000024c32b80000,0x0000024c33e80000)
  from space 2560K, 98% used [0x0000024c34300000,0x0000024c345787f0,0x0000024c34580000)
  to   space 3072K, 0% used [0x0000024c33f80000,0x0000024c33f80000,0x0000024c34280000)
 ParOldGen       total 68608K, used 43216K [0x00000236dd600000, 0x00000236e1900000, 0x0000024c32b80000)
  object space 68608K, 62% used [0x00000236dd600000,0x00000236e0034358,0x00000236e1900000)
 Metaspace       used 52910K, committed 54016K, reserved 1114112K
  class space    used 5702K, committed 6208K, reserved 1048576K
}
Event: 10.239 GC heap before
{Heap before GC invocations=31 (full 2):
 PSYoungGen      total 22016K, used 21985K [0x0000024c32b80000, 0x0000024c34580000, 0x00000256dd600000)
  eden space 19456K, 100% used [0x0000024c32b80000,0x0000024c33e80000,0x0000024c33e80000)
  from space 2560K, 98% used [0x0000024c34300000,0x0000024c345787f0,0x0000024c34580000)
  to   space 3072K, 0% used [0x0000024c33f80000,0x0000024c33f80000,0x0000024c34280000)
 ParOldGen       total 68608K, used 43216K [0x00000236dd600000, 0x00000236e1900000, 0x0000024c32b80000)
  object space 68608K, 62% used [0x00000236dd600000,0x00000236e0034358,0x00000236e1900000)
 Metaspace       used 53217K, committed 54272K, reserved 1114112K
  class space    used 5716K, committed 6208K, reserved 1048576K
}
Event: 10.242 GC heap after
{Heap after GC invocations=31 (full 2):
 PSYoungGen      total 22528K, used 3047K [0x0000024c32b80000, 0x0000024c34a80000, 0x00000256dd600000)
  eden space 19456K, 0% used [0x0000024c32b80000,0x0000024c32b80000,0x0000024c33e80000)
  from space 3072K, 99% used [0x0000024c33f80000,0x0000024c34279ff0,0x0000024c34280000)
  to   space 6144K, 0% used [0x0000024c34480000,0x0000024c34480000,0x0000024c34a80000)
 ParOldGen       total 68608K, used 45642K [0x00000236dd600000, 0x00000236e1900000, 0x0000024c32b80000)
  object space 68608K, 66% used [0x00000236dd600000,0x00000236e02929f8,0x00000236e1900000)
 Metaspace       used 53217K, committed 54272K, reserved 1114112K
  class space    used 5716K, committed 6208K, reserved 1048576K
}
Event: 10.693 GC heap before
{Heap before GC invocations=32 (full 2):
 PSYoungGen      total 22528K, used 22503K [0x0000024c32b80000, 0x0000024c34a80000, 0x00000256dd600000)
  eden space 19456K, 100% used [0x0000024c32b80000,0x0000024c33e80000,0x0000024c33e80000)
  from space 3072K, 99% used [0x0000024c33f80000,0x0000024c34279ff0,0x0000024c34280000)
  to   space 6144K, 0% used [0x0000024c34480000,0x0000024c34480000,0x0000024c34a80000)
 ParOldGen       total 68608K, used 45642K [0x00000236dd600000, 0x00000236e1900000, 0x0000024c32b80000)
  object space 68608K, 66% used [0x00000236dd600000,0x00000236e02929f8,0x00000236e1900000)
 Metaspace       used 53764K, committed 54912K, reserved 1114112K
  class space    used 5761K, committed 6272K, reserved 1048576K
}
Event: 10.695 GC heap after
{Heap after GC invocations=32 (full 2):
 PSYoungGen      total 19968K, used 320K [0x0000024c32b80000, 0x0000024c34500000, 0x00000256dd600000)
  eden space 19456K, 0% used [0x0000024c32b80000,0x0000024c32b80000,0x0000024c33e80000)
  from space 512K, 62% used [0x0000024c34480000,0x0000024c344d0000,0x0000024c34500000)
  to   space 2560K, 0% used [0x0000024c34000000,0x0000024c34000000,0x0000024c34280000)
 ParOldGen       total 68608K, used 48722K [0x00000236dd600000, 0x00000236e1900000, 0x0000024c32b80000)
  object space 68608K, 71% used [0x00000236dd600000,0x00000236e05949e8,0x00000236e1900000)
 Metaspace       used 53764K, committed 54912K, reserved 1114112K
  class space    used 5761K, committed 6272K, reserved 1048576K
}
Event: 11.014 GC heap before
{Heap before GC invocations=33 (full 2):
 PSYoungGen      total 19968K, used 19776K [0x0000024c32b80000, 0x0000024c34500000, 0x00000256dd600000)
  eden space 19456K, 100% used [0x0000024c32b80000,0x0000024c33e80000,0x0000024c33e80000)
  from space 512K, 62% used [0x0000024c34480000,0x0000024c344d0000,0x0000024c34500000)
  to   space 2560K, 0% used [0x0000024c34000000,0x0000024c34000000,0x0000024c34280000)
 ParOldGen       total 68608K, used 48722K [0x00000236dd600000, 0x00000236e1900000, 0x0000024c32b80000)
  object space 68608K, 71% used [0x00000236dd600000,0x00000236e05949e8,0x00000236e1900000)
 Metaspace       used 55424K, committed 56512K, reserved 1114112K
  class space    used 5981K, committed 6464K, reserved 1048576K
}
Event: 11.015 GC heap after
{Heap after GC invocations=33 (full 2):
 PSYoungGen      total 22016K, used 795K [0x0000024c32b80000, 0x0000024c34500000, 0x00000256dd600000)
  eden space 19456K, 0% used [0x0000024c32b80000,0x0000024c32b80000,0x0000024c33e80000)
  from space 2560K, 31% used [0x0000024c34000000,0x0000024c340c6eb0,0x0000024c34280000)
  to   space 1024K, 0% used [0x0000024c34400000,0x0000024c34400000,0x0000024c34500000)
 ParOldGen       total 68608K, used 48843K [0x00000236dd600000, 0x00000236e1900000, 0x0000024c32b80000)
  object space 68608K, 71% used [0x00000236dd600000,0x00000236e05b2ec8,0x00000236e1900000)
 Metaspace       used 55424K, committed 56512K, reserved 1114112K
  class space    used 5981K, committed 6464K, reserved 1048576K
}
Event: 11.409 GC heap before
{Heap before GC invocations=34 (full 2):
 PSYoungGen      total 22016K, used 20251K [0x0000024c32b80000, 0x0000024c34500000, 0x00000256dd600000)
  eden space 19456K, 100% used [0x0000024c32b80000,0x0000024c33e80000,0x0000024c33e80000)
  from space 2560K, 31% used [0x0000024c34000000,0x0000024c340c6eb0,0x0000024c34280000)
  to   space 1024K, 0% used [0x0000024c34400000,0x0000024c34400000,0x0000024c34500000)
 ParOldGen       total 68608K, used 48843K [0x00000236dd600000, 0x00000236e1900000, 0x0000024c32b80000)
  object space 68608K, 71% used [0x00000236dd600000,0x00000236e05b2ec8,0x00000236e1900000)
 Metaspace       used 56351K, committed 57472K, reserved 1114112K
  class space    used 6081K, committed 6592K, reserved 1048576K
}
Event: 11.410 GC heap after
{Heap after GC invocations=34 (full 2):
 PSYoungGen      total 19968K, used 512K [0x0000024c32b80000, 0x0000024c34480000, 0x00000256dd600000)
  eden space 19456K, 0% used [0x0000024c32b80000,0x0000024c32b80000,0x0000024c33e80000)
  from space 512K, 100% used [0x0000024c34400000,0x0000024c34480000,0x0000024c34480000)
  to   space 1024K, 0% used [0x0000024c34280000,0x0000024c34280000,0x0000024c34380000)
 ParOldGen       total 68608K, used 49523K [0x00000236dd600000, 0x00000236e1900000, 0x0000024c32b80000)
  object space 68608K, 72% used [0x00000236dd600000,0x00000236e065cd08,0x00000236e1900000)
 Metaspace       used 56351K, committed 57472K, reserved 1114112K
  class space    used 6081K, committed 6592K, reserved 1048576K
}
Event: 11.552 GC heap before
{Heap before GC invocations=35 (full 2):
 PSYoungGen      total 19968K, used 19968K [0x0000024c32b80000, 0x0000024c34480000, 0x00000256dd600000)
  eden space 19456K, 100% used [0x0000024c32b80000,0x0000024c33e80000,0x0000024c33e80000)
  from space 512K, 100% used [0x0000024c34400000,0x0000024c34480000,0x0000024c34480000)
  to   space 1024K, 0% used [0x0000024c34280000,0x0000024c34280000,0x0000024c34380000)
 ParOldGen       total 68608K, used 49523K [0x00000236dd600000, 0x00000236e1900000, 0x0000024c32b80000)
  object space 68608K, 72% used [0x00000236dd600000,0x00000236e065cd08,0x00000236e1900000)
 Metaspace       used 56986K, committed 58112K, reserved 1114112K
  class space    used 6127K, committed 6656K, reserved 1048576K
}
Event: 11.554 GC heap after
{Heap after GC invocations=35 (full 2):
 PSYoungGen      total 20480K, used 1005K [0x0000024c32b80000, 0x0000024c34480000, 0x00000256dd600000)
  eden space 19456K, 0% used [0x0000024c32b80000,0x0000024c32b80000,0x0000024c33e80000)
  from space 1024K, 98% used [0x0000024c34280000,0x0000024c3437b728,0x0000024c34380000)
  to   space 1024K, 0% used [0x0000024c34380000,0x0000024c34380000,0x0000024c34480000)
 ParOldGen       total 68608K, used 50566K [0x00000236dd600000, 0x00000236e1900000, 0x0000024c32b80000)
  object space 68608K, 73% used [0x00000236dd600000,0x00000236e0761968,0x00000236e1900000)
 Metaspace       used 56986K, committed 58112K, reserved 1114112K
  class space    used 6127K, committed 6656K, reserved 1048576K
}
Event: 11.605 GC heap before
{Heap before GC invocations=36 (full 2):
 PSYoungGen      total 20480K, used 20433K [0x0000024c32b80000, 0x0000024c34480000, 0x00000256dd600000)
  eden space 19456K, 99% used [0x0000024c32b80000,0x0000024c33e78f28,0x0000024c33e80000)
  from space 1024K, 98% used [0x0000024c34280000,0x0000024c3437b728,0x0000024c34380000)
  to   space 1024K, 0% used [0x0000024c34380000,0x0000024c34380000,0x0000024c34480000)
 ParOldGen       total 68608K, used 50566K [0x00000236dd600000, 0x00000236e1900000, 0x0000024c32b80000)
  object space 68608K, 73% used [0x00000236dd600000,0x00000236e0761968,0x00000236e1900000)
 Metaspace       used 57001K, committed 58112K, reserved 1114112K
  class space    used 6127K, committed 6656K, reserved 1048576K
}
Event: 11.606 GC heap after
{Heap after GC invocations=36 (full 2):
 PSYoungGen      total 20480K, used 1007K [0x0000024c32b80000, 0x0000024c34480000, 0x00000256dd600000)
  eden space 19456K, 0% used [0x0000024c32b80000,0x0000024c32b80000,0x0000024c33e80000)
  from space 1024K, 98% used [0x0000024c34380000,0x0000024c3447bfb8,0x0000024c34480000)
  to   space 2048K, 0% used [0x0000024c34080000,0x0000024c34080000,0x0000024c34280000)
 ParOldGen       total 68608K, used 51077K [0x00000236dd600000, 0x00000236e1900000, 0x0000024c32b80000)
  object space 68608K, 74% used [0x00000236dd600000,0x00000236e07e1790,0x00000236e1900000)
 Metaspace       used 57001K, committed 58112K, reserved 1114112K
  class space    used 6127K, committed 6656K, reserved 1048576K
}

Dll operation events (10 events):
Event: 0.014 Loaded shared library c:\Users\galax\.vscode\extensions\redhat.java-1.30.0-win32-x64\jre\17.0.10-win32-x86_64\bin\java.dll
Event: 0.509 Loaded shared library c:\Users\galax\.vscode\extensions\redhat.java-1.30.0-win32-x64\jre\17.0.10-win32-x86_64\bin\zip.dll
Event: 0.514 Loaded shared library C:\Users\galax\.vscode\extensions\redhat.java-1.30.0-win32-x64\jre\17.0.10-win32-x86_64\bin\instrument.dll
Event: 0.580 Loaded shared library C:\Users\galax\.vscode\extensions\redhat.java-1.30.0-win32-x64\jre\17.0.10-win32-x86_64\bin\net.dll
Event: 0.642 Loaded shared library C:\Users\galax\.vscode\extensions\redhat.java-1.30.0-win32-x64\jre\17.0.10-win32-x86_64\bin\nio.dll
Event: 0.652 Loaded shared library C:\Users\galax\.vscode\extensions\redhat.java-1.30.0-win32-x64\jre\17.0.10-win32-x86_64\bin\zip.dll
Event: 0.672 Loaded shared library C:\Users\galax\.vscode\extensions\redhat.java-1.30.0-win32-x64\jre\17.0.10-win32-x86_64\bin\jimage.dll
Event: 0.821 Loaded shared library c:\Users\galax\.vscode\extensions\redhat.java-1.30.0-win32-x64\jre\17.0.10-win32-x86_64\bin\verify.dll
Event: 5.241 Loaded shared library C:\Users\galax\AppData\Roaming\Code\User\globalStorage\redhat.java\1.30.0\config_win\org.eclipse.equinox.launcher\org.eclipse.equinox.launcher.win32.win32.x86_64_1.2.900.v20240213-1244\eclipse_11900.dll
Event: 7.687 Loaded shared library C:\Users\galax\AppData\Local\Temp\jna-79889305\jna2955845979950149268.dll

Deoptimization events (20 events):
Event: 11.590 Thread 0x00000236b30ce8f0 DEOPT PACKING pc=0x00000236cec8420b sp=0x0000009e39af9bb0
Event: 11.590 Thread 0x00000236b30ce8f0 DEOPT UNPACKING pc=0x00000236d5aa6e43 sp=0x0000009e39af90b0 mode 0
Event: 11.616 Thread 0x00000236b30ce8f0 DEOPT PACKING pc=0x00000236cf07d484 sp=0x0000009e39af8db0
Event: 11.616 Thread 0x00000236b30ce8f0 DEOPT UNPACKING pc=0x00000236d5aa6e43 sp=0x0000009e39af8330 mode 0
Event: 11.748 Thread 0x00000236b30ce8f0 Uncommon trap: trap_request=0xffffff76 fr.pc=0x00000236d6195d7c relative=0x000000000000103c
Event: 11.748 Thread 0x00000236b30ce8f0 Uncommon trap: reason=predicate action=maybe_recompile pc=0x00000236d6195d7c method=java.util.TimSort.binarySort([Ljava/lang/Object;IIILjava/util/Comparator;)V @ 73 c2
Event: 11.748 Thread 0x00000236b30ce8f0 DEOPT PACKING pc=0x00000236d6195d7c sp=0x0000009e39afec00
Event: 11.748 Thread 0x00000236b30ce8f0 DEOPT UNPACKING pc=0x00000236d5aa66a3 sp=0x0000009e39afebe0 mode 2
Event: 11.750 Thread 0x00000236b30ce8f0 Uncommon trap: trap_request=0xffffff45 fr.pc=0x00000236d615df84 relative=0x0000000000000b44
Event: 11.750 Thread 0x00000236b30ce8f0 Uncommon trap: reason=unstable_if action=reinterpret pc=0x00000236d615df84 method=java.util.concurrent.ConcurrentHashMap.transfer([Ljava/util/concurrent/ConcurrentHashMap$Node;[Ljava/util/concurrent/ConcurrentHashMap$Node;)V @ 26 c2
Event: 11.750 Thread 0x00000236b30ce8f0 DEOPT PACKING pc=0x00000236d615df84 sp=0x0000009e39afdb80
Event: 11.750 Thread 0x00000236b30ce8f0 DEOPT UNPACKING pc=0x00000236d5aa66a3 sp=0x0000009e39afdae0 mode 2
Event: 11.754 Thread 0x00000236b30ce8f0 Uncommon trap: trap_request=0xffffffc6 fr.pc=0x00000236d5ffe2e0 relative=0x0000000000000480
Event: 11.754 Thread 0x00000236b30ce8f0 Uncommon trap: reason=bimorphic_or_optimized_type_check action=maybe_recompile pc=0x00000236d5ffe2e0 method=java.util.HashMap.removeNode(ILjava/lang/Object;Ljava/lang/Object;ZZ)Ljava/util/HashMap$Node; @ 68 c2
Event: 11.754 Thread 0x00000236b30ce8f0 DEOPT PACKING pc=0x00000236d5ffe2e0 sp=0x0000009e39afe670
Event: 11.754 Thread 0x00000236b30ce8f0 DEOPT UNPACKING pc=0x00000236d5aa66a3 sp=0x0000009e39afe568 mode 2
Event: 11.841 Thread 0x00000236b30ce8f0 Uncommon trap: trap_request=0xffffff45 fr.pc=0x00000236d631ee9c relative=0x000000000000083c
Event: 11.841 Thread 0x00000236b30ce8f0 Uncommon trap: reason=unstable_if action=reinterpret pc=0x00000236d631ee9c method=org.eclipse.jdt.internal.core.util.WeakHashSet.cleanupGarbageCollectedValues()V @ 140 c2
Event: 11.841 Thread 0x00000236b30ce8f0 DEOPT PACKING pc=0x00000236d631ee9c sp=0x0000009e39afe4e0
Event: 11.841 Thread 0x00000236b30ce8f0 DEOPT UNPACKING pc=0x00000236d5aa66a3 sp=0x0000009e39afe418 mode 2

Classes unloaded (7 events):
Event: 7.569 Thread 0x00000236cb937c00 Unloading class 0x0000000080258400 'java/lang/invoke/LambdaForm$MH+0x0000000080258400'
Event: 7.569 Thread 0x00000236cb937c00 Unloading class 0x0000000080258000 'java/lang/invoke/LambdaForm$MH+0x0000000080258000'
Event: 7.569 Thread 0x00000236cb937c00 Unloading class 0x0000000080257c00 'java/lang/invoke/LambdaForm$MH+0x0000000080257c00'
Event: 7.569 Thread 0x00000236cb937c00 Unloading class 0x0000000080257800 'java/lang/invoke/LambdaForm$MH+0x0000000080257800'
Event: 7.569 Thread 0x00000236cb937c00 Unloading class 0x0000000080257400 'java/lang/invoke/LambdaForm$BMH+0x0000000080257400'
Event: 7.569 Thread 0x00000236cb937c00 Unloading class 0x0000000080257000 'java/lang/invoke/LambdaForm$DMH+0x0000000080257000'
Event: 7.569 Thread 0x00000236cb937c00 Unloading class 0x0000000080254400 'java/lang/invoke/LambdaForm$DMH+0x0000000080254400'

Classes redefined (0 events):
No events

Internal exceptions (20 events):
Event: 10.655 Thread 0x00000236b30ce8f0 Exception <a 'sun/nio/fs/WindowsException'{0x0000024c33b122f0}> (0x0000024c33b122f0) 
thrown [s\src\hotspot\share\prims\jni.cpp, line 516]
Event: 10.655 Thread 0x00000236b30ce8f0 Exception <a 'sun/nio/fs/WindowsException'{0x0000024c33b15d20}> (0x0000024c33b15d20) 
thrown [s\src\hotspot\share\prims\jni.cpp, line 516]
Event: 10.656 Thread 0x00000236b30ce8f0 Exception <a 'sun/nio/fs/WindowsException'{0x0000024c33b1b520}> (0x0000024c33b1b520) 
thrown [s\src\hotspot\share\prims\jni.cpp, line 516]
Event: 10.657 Thread 0x00000236b30ce8f0 Exception <a 'sun/nio/fs/WindowsException'{0x0000024c33b1f3c0}> (0x0000024c33b1f3c0) 
thrown [s\src\hotspot\share\prims\jni.cpp, line 516]
Event: 10.657 Thread 0x00000236b30ce8f0 Exception <a 'sun/nio/fs/WindowsException'{0x0000024c33b275a0}> (0x0000024c33b275a0) 
thrown [s\src\hotspot\share\prims\jni.cpp, line 516]
Event: 10.658 Thread 0x00000236b30ce8f0 Exception <a 'sun/nio/fs/WindowsException'{0x0000024c33b2b370}> (0x0000024c33b2b370) 
thrown [s\src\hotspot\share\prims\jni.cpp, line 516]
Event: 10.659 Thread 0x00000236b30ce8f0 Exception <a 'sun/nio/fs/WindowsException'{0x0000024c33b2f548}> (0x0000024c33b2f548) 
thrown [s\src\hotspot\share\prims\jni.cpp, line 516]
Event: 10.660 Thread 0x00000236b30ce8f0 Exception <a 'sun/nio/fs/WindowsException'{0x0000024c33b4d700}> (0x0000024c33b4d700) 
thrown [s\src\hotspot\share\prims\jni.cpp, line 516]
Event: 10.660 Thread 0x00000236b30ce8f0 Exception <a 'sun/nio/fs/WindowsException'{0x0000024c33b52458}> (0x0000024c33b52458) 
thrown [s\src\hotspot\share\prims\jni.cpp, line 516]
Event: 10.661 Thread 0x00000236b30ce8f0 Exception <a 'sun/nio/fs/WindowsException'{0x0000024c33b556d0}> (0x0000024c33b556d0) 
thrown [s\src\hotspot\share\prims\jni.cpp, line 516]
Event: 10.661 Thread 0x00000236b30ce8f0 Exception <a 'sun/nio/fs/WindowsException'{0x0000024c33b588e8}> (0x0000024c33b588e8) 
thrown [s\src\hotspot\share\prims\jni.cpp, line 516]
Event: 10.662 Thread 0x00000236b30ce8f0 Exception <a 'sun/nio/fs/WindowsException'{0x0000024c33b5bcf8}> (0x0000024c33b5bcf8) 
thrown [s\src\hotspot\share\prims\jni.cpp, line 516]
Event: 10.662 Thread 0x00000236b30ce8f0 Exception <a 'sun/nio/fs/WindowsException'{0x0000024c33b612f0}> (0x0000024c33b612f0) 
thrown [s\src\hotspot\share\prims\jni.cpp, line 516]
Event: 10.663 Thread 0x00000236b30ce8f0 Exception <a 'sun/nio/fs/WindowsException'{0x0000024c33b64860}> (0x0000024c33b64860) 
thrown [s\src\hotspot\share\prims\jni.cpp, line 516]
Event: 10.663 Thread 0x00000236b30ce8f0 Exception <a 'sun/nio/fs/WindowsException'{0x0000024c33b6b2c0}> (0x0000024c33b6b2c0) 
thrown [s\src\hotspot\share\prims\jni.cpp, line 516]
Event: 10.664 Thread 0x00000236b30ce8f0 Exception <a 'sun/nio/fs/WindowsException'{0x0000024c33b6ec50}> (0x0000024c33b6ec50) 
thrown [s\src\hotspot\share\prims\jni.cpp, line 516]
Event: 10.664 Thread 0x00000236b30ce8f0 Exception <a 'sun/nio/fs/WindowsException'{0x0000024c33b720f0}> (0x0000024c33b720f0) 
thrown [s\src\hotspot\share\prims\jni.cpp, line 516]
Event: 10.665 Thread 0x00000236b30ce8f0 Exception <a 'sun/nio/fs/WindowsException'{0x0000024c33b75770}> (0x0000024c33b75770) 
thrown [s\src\hotspot\share\prims\jni.cpp, line 516]
Event: 10.666 Thread 0x00000236b30ce8f0 Exception <a 'sun/nio/fs/WindowsException'{0x0000024c33b79c58}> (0x0000024c33b79c58) 
thrown [s\src\hotspot\share\prims\jni.cpp, line 516]
Event: 11.864 Thread 0x00000236b30ce8f0 Exception <a 'sun/nio/fs/WindowsException'{0x0000024c33c5ceb0}> (0x0000024c33c5ceb0) 
thrown [s\src\hotspot\share\prims\jni.cpp, line 516]

VM Operations (20 events):
Event: 10.239 Executing VM operation: ParallelGCFailedAllocation
Event: 10.242 Executing VM operation: ParallelGCFailedAllocation done
Event: 10.683 Executing VM operation: HandshakeAllThreads
Event: 10.683 Executing VM operation: HandshakeAllThreads done
Event: 10.693 Executing VM operation: ParallelGCFailedAllocation
Event: 10.695 Executing VM operation: ParallelGCFailedAllocation done
Event: 10.851 Executing VM operation: HandshakeAllThreads
Event: 10.851 Executing VM operation: HandshakeAllThreads done
Event: 11.014 Executing VM operation: ParallelGCFailedAllocation
Event: 11.015 Executing VM operation: ParallelGCFailedAllocation done
Event: 11.409 Executing VM operation: ParallelGCFailedAllocation
Event: 11.410 Executing VM operation: ParallelGCFailedAllocation done
Event: 11.552 Executing VM operation: ParallelGCFailedAllocation
Event: 11.554 Executing VM operation: ParallelGCFailedAllocation done
Event: 11.605 Executing VM operation: ParallelGCFailedAllocation
Event: 11.607 Executing VM operation: ParallelGCFailedAllocation done
Event: 11.745 Executing VM operation: HandshakeAllThreads
Event: 11.745 Executing VM operation: HandshakeAllThreads done
Event: 11.851 Executing VM operation: HandshakeAllThreads
Event: 11.851 Executing VM operation: HandshakeAllThreads done

Events (20 events):
Event: 10.805 Thread 0x00000236b62e73b0 Thread added: 0x00000236b62e73b0
Event: 10.854 Thread 0x00000236b061c3f0 flushing nmethod 0x00000236ce811190
Event: 10.855 Thread 0x00000236b061c3f0 flushing nmethod 0x00000236ce923d10
Event: 10.860 Thread 0x00000236b061c3f0 flushing nmethod 0x00000236ceea0990
Event: 11.095 loading class java/util/Vector$1
Event: 11.095 loading class java/util/Vector$1 done
Event: 11.381 loading class java/util/Collections$UnmodifiableSortedSet
Event: 11.382 loading class java/util/Collections$UnmodifiableSortedSet done
Event: 11.435 loading class java/util/regex/Pattern$Caret
Event: 11.435 loading class java/util/regex/Pattern$Caret done
Event: 11.473 Thread 0x00000236b62e73b0 Thread exited: 0x00000236b62e73b0
Event: 11.555 Thread 0x00000236b3bf2080 Thread added: 0x00000236b3bf2080
Event: 11.582 Thread 0x00000236b22e8320 Thread added: 0x00000236b22e8320
Event: 11.744 loading class java/util/stream/DistinctOps
Event: 11.744 loading class java/util/stream/DistinctOps done
Event: 11.744 loading class java/util/stream/DistinctOps$1
Event: 11.744 loading class java/util/stream/DistinctOps$1 done
Event: 11.745 loading class java/util/stream/DistinctOps$1$2
Event: 11.746 loading class java/util/stream/DistinctOps$1$2 done
Event: 11.791 Thread 0x00000236b2aaf140 Thread exited: 0x00000236b2aaf140


Dynamic libraries:
0x00007ff685b90000 - 0x00007ff685b9e000 	c:\Users\galax\.vscode\extensions\redhat.java-1.30.0-win32-x64\jre\17.0.10-win32-x86_64\bin\java.exe
0x00007ffbcd390000 - 0x00007ffbcd5a7000 	C:\WINDOWS\SYSTEM32\ntdll.dll
0x00007ffbcc5a0000 - 0x00007ffbcc664000 	C:\WINDOWS\System32\KERNEL32.DLL
0x00007ffbcaa20000 - 0x00007ffbcadc7000 	C:\WINDOWS\System32\KERNELBASE.dll
0x00007ffbca680000 - 0x00007ffbca791000 	C:\WINDOWS\System32\ucrtbase.dll
0x00007ffbb7220000 - 0x00007ffbb723b000 	c:\Users\galax\.vscode\extensions\redhat.java-1.30.0-win32-x64\jre\17.0.10-win32-x86_64\bin\VCRUNTIME140.dll
0x00007ffbb71e0000 - 0x00007ffbb71f7000 	c:\Users\galax\.vscode\extensions\redhat.java-1.30.0-win32-x64\jre\17.0.10-win32-x86_64\bin\jli.dll
0x00007ffbcb090000 - 0x00007ffbcb23e000 	C:\WINDOWS\System32\USER32.dll
0x00007ffbcadd0000 - 0x00007ffbcadf6000 	C:\WINDOWS\System32\win32u.dll
0x00007ffbb5090000 - 0x00007ffbb5323000 	C:\WINDOWS\WinSxS\amd64_microsoft.windows.common-controls_6595b64144ccf1df_6.0.22621.3527_none_270e469b73872a76\COMCTL32.dll
0x00007ffbcc4e0000 - 0x00007ffbcc509000 	C:\WINDOWS\System32\GDI32.dll
0x00007ffbcd010000 - 0x00007ffbcd0b7000 	C:\WINDOWS\System32\msvcrt.dll
0x00007ffbca7a0000 - 0x00007ffbca8b9000 	C:\WINDOWS\System32\gdi32full.dll
0x00007ffbca980000 - 0x00007ffbcaa1a000 	C:\WINDOWS\System32\msvcp_win.dll
0x00007ffbcce10000 - 0x00007ffbcce41000 	C:\WINDOWS\System32\IMM32.DLL
0x00007ffbc4e00000 - 0x00007ffbc4e0c000 	c:\Users\galax\.vscode\extensions\redhat.java-1.30.0-win32-x64\jre\17.0.10-win32-x86_64\bin\vcruntime140_1.dll
0x00007ffb9e5d0000 - 0x00007ffb9e65d000 	c:\Users\galax\.vscode\extensions\redhat.java-1.30.0-win32-x64\jre\17.0.10-win32-x86_64\bin\msvcp140.dll
0x00007ffb77630000 - 0x00007ffb78292000 	c:\Users\galax\.vscode\extensions\redhat.java-1.30.0-win32-x64\jre\17.0.10-win32-x86_64\bin\server\jvm.dll
0x00007ffbcc950000 - 0x00007ffbcca02000 	C:\WINDOWS\System32\ADVAPI32.dll
0x00007ffbcce70000 - 0x00007ffbccf18000 	C:\WINDOWS\System32\sechost.dll
0x00007ffbcae00000 - 0x00007ffbcae28000 	C:\WINDOWS\System32\bcrypt.dll
0x00007ffbcc340000 - 0x00007ffbcc455000 	C:\WINDOWS\System32\RPCRT4.dll
0x00007ffbca540000 - 0x00007ffbca58d000 	C:\WINDOWS\SYSTEM32\POWRPROF.dll
0x00007ffbc38c0000 - 0x00007ffbc38f4000 	C:\WINDOWS\SYSTEM32\WINMM.dll
0x00007ffbb7110000 - 0x00007ffbb7119000 	C:\WINDOWS\SYSTEM32\WSOCK32.dll
0x00007ffbc09e0000 - 0x00007ffbc09ea000 	C:\WINDOWS\SYSTEM32\VERSION.dll
0x00007ffbcc460000 - 0x00007ffbcc4d1000 	C:\WINDOWS\System32\WS2_32.dll
0x00007ffbca520000 - 0x00007ffbca533000 	C:\WINDOWS\SYSTEM32\UMPDC.dll
0x00007ffbc9660000 - 0x00007ffbc9678000 	C:\WINDOWS\SYSTEM32\kernel.appcore.dll
0x00007ffbc2940000 - 0x00007ffbc294a000 	c:\Users\galax\.vscode\extensions\redhat.java-1.30.0-win32-x64\jre\17.0.10-win32-x86_64\bin\jimage.dll
0x00007ffbc8040000 - 0x00007ffbc8272000 	C:\WINDOWS\SYSTEM32\DBGHELP.DLL
0x00007ffbcbf40000 - 0x00007ffbcc2c8000 	C:\WINDOWS\System32\combase.dll
0x00007ffbccb70000 - 0x00007ffbccc47000 	C:\WINDOWS\System32\OLEAUT32.dll
0x00007ffbbf530000 - 0x00007ffbbf562000 	C:\WINDOWS\SYSTEM32\dbgcore.DLL
0x00007ffbcae30000 - 0x00007ffbcaea9000 	C:\WINDOWS\System32\bcryptPrimitives.dll
0x00007ffbb7510000 - 0x00007ffbb751e000 	c:\Users\galax\.vscode\extensions\redhat.java-1.30.0-win32-x64\jre\17.0.10-win32-x86_64\bin\instrument.dll
0x00007ffbb5d60000 - 0x00007ffbb5d85000 	c:\Users\galax\.vscode\extensions\redhat.java-1.30.0-win32-x64\jre\17.0.10-win32-x86_64\bin\java.dll
0x00007ffbb5e40000 - 0x00007ffbb5e58000 	c:\Users\galax\.vscode\extensions\redhat.java-1.30.0-win32-x64\jre\17.0.10-win32-x86_64\bin\zip.dll
0x00007ffbcb240000 - 0x00007ffbcba9c000 	C:\WINDOWS\System32\SHELL32.dll
0x00007ffbc8570000 - 0x00007ffbc8e66000 	C:\WINDOWS\SYSTEM32\windows.storage.dll
0x00007ffbc8430000 - 0x00007ffbc856e000 	C:\WINDOWS\SYSTEM32\wintypes.dll
0x00007ffbcc830000 - 0x00007ffbcc925000 	C:\WINDOWS\System32\SHCORE.dll
0x00007ffbccf20000 - 0x00007ffbccf7e000 	C:\WINDOWS\System32\shlwapi.dll
0x00007ffbca5b0000 - 0x00007ffbca5d1000 	C:\WINDOWS\SYSTEM32\profapi.dll
0x00007ffbb5cd0000 - 0x00007ffbb5ce9000 	C:\Users\galax\.vscode\extensions\redhat.java-1.30.0-win32-x64\jre\17.0.10-win32-x86_64\bin\net.dll
0x00007ffbc4580000 - 0x00007ffbc46b6000 	C:\WINDOWS\SYSTEM32\WINHTTP.dll
0x00007ffbc9ac0000 - 0x00007ffbc9b29000 	C:\WINDOWS\system32\mswsock.dll
0x00007ffbb58f0000 - 0x00007ffbb5906000 	C:\Users\galax\.vscode\extensions\redhat.java-1.30.0-win32-x64\jre\17.0.10-win32-x86_64\bin\nio.dll
0x00007ffbb71a0000 - 0x00007ffbb71b0000 	c:\Users\galax\.vscode\extensions\redhat.java-1.30.0-win32-x64\jre\17.0.10-win32-x86_64\bin\verify.dll
0x00007ffbaef20000 - 0x00007ffbaef5e000 	C:\Users\galax\AppData\Roaming\Code\User\globalStorage\redhat.java\1.30.0\config_win\org.eclipse.equinox.launcher\org.eclipse.equinox.launcher.win32.win32.x86_64_1.2.900.v20240213-1244\eclipse_11900.dll
0x00007ffbccc60000 - 0x00007ffbcce05000 	C:\WINDOWS\System32\ole32.dll
0x00007ffbc9d10000 - 0x00007ffbc9d2b000 	C:\WINDOWS\SYSTEM32\CRYPTSP.dll
0x00007ffbc95c0000 - 0x00007ffbc95f5000 	C:\WINDOWS\system32\rsaenh.dll
0x00007ffbc9b70000 - 0x00007ffbc9b98000 	C:\WINDOWS\SYSTEM32\USERENV.dll
0x00007ffbc9cd0000 - 0x00007ffbc9cdc000 	C:\WINDOWS\SYSTEM32\CRYPTBASE.dll
0x00007ffbc9110000 - 0x00007ffbc913d000 	C:\WINDOWS\SYSTEM32\IPHLPAPI.DLL
0x00007ffbcc940000 - 0x00007ffbcc949000 	C:\WINDOWS\System32\NSI.dll
0x00007ffbc4aa0000 - 0x00007ffbc4ab9000 	C:\WINDOWS\SYSTEM32\dhcpcsvc6.DLL
0x00007ffbc48e0000 - 0x00007ffbc48ff000 	C:\WINDOWS\SYSTEM32\dhcpcsvc.DLL
0x00007ffbc9140000 - 0x00007ffbc9238000 	C:\WINDOWS\SYSTEM32\DNSAPI.dll
0x00007ffb9fb70000 - 0x00007ffb9fbb5000 	C:\Users\galax\AppData\Local\Temp\jna-79889305\jna2955845979950149268.dll
0x00007ffbccc50000 - 0x00007ffbccc58000 	C:\WINDOWS\System32\PSAPI.DLL

dbghelp: loaded successfully - version: 4.0.5 - missing functions: none
symbol engine: initialized successfully - sym options: 0x614 - pdb path: .;c:\Users\galax\.vscode\extensions\redhat.java-1.30.0-win32-x64\jre\17.0.10-win32-x86_64\bin;C:\WINDOWS\SYSTEM32;C:\WINDOWS\WinSxS\amd64_microsoft.windows.common-controls_6595b64144ccf1df_6.0.22621.3527_none_270e469b73872a76;c:\Users\galax\.vscode\extensions\redhat.java-1.30.0-win32-x64\jre\17.0.10-win32-x86_64\bin\server;C:\Users\galax\AppData\Roaming\Code\User\globalStorage\redhat.java\1.30.0\config_win\org.eclipse.equinox.launcher\org.eclipse.equinox.launcher.win32.win32.x86_64_1.2.900.v20240213-1244;C:\Users\galax\AppData\Local\Temp\jna-79889305

VM Arguments:
jvm_args: --add-modules=ALL-SYSTEM --add-opens=java.base/java.util=ALL-UNNAMED --add-opens=java.base/java.lang=ALL-UNNAMED --add-opens=java.base/sun.nio.fs=ALL-UNNAMED -Declipse.application=org.eclipse.jdt.ls.core.id1 -Dosgi.bundles.defaultStartLevel=4 -Declipse.product=org.eclipse.jdt.ls.core.product -Djava.import.generatesMetadataFilesAtProjectRoot=false -DDetectVMInstallationsJob.disabled=true -Dfile.encoding=utf8 -XX:+UseParallelGC -XX:GCTimeRatio=4 -XX:AdaptiveSizePolicyWeight=90 -Dsun.zip.disableMemoryMapping=true -Xmx128G -Xms100m -Xlog:disable -javaagent:c:\Users\galax\.vscode\extensions\redhat.java-1.30.0-win32-x64\lombok\lombok-1.18.32.jar -XX:+HeapDumpOnOutOfMemoryError -XX:HeapDumpPath=c:\Users\galax\AppData\Roaming\Code\User\workspaceStorage\715939317411bacedd6cdfeea8c9b0d6\redhat.java -Daether.dependencyCollector.impl=bf 
java_command: c:\Users\galax\.vscode\extensions\redhat.java-1.30.0-win32-x64\server\plugins\org.eclipse.equinox.launcher_1.6.800.v20240330-1250.jar -configuration c:\Users\galax\AppData\Roaming\Code\User\globalStorage\redhat.java\1.30.0\config_win -data c:\Users\galax\AppData\Roaming\Code\User\workspaceStorage\715939317411bacedd6cdfeea8c9b0d6\redhat.java\jdt_ws --pipe=\\.\pipe\lsp-e3112a9fe804aa708d810aa712297390-sock
java_class_path (initial): c:\Users\galax\.vscode\extensions\redhat.java-1.30.0-win32-x64\server\plugins\org.eclipse.equinox.launcher_1.6.800.v20240330-1250.jar
Launcher Type: SUN_STANDARD

[Global flags]
    uintx AdaptiveSizePolicyWeight                 = 90                                        {product} {command line}
     intx CICompilerCount                          = 4                                         {product} {ergonomic}
    uintx GCTimeRatio                              = 4                                         {product} {command line}
     bool HeapDumpOnOutOfMemoryError               = true                                   {manageable} {command line}
    ccstr HeapDumpPath                             = c:\Users\galax\AppData\Roaming\Code\User\workspaceStorage\715939317411bacedd6cdfeea8c9b0d6\redhat.java         {manageable} {command line}
   size_t InitialHeapSize                          = 104857600                                 {product} {command line}
   size_t MaxHeapSize                              = 137438953472                              {product} {command line}
   size_t MaxNewSize                               = 45812809728                               {product} {ergonomic}
   size_t MinHeapDeltaBytes                        = 524288                                    {product} {ergonomic}
   size_t MinHeapSize                              = 104857600                                 {product} {command line}
   size_t NewSize                                  = 34603008                                  {product} {ergonomic}
    uintx NonNMethodCodeHeapSize                   = 5839372                                {pd product} {ergonomic}
    uintx NonProfiledCodeHeapSize                  = 122909434                              {pd product} {ergonomic}
   size_t OldSize                                  = 70254592                                  {product} {ergonomic}
    uintx ProfiledCodeHeapSize                     = 122909434                              {pd product} {ergonomic}
    uintx ReservedCodeCacheSize                    = 251658240                              {pd product} {ergonomic}
     bool SegmentedCodeCache                       = true                                      {product} {ergonomic}
   size_t SoftMaxHeapSize                          = 137438953472                           {manageable} {ergonomic}
     bool UseCompressedClassPointers               = true                           {product lp64_product} {ergonomic}
     bool UseLargePagesIndividualAllocation        = false                                  {pd product} {ergonomic}
     bool UseParallelGC                            = true                                      {product} {command line}

Logging:
Log output configuration:
 #0: stdout all=off uptime,level,tags
 #1: stderr all=off uptime,level,tags

Environment Variables:
JAVA_HOME=C:\Program Files\Eclipse Adoptium\jdk-21.0.1.12-hotspot
PATH=C:\Program Files\Eclipse Adoptium\jdk-21.0.3.9-hotspot\bin;C:\Program Files\Eclipse Adoptium\jdk-21.0.1.12-hotspot;C:\Windows\system32;C:\Windows;C:\Windows\System32\Wbem;C:\Windows\System32\WindowsPowerShell\v1.0\;C:\Windows\System32\OpenSSH\;C:\Program Files (x86)\NVIDIA Corporation\PhysX\Common;C:\Program Files\NVIDIA Corporation\NVIDIA NvDLISR;C:\WINDOWS\system32;C:\WINDOWS;C:\WINDOWS\System32\Wbem;C:\WINDOWS\System32\WindowsPowerShell\v1.0\;C:\WINDOWS\System32\OpenSSH\;C:\Users\galax\AppData\Roaming\nvm;C:\Program Files\nodejs;C:\Program Files\Graphviz\bin;C:\Program Files\GitHub CLI\;C:\Program Files\Git\cmd;C:\Users\galax\AppData\Local\Programs\Python\Python39\Scripts\;C:\Users\galax\AppData\Local\Programs\Python\Python39\;C:\Users\galax\AppData\Local\Programs\Python\Python312\Scripts\;C:\Users\galax\AppData\Local\Programs\Python\Python312\;C:\Users\galax\.console-ninja\.bin;C:\Users\galax\AppData\Local\Microsoft\WindowsApps;C:\Users\galax\AppData\Local\Programs\oh-my-posh\bin;C:\Program Files\JetBrains\IntelliJ IDEA Community Edition 2023.2\bin;C:\Users\galax\AppData\Roaming\npm;C:\Users\galax\AppData\Local\Programs\mongosh\;C:\Users\galax\AppData\Local\GitHubDesktop\bin;C:\Users\galax\AppData\Roaming\nvm;C:\Program Files\nodejs;C:\Program Files\Eclipse Adoptium\jdk-21.0.1.12-hotspot;C:\Program Files\Git\bin;D:\whois;C:\Program Files (x86)\IntelliJ IDEA Community Edition 2023.2\bin;;C:\Microsoft VS Code\bin;
USERNAME=Singh
OS=Windows_NT
PROCESSOR_IDENTIFIER=AMD64 Family 25 Model 80 Stepping 0, AuthenticAMD
TMP=C:\Users\galax\AppData\Local\Temp
TEMP=C:\Users\galax\AppData\Local\Temp



Periodic native trim disabled


---------------  S Y S T E M  ---------------

OS:
 Windows 11 , 64 bit Build 22621 (10.0.22621.3527)
OS uptime: 0 days 18:19 hours
Hyper-V role detected

CPU: total 12 (initial active 12) (12 cores per cpu, 2 threads per core) family 25 model 80 stepping 0 microcode 0x0, cx8, cmov, fxsr, ht, mmx, 3dnowpref, sse, sse2, sse3, ssse3, sse4a, sse4.1, sse4.2, popcnt, lzcnt, tsc, tscinvbit, avx, avx2, aes, erms, clmul, bmi1, bmi2, adx, sha, fma, vzeroupper, clflush, clflushopt, hv
Processor Information for all 12 processors :
  Max Mhz: 3301, Current Mhz: 3301, Mhz Limit: 3301

Memory: 4k page, system-wide physical 15724M (3370M free)
TotalPageFile size 20724M (AvailPageFile size 14M)
current process WorkingSet (physical memory assigned to process): 271M, peak: 273M
current process commit charge ("private bytes"): 4676M, peak: 4677M

vm_info: OpenJDK 64-Bit Server VM (17.0.10+7) for windows-amd64 JRE (17.0.10+7), built on Jan 16 2024 23:25:11 by "admin" with MS VC++ 16.10 / 16.11 (VS2019)

END.
