#
# There is insufficient memory for the Java Runtime Environment to continue.
# Native memory allocation (malloc) failed to allocate 931936 bytes for Chunk::new
# Possible reasons:
#   The system is out of physical RAM or swap space
# Possible solutions:
#   Reduce memory load on the system
#   Increase physical memory or swap space
#   Check if swap backing store is full
#   Decrease Java heap size (-Xmx/-Xms)
#   Decrease number of Java threads
#   Decrease Java thread stack sizes (-Xss)
#   Set larger code cache with -XX:ReservedCodeCacheSize=
# This output file may be truncated or incomplete.
#
#  Out of Memory Error (arena.cpp:191), pid=24108, tid=21592
#
# JRE version: OpenJDK Runtime Environment Temurin-17.0.10+7 (17.0.10+7) (build 17.0.10+7)
# Java VM: OpenJDK 64-Bit Server VM Temurin-17.0.10+7 (17.0.10+7, mixed mode, tiered, compressed class ptrs, parallel gc, windows-amd64)
# No core dump will be written. Minidumps are not enabled by default on client versions of Windows
#

---------------  S U M M A R Y ------------

Command Line: --add-modules=ALL-SYSTEM --add-opens=java.base/java.util=ALL-UNNAMED --add-opens=java.base/java.lang=ALL-UNNAMED --add-opens=java.base/sun.nio.fs=ALL-UNNAMED -Declipse.application=org.eclipse.jdt.ls.core.id1 -Dosgi.bundles.defaultStartLevel=4 -Declipse.product=org.eclipse.jdt.ls.core.product -Djava.import.generatesMetadataFilesAtProjectRoot=false -DDetectVMInstallationsJob.disabled=true -Dfile.encoding=utf8 -XX:+UseParallelGC -XX:GCTimeRatio=4 -XX:AdaptiveSizePolicyWeight=90 -Dsun.zip.disableMemoryMapping=true -Xmx128G -Xms100m -Xlog:disable -javaagent:c:\Users\galax\.vscode\extensions\redhat.java-1.30.0-win32-x64\lombok\lombok-1.18.32.jar -XX:+HeapDumpOnOutOfMemoryError -XX:HeapDumpPath=c:\Users\galax\AppData\Roaming\Code\User\workspaceStorage\715939317411bacedd6cdfeea8c9b0d6\redhat.java -Daether.dependencyCollector.impl=bf c:\Users\galax\.vscode\extensions\redhat.java-1.30.0-win32-x64\server\plugins\org.eclipse.equinox.launcher_1.6.800.v20240330-1250.jar -configuration c:\Users\galax\AppData\Roaming\Code\User\globalStorage\redhat.java\1.30.0\config_win -data c:\Users\galax\AppData\Roaming\Code\User\workspaceStorage\715939317411bacedd6cdfeea8c9b0d6\redhat.java\jdt_ws --pipe=\\.\pipe\lsp-5a042f6546248240ed8a6f12fbbc075f-sock

Host: AMD Ryzen 5 5600H with Radeon Graphics         , 12 cores, 15G,  Windows 11 , 64 bit Build 22621 (10.0.22621.3527)
Time: Thu May 23 18:34:28 2024 India Standard Time elapsed time: 6.285758 seconds (0d 0h 0m 6s)

---------------  T H R E A D  ---------------

Current thread (0x000001c74205d000):  JavaThread "C2 CompilerThread2" daemon [_thread_in_native, id=21592, stack(0x0000001091c00000,0x0000001091d00000)]


Current CompileTask:
C2:   6285 5531   !   4       org.eclipse.osgi.internal.loader.BundleLoader::findClass0 (470 bytes)

Stack: [0x0000001091c00000,0x0000001091d00000]
Native frames: (J=compiled Java code, j=interpreted, Vv=VM code, C=native code)
V  [jvm.dll+0x67d2c9]
V  [jvm.dll+0x834afa]
V  [jvm.dll+0x8365be]
V  [jvm.dll+0x836c23]
V  [jvm.dll+0x2477ff]
V  [jvm.dll+0xac514]
V  [jvm.dll+0xacb5c]
V  [jvm.dll+0x2aed1f]
V  [jvm.dll+0x584b67]
V  [jvm.dll+0x2228a2]
V  [jvm.dll+0x222c8f]
V  [jvm.dll+0x21bdb6]
V  [jvm.dll+0x219201]
V  [jvm.dll+0x1a502d]
V  [jvm.dll+0x2290de]
V  [jvm.dll+0x2272ac]
V  [jvm.dll+0x7e9bb7]
V  [jvm.dll+0x7e3fba]
V  [jvm.dll+0x67c1b5]
C  [ucrtbase.dll+0x29333]
C  [KERNEL32.DLL+0x1257d]
C  [ntdll.dll+0x5aa48]


---------------  P R O C E S S  ---------------

Threads class SMR info:
_java_thread_list=0x000001c744465eb0, length=43, elements={
0x000001c77b680cf0, 0x000001c77b202020, 0x000001c77b204460, 0x000001c77b20df60,
0x000001c73f616010, 0x000001c73f61aa50, 0x000001c73f61c690, 0x000001c73f620990,
0x000001c73f623a90, 0x000001c73f636390, 0x000001c73f716200, 0x000001c73f886480,
0x000001c7414f8910, 0x000001c74177fa50, 0x000001c73f6dd370, 0x000001c73f6daaf0,
0x000001c73f6db510, 0x000001c73f6db000, 0x000001c73f6ddd90, 0x000001c73f954cc0,
0x000001c73f6dd880, 0x000001c73f6dc440, 0x000001c74205d000, 0x000001c73f6dce60,
0x000001c74242fd20, 0x000001c74242d9b0, 0x000001c742432fc0, 0x000001c74242e8e0,
0x000001c742430230, 0x000001c74242edf0, 0x000001c7424334d0, 0x000001c74242f300,
0x000001c74242c060, 0x000001c74242f810, 0x000001c742430740, 0x000001c742430c50,
0x000001c74242d4a0, 0x000001c7424339e0, 0x000001c74242dec0, 0x000001c742431160,
0x000001c742431670, 0x000001c7424325a0, 0x000001c742431b80
}

Java Threads: ( => current thread )
  0x000001c77b680cf0 JavaThread "main" [_thread_blocked, id=14780, stack(0x000000108fc00000,0x000000108fd00000)]
  0x000001c77b202020 JavaThread "Reference Handler" daemon [_thread_blocked, id=16656, stack(0x000000108ff00000,0x0000001090000000)]
  0x000001c77b204460 JavaThread "Finalizer" daemon [_thread_blocked, id=1756, stack(0x0000001090000000,0x0000001090100000)]
  0x000001c77b20df60 JavaThread "Signal Dispatcher" daemon [_thread_blocked, id=4716, stack(0x0000001090100000,0x0000001090200000)]
  0x000001c73f616010 JavaThread "Attach Listener" daemon [_thread_blocked, id=23656, stack(0x0000001090200000,0x0000001090300000)]
  0x000001c73f61aa50 JavaThread "Service Thread" daemon [_thread_blocked, id=2556, stack(0x0000001090300000,0x0000001090400000)]
  0x000001c73f61c690 JavaThread "Monitor Deflation Thread" daemon [_thread_blocked, id=21464, stack(0x0000001090400000,0x0000001090500000)]
  0x000001c73f620990 JavaThread "C2 CompilerThread0" daemon [_thread_in_native, id=3052, stack(0x0000001090500000,0x0000001090600000)]
  0x000001c73f623a90 JavaThread "C1 CompilerThread0" daemon [_thread_in_native, id=23696, stack(0x0000001090600000,0x0000001090700000)]
  0x000001c73f636390 JavaThread "Sweeper thread" daemon [_thread_blocked, id=3824, stack(0x0000001090700000,0x0000001090800000)]
  0x000001c73f716200 JavaThread "Common-Cleaner" daemon [_thread_blocked, id=17388, stack(0x0000001090800000,0x0000001090900000)]
  0x000001c73f886480 JavaThread "Notification Thread" daemon [_thread_blocked, id=23936, stack(0x0000001090900000,0x0000001090a00000)]
  0x000001c7414f8910 JavaThread "Active Thread: Equinox Container: 10baa86d-b697-49bc-ae19-4e1e9a211994" [_thread_blocked, id=6472, stack(0x0000001091200000,0x0000001091300000)]
  0x000001c74177fa50 JavaThread "Framework Event Dispatcher: Equinox Container: 10baa86d-b697-49bc-ae19-4e1e9a211994" daemon [_thread_blocked, id=18696, stack(0x0000001091400000,0x0000001091500000)]
  0x000001c73f6dd370 JavaThread "Start Level: Equinox Container: 10baa86d-b697-49bc-ae19-4e1e9a211994" daemon [_thread_blocked, id=6056, stack(0x0000001091500000,0x0000001091600000)]
  0x000001c73f6daaf0 JavaThread "Bundle File Closer" daemon [_thread_blocked, id=15704, stack(0x0000001091600000,0x0000001091700000)]
  0x000001c73f6db510 JavaThread "SCR Component Actor" daemon [_thread_blocked, id=18068, stack(0x0000001090c00000,0x0000001090d00000)]
  0x000001c73f6db000 JavaThread "SCR Component Registry" daemon [_thread_blocked, id=7576, stack(0x0000001091900000,0x0000001091a00000)]
  0x000001c73f6ddd90 JavaThread "Worker-JM" [_thread_blocked, id=2004, stack(0x0000001091b00000,0x0000001091c00000)]
  0x000001c73f954cc0 JavaThread "C2 CompilerThread1" daemon [_thread_in_native, id=10316, stack(0x0000001090b00000,0x0000001090c00000)]
  0x000001c73f6dd880 JavaThread "Worker-0" [_thread_blocked, id=21264, stack(0x0000001091d00000,0x0000001091e00000)]
  0x000001c73f6dc440 JavaThread "Worker-1" [_thread_blocked, id=7472, stack(0x0000001091e00000,0x0000001091f00000)]
=>0x000001c74205d000 JavaThread "C2 CompilerThread2" daemon [_thread_in_native, id=21592, stack(0x0000001091c00000,0x0000001091d00000)]
  0x000001c73f6dce60 JavaThread "Java indexing" daemon [_thread_blocked, id=17316, stack(0x0000001091f00000,0x0000001092000000)]
  0x000001c74242fd20 JavaThread "JNA Cleaner" daemon [_thread_blocked, id=16748, stack(0x0000001092000000,0x0000001092100000)]
  0x000001c74242d9b0 JavaThread "Worker-2" [_thread_blocked, id=21512, stack(0x0000001092100000,0x0000001092200000)]
  0x000001c742432fc0 JavaThread "Thread-2" daemon [_thread_in_native, id=18012, stack(0x0000001092200000,0x0000001092300000)]
  0x000001c74242e8e0 JavaThread "Thread-3" daemon [_thread_in_native, id=2800, stack(0x0000001092300000,0x0000001092400000)]
  0x000001c742430230 JavaThread "Thread-4" daemon [_thread_in_native, id=23168, stack(0x0000001092400000,0x0000001092500000)]
  0x000001c74242edf0 JavaThread "Thread-5" daemon [_thread_in_native, id=14652, stack(0x0000001092500000,0x0000001092600000)]
  0x000001c7424334d0 JavaThread "Thread-6" daemon [_thread_in_native, id=10520, stack(0x0000001092600000,0x0000001092700000)]
  0x000001c74242f300 JavaThread "Thread-7" daemon [_thread_in_native, id=2832, stack(0x0000001092700000,0x0000001092800000)]
  0x000001c74242c060 JavaThread "Thread-8" daemon [_thread_in_native, id=11212, stack(0x0000001092800000,0x0000001092900000)]
  0x000001c74242f810 JavaThread "Thread-9" daemon [_thread_in_native, id=20152, stack(0x0000001092900000,0x0000001092a00000)]
  0x000001c742430740 JavaThread "Thread-10" daemon [_thread_in_native, id=7672, stack(0x0000001092a00000,0x0000001092b00000)]
  0x000001c742430c50 JavaThread "Thread-11" daemon [_thread_in_native, id=144, stack(0x0000001092b00000,0x0000001092c00000)]
  0x000001c74242d4a0 JavaThread "Thread-12" daemon [_thread_in_native, id=2788, stack(0x0000001092c00000,0x0000001092d00000)]
  0x000001c7424339e0 JavaThread "Thread-13" daemon [_thread_in_native, id=9652, stack(0x0000001092d00000,0x0000001092e00000)]
  0x000001c74242dec0 JavaThread "Thread-14" daemon [_thread_in_native, id=17068, stack(0x0000001092e00000,0x0000001092f00000)]
  0x000001c742431160 JavaThread "pool-2-thread-1" [_thread_blocked, id=19624, stack(0x0000001092f00000,0x0000001093000000)]
  0x000001c742431670 JavaThread "Worker-3" [_thread_blocked, id=21732, stack(0x0000001093000000,0x0000001093100000)]
  0x000001c7424325a0 JavaThread "WorkspaceEventsHandler" [_thread_blocked, id=19588, stack(0x0000001093100000,0x0000001093200000)]
  0x000001c742431b80 JavaThread "pool-1-thread-1" [_thread_in_Java, id=10340, stack(0x0000001093200000,0x0000001093300000)]

Other Threads:
  0x000001c73f5e4870 VMThread "VM Thread" [stack: 0x000000108fe00000,0x000000108ff00000] [id=10900]
  0x000001c73f8ed3b0 WatcherThread [stack: 0x0000001090a00000,0x0000001090b00000] [id=23372]
  0x000001c77b6967d0 GCTaskThread "GC Thread#0" [stack: 0x000000108fd00000,0x000000108fe00000] [id=22052]
  0x000001c7418eb030 GCTaskThread "GC Thread#1" [stack: 0x0000001090d00000,0x0000001090e00000] [id=21252]
  0x000001c7414ac0c0 GCTaskThread "GC Thread#2" [stack: 0x0000001090e00000,0x0000001090f00000] [id=20240]
  0x000001c7414ac380 GCTaskThread "GC Thread#3" [stack: 0x0000001090f00000,0x0000001091000000] [id=8512]
  0x000001c7414ac640 GCTaskThread "GC Thread#4" [stack: 0x0000001091000000,0x0000001091100000] [id=22540]
  0x000001c7414ac900 GCTaskThread "GC Thread#5" [stack: 0x0000001091100000,0x0000001091200000] [id=18040]
  0x000001c7414fa750 GCTaskThread "GC Thread#6" [stack: 0x0000001091300000,0x0000001091400000] [id=19448]
  0x000001c741b66b70 GCTaskThread "GC Thread#7" [stack: 0x0000001091700000,0x0000001091800000] [id=2896]
  0x000001c741b66e30 GCTaskThread "GC Thread#8" [stack: 0x0000001091800000,0x0000001091900000] [id=368]
  0x000001c741d46150 GCTaskThread "GC Thread#9" [stack: 0x0000001091a00000,0x0000001091b00000] [id=14668]

Threads with active compile tasks:
C2 CompilerThread0     6317 5588       4       org.eclipse.osgi.internal.loader.BundleLoader::addExportedProvidersFor (167 bytes)
C1 CompilerThread0     6317 5644       3       com.sun.org.apache.xerces.internal.impl.XMLDocumentFragmentScannerImpl::scanAttribute (249 bytes)
C2 CompilerThread1     6317 5142   !   4       org.eclipse.osgi.internal.loader.BundleLoader::findRequiredSource (283 bytes)
C2 CompilerThread2     6317 5531   !   4       org.eclipse.osgi.internal.loader.BundleLoader::findClass0 (470 bytes)

VM state: not at safepoint (normal execution)

VM Mutex/Monitor currently owned by a thread: None

CDS archive(s) not mapped
Compressed class space mapped at: 0x0000000080000000-0x00000000c0000000, reserved size: 1073741824
Narrow klass base: 0x0000000000000000, Narrow klass shift: 0, Narrow klass range: 0xc0000000

GC Precious Log:
 CPUs: 12 total, 12 available
 Memory: 15724M
 Large Page Support: Disabled
 NUMA Support: Disabled
 Compressed Oops: Disabled
 Alignments: Space 512K, Generation 512K, Heap 2M
 Heap Min Capacity: 100M
 Heap Initial Capacity: 100M
 Heap Max Capacity: 128G
 Pre-touch: Disabled
 Parallel Workers: 10

Heap:
 PSYoungGen      total 23552K, used 22457K [0x000001dcd3980000, 0x000001dcd5500000, 0x000001e77e400000)
  eden space 22016K, 95% used [0x000001dcd3980000,0x000001dcd4df4fb8,0x000001dcd4f00000)
  from space 1536K, 98% used [0x000001dcd5280000,0x000001dcd53f9470,0x000001dcd5400000)
  to   space 3072K, 0% used [0x000001dcd4f00000,0x000001dcd4f00000,0x000001dcd5200000)
 ParOldGen       total 68608K, used 25222K [0x000001c77e400000, 0x000001c782700000, 0x000001dcd3980000)
  object space 68608K, 36% used [0x000001c77e400000,0x000001c77fca1910,0x000001c782700000)
 Metaspace       used 50425K, committed 51392K, reserved 1114112K
  class space    used 5437K, committed 5824K, reserved 1048576K

Card table byte_map: [0x000001c70f000000,0x000001c71f010000] _byte_map_base: 0x000001c62b40e000

Marking Bits: (ParMarkBitMap*) 0x00007ffa1252d7d0
 Begin Bits: [0x000001e77e400000, 0x000001e7fe400000)
 End Bits:   [0x000001e7fe400000, 0x000001e87e400000)

Polling page: 0x000001c7794f0000

Metaspace:

Usage:
  Non-class:     43.93 MB used.
      Class:      5.31 MB used.
       Both:     49.24 MB used.

Virtual space:
  Non-class space:       64.00 MB reserved,      44.50 MB ( 70%) committed,  1 nodes.
      Class space:        1.00 GB reserved,       5.69 MB ( <1%) committed,  1 nodes.
             Both:        1.06 GB reserved,      50.19 MB (  5%) committed. 

Chunk freelists:
   Non-Class:  3.03 MB
       Class:  10.26 MB
        Both:  13.29 MB

MaxMetaspaceSize: unlimited
CompressedClassSpaceSize: 1.00 GB
Initial GC threshold: 21.00 MB
Current GC threshold: 58.38 MB
CDS: off
MetaspaceReclaimPolicy: balanced
 - commit_granule_bytes: 65536.
 - commit_granule_words: 8192.
 - virtual_space_node_default_size: 8388608.
 - enlarge_chunks_in_place: 1.
 - new_chunks_are_fully_committed: 0.
 - uncommit_free_chunks: 1.
 - use_allocation_guard: 0.
 - handle_deallocations: 1.


Internal statistics:

num_allocs_failed_limit: 6.
num_arena_births: 552.
num_arena_deaths: 14.
num_vsnodes_births: 2.
num_vsnodes_deaths: 0.
num_space_committed: 803.
num_space_uncommitted: 0.
num_chunks_returned_to_freelist: 20.
num_chunks_taken_from_freelist: 2350.
num_chunk_merges: 8.
num_chunk_splits: 1514.
num_chunks_enlarged: 985.
num_inconsistent_stats: 0.

CodeHeap 'non-profiled nmethods': size=120000Kb used=2521Kb max_used=2577Kb free=117478Kb
 bounds [0x000001c707ad0000, 0x000001c707d80000, 0x000001c70f000000]
CodeHeap 'profiled nmethods': size=120000Kb used=9574Kb max_used=10515Kb free=110425Kb
 bounds [0x000001c700000000, 0x000001c700a50000, 0x000001c707530000]
CodeHeap 'non-nmethods': size=5760Kb used=1295Kb max_used=1370Kb free=4464Kb
 bounds [0x000001c707530000, 0x000001c7077a0000, 0x000001c707ad0000]
 total_blobs=5440 nmethods=4811 adapters=541
 compilation: enabled
              stopped_count=0, restarted_count=0
 full_count=0

Compilation events (20 events):
Event: 6.256 Thread 0x000001c73f623a90 nmethod 5577 0x000001c70012e810 code [0x000001c70012e9c0, 0x000001c70012ebc8]
Event: 6.256 Thread 0x000001c73f623a90 5578   !   3       org.eclipse.osgi.container.ModuleDatabase::getWiring (31 bytes)
Event: 6.256 Thread 0x000001c73f623a90 nmethod 5578 0x000001c700076690 code [0x000001c7000768e0, 0x000001c700077398]
Event: 6.261 Thread 0x000001c73f623a90 5579       3       java.io.File::getAbsoluteFile (38 bytes)
Event: 6.261 Thread 0x000001c73f623a90 nmethod 5579 0x000001c700075e90 code [0x000001c700076080, 0x000001c7000764a8]
Event: 6.261 Thread 0x000001c73f623a90 5580       1       com.google.inject.Key$AnnotationTypeStrategy::hasAttributes (2 bytes)
Event: 6.261 Thread 0x000001c73f623a90 nmethod 5580 0x000001c707bfa590 code [0x000001c707bfa720, 0x000001c707bfa7f8]
Event: 6.268 Thread 0x000001c73f623a90 5581       3       java.lang.invoke.BoundMethodHandle$SpeciesData::extendWith (62 bytes)
Event: 6.269 Thread 0x000001c73f623a90 nmethod 5581 0x000001c7001db690 code [0x000001c7001db900, 0x000001c7001dc2f8]
Event: 6.269 Thread 0x000001c73f620990 5582       4       org.eclipse.osgi.container.Module::getCurrentRevision (8 bytes)
Event: 6.271 Thread 0x000001c73f623a90 5584       3       java.util.concurrent.locks.AbstractQueuedSynchronizer::acquireShared (20 bytes)
Event: 6.271 Thread 0x000001c73f620990 nmethod 5582 0x000001c707bf9a10 code [0x000001c707bf9ba0, 0x000001c707bf9eb8]
Event: 6.271 Thread 0x000001c73f623a90 nmethod 5584 0x000001c70012e310 code [0x000001c70012e4c0, 0x000001c70012e718]
Event: 6.272 Thread 0x000001c73f620990 5585       4       java.util.ArrayDeque::add (7 bytes)
Event: 6.273 Thread 0x000001c73f620990 nmethod 5585 0x000001c707bf9610 code [0x000001c707bf97a0, 0x000001c707bf98d8]
Event: 6.274 Thread 0x000001c73f620990 5586       4       java.util.concurrent.locks.ReentrantReadWriteLock$Sync::tryReleaseShared (146 bytes)
Event: 6.276 Thread 0x000001c73f623a90 5587       3       org.eclipse.osgi.internal.framework.FilterImpl$Parser::parse_substring (227 bytes)
Event: 6.276 Thread 0x000001c73f620990 nmethod 5586 0x000001c707bf8f90 code [0x000001c707bf9140, 0x000001c707bf9370]
Event: 6.277 Thread 0x000001c73f623a90 nmethod 5587 0x000001c700237f10 code [0x000001c7002382e0, 0x000001c700239fe8]
Event: 6.277 Thread 0x000001c73f620990 5588       4       org.eclipse.osgi.internal.loader.BundleLoader::addExportedProvidersFor (167 bytes)

GC Heap History (20 events):
Event: 4.355 GC heap before
{Heap before GC invocations=11 (full 1):
 PSYoungGen      total 25600K, used 25526K [0x000001dcd3980000, 0x000001dcd5780000, 0x000001e77e400000)
  eden space 23552K, 99% used [0x000001dcd3980000,0x000001dcd507c308,0x000001dcd5080000)
  from space 2048K, 97% used [0x000001dcd5180000,0x000001dcd5371600,0x000001dcd5380000)
  to   space 3072K, 0% used [0x000001dcd5480000,0x000001dcd5480000,0x000001dcd5780000)
 ParOldGen       total 68608K, used 15182K [0x000001c77e400000, 0x000001c782700000, 0x000001dcd3980000)
  object space 68608K, 22% used [0x000001c77e400000,0x000001c77f2d39c0,0x000001c782700000)
 Metaspace       used 32118K, committed 32704K, reserved 1114112K
  class space    used 3124K, committed 3392K, reserved 1048576K
}
Event: 4.358 GC heap after
{Heap after GC invocations=11 (full 1):
 PSYoungGen      total 25600K, used 2326K [0x000001dcd3980000, 0x000001dcd5700000, 0x000001e77e400000)
  eden space 23040K, 0% used [0x000001dcd3980000,0x000001dcd3980000,0x000001dcd5000000)
  from space 2560K, 90% used [0x000001dcd5480000,0x000001dcd56c5b40,0x000001dcd5700000)
  to   space 2560K, 0% used [0x000001dcd5200000,0x000001dcd5200000,0x000001dcd5480000)
 ParOldGen       total 68608K, used 18488K [0x000001c77e400000, 0x000001c782700000, 0x000001dcd3980000)
  object space 68608K, 26% used [0x000001c77e400000,0x000001c77f60e208,0x000001c782700000)
 Metaspace       used 32118K, committed 32704K, reserved 1114112K
  class space    used 3124K, committed 3392K, reserved 1048576K
}
Event: 4.736 GC heap before
{Heap before GC invocations=12 (full 1):
 PSYoungGen      total 25600K, used 25366K [0x000001dcd3980000, 0x000001dcd5700000, 0x000001e77e400000)
  eden space 23040K, 100% used [0x000001dcd3980000,0x000001dcd5000000,0x000001dcd5000000)
  from space 2560K, 90% used [0x000001dcd5480000,0x000001dcd56c5b40,0x000001dcd5700000)
  to   space 2560K, 0% used [0x000001dcd5200000,0x000001dcd5200000,0x000001dcd5480000)
 ParOldGen       total 68608K, used 18488K [0x000001c77e400000, 0x000001c782700000, 0x000001dcd3980000)
  object space 68608K, 26% used [0x000001c77e400000,0x000001c77f60e208,0x000001c782700000)
 Metaspace       used 34986K, committed 35712K, reserved 1114112K
  class space    used 3411K, committed 3712K, reserved 1048576K
}
Event: 4.738 GC heap after
{Heap after GC invocations=12 (full 1):
 PSYoungGen      total 24576K, used 1565K [0x000001dcd3980000, 0x000001dcd5500000, 0x000001e77e400000)
  eden space 22528K, 0% used [0x000001dcd3980000,0x000001dcd3980000,0x000001dcd4f80000)
  from space 2048K, 76% used [0x000001dcd5200000,0x000001dcd53876a0,0x000001dcd5400000)
  to   space 1024K, 0% used [0x000001dcd5400000,0x000001dcd5400000,0x000001dcd5500000)
 ParOldGen       total 68608K, used 20565K [0x000001c77e400000, 0x000001c782700000, 0x000001dcd3980000)
  object space 68608K, 29% used [0x000001c77e400000,0x000001c77f815480,0x000001c782700000)
 Metaspace       used 34986K, committed 35712K, reserved 1114112K
  class space    used 3411K, committed 3712K, reserved 1048576K
}
Event: 4.771 GC heap before
{Heap before GC invocations=13 (full 1):
 PSYoungGen      total 24576K, used 3817K [0x000001dcd3980000, 0x000001dcd5500000, 0x000001e77e400000)
  eden space 22528K, 9% used [0x000001dcd3980000,0x000001dcd3bb2d90,0x000001dcd4f80000)
  from space 2048K, 76% used [0x000001dcd5200000,0x000001dcd53876a0,0x000001dcd5400000)
  to   space 1024K, 0% used [0x000001dcd5400000,0x000001dcd5400000,0x000001dcd5500000)
 ParOldGen       total 68608K, used 20565K [0x000001c77e400000, 0x000001c782700000, 0x000001dcd3980000)
  object space 68608K, 29% used [0x000001c77e400000,0x000001c77f815480,0x000001c782700000)
 Metaspace       used 35183K, committed 35840K, reserved 1114112K
  class space    used 3437K, committed 3712K, reserved 1048576K
}
Event: 4.772 GC heap after
{Heap after GC invocations=13 (full 1):
 PSYoungGen      total 23040K, used 288K [0x000001dcd3980000, 0x000001dcd5480000, 0x000001e77e400000)
  eden space 22528K, 0% used [0x000001dcd3980000,0x000001dcd3980000,0x000001dcd4f80000)
  from space 512K, 56% used [0x000001dcd5400000,0x000001dcd5448000,0x000001dcd5480000)
  to   space 1024K, 0% used [0x000001dcd5280000,0x000001dcd5280000,0x000001dcd5380000)
 ParOldGen       total 68608K, used 21962K [0x000001c77e400000, 0x000001c782700000, 0x000001dcd3980000)
  object space 68608K, 32% used [0x000001c77e400000,0x000001c77f972bd8,0x000001c782700000)
 Metaspace       used 35183K, committed 35840K, reserved 1114112K
  class space    used 3437K, committed 3712K, reserved 1048576K
}
Event: 4.772 GC heap before
{Heap before GC invocations=14 (full 2):
 PSYoungGen      total 23040K, used 288K [0x000001dcd3980000, 0x000001dcd5480000, 0x000001e77e400000)
  eden space 22528K, 0% used [0x000001dcd3980000,0x000001dcd3980000,0x000001dcd4f80000)
  from space 512K, 56% used [0x000001dcd5400000,0x000001dcd5448000,0x000001dcd5480000)
  to   space 1024K, 0% used [0x000001dcd5280000,0x000001dcd5280000,0x000001dcd5380000)
 ParOldGen       total 68608K, used 21962K [0x000001c77e400000, 0x000001c782700000, 0x000001dcd3980000)
  object space 68608K, 32% used [0x000001c77e400000,0x000001c77f972bd8,0x000001c782700000)
 Metaspace       used 35183K, committed 35840K, reserved 1114112K
  class space    used 3437K, committed 3712K, reserved 1048576K
}
Event: 4.800 GC heap after
{Heap after GC invocations=14 (full 2):
 PSYoungGen      total 23040K, used 0K [0x000001dcd3980000, 0x000001dcd5480000, 0x000001e77e400000)
  eden space 22528K, 0% used [0x000001dcd3980000,0x000001dcd3980000,0x000001dcd4f80000)
  from space 512K, 0% used [0x000001dcd5400000,0x000001dcd5400000,0x000001dcd5480000)
  to   space 1024K, 0% used [0x000001dcd5280000,0x000001dcd5280000,0x000001dcd5380000)
 ParOldGen       total 68608K, used 20238K [0x000001c77e400000, 0x000001c782700000, 0x000001dcd3980000)
  object space 68608K, 29% used [0x000001c77e400000,0x000001c77f7c38a0,0x000001c782700000)
 Metaspace       used 35170K, committed 35840K, reserved 1114112K
  class space    used 3433K, committed 3712K, reserved 1048576K
}
Event: 5.095 GC heap before
{Heap before GC invocations=15 (full 2):
 PSYoungGen      total 23040K, used 22521K [0x000001dcd3980000, 0x000001dcd5480000, 0x000001e77e400000)
  eden space 22528K, 99% used [0x000001dcd3980000,0x000001dcd4f7e510,0x000001dcd4f80000)
  from space 512K, 0% used [0x000001dcd5400000,0x000001dcd5400000,0x000001dcd5480000)
  to   space 1024K, 0% used [0x000001dcd5280000,0x000001dcd5280000,0x000001dcd5380000)
 ParOldGen       total 68608K, used 20238K [0x000001c77e400000, 0x000001c782700000, 0x000001dcd3980000)
  object space 68608K, 29% used [0x000001c77e400000,0x000001c77f7c38a0,0x000001c782700000)
 Metaspace       used 37969K, committed 38912K, reserved 1114112K
  class space    used 3755K, committed 4096K, reserved 1048576K
}
Event: 5.096 GC heap after
{Heap after GC invocations=15 (full 2):
 PSYoungGen      total 23040K, used 1022K [0x000001dcd3980000, 0x000001dcd5480000, 0x000001e77e400000)
  eden space 22016K, 0% used [0x000001dcd3980000,0x000001dcd3980000,0x000001dcd4f00000)
  from space 1024K, 99% used [0x000001dcd5280000,0x000001dcd537f800,0x000001dcd5380000)
  to   space 1024K, 0% used [0x000001dcd5380000,0x000001dcd5380000,0x000001dcd5480000)
 ParOldGen       total 68608K, used 20750K [0x000001c77e400000, 0x000001c782700000, 0x000001dcd3980000)
  object space 68608K, 30% used [0x000001c77e400000,0x000001c77f8438d0,0x000001c782700000)
 Metaspace       used 37969K, committed 38912K, reserved 1114112K
  class space    used 3755K, committed 4096K, reserved 1048576K
}
Event: 5.201 GC heap before
{Heap before GC invocations=16 (full 2):
 PSYoungGen      total 23040K, used 23038K [0x000001dcd3980000, 0x000001dcd5480000, 0x000001e77e400000)
  eden space 22016K, 100% used [0x000001dcd3980000,0x000001dcd4f00000,0x000001dcd4f00000)
  from space 1024K, 99% used [0x000001dcd5280000,0x000001dcd537f800,0x000001dcd5380000)
  to   space 1024K, 0% used [0x000001dcd5380000,0x000001dcd5380000,0x000001dcd5480000)
 ParOldGen       total 68608K, used 20750K [0x000001c77e400000, 0x000001c782700000, 0x000001dcd3980000)
  object space 68608K, 30% used [0x000001c77e400000,0x000001c77f8438d0,0x000001c782700000)
 Metaspace       used 40511K, committed 41472K, reserved 1114112K
  class space    used 4111K, committed 4544K, reserved 1048576K
}
Event: 5.202 GC heap after
{Heap after GC invocations=16 (full 2):
 PSYoungGen      total 23040K, used 672K [0x000001dcd3980000, 0x000001dcd5480000, 0x000001e77e400000)
  eden space 22016K, 0% used [0x000001dcd3980000,0x000001dcd3980000,0x000001dcd4f00000)
  from space 1024K, 65% used [0x000001dcd5380000,0x000001dcd5428000,0x000001dcd5480000)
  to   space 1024K, 0% used [0x000001dcd5280000,0x000001dcd5280000,0x000001dcd5380000)
 ParOldGen       total 68608K, used 21733K [0x000001c77e400000, 0x000001c782700000, 0x000001dcd3980000)
  object space 68608K, 31% used [0x000001c77e400000,0x000001c77f9395e0,0x000001c782700000)
 Metaspace       used 40511K, committed 41472K, reserved 1114112K
  class space    used 4111K, committed 4544K, reserved 1048576K
}
Event: 5.372 GC heap before
{Heap before GC invocations=17 (full 2):
 PSYoungGen      total 23040K, used 22688K [0x000001dcd3980000, 0x000001dcd5480000, 0x000001e77e400000)
  eden space 22016K, 100% used [0x000001dcd3980000,0x000001dcd4f00000,0x000001dcd4f00000)
  from space 1024K, 65% used [0x000001dcd5380000,0x000001dcd5428000,0x000001dcd5480000)
  to   space 1024K, 0% used [0x000001dcd5280000,0x000001dcd5280000,0x000001dcd5380000)
 ParOldGen       total 68608K, used 21733K [0x000001c77e400000, 0x000001c782700000, 0x000001dcd3980000)
  object space 68608K, 31% used [0x000001c77e400000,0x000001c77f9395e0,0x000001c782700000)
 Metaspace       used 42565K, committed 43456K, reserved 1114112K
  class space    used 4398K, committed 4800K, reserved 1048576K
}
Event: 5.375 GC heap after
{Heap after GC invocations=17 (full 2):
 PSYoungGen      total 23040K, used 1005K [0x000001dcd3980000, 0x000001dcd5400000, 0x000001e77e400000)
  eden space 22016K, 0% used [0x000001dcd3980000,0x000001dcd3980000,0x000001dcd4f00000)
  from space 1024K, 98% used [0x000001dcd5280000,0x000001dcd537b668,0x000001dcd5380000)
  to   space 512K, 0% used [0x000001dcd5380000,0x000001dcd5380000,0x000001dcd5400000)
 ParOldGen       total 68608K, used 22477K [0x000001c77e400000, 0x000001c782700000, 0x000001dcd3980000)
  object space 68608K, 32% used [0x000001c77e400000,0x000001c77f9f35e0,0x000001c782700000)
 Metaspace       used 42565K, committed 43456K, reserved 1114112K
  class space    used 4398K, committed 4800K, reserved 1048576K
}
Event: 5.681 GC heap before
{Heap before GC invocations=18 (full 2):
 PSYoungGen      total 23040K, used 23021K [0x000001dcd3980000, 0x000001dcd5400000, 0x000001e77e400000)
  eden space 22016K, 100% used [0x000001dcd3980000,0x000001dcd4f00000,0x000001dcd4f00000)
  from space 1024K, 98% used [0x000001dcd5280000,0x000001dcd537b668,0x000001dcd5380000)
  to   space 512K, 0% used [0x000001dcd5380000,0x000001dcd5380000,0x000001dcd5400000)
 ParOldGen       total 68608K, used 22477K [0x000001c77e400000, 0x000001c782700000, 0x000001dcd3980000)
  object space 68608K, 32% used [0x000001c77e400000,0x000001c77f9f35e0,0x000001c782700000)
 Metaspace       used 43926K, committed 44864K, reserved 1114112K
  class space    used 4576K, committed 4992K, reserved 1048576K
}
Event: 5.683 GC heap after
{Heap after GC invocations=18 (full 2):
 PSYoungGen      total 22528K, used 512K [0x000001dcd3980000, 0x000001dcd5400000, 0x000001e77e400000)
  eden space 22016K, 0% used [0x000001dcd3980000,0x000001dcd3980000,0x000001dcd4f00000)
  from space 512K, 100% used [0x000001dcd5380000,0x000001dcd5400000,0x000001dcd5400000)
  to   space 2048K, 0% used [0x000001dcd5000000,0x000001dcd5000000,0x000001dcd5200000)
 ParOldGen       total 68608K, used 23479K [0x000001c77e400000, 0x000001c782700000, 0x000001dcd3980000)
  object space 68608K, 34% used [0x000001c77e400000,0x000001c77faedcd8,0x000001c782700000)
 Metaspace       used 43926K, committed 44864K, reserved 1114112K
  class space    used 4576K, committed 4992K, reserved 1048576K
}
Event: 5.891 GC heap before
{Heap before GC invocations=19 (full 2):
 PSYoungGen      total 22528K, used 22528K [0x000001dcd3980000, 0x000001dcd5400000, 0x000001e77e400000)
  eden space 22016K, 100% used [0x000001dcd3980000,0x000001dcd4f00000,0x000001dcd4f00000)
  from space 512K, 100% used [0x000001dcd5380000,0x000001dcd5400000,0x000001dcd5400000)
  to   space 2048K, 0% used [0x000001dcd5000000,0x000001dcd5000000,0x000001dcd5200000)
 ParOldGen       total 68608K, used 23479K [0x000001c77e400000, 0x000001c782700000, 0x000001dcd3980000)
  object space 68608K, 34% used [0x000001c77e400000,0x000001c77faedcd8,0x000001c782700000)
 Metaspace       used 46188K, committed 47104K, reserved 1114112K
  class space    used 4868K, committed 5248K, reserved 1048576K
}
Event: 5.892 GC heap after
{Heap after GC invocations=19 (full 2):
 PSYoungGen      total 24064K, used 1152K [0x000001dcd3980000, 0x000001dcd5400000, 0x000001e77e400000)
  eden space 22016K, 0% used [0x000001dcd3980000,0x000001dcd3980000,0x000001dcd4f00000)
  from space 2048K, 56% used [0x000001dcd5000000,0x000001dcd5120000,0x000001dcd5200000)
  to   space 1536K, 0% used [0x000001dcd5280000,0x000001dcd5280000,0x000001dcd5400000)
 ParOldGen       total 68608K, used 24015K [0x000001c77e400000, 0x000001c782700000, 0x000001dcd3980000)
  object space 68608K, 35% used [0x000001c77e400000,0x000001c77fb73f08,0x000001c782700000)
 Metaspace       used 46188K, committed 47104K, reserved 1114112K
  class space    used 4868K, committed 5248K, reserved 1048576K
}
Event: 6.112 GC heap before
{Heap before GC invocations=20 (full 2):
 PSYoungGen      total 24064K, used 23168K [0x000001dcd3980000, 0x000001dcd5400000, 0x000001e77e400000)
  eden space 22016K, 100% used [0x000001dcd3980000,0x000001dcd4f00000,0x000001dcd4f00000)
  from space 2048K, 56% used [0x000001dcd5000000,0x000001dcd5120000,0x000001dcd5200000)
  to   space 1536K, 0% used [0x000001dcd5280000,0x000001dcd5280000,0x000001dcd5400000)
 ParOldGen       total 68608K, used 24015K [0x000001c77e400000, 0x000001c782700000, 0x000001dcd3980000)
  object space 68608K, 35% used [0x000001c77e400000,0x000001c77fb73f08,0x000001c782700000)
 Metaspace       used 48395K, committed 49344K, reserved 1114112K
  class space    used 5170K, committed 5568K, reserved 1048576K
}
Event: 6.113 GC heap after
{Heap after GC invocations=20 (full 2):
 PSYoungGen      total 23552K, used 1509K [0x000001dcd3980000, 0x000001dcd5500000, 0x000001e77e400000)
  eden space 22016K, 0% used [0x000001dcd3980000,0x000001dcd3980000,0x000001dcd4f00000)
  from space 1536K, 98% used [0x000001dcd5280000,0x000001dcd53f9470,0x000001dcd5400000)
  to   space 3072K, 0% used [0x000001dcd4f00000,0x000001dcd4f00000,0x000001dcd5200000)
 ParOldGen       total 68608K, used 25222K [0x000001c77e400000, 0x000001c782700000, 0x000001dcd3980000)
  object space 68608K, 36% used [0x000001c77e400000,0x000001c77fca1910,0x000001c782700000)
 Metaspace       used 48395K, committed 49344K, reserved 1114112K
  class space    used 5170K, committed 5568K, reserved 1048576K
}

Dll operation events (10 events):
Event: 0.013 Loaded shared library c:\Users\galax\.vscode\extensions\redhat.java-1.30.0-win32-x64\jre\17.0.10-win32-x86_64\bin\java.dll
Event: 0.382 Loaded shared library c:\Users\galax\.vscode\extensions\redhat.java-1.30.0-win32-x64\jre\17.0.10-win32-x86_64\bin\zip.dll
Event: 0.387 Loaded shared library C:\Users\galax\.vscode\extensions\redhat.java-1.30.0-win32-x64\jre\17.0.10-win32-x86_64\bin\instrument.dll
Event: 0.405 Loaded shared library C:\Users\galax\.vscode\extensions\redhat.java-1.30.0-win32-x64\jre\17.0.10-win32-x86_64\bin\net.dll
Event: 0.408 Loaded shared library C:\Users\galax\.vscode\extensions\redhat.java-1.30.0-win32-x64\jre\17.0.10-win32-x86_64\bin\nio.dll
Event: 0.416 Loaded shared library C:\Users\galax\.vscode\extensions\redhat.java-1.30.0-win32-x64\jre\17.0.10-win32-x86_64\bin\zip.dll
Event: 0.433 Loaded shared library C:\Users\galax\.vscode\extensions\redhat.java-1.30.0-win32-x64\jre\17.0.10-win32-x86_64\bin\jimage.dll
Event: 0.509 Loaded shared library c:\Users\galax\.vscode\extensions\redhat.java-1.30.0-win32-x64\jre\17.0.10-win32-x86_64\bin\verify.dll
Event: 1.622 Loaded shared library C:\Users\galax\AppData\Roaming\Code\User\globalStorage\redhat.java\1.30.0\config_win\org.eclipse.equinox.launcher\org.eclipse.equinox.launcher.win32.win32.x86_64_1.2.900.v20240213-1244\eclipse_11900.dll
Event: 4.901 Loaded shared library C:\Users\galax\AppData\Local\Temp\jna-79889305\jna15047903637663969812.dll

Deoptimization events (20 events):
Event: 6.239 Thread 0x000001c73f6dc440 Uncommon trap: trap_request=0xffffff45 fr.pc=0x000001c707cb6d80 relative=0x0000000000000880
Event: 6.239 Thread 0x000001c73f6dc440 Uncommon trap: reason=unstable_if action=reinterpret pc=0x000001c707cb6d80 method=java.util.WeakHashMap.remove(Ljava/lang/Object;)Ljava/lang/Object; @ 92 c2
Event: 6.239 Thread 0x000001c73f6dc440 DEOPT PACKING pc=0x000001c707cb6d80 sp=0x0000001091efdec0
Event: 6.239 Thread 0x000001c73f6dc440 DEOPT UNPACKING pc=0x000001c7075866a3 sp=0x0000001091efde08 mode 2
Event: 6.241 Thread 0x000001c73f6dc440 Uncommon trap: trap_request=0xffffff45 fr.pc=0x000001c707d5c948 relative=0x0000000000007d28
Event: 6.241 Thread 0x000001c73f6dc440 Uncommon trap: reason=unstable_if action=reinterpret pc=0x000001c707d5c948 method=java.util.concurrent.locks.ReentrantLock$Sync.lock()V @ 4 c2
Event: 6.241 Thread 0x000001c73f6dc440 DEOPT PACKING pc=0x000001c707d5c948 sp=0x0000001091efe070
Event: 6.241 Thread 0x000001c73f6dc440 DEOPT UNPACKING pc=0x000001c7075866a3 sp=0x0000001091efdcc8 mode 2
Event: 6.245 Thread 0x000001c73f6dd880 Uncommon trap: trap_request=0xffffff45 fr.pc=0x000001c707c3e684 relative=0x0000000000000be4
Event: 6.245 Thread 0x000001c73f6dd880 Uncommon trap: reason=unstable_if action=reinterpret pc=0x000001c707c3e684 method=java.util.concurrent.ConcurrentHashMap.putVal(Ljava/lang/Object;Ljava/lang/Object;Z)Ljava/lang/Object; @ 97 c2
Event: 6.245 Thread 0x000001c73f6dd880 DEOPT PACKING pc=0x000001c707c3e684 sp=0x0000001091dfd890
Event: 6.245 Thread 0x000001c73f6dd880 DEOPT UNPACKING pc=0x000001c7075866a3 sp=0x0000001091dfd808 mode 2
Event: 6.257 Thread 0x000001c73f6dc440 Uncommon trap: trap_request=0xffffff45 fr.pc=0x000001c707b04fc0 relative=0x00000000000000a0
Event: 6.257 Thread 0x000001c73f6dc440 Uncommon trap: reason=unstable_if action=reinterpret pc=0x000001c707b04fc0 method=jdk.internal.misc.Unsafe.convEndian(ZI)I @ 4 c2
Event: 6.257 Thread 0x000001c73f6dc440 DEOPT PACKING pc=0x000001c707b04fc0 sp=0x0000001091efe900
Event: 6.257 Thread 0x000001c73f6dc440 DEOPT UNPACKING pc=0x000001c7075866a3 sp=0x0000001091efe798 mode 2
Event: 6.268 Thread 0x000001c742431b80 Uncommon trap: trap_request=0xffffff45 fr.pc=0x000001c707b03e58 relative=0x0000000000000498
Event: 6.268 Thread 0x000001c742431b80 Uncommon trap: reason=unstable_if action=reinterpret pc=0x000001c707b03e58 method=java.util.HashMap$HashIterator.<init>(Ljava/util/HashMap;)V @ 45 c2
Event: 6.268 Thread 0x000001c742431b80 DEOPT PACKING pc=0x000001c707b03e58 sp=0x00000010932fdc40
Event: 6.268 Thread 0x000001c742431b80 DEOPT UNPACKING pc=0x000001c7075866a3 sp=0x00000010932fdac0 mode 2

Classes unloaded (7 events):
Event: 4.775 Thread 0x000001c73f5e4870 Unloading class 0x0000000080250400 'java/lang/invoke/LambdaForm$MH+0x0000000080250400'
Event: 4.775 Thread 0x000001c73f5e4870 Unloading class 0x0000000080250000 'java/lang/invoke/LambdaForm$MH+0x0000000080250000'
Event: 4.775 Thread 0x000001c73f5e4870 Unloading class 0x000000008024fc00 'java/lang/invoke/LambdaForm$MH+0x000000008024fc00'
Event: 4.775 Thread 0x000001c73f5e4870 Unloading class 0x000000008024f800 'java/lang/invoke/LambdaForm$MH+0x000000008024f800'
Event: 4.775 Thread 0x000001c73f5e4870 Unloading class 0x000000008024f400 'java/lang/invoke/LambdaForm$BMH+0x000000008024f400'
Event: 4.775 Thread 0x000001c73f5e4870 Unloading class 0x000000008024f000 'java/lang/invoke/LambdaForm$DMH+0x000000008024f000'
Event: 4.775 Thread 0x000001c73f5e4870 Unloading class 0x000000008024c400 'java/lang/invoke/LambdaForm$DMH+0x000000008024c400'

Classes redefined (0 events):
No events

Internal exceptions (20 events):
Event: 5.062 Thread 0x000001c73f6dc440 Exception <a 'java/lang/NoSuchMethodError'{0x000001dcd4aff818}: 'int java.lang.invoke.DirectMethodHandle$Holder.invokeStaticInit(java.lang.Object, float, float)'> (0x000001dcd4aff818) 
thrown [s\src\hotspot\share\interpreter\linkResolver.cpp, line 759]
Event: 5.063 Thread 0x000001c73f6dc440 Exception <a 'java/lang/NoSuchMethodError'{0x000001dcd4b08d30}: 'int java.lang.invoke.DirectMethodHandle$Holder.invokeStaticInit(java.lang.Object, double, double)'> (0x000001dcd4b08d30) 
thrown [s\src\hotspot\share\interpreter\linkResolver.cpp, line 759]
Event: 5.063 Thread 0x000001c73f6dc440 Exception <a 'java/lang/NoSuchMethodError'{0x000001dcd4b0ecc0}: 'int java.lang.invoke.DirectMethodHandle$Holder.invokeStatic(java.lang.Object, long)'> (0x000001dcd4b0ecc0) 
thrown [s\src\hotspot\share\interpreter\linkResolver.cpp, line 759]
Event: 5.066 Thread 0x000001c73f6dd880 Exception <a 'java/lang/NoSuchMethodError'{0x000001dcd4b73e58}: 'int java.lang.invoke.Invokers$Holder.linkToTargetMethod(java.lang.Object, java.lang.Object)'> (0x000001dcd4b73e58) 
thrown [s\src\hotspot\share\interpreter\linkResolver.cpp, line 759]
Event: 5.066 Thread 0x000001c73f6dc440 Exception <a 'java/lang/NoSuchMethodError'{0x000001dcd4b760e8}: 'int java.lang.invoke.Invokers$Holder.linkToTargetMethod(java.lang.Object, java.lang.Object)'> (0x000001dcd4b760e8) 
thrown [s\src\hotspot\share\interpreter\linkResolver.cpp, line 759]
Event: 5.067 Thread 0x000001c73f6dd880 Exception <a 'java/lang/NoSuchMethodError'{0x000001dcd4b882b8}: 'int java.lang.invoke.DirectMethodHandle$Holder.invokeSpecial(java.lang.Object, java.lang.Object, java.lang.Object, java.lang.Object)'> (0x000001dcd4b882b8) 
thrown [s\src\hotspot\share\interpreter\linkResolver.cpp, line 759]
Event: 5.069 Thread 0x000001c73f6dd880 Exception <a 'java/lang/NoSuchMethodError'{0x000001dcd4bcdf68}: 'java.lang.Object java.lang.invoke.DirectMethodHandle$Holder.invokeStatic(java.lang.Object, int, java.lang.Object, java.lang.Object)'> (0x000001dcd4bcdf68) 
thrown [s\src\hotspot\share\interpreter\linkResolver.cpp, line 759]
Event: 5.070 Thread 0x000001c73f6dd880 Exception <a 'java/lang/NoSuchMethodError'{0x000001dcd4bd9060}: 'java.lang.Object java.lang.invoke.DelegatingMethodHandle$Holder.delegate(java.lang.Object, int, java.lang.Object, java.lang.Object)'> (0x000001dcd4bd9060) 
thrown [s\src\hotspot\share\interpreter\linkResolver.cpp, line 759]
Event: 5.072 Thread 0x000001c73f6dd880 Exception <a 'java/lang/NoSuchMethodError'{0x000001dcd4c029d8}: 'int java.lang.invoke.Invokers$Holder.linkToTargetMethod(java.lang.Object, java.lang.Object, java.lang.Object)'> (0x000001dcd4c029d8) 
thrown [s\src\hotspot\share\interpreter\linkResolver.cpp, line 759]
Event: 5.094 Thread 0x000001c73f6dc440 Exception <a 'java/lang/NoSuchMethodError'{0x000001dcd4f4ee68}: 'java.lang.Object java.lang.invoke.DirectMethodHandle$Holder.invokeSpecialIFC(java.lang.Object, java.lang.Object, java.lang.Object, java.lang.Object)'> (0x000001dcd4f4ee68) 
thrown [s\src\hotspot\share\interpreter\linkResolver.cpp, line 759]
Event: 5.204 Thread 0x000001c73f6dc440 Exception <a 'java/lang/NoSuchMethodError'{0x000001dcd39ab880}: 'int java.lang.invoke.DirectMethodHandle$Holder.invokeSpecialIFC(java.lang.Object, java.lang.Object, java.lang.Object, java.lang.Object, java.lang.Object)'> (0x000001dcd39ab880) 
thrown [s\src\hotspot\share\interpreter\linkResolver.cpp, line 759]
Event: 5.223 Thread 0x000001c77b680cf0 Exception <a 'java/lang/NoSuchMethodError'{0x000001dcd3cb62a8}: 'void java.lang.invoke.DirectMethodHandle$Holder.invokeSpecial(java.lang.Object, java.lang.Object, java.lang.Object, java.lang.Object, java.lang.Object, java.lang.Object)'> (0x000001dcd3cb62a8) 
thrown [s\src\hotspot\share\interpreter\linkResolver.cpp, line 759]
Event: 5.227 Thread 0x000001c77b680cf0 Exception <a 'java/lang/IncompatibleClassChangeError'{0x000001dcd3cd9678}: Found class java.lang.Object, but interface was expected> (0x000001dcd3cd9678) 
thrown [s\src\hotspot\share\interpreter\linkResolver.cpp, line 826]
Event: 5.328 Thread 0x000001c73f6dc440 Exception <a 'java/lang/NoClassDefFoundError'{0x000001dcd492d878}: javax/enterprise/inject/Typed> (0x000001dcd492d878) 
thrown [s\src\hotspot\share\classfile\systemDictionary.cpp, line 245]
Event: 5.957 Thread 0x000001c73f6dc440 Exception <a 'java/lang/NoSuchMethodError'{0x000001dcd40be528}: 'void java.lang.invoke.DirectMethodHandle$Holder.invokeStaticInit(java.lang.Object, java.lang.Object, java.lang.Object)'> (0x000001dcd40be528) 
thrown [s\src\hotspot\share\interpreter\linkResolver.cpp, line 759]
Event: 5.959 Thread 0x000001c73f6dc440 Exception <a 'java/lang/ExceptionInInitializerError'{0x000001dcd40fbcd8}> (0x000001dcd40fbcd8) 
thrown [s\src\hotspot\share\oops\instanceKlass.cpp, line 1218]
Event: 5.975 Thread 0x000001c73f6dc440 Implicit null exception at 0x000001c707bf60af to 0x000001c707bf6238
Event: 5.975 Thread 0x000001c73f6dc440 Implicit null exception at 0x000001c707b641f9 to 0x000001c707b65464
Event: 5.976 Thread 0x000001c73f6dc440 Exception <a 'java/lang/NoSuchMethodError'{0x000001dcd42a6188}: 'java.lang.Object java.lang.invoke.Invokers$Holder.invokeExact_MT(java.lang.Object, int, java.lang.Object)'> (0x000001dcd42a6188) 
thrown [s\src\hotspot\share\interpreter\linkResolver.cpp, line 759]
Event: 6.136 Thread 0x000001c73f6dc440 Exception <a 'java/lang/NoClassDefFoundError'{0x000001dcd3b9e7f0}: com/google/inject/servlet/ServletModuleTargetVisitor> (0x000001dcd3b9e7f0) 
thrown [s\src\hotspot\share\classfile\systemDictionary.cpp, line 245]

VM Operations (20 events):
Event: 5.821 Executing VM operation: HandshakeAllThreads
Event: 5.821 Executing VM operation: HandshakeAllThreads done
Event: 5.872 Executing VM operation: HandshakeAllThreads
Event: 5.872 Executing VM operation: HandshakeAllThreads done
Event: 5.876 Executing VM operation: HandshakeAllThreads
Event: 5.876 Executing VM operation: HandshakeAllThreads done
Event: 5.891 Executing VM operation: ParallelGCFailedAllocation
Event: 5.892 Executing VM operation: ParallelGCFailedAllocation done
Event: 5.898 Executing VM operation: HandshakeAllThreads
Event: 5.898 Executing VM operation: HandshakeAllThreads done
Event: 5.912 Executing VM operation: HandshakeAllThreads
Event: 5.912 Executing VM operation: HandshakeAllThreads done
Event: 5.999 Executing VM operation: HandshakeAllThreads
Event: 5.999 Executing VM operation: HandshakeAllThreads done
Event: 6.112 Executing VM operation: ParallelGCFailedAllocation
Event: 6.113 Executing VM operation: ParallelGCFailedAllocation done
Event: 6.190 Executing VM operation: HandshakeAllThreads
Event: 6.190 Executing VM operation: HandshakeAllThreads done
Event: 6.190 Executing VM operation: HandshakeAllThreads
Event: 6.190 Executing VM operation: HandshakeAllThreads done

Events (20 events):
Event: 6.198 loading class java/util/concurrent/locks/ReentrantReadWriteLock$Sync$HoldCounter
Event: 6.198 loading class java/util/concurrent/locks/ReentrantReadWriteLock$Sync$HoldCounter done
Event: 6.226 loading class jdk/internal/math/FDBigInteger
Event: 6.226 loading class jdk/internal/math/FDBigInteger done
Event: 6.246 loading class java/util/regex/Pattern$Pos
Event: 6.246 loading class java/util/regex/Pattern$Pos done
Event: 6.257 loading class sun/security/provider/MD5
Event: 6.257 loading class sun/security/provider/MD5 done
Event: 6.257 loading class sun/security/provider/ByteArrayAccess$LE
Event: 6.257 loading class sun/security/provider/ByteArrayAccess$LE done
Event: 6.259 loading class java/util/stream/MatchOps$MatchKind
Event: 6.259 loading class java/util/stream/MatchOps$MatchKind done
Event: 6.259 loading class java/util/stream/MatchOps
Event: 6.260 loading class java/util/stream/MatchOps done
Event: 6.260 loading class java/util/stream/MatchOps$MatchOp
Event: 6.260 loading class java/util/stream/MatchOps$MatchOp done
Event: 6.260 loading class java/util/stream/MatchOps$BooleanTerminalSink
Event: 6.260 loading class java/util/stream/MatchOps$BooleanTerminalSink done
Event: 6.260 loading class java/util/stream/MatchOps$1MatchSink
Event: 6.260 loading class java/util/stream/MatchOps$1MatchSink done


Dynamic libraries:
0x00007ff68ce30000 - 0x00007ff68ce3e000 	c:\Users\galax\.vscode\extensions\redhat.java-1.30.0-win32-x64\jre\17.0.10-win32-x86_64\bin\java.exe
0x00007ffa6d8f0000 - 0x00007ffa6db07000 	C:\WINDOWS\SYSTEM32\ntdll.dll
0x00007ffa6b6a0000 - 0x00007ffa6b764000 	C:\WINDOWS\System32\KERNEL32.DLL
0x00007ffa6abe0000 - 0x00007ffa6af87000 	C:\WINDOWS\System32\KERNELBASE.dll
0x00007ffa6b330000 - 0x00007ffa6b441000 	C:\WINDOWS\System32\ucrtbase.dll
0x00007ffa57390000 - 0x00007ffa573a7000 	c:\Users\galax\.vscode\extensions\redhat.java-1.30.0-win32-x64\jre\17.0.10-win32-x86_64\bin\jli.dll
0x00007ffa671b0000 - 0x00007ffa671cb000 	c:\Users\galax\.vscode\extensions\redhat.java-1.30.0-win32-x64\jre\17.0.10-win32-x86_64\bin\VCRUNTIME140.dll
0x00007ffa6b930000 - 0x00007ffa6bade000 	C:\WINDOWS\System32\USER32.dll
0x00007ffa6b0f0000 - 0x00007ffa6b116000 	C:\WINDOWS\System32\win32u.dll
0x00007ffa557a0000 - 0x00007ffa55a33000 	C:\WINDOWS\WinSxS\amd64_microsoft.windows.common-controls_6595b64144ccf1df_6.0.22621.3527_none_270e469b73872a76\COMCTL32.dll
0x00007ffa6d270000 - 0x00007ffa6d299000 	C:\WINDOWS\System32\GDI32.dll
0x00007ffa6cb40000 - 0x00007ffa6cbe7000 	C:\WINDOWS\System32\msvcrt.dll
0x00007ffa6b210000 - 0x00007ffa6b329000 	C:\WINDOWS\System32\gdi32full.dll
0x00007ffa6b050000 - 0x00007ffa6b0ea000 	C:\WINDOWS\System32\msvcp_win.dll
0x00007ffa6bda0000 - 0x00007ffa6bdd1000 	C:\WINDOWS\System32\IMM32.DLL
0x00007ffa65ac0000 - 0x00007ffa65acc000 	c:\Users\galax\.vscode\extensions\redhat.java-1.30.0-win32-x64\jre\17.0.10-win32-x86_64\bin\vcruntime140_1.dll
0x00007ffa563b0000 - 0x00007ffa5643d000 	c:\Users\galax\.vscode\extensions\redhat.java-1.30.0-win32-x64\jre\17.0.10-win32-x86_64\bin\msvcp140.dll
0x00007ffa11990000 - 0x00007ffa125f2000 	c:\Users\galax\.vscode\extensions\redhat.java-1.30.0-win32-x64\jre\17.0.10-win32-x86_64\bin\server\jvm.dll
0x00007ffa6d090000 - 0x00007ffa6d142000 	C:\WINDOWS\System32\ADVAPI32.dll
0x00007ffa6b5f0000 - 0x00007ffa6b698000 	C:\WINDOWS\System32\sechost.dll
0x00007ffa6b450000 - 0x00007ffa6b478000 	C:\WINDOWS\System32\bcrypt.dll
0x00007ffa6d150000 - 0x00007ffa6d265000 	C:\WINDOWS\System32\RPCRT4.dll
0x00007ffa6aaa0000 - 0x00007ffa6aaed000 	C:\WINDOWS\SYSTEM32\POWRPROF.dll
0x00007ffa655b0000 - 0x00007ffa655b9000 	C:\WINDOWS\SYSTEM32\WSOCK32.dll
0x00007ffa6cda0000 - 0x00007ffa6ce11000 	C:\WINDOWS\System32\WS2_32.dll
0x00007ffa61110000 - 0x00007ffa6111a000 	C:\WINDOWS\SYSTEM32\VERSION.dll
0x00007ffa63580000 - 0x00007ffa635b4000 	C:\WINDOWS\SYSTEM32\WINMM.dll
0x00007ffa6aa80000 - 0x00007ffa6aa93000 	C:\WINDOWS\SYSTEM32\UMPDC.dll
0x00007ffa69bc0000 - 0x00007ffa69bd8000 	C:\WINDOWS\SYSTEM32\kernel.appcore.dll
0x00007ffa65080000 - 0x00007ffa6508a000 	c:\Users\galax\.vscode\extensions\redhat.java-1.30.0-win32-x64\jre\17.0.10-win32-x86_64\bin\jimage.dll
0x00007ffa685a0000 - 0x00007ffa687d2000 	C:\WINDOWS\SYSTEM32\DBGHELP.DLL
0x00007ffa6bde0000 - 0x00007ffa6c168000 	C:\WINDOWS\System32\combase.dll
0x00007ffa6bbb0000 - 0x00007ffa6bc87000 	C:\WINDOWS\System32\OLEAUT32.dll
0x00007ffa5fcf0000 - 0x00007ffa5fd22000 	C:\WINDOWS\SYSTEM32\dbgcore.DLL
0x00007ffa6b190000 - 0x00007ffa6b209000 	C:\WINDOWS\System32\bcryptPrimitives.dll
0x00007ffa62790000 - 0x00007ffa6279e000 	c:\Users\galax\.vscode\extensions\redhat.java-1.30.0-win32-x64\jre\17.0.10-win32-x86_64\bin\instrument.dll
0x00007ffa56c20000 - 0x00007ffa56c45000 	c:\Users\galax\.vscode\extensions\redhat.java-1.30.0-win32-x64\jre\17.0.10-win32-x86_64\bin\java.dll
0x00007ffa57350000 - 0x00007ffa57368000 	c:\Users\galax\.vscode\extensions\redhat.java-1.30.0-win32-x64\jre\17.0.10-win32-x86_64\bin\zip.dll
0x00007ffa6c2e0000 - 0x00007ffa6cb3c000 	C:\WINDOWS\System32\SHELL32.dll
0x00007ffa68970000 - 0x00007ffa69266000 	C:\WINDOWS\SYSTEM32\windows.storage.dll
0x00007ffa692a0000 - 0x00007ffa693de000 	C:\WINDOWS\SYSTEM32\wintypes.dll
0x00007ffa6c1d0000 - 0x00007ffa6c2c5000 	C:\WINDOWS\System32\SHCORE.dll
0x00007ffa6bae0000 - 0x00007ffa6bb3e000 	C:\WINDOWS\System32\shlwapi.dll
0x00007ffa6ab10000 - 0x00007ffa6ab31000 	C:\WINDOWS\SYSTEM32\profapi.dll
0x00007ffa56390000 - 0x00007ffa563a9000 	C:\Users\galax\.vscode\extensions\redhat.java-1.30.0-win32-x64\jre\17.0.10-win32-x86_64\bin\net.dll
0x00007ffa64750000 - 0x00007ffa64886000 	C:\WINDOWS\SYSTEM32\WINHTTP.dll
0x00007ffa6a020000 - 0x00007ffa6a089000 	C:\WINDOWS\system32\mswsock.dll
0x00007ffa56370000 - 0x00007ffa56386000 	C:\Users\galax\.vscode\extensions\redhat.java-1.30.0-win32-x64\jre\17.0.10-win32-x86_64\bin\nio.dll
0x00007ffa5bde0000 - 0x00007ffa5bdf0000 	c:\Users\galax\.vscode\extensions\redhat.java-1.30.0-win32-x64\jre\17.0.10-win32-x86_64\bin\verify.dll
0x00007ffa55fe0000 - 0x00007ffa5601e000 	C:\Users\galax\AppData\Roaming\Code\User\globalStorage\redhat.java\1.30.0\config_win\org.eclipse.equinox.launcher\org.eclipse.equinox.launcher.win32.win32.x86_64_1.2.900.v20240213-1244\eclipse_11900.dll
0x00007ffa6cbf0000 - 0x00007ffa6cd95000 	C:\WINDOWS\System32\ole32.dll
0x00007ffa6a270000 - 0x00007ffa6a28b000 	C:\WINDOWS\SYSTEM32\CRYPTSP.dll
0x00007ffa69b20000 - 0x00007ffa69b55000 	C:\WINDOWS\system32\rsaenh.dll
0x00007ffa6a0c0000 - 0x00007ffa6a0e8000 	C:\WINDOWS\SYSTEM32\USERENV.dll
0x00007ffa6a230000 - 0x00007ffa6a23c000 	C:\WINDOWS\SYSTEM32\CRYPTBASE.dll
0x00007ffa69630000 - 0x00007ffa6965d000 	C:\WINDOWS\SYSTEM32\IPHLPAPI.DLL
0x00007ffa6c190000 - 0x00007ffa6c199000 	C:\WINDOWS\System32\NSI.dll
0x00007ffa642b0000 - 0x00007ffa642c9000 	C:\WINDOWS\SYSTEM32\dhcpcsvc6.DLL
0x00007ffa63ff0000 - 0x00007ffa6400f000 	C:\WINDOWS\SYSTEM32\dhcpcsvc.DLL
0x00007ffa696a0000 - 0x00007ffa69798000 	C:\WINDOWS\SYSTEM32\DNSAPI.dll
0x00007ffa55f90000 - 0x00007ffa55fd5000 	C:\Users\galax\AppData\Local\Temp\jna-79889305\jna15047903637663969812.dll
0x00007ffa6c2d0000 - 0x00007ffa6c2d8000 	C:\WINDOWS\System32\PSAPI.DLL

dbghelp: loaded successfully - version: 4.0.5 - missing functions: none
symbol engine: initialized successfully - sym options: 0x614 - pdb path: .;c:\Users\galax\.vscode\extensions\redhat.java-1.30.0-win32-x64\jre\17.0.10-win32-x86_64\bin;C:\WINDOWS\SYSTEM32;C:\WINDOWS\WinSxS\amd64_microsoft.windows.common-controls_6595b64144ccf1df_6.0.22621.3527_none_270e469b73872a76;c:\Users\galax\.vscode\extensions\redhat.java-1.30.0-win32-x64\jre\17.0.10-win32-x86_64\bin\server;C:\Users\galax\AppData\Roaming\Code\User\globalStorage\redhat.java\1.30.0\config_win\org.eclipse.equinox.launcher\org.eclipse.equinox.launcher.win32.win32.x86_64_1.2.900.v20240213-1244;C:\Users\galax\AppData\Local\Temp\jna-79889305

VM Arguments:
jvm_args: --add-modules=ALL-SYSTEM --add-opens=java.base/java.util=ALL-UNNAMED --add-opens=java.base/java.lang=ALL-UNNAMED --add-opens=java.base/sun.nio.fs=ALL-UNNAMED -Declipse.application=org.eclipse.jdt.ls.core.id1 -Dosgi.bundles.defaultStartLevel=4 -Declipse.product=org.eclipse.jdt.ls.core.product -Djava.import.generatesMetadataFilesAtProjectRoot=false -DDetectVMInstallationsJob.disabled=true -Dfile.encoding=utf8 -XX:+UseParallelGC -XX:GCTimeRatio=4 -XX:AdaptiveSizePolicyWeight=90 -Dsun.zip.disableMemoryMapping=true -Xmx128G -Xms100m -Xlog:disable -javaagent:c:\Users\galax\.vscode\extensions\redhat.java-1.30.0-win32-x64\lombok\lombok-1.18.32.jar -XX:+HeapDumpOnOutOfMemoryError -XX:HeapDumpPath=c:\Users\galax\AppData\Roaming\Code\User\workspaceStorage\715939317411bacedd6cdfeea8c9b0d6\redhat.java -Daether.dependencyCollector.impl=bf 
java_command: c:\Users\galax\.vscode\extensions\redhat.java-1.30.0-win32-x64\server\plugins\org.eclipse.equinox.launcher_1.6.800.v20240330-1250.jar -configuration c:\Users\galax\AppData\Roaming\Code\User\globalStorage\redhat.java\1.30.0\config_win -data c:\Users\galax\AppData\Roaming\Code\User\workspaceStorage\715939317411bacedd6cdfeea8c9b0d6\redhat.java\jdt_ws --pipe=\\.\pipe\lsp-5a042f6546248240ed8a6f12fbbc075f-sock
java_class_path (initial): c:\Users\galax\.vscode\extensions\redhat.java-1.30.0-win32-x64\server\plugins\org.eclipse.equinox.launcher_1.6.800.v20240330-1250.jar
Launcher Type: SUN_STANDARD

[Global flags]
    uintx AdaptiveSizePolicyWeight                 = 90                                        {product} {command line}
     intx CICompilerCount                          = 4                                         {product} {ergonomic}
    uintx GCTimeRatio                              = 4                                         {product} {command line}
     bool HeapDumpOnOutOfMemoryError               = true                                   {manageable} {command line}
    ccstr HeapDumpPath                             = c:\Users\galax\AppData\Roaming\Code\User\workspaceStorage\715939317411bacedd6cdfeea8c9b0d6\redhat.java         {manageable} {command line}
   size_t InitialHeapSize                          = 104857600                                 {product} {command line}
   size_t MaxHeapSize                              = 137438953472                              {product} {command line}
   size_t MaxNewSize                               = 45812809728                               {product} {ergonomic}
   size_t MinHeapDeltaBytes                        = 524288                                    {product} {ergonomic}
   size_t MinHeapSize                              = 104857600                                 {product} {command line}
   size_t NewSize                                  = 34603008                                  {product} {ergonomic}
    uintx NonNMethodCodeHeapSize                   = 5839372                                {pd product} {ergonomic}
    uintx NonProfiledCodeHeapSize                  = 122909434                              {pd product} {ergonomic}
   size_t OldSize                                  = 70254592                                  {product} {ergonomic}
    uintx ProfiledCodeHeapSize                     = 122909434                              {pd product} {ergonomic}
    uintx ReservedCodeCacheSize                    = 251658240                              {pd product} {ergonomic}
     bool SegmentedCodeCache                       = true                                      {product} {ergonomic}
   size_t SoftMaxHeapSize                          = 137438953472                           {manageable} {ergonomic}
     bool UseCompressedClassPointers               = true                           {product lp64_product} {ergonomic}
     bool UseLargePagesIndividualAllocation        = false                                  {pd product} {ergonomic}
     bool UseParallelGC                            = true                                      {product} {command line}

Logging:
Log output configuration:
 #0: stdout all=off uptime,level,tags
 #1: stderr all=off uptime,level,tags

Environment Variables:
JAVA_HOME=C:\Program Files\Eclipse Adoptium\jdk-21.0.1.12-hotspot
PATH=C:\Program Files\Eclipse Adoptium\jdk-21.0.3.9-hotspot\bin;C:\Program Files\Common Files\Oracle\Java\javapath;C:\Program Files\Eclipse Adoptium\jdk-21.0.1.12-hotspot;C:\Program Files (x86)\Common Files\Oracle\Java\java8path;C:\Program Files (x86)\Common Files\Oracle\Java\javapath;C:\Windows\system32;C:\Windows;C:\Windows\System32\Wbem;C:\Windows\System32\WindowsPowerShell\v1.0\;C:\Windows\System32\OpenSSH\;C:\Program Files (x86)\NVIDIA Corporation\PhysX\Common;C:\Program Files\NVIDIA Corporation\NVIDIA NvDLISR;C:\WINDOWS\system32;C:\WINDOWS;C:\WINDOWS\System32\Wbem;C:\WINDOWS\System32\WindowsPowerShell\v1.0\;C:\WINDOWS\System32\OpenSSH\;C:\Users\galax\AppData\Roaming\nvm;C:\Program Files\nodejs;C:\Program Files\Graphviz\bin;C:\Program Files\GitHub CLI\;C:\Program Files\Git\cmd;C:\Users\galax\AppData\Local\Programs\Python\Python39\Scripts\;C:\Users\galax\AppData\Local\Programs\Python\Python39\;C:\Users\galax\AppData\Local\Programs\Python\Python312\Scripts\;C:\Users\galax\AppData\Local\Programs\Python\Python312\;C:\Users\galax\.console-ninja\.bin;C:\Users\galax\AppData\Local\Microsoft\WindowsApps;C:\Users\galax\AppData\Local\Programs\oh-my-posh\bin;C:\Program Files\JetBrains\IntelliJ IDEA Community Edition 2023.2\bin;C:\Users\galax\AppData\Roaming\npm;C:\Users\galax\AppData\Local\Programs\mongosh\;C:\Users\galax\AppData\Local\GitHubDesktop\bin;C:\Users\galax\AppData\Roaming\nvm;C:\Program Files\nodejs;C:\Program Files\Eclipse Adoptium\jdk-21.0.1.12-hotspot;C:\Program Files\Git\bin;D:\whois;C:\Program Files (x86)\IntelliJ IDEA Community Edition 2023.2\bin;;C:\Microsoft VS Code\bin;
USERNAME=Singh
OS=Windows_NT
PROCESSOR_IDENTIFIER=AMD64 Family 25 Model 80 Stepping 0, AuthenticAMD
TMP=C:\Users\galax\AppData\Local\Temp
TEMP=C:\Users\galax\AppData\Local\Temp



Periodic native trim disabled


---------------  S Y S T E M  ---------------

OS:
 Windows 11 , 64 bit Build 22621 (10.0.22621.3527)
OS uptime: 0 days 7:02 hours
Hyper-V role detected

CPU: total 12 (initial active 12) (12 cores per cpu, 2 threads per core) family 25 model 80 stepping 0 microcode 0x0, cx8, cmov, fxsr, ht, mmx, 3dnowpref, sse, sse2, sse3, ssse3, sse4a, sse4.1, sse4.2, popcnt, lzcnt, tsc, tscinvbit, avx, avx2, aes, erms, clmul, bmi1, bmi2, adx, sha, fma, vzeroupper, clflush, clflushopt, hv
Processor Information for processor 0
  Max Mhz: 3301, Current Mhz: 2011, Mhz Limit: 3301
Processor Information for processor 1
  Max Mhz: 3301, Current Mhz: 3301, Mhz Limit: 3301
Processor Information for processor 2
  Max Mhz: 3301, Current Mhz: 2011, Mhz Limit: 3301
Processor Information for processor 3
  Max Mhz: 3301, Current Mhz: 3301, Mhz Limit: 3301
Processor Information for processor 4
  Max Mhz: 3301, Current Mhz: 3301, Mhz Limit: 3301
Processor Information for processor 5
  Max Mhz: 3301, Current Mhz: 3301, Mhz Limit: 3301
Processor Information for processor 6
  Max Mhz: 3301, Current Mhz: 3301, Mhz Limit: 3301
Processor Information for processor 7
  Max Mhz: 3301, Current Mhz: 2011, Mhz Limit: 3301
Processor Information for processor 8
  Max Mhz: 3301, Current Mhz: 3301, Mhz Limit: 3301
Processor Information for processor 9
  Max Mhz: 3301, Current Mhz: 2011, Mhz Limit: 3301
Processor Information for processor 10
  Max Mhz: 3301, Current Mhz: 3301, Mhz Limit: 3301
Processor Information for processor 11
  Max Mhz: 3301, Current Mhz: 3301, Mhz Limit: 3301

Memory: 4k page, system-wide physical 15724M (6171M free)
TotalPageFile size 20724M (AvailPageFile size 5M)
current process WorkingSet (physical memory assigned to process): 223M, peak: 227M
current process commit charge ("private bytes"): 4656M, peak: 4658M

vm_info: OpenJDK 64-Bit Server VM (17.0.10+7) for windows-amd64 JRE (17.0.10+7), built on Jan 16 2024 23:25:11 by "admin" with MS VC++ 16.10 / 16.11 (VS2019)

END.
