#
# There is insufficient memory for the Java Runtime Environment to continue.
# Native memory allocation (malloc) failed to allocate 1845200 bytes for Chunk::new
# Possible reasons:
#   The system is out of physical RAM or swap space
# Possible solutions:
#   Reduce memory load on the system
#   Increase physical memory or swap space
#   Check if swap backing store is full
#   Decrease Java heap size (-Xmx/-Xms)
#   Decrease number of Java threads
#   Decrease Java thread stack sizes (-Xss)
#   Set larger code cache with -XX:ReservedCodeCacheSize=
# This output file may be truncated or incomplete.
#
#  Out of Memory Error (arena.cpp:191), pid=24004, tid=6808
#
# JRE version: OpenJDK Runtime Environment Temurin-17.0.10+7 (17.0.10+7) (build 17.0.10+7)
# Java VM: OpenJDK 64-Bit Server VM Temurin-17.0.10+7 (17.0.10+7, mixed mode, tiered, compressed class ptrs, parallel gc, windows-amd64)
# No core dump will be written. Minidumps are not enabled by default on client versions of Windows
#

---------------  S U M M A R Y ------------

Command Line: --add-modules=ALL-SYSTEM --add-opens=java.base/java.util=ALL-UNNAMED --add-opens=java.base/java.lang=ALL-UNNAMED --add-opens=java.base/sun.nio.fs=ALL-UNNAMED -Declipse.application=org.eclipse.jdt.ls.core.id1 -Dosgi.bundles.defaultStartLevel=4 -Declipse.product=org.eclipse.jdt.ls.core.product -Djava.import.generatesMetadataFilesAtProjectRoot=false -DDetectVMInstallationsJob.disabled=true -Dfile.encoding=utf8 -XX:+UseParallelGC -XX:GCTimeRatio=4 -XX:AdaptiveSizePolicyWeight=90 -Dsun.zip.disableMemoryMapping=true -Xmx128G -Xms100m -Xlog:disable -javaagent:c:\Users\galax\.vscode\extensions\redhat.java-1.30.0-win32-x64\lombok\lombok-1.18.32.jar c:\Users\galax\.vscode\extensions\redhat.java-1.30.0-win32-x64\server\plugins\org.eclipse.equinox.launcher_1.6.800.v20240330-1250.jar -configuration c:\Users\galax\AppData\Roaming\Code\User\globalStorage\redhat.java\1.30.0\config_ss_win -data c:\Users\galax\AppData\Roaming\Code\User\workspaceStorage\715939317411bacedd6cdfeea8c9b0d6\redhat.java\ss_ws --pipe=\\.\pipe\lsp-e30d7864a2dc1ace3c76f24d9229bef1-sock

Host: AMD Ryzen 5 5600H with Radeon Graphics         , 12 cores, 15G,  Windows 11 , 64 bit Build 22621 (10.0.22621.3527)
Time: Tue May 21 18:24:54 2024 India Standard Time elapsed time: 3.213180 seconds (0d 0h 0m 3s)

---------------  T H R E A D  ---------------

Current thread (0x00000285539b32e0):  JavaThread "C2 CompilerThread1" daemon [_thread_in_native, id=6808, stack(0x000000a71fa00000,0x000000a71fb00000)]


Current CompileTask:
C2:   3213 2444       4       org.lombokweb.asm.ClassReader::readMethod (1066 bytes)

Stack: [0x000000a71fa00000,0x000000a71fb00000]
Native frames: (J=compiled Java code, j=interpreted, Vv=VM code, C=native code)
V  [jvm.dll+0x67d2c9]
V  [jvm.dll+0x834afa]
V  [jvm.dll+0x8365be]
V  [jvm.dll+0x836c23]
V  [jvm.dll+0x2477ff]
V  [jvm.dll+0xac514]
V  [jvm.dll+0xacb5c]
V  [jvm.dll+0x3667d7]
V  [jvm.dll+0x330bfa]
V  [jvm.dll+0x33009a]
V  [jvm.dll+0x219ef1]
V  [jvm.dll+0x219311]
V  [jvm.dll+0x1a502d]
V  [jvm.dll+0x2290de]
V  [jvm.dll+0x2272ac]
V  [jvm.dll+0x7e9bb7]
V  [jvm.dll+0x7e3fba]
V  [jvm.dll+0x67c1b5]
C  [ucrtbase.dll+0x29333]
C  [KERNEL32.DLL+0x1257d]
C  [ntdll.dll+0x5aa48]


---------------  P R O C E S S  ---------------

Threads class SMR info:
_java_thread_list=0x00000285538caa50, length=22, elements={
0x0000026428ba02c0, 0x000002854c3f1020, 0x000002854c3f4360, 0x000002854c3fc2c0,
0x000002854c3fd050, 0x000002854c3fe670, 0x00000285514ee7d0, 0x00000285514f3420,
0x00000285514f40e0, 0x00000285514f46f0, 0x0000028551611c40, 0x0000028552c910b0,
0x000002855366cd50, 0x00000285535db0c0, 0x0000028553456110, 0x0000028553710ef0,
0x00000285533161f0, 0x00000285539b32e0, 0x00000285539d3fb0, 0x0000028553832ec0,
0x00000285539d3590, 0x00000285539d44c0
}

Java Threads: ( => current thread )
  0x0000026428ba02c0 JavaThread "main" [_thread_blocked, id=17948, stack(0x000000a71ed00000,0x000000a71ee00000)]
  0x000002854c3f1020 JavaThread "Reference Handler" daemon [_thread_blocked, id=21192, stack(0x000000a71f000000,0x000000a71f100000)]
  0x000002854c3f4360 JavaThread "Finalizer" daemon [_thread_blocked, id=17840, stack(0x000000a71f100000,0x000000a71f200000)]
  0x000002854c3fc2c0 JavaThread "Signal Dispatcher" daemon [_thread_blocked, id=19600, stack(0x000000a71f200000,0x000000a71f300000)]
  0x000002854c3fd050 JavaThread "Attach Listener" daemon [_thread_blocked, id=9308, stack(0x000000a71f300000,0x000000a71f400000)]
  0x000002854c3fe670 JavaThread "Service Thread" daemon [_thread_blocked, id=21356, stack(0x000000a71f400000,0x000000a71f500000)]
  0x00000285514ee7d0 JavaThread "Monitor Deflation Thread" daemon [_thread_blocked, id=18372, stack(0x000000a71f500000,0x000000a71f600000)]
  0x00000285514f3420 JavaThread "C2 CompilerThread0" daemon [_thread_in_native, id=24148, stack(0x000000a71f600000,0x000000a71f700000)]
  0x00000285514f40e0 JavaThread "C1 CompilerThread0" daemon [_thread_blocked, id=14448, stack(0x000000a71f700000,0x000000a71f800000)]
  0x00000285514f46f0 JavaThread "Sweeper thread" daemon [_thread_blocked, id=20244, stack(0x000000a71f800000,0x000000a71f900000)]
  0x0000028551611c40 JavaThread "Common-Cleaner" daemon [_thread_blocked, id=11636, stack(0x000000a71f900000,0x000000a71fa00000)]
  0x0000028552c910b0 JavaThread "Notification Thread" daemon [_thread_blocked, id=17468, stack(0x000000a71fb00000,0x000000a71fc00000)]
  0x000002855366cd50 JavaThread "Active Thread: Equinox Container: 7a5b01b4-6b56-458a-b830-5041473e84ce" [_thread_blocked, id=13736, stack(0x000000a71fd00000,0x000000a71fe00000)]
  0x00000285535db0c0 JavaThread "Framework Event Dispatcher: Equinox Container: 7a5b01b4-6b56-458a-b830-5041473e84ce" daemon [_thread_blocked, id=10876, stack(0x000000a720300000,0x000000a720400000)]
  0x0000028553456110 JavaThread "Start Level: Equinox Container: 7a5b01b4-6b56-458a-b830-5041473e84ce" daemon [_thread_in_native, id=7416, stack(0x000000a720400000,0x000000a720500000)]
  0x0000028553710ef0 JavaThread "SCR Component Actor" daemon [_thread_blocked, id=23852, stack(0x000000a720700000,0x000000a720800000)]
  0x00000285533161f0 JavaThread "SCR Component Registry" daemon [_thread_blocked, id=18164, stack(0x000000a720800000,0x000000a720900000)]
=>0x00000285539b32e0 JavaThread "C2 CompilerThread1" daemon [_thread_in_native, id=6808, stack(0x000000a71fa00000,0x000000a71fb00000)]
  0x00000285539d3fb0 JavaThread "Worker-JM" [_thread_blocked, id=20996, stack(0x000000a720900000,0x000000a720a00000)]
  0x0000028553832ec0 JavaThread "C2 CompilerThread2" daemon [_thread_in_native, id=15572, stack(0x000000a720b00000,0x000000a720c00000)]
  0x00000285539d3590 JavaThread "Worker-0" [_thread_blocked, id=24020, stack(0x000000a720d00000,0x000000a720e00000)]
  0x00000285539d44c0 JavaThread "Worker-1: Refreshing workspace" [_thread_in_native, id=22200, stack(0x000000a720e00000,0x000000a720f00000)]

Other Threads:
  0x0000026428c4e950 VMThread "VM Thread" [stack: 0x000000a71ef00000,0x000000a71f000000] [id=18104]
  0x0000028552c91590 WatcherThread [stack: 0x000000a71fc00000,0x000000a71fd00000] [id=2944]
  0x0000026428bb3e80 GCTaskThread "GC Thread#0" [stack: 0x000000a71ee00000,0x000000a71ef00000] [id=6264]
  0x000002855339fd70 GCTaskThread "GC Thread#1" [stack: 0x000000a71fe00000,0x000000a71ff00000] [id=15348]
  0x00000285533a0030 GCTaskThread "GC Thread#2" [stack: 0x000000a71ff00000,0x000000a720000000] [id=3408]
  0x00000285533a02f0 GCTaskThread "GC Thread#3" [stack: 0x000000a720000000,0x000000a720100000] [id=8864]
  0x000002855339fab0 GCTaskThread "GC Thread#4" [stack: 0x000000a720100000,0x000000a720200000] [id=20252]
  0x00000285533a0df0 GCTaskThread "GC Thread#5" [stack: 0x000000a720200000,0x000000a720300000] [id=22240]
  0x00000285533a05b0 GCTaskThread "GC Thread#6" [stack: 0x000000a720500000,0x000000a720600000] [id=19220]
  0x00000285533a1370 GCTaskThread "GC Thread#7" [stack: 0x000000a720600000,0x000000a720700000] [id=11716]
  0x000002855339f7f0 GCTaskThread "GC Thread#8" [stack: 0x000000a720a00000,0x000000a720b00000] [id=16712]
  0x00000285533a0870 GCTaskThread "GC Thread#9" [stack: 0x000000a720c00000,0x000000a720d00000] [id=18608]

Threads with active compile tasks:
C2 CompilerThread0     3263 2675       4       org.lombokweb.asm.MethodWriter::computeMethodInfoSize (571 bytes)
C2 CompilerThread1     3263 2444       4       org.lombokweb.asm.ClassReader::readMethod (1066 bytes)
C2 CompilerThread2     3263 2663       4       java.io.WinNTFileSystem::normalize (143 bytes)

VM state: not at safepoint (normal execution)

VM Mutex/Monitor currently owned by a thread: None

CDS archive(s) not mapped
Compressed class space mapped at: 0x0000000080000000-0x00000000c0000000, reserved size: 1073741824
Narrow klass base: 0x0000000000000000, Narrow klass shift: 0, Narrow klass range: 0xc0000000

GC Precious Log:
 CPUs: 12 total, 12 available
 Memory: 15724M
 Large Page Support: Disabled
 NUMA Support: Disabled
 Compressed Oops: Disabled
 Alignments: Space 512K, Generation 512K, Heap 2M
 Heap Min Capacity: 100M
 Heap Initial Capacity: 100M
 Heap Max Capacity: 128G
 Pre-touch: Disabled
 Parallel Workers: 10

Heap:
 PSYoungGen      total 26112K, used 7773K [0x0000027991780000, 0x0000027993380000, 0x000002843c200000)
  eden space 24064K, 25% used [0x0000027991780000,0x0000027991d69218,0x0000027992f00000)
  from space 2048K, 84% used [0x0000027993080000,0x000002799322e410,0x0000027993280000)
  to   space 1024K, 0% used [0x0000027993280000,0x0000027993280000,0x0000027993380000)
 ParOldGen       total 68608K, used 12911K [0x000002643c200000, 0x0000026440500000, 0x0000027991780000)
  object space 68608K, 18% used [0x000002643c200000,0x000002643ce9be30,0x0000026440500000)
 Metaspace       used 27836K, committed 28416K, reserved 1114112K
  class space    used 2668K, committed 2944K, reserved 1048576K

Card table byte_map: [0x0000026400000000,0x0000026410010000] _byte_map_base: 0x00000262cde1f000

Marking Bits: (ParMarkBitMap*) 0x00007ffad117d7d0
 Begin Bits: [0x000002843c200000, 0x00000284bc200000)
 End Bits:   [0x00000284bc200000, 0x000002853c200000)

Polling page: 0x0000026428c50000

Metaspace:

Usage:
  Non-class:     24.58 MB used.
      Class:      2.61 MB used.
       Both:     27.18 MB used.

Virtual space:
  Non-class space:       64.00 MB reserved,      24.88 MB ( 39%) committed,  1 nodes.
      Class space:        1.00 GB reserved,       2.88 MB ( <1%) committed,  1 nodes.
             Both:        1.06 GB reserved,      27.75 MB (  3%) committed. 

Chunk freelists:
   Non-Class:  6.69 MB
       Class:  13.12 MB
        Both:  19.80 MB

MaxMetaspaceSize: unlimited
CompressedClassSpaceSize: 1.00 GB
Initial GC threshold: 21.00 MB
Current GC threshold: 35.00 MB
CDS: off
MetaspaceReclaimPolicy: balanced
 - commit_granule_bytes: 65536.
 - commit_granule_words: 8192.
 - virtual_space_node_default_size: 8388608.
 - enlarge_chunks_in_place: 1.
 - new_chunks_are_fully_committed: 0.
 - uncommit_free_chunks: 1.
 - use_allocation_guard: 0.
 - handle_deallocations: 1.


Internal statistics:

num_allocs_failed_limit: 3.
num_arena_births: 280.
num_arena_deaths: 14.
num_vsnodes_births: 2.
num_vsnodes_deaths: 0.
num_space_committed: 444.
num_space_uncommitted: 0.
num_chunks_returned_to_freelist: 17.
num_chunks_taken_from_freelist: 1038.
num_chunk_merges: 8.
num_chunk_splits: 687.
num_chunks_enlarged: 487.
num_inconsistent_stats: 0.

CodeHeap 'non-profiled nmethods': size=120000Kb used=1166Kb max_used=1166Kb free=118833Kb
 bounds [0x0000026434ad0000, 0x0000026434d40000, 0x000002643c000000]
CodeHeap 'profiled nmethods': size=120000Kb used=5309Kb max_used=5309Kb free=114690Kb
 bounds [0x000002642d000000, 0x000002642d530000, 0x0000026434530000]
CodeHeap 'non-nmethods': size=5760Kb used=1229Kb max_used=1262Kb free=4531Kb
 bounds [0x0000026434530000, 0x00000264347a0000, 0x0000026434ad0000]
 total_blobs=3223 nmethods=2680 adapters=457
 compilation: enabled
              stopped_count=0, restarted_count=0
 full_count=0

Compilation events (20 events):
Event: 3.193 Thread 0x00000285514f40e0 nmethod 2655 0x0000026434be6d90 code [0x0000026434be6f20, 0x0000026434be6ff8]
Event: 3.193 Thread 0x0000028553832ec0 nmethod 2639 0x0000026434be7090 code [0x0000026434be7200, 0x0000026434be72d8]
Event: 3.193 Thread 0x0000028553832ec0 2640       4       lombok.launch.PackageShader::readValue (21 bytes)
Event: 3.195 Thread 0x00000285514f40e0 2657       3       org.eclipse.core.internal.localstore.UnifiedTree::addChildToTree (18 bytes)
Event: 3.195 Thread 0x0000028553832ec0 nmethod 2640 0x0000026434be7410 code [0x0000026434be7580, 0x0000026434be7638]
Event: 3.195 Thread 0x0000028553832ec0 2656       4       java.util.concurrent.ConcurrentHashMap$ValueIterator::next (34 bytes)
Event: 3.195 Thread 0x00000285514f40e0 nmethod 2657 0x000002642d51dc10 code [0x000002642d51ddc0, 0x000002642d51e088]
Event: 3.197 Thread 0x00000285514f40e0 2659       3       org.eclipse.core.runtime.Path::makeAbsolute (66 bytes)
Event: 3.198 Thread 0x00000285514f40e0 nmethod 2659 0x000002642d51e210 code [0x000002642d51e400, 0x000002642d51e8b8]
Event: 3.201 Thread 0x0000028553832ec0 nmethod 2656 0x0000026434be7710 code [0x0000026434be78a0, 0x0000026434be7ad8]
Event: 3.201 Thread 0x0000028553832ec0 2658       4       jdk.internal.loader.BuiltinClassLoader::moduleReaderFor (45 bytes)
Event: 3.202 Thread 0x00000285514f3420 nmethod 2528 0x0000026434be7d10 code [0x0000026434be83a0, 0x0000026434beb848]
Event: 3.203 Thread 0x00000285514f3420 2660       4       jdk.internal.jimage.BasicImageReader::getLocationIndex (52 bytes)
Event: 3.206 Thread 0x00000285514f40e0 2662       3       java.net.URI$Parser::checkChar (14 bytes)
Event: 3.206 Thread 0x00000285514f40e0 nmethod 2662 0x000002642d51ea90 code [0x000002642d51ec20, 0x000002642d51ed68]
Event: 3.207 Thread 0x00000285514f40e0 2664       3       java.util.regex.Matcher::group (112 bytes)
Event: 3.209 Thread 0x00000285514f40e0 nmethod 2664 0x000002642d51ee10 code [0x000002642d51f0a0, 0x000002642d51fba8]
Event: 3.209 Thread 0x00000285514f40e0 2666       3       org.lombokweb.asm.MethodWriter::visitFrame (811 bytes)
Event: 3.209 Thread 0x0000028553832ec0 nmethod 2658 0x0000026434bedf10 code [0x0000026434bee0c0, 0x0000026434bee3d8]
Event: 3.209 Thread 0x0000028553832ec0 2663       4       java.io.WinNTFileSystem::normalize (143 bytes)

GC Heap History (16 events):
Event: 1.015 GC heap before
{Heap before GC invocations=1 (full 0):
 PSYoungGen      total 29696K, used 25600K [0x0000027991780000, 0x0000027993880000, 0x000002843c200000)
  eden space 25600K, 100% used [0x0000027991780000,0x0000027993080000,0x0000027993080000)
  from space 4096K, 0% used [0x0000027993480000,0x0000027993480000,0x0000027993880000)
  to   space 4096K, 0% used [0x0000027993080000,0x0000027993080000,0x0000027993480000)
 ParOldGen       total 68608K, used 0K [0x000002643c200000, 0x0000026440500000, 0x0000027991780000)
  object space 68608K, 0% used [0x000002643c200000,0x000002643c200000,0x0000026440500000)
 Metaspace       used 10371K, committed 10496K, reserved 1114112K
  class space    used 1029K, committed 1088K, reserved 1048576K
}
Event: 1.022 GC heap after
{Heap after GC invocations=1 (full 0):
 PSYoungGen      total 29696K, used 3805K [0x0000027991780000, 0x0000027993880000, 0x000002843c200000)
  eden space 25600K, 0% used [0x0000027991780000,0x0000027991780000,0x0000027993080000)
  from space 4096K, 92% used [0x0000027993080000,0x0000027993437730,0x0000027993480000)
  to   space 4096K, 0% used [0x0000027993480000,0x0000027993480000,0x0000027993880000)
 ParOldGen       total 68608K, used 16K [0x000002643c200000, 0x0000026440500000, 0x0000027991780000)
  object space 68608K, 0% used [0x000002643c200000,0x000002643c204000,0x0000026440500000)
 Metaspace       used 10371K, committed 10496K, reserved 1114112K
  class space    used 1029K, committed 1088K, reserved 1048576K
}
Event: 1.673 GC heap before
{Heap before GC invocations=2 (full 0):
 PSYoungGen      total 29696K, used 29405K [0x0000027991780000, 0x0000027993880000, 0x000002843c200000)
  eden space 25600K, 100% used [0x0000027991780000,0x0000027993080000,0x0000027993080000)
  from space 4096K, 92% used [0x0000027993080000,0x0000027993437730,0x0000027993480000)
  to   space 4096K, 0% used [0x0000027993480000,0x0000027993480000,0x0000027993880000)
 ParOldGen       total 68608K, used 16K [0x000002643c200000, 0x0000026440500000, 0x0000027991780000)
  object space 68608K, 0% used [0x000002643c200000,0x000002643c204000,0x0000026440500000)
 Metaspace       used 13851K, committed 14016K, reserved 1114112K
  class space    used 1380K, committed 1472K, reserved 1048576K
}
Event: 1.679 GC heap after
{Heap after GC invocations=2 (full 0):
 PSYoungGen      total 29696K, used 4073K [0x0000027991780000, 0x0000027993880000, 0x000002843c200000)
  eden space 25600K, 0% used [0x0000027991780000,0x0000027991780000,0x0000027993080000)
  from space 4096K, 99% used [0x0000027993480000,0x000002799387a788,0x0000027993880000)
  to   space 4096K, 0% used [0x0000027993080000,0x0000027993080000,0x0000027993480000)
 ParOldGen       total 68608K, used 1916K [0x000002643c200000, 0x0000026440500000, 0x0000027991780000)
  object space 68608K, 2% used [0x000002643c200000,0x000002643c3df3f8,0x0000026440500000)
 Metaspace       used 13851K, committed 14016K, reserved 1114112K
  class space    used 1380K, committed 1472K, reserved 1048576K
}
Event: 2.143 GC heap before
{Heap before GC invocations=3 (full 0):
 PSYoungGen      total 29696K, used 29673K [0x0000027991780000, 0x0000027993880000, 0x000002843c200000)
  eden space 25600K, 100% used [0x0000027991780000,0x0000027993080000,0x0000027993080000)
  from space 4096K, 99% used [0x0000027993480000,0x000002799387a788,0x0000027993880000)
  to   space 4096K, 0% used [0x0000027993080000,0x0000027993080000,0x0000027993480000)
 ParOldGen       total 68608K, used 1916K [0x000002643c200000, 0x0000026440500000, 0x0000027991780000)
  object space 68608K, 2% used [0x000002643c200000,0x000002643c3df3f8,0x0000026440500000)
 Metaspace       used 18467K, committed 18816K, reserved 1114112K
  class space    used 1890K, committed 2048K, reserved 1048576K
}
Event: 2.147 GC heap after
{Heap after GC invocations=3 (full 0):
 PSYoungGen      total 29696K, used 4085K [0x0000027991780000, 0x0000027993880000, 0x000002843c200000)
  eden space 25600K, 0% used [0x0000027991780000,0x0000027991780000,0x0000027993080000)
  from space 4096K, 99% used [0x0000027993080000,0x000002799347d5f0,0x0000027993480000)
  to   space 4096K, 0% used [0x0000027993480000,0x0000027993480000,0x0000027993880000)
 ParOldGen       total 68608K, used 3627K [0x000002643c200000, 0x0000026440500000, 0x0000027991780000)
  object space 68608K, 5% used [0x000002643c200000,0x000002643c58ae30,0x0000026440500000)
 Metaspace       used 18467K, committed 18816K, reserved 1114112K
  class space    used 1890K, committed 2048K, reserved 1048576K
}
Event: 2.553 GC heap before
{Heap before GC invocations=4 (full 0):
 PSYoungGen      total 29696K, used 22167K [0x0000027991780000, 0x0000027993880000, 0x000002843c200000)
  eden space 25600K, 70% used [0x0000027991780000,0x0000027992928700,0x0000027993080000)
  from space 4096K, 99% used [0x0000027993080000,0x000002799347d5f0,0x0000027993480000)
  to   space 4096K, 0% used [0x0000027993480000,0x0000027993480000,0x0000027993880000)
 ParOldGen       total 68608K, used 3627K [0x000002643c200000, 0x0000026440500000, 0x0000027991780000)
  object space 68608K, 5% used [0x000002643c200000,0x000002643c58ae30,0x0000026440500000)
 Metaspace       used 21029K, committed 21504K, reserved 1114112K
  class space    used 2147K, committed 2368K, reserved 1048576K
}
Event: 2.557 GC heap after
{Heap after GC invocations=4 (full 0):
 PSYoungGen      total 29696K, used 4080K [0x0000027991780000, 0x0000027993880000, 0x000002843c200000)
  eden space 25600K, 0% used [0x0000027991780000,0x0000027991780000,0x0000027993080000)
  from space 4096K, 99% used [0x0000027993480000,0x000002799387c330,0x0000027993880000)
  to   space 4096K, 0% used [0x0000027993080000,0x0000027993080000,0x0000027993480000)
 ParOldGen       total 68608K, used 5918K [0x000002643c200000, 0x0000026440500000, 0x0000027991780000)
  object space 68608K, 8% used [0x000002643c200000,0x000002643c7c7aa0,0x0000026440500000)
 Metaspace       used 21029K, committed 21504K, reserved 1114112K
  class space    used 2147K, committed 2368K, reserved 1048576K
}
Event: 2.557 GC heap before
{Heap before GC invocations=5 (full 1):
 PSYoungGen      total 29696K, used 4080K [0x0000027991780000, 0x0000027993880000, 0x000002843c200000)
  eden space 25600K, 0% used [0x0000027991780000,0x0000027991780000,0x0000027993080000)
  from space 4096K, 99% used [0x0000027993480000,0x000002799387c330,0x0000027993880000)
  to   space 4096K, 0% used [0x0000027993080000,0x0000027993080000,0x0000027993480000)
 ParOldGen       total 68608K, used 5918K [0x000002643c200000, 0x0000026440500000, 0x0000027991780000)
  object space 68608K, 8% used [0x000002643c200000,0x000002643c7c7aa0,0x0000026440500000)
 Metaspace       used 21029K, committed 21504K, reserved 1114112K
  class space    used 2147K, committed 2368K, reserved 1048576K
}
Event: 2.586 GC heap after
{Heap after GC invocations=5 (full 1):
 PSYoungGen      total 29696K, used 0K [0x0000027991780000, 0x0000027993880000, 0x000002843c200000)
  eden space 25600K, 0% used [0x0000027991780000,0x0000027991780000,0x0000027993080000)
  from space 4096K, 0% used [0x0000027993480000,0x0000027993480000,0x0000027993880000)
  to   space 4096K, 0% used [0x0000027993080000,0x0000027993080000,0x0000027993480000)
 ParOldGen       total 68608K, used 9762K [0x000002643c200000, 0x0000026440500000, 0x0000027991780000)
  object space 68608K, 14% used [0x000002643c200000,0x000002643cb88a10,0x0000026440500000)
 Metaspace       used 21016K, committed 21504K, reserved 1114112K
  class space    used 2144K, committed 2368K, reserved 1048576K
}
Event: 2.789 GC heap before
{Heap before GC invocations=6 (full 1):
 PSYoungGen      total 29696K, used 25600K [0x0000027991780000, 0x0000027993880000, 0x000002843c200000)
  eden space 25600K, 100% used [0x0000027991780000,0x0000027993080000,0x0000027993080000)
  from space 4096K, 0% used [0x0000027993480000,0x0000027993480000,0x0000027993880000)
  to   space 4096K, 0% used [0x0000027993080000,0x0000027993080000,0x0000027993480000)
 ParOldGen       total 68608K, used 9762K [0x000002643c200000, 0x0000026440500000, 0x0000027991780000)
  object space 68608K, 14% used [0x000002643c200000,0x000002643cb88a10,0x0000026440500000)
 Metaspace       used 23234K, committed 23680K, reserved 1114112K
  class space    used 2355K, committed 2560K, reserved 1048576K
}
Event: 2.790 GC heap after
{Heap after GC invocations=6 (full 1):
 PSYoungGen      total 26112K, used 958K [0x0000027991780000, 0x0000027993600000, 0x000002843c200000)
  eden space 25088K, 0% used [0x0000027991780000,0x0000027991780000,0x0000027993000000)
  from space 1024K, 93% used [0x0000027993080000,0x000002799316f868,0x0000027993180000)
  to   space 3072K, 0% used [0x0000027993300000,0x0000027993300000,0x0000027993600000)
 ParOldGen       total 68608K, used 9770K [0x000002643c200000, 0x0000026440500000, 0x0000027991780000)
  object space 68608K, 14% used [0x000002643c200000,0x000002643cb8aa10,0x0000026440500000)
 Metaspace       used 23234K, committed 23680K, reserved 1114112K
  class space    used 2355K, committed 2560K, reserved 1048576K
}
Event: 3.059 GC heap before
{Heap before GC invocations=7 (full 1):
 PSYoungGen      total 26112K, used 25734K [0x0000027991780000, 0x0000027993600000, 0x000002843c200000)
  eden space 25088K, 98% used [0x0000027991780000,0x0000027992fb21b8,0x0000027993000000)
  from space 1024K, 93% used [0x0000027993080000,0x000002799316f868,0x0000027993180000)
  to   space 3072K, 0% used [0x0000027993300000,0x0000027993300000,0x0000027993600000)
 ParOldGen       total 68608K, used 9770K [0x000002643c200000, 0x0000026440500000, 0x0000027991780000)
  object space 68608K, 14% used [0x000002643c200000,0x000002643cb8aa10,0x0000026440500000)
 Metaspace       used 27109K, committed 27648K, reserved 1114112K
  class space    used 2636K, committed 2880K, reserved 1048576K
}
Event: 3.061 GC heap after
{Heap after GC invocations=7 (full 1):
 PSYoungGen      total 26112K, used 1408K [0x0000027991780000, 0x0000027993480000, 0x000002843c200000)
  eden space 24576K, 0% used [0x0000027991780000,0x0000027991780000,0x0000027992f80000)
  from space 1536K, 91% used [0x0000027993300000,0x0000027993460220,0x0000027993480000)
  to   space 2048K, 0% used [0x0000027993080000,0x0000027993080000,0x0000027993280000)
 ParOldGen       total 68608K, used 9778K [0x000002643c200000, 0x0000026440500000, 0x0000027991780000)
  object space 68608K, 14% used [0x000002643c200000,0x000002643cb8ca10,0x0000026440500000)
 Metaspace       used 27109K, committed 27648K, reserved 1114112K
  class space    used 2636K, committed 2880K, reserved 1048576K
}
Event: 3.157 GC heap before
{Heap before GC invocations=8 (full 1):
 PSYoungGen      total 26112K, used 25984K [0x0000027991780000, 0x0000027993480000, 0x000002843c200000)
  eden space 24576K, 100% used [0x0000027991780000,0x0000027992f80000,0x0000027992f80000)
  from space 1536K, 91% used [0x0000027993300000,0x0000027993460220,0x0000027993480000)
  to   space 2048K, 0% used [0x0000027993080000,0x0000027993080000,0x0000027993280000)
 ParOldGen       total 68608K, used 9778K [0x000002643c200000, 0x0000026440500000, 0x0000027991780000)
  object space 68608K, 14% used [0x000002643c200000,0x000002643cb8ca10,0x0000026440500000)
 Metaspace       used 27631K, committed 28224K, reserved 1114112K
  class space    used 2655K, committed 2944K, reserved 1048576K
}
Event: 3.161 GC heap after
{Heap after GC invocations=8 (full 1):
 PSYoungGen      total 26112K, used 1721K [0x0000027991780000, 0x0000027993380000, 0x000002843c200000)
  eden space 24064K, 0% used [0x0000027991780000,0x0000027991780000,0x0000027992f00000)
  from space 2048K, 84% used [0x0000027993080000,0x000002799322e410,0x0000027993280000)
  to   space 1024K, 0% used [0x0000027993280000,0x0000027993280000,0x0000027993380000)
 ParOldGen       total 68608K, used 12911K [0x000002643c200000, 0x0000026440500000, 0x0000027991780000)
  object space 68608K, 18% used [0x000002643c200000,0x000002643ce9be30,0x0000026440500000)
 Metaspace       used 27631K, committed 28224K, reserved 1114112K
  class space    used 2655K, committed 2944K, reserved 1048576K
}

Dll operation events (9 events):
Event: 0.016 Loaded shared library c:\Users\galax\.vscode\extensions\redhat.java-1.30.0-win32-x64\jre\17.0.10-win32-x86_64\bin\java.dll
Event: 0.202 Loaded shared library c:\Users\galax\.vscode\extensions\redhat.java-1.30.0-win32-x64\jre\17.0.10-win32-x86_64\bin\zip.dll
Event: 0.207 Loaded shared library C:\Users\galax\.vscode\extensions\redhat.java-1.30.0-win32-x64\jre\17.0.10-win32-x86_64\bin\instrument.dll
Event: 0.224 Loaded shared library C:\Users\galax\.vscode\extensions\redhat.java-1.30.0-win32-x64\jre\17.0.10-win32-x86_64\bin\net.dll
Event: 0.228 Loaded shared library C:\Users\galax\.vscode\extensions\redhat.java-1.30.0-win32-x64\jre\17.0.10-win32-x86_64\bin\nio.dll
Event: 0.237 Loaded shared library C:\Users\galax\.vscode\extensions\redhat.java-1.30.0-win32-x64\jre\17.0.10-win32-x86_64\bin\zip.dll
Event: 0.257 Loaded shared library C:\Users\galax\.vscode\extensions\redhat.java-1.30.0-win32-x64\jre\17.0.10-win32-x86_64\bin\jimage.dll
Event: 0.346 Loaded shared library c:\Users\galax\.vscode\extensions\redhat.java-1.30.0-win32-x64\jre\17.0.10-win32-x86_64\bin\verify.dll
Event: 1.665 Loaded shared library C:\Users\galax\AppData\Roaming\Code\User\globalStorage\redhat.java\1.30.0\config_ss_win\org.eclipse.equinox.launcher\org.eclipse.equinox.launcher.win32.win32.x86_64_1.2.900.v20240213-1244\eclipse_11900.dll

Deoptimization events (20 events):
Event: 2.620 Thread 0x0000028553456110 DEOPT PACKING pc=0x0000026434afadc8 sp=0x000000a7204f8ea0
Event: 2.620 Thread 0x0000028553456110 DEOPT UNPACKING pc=0x00000264345866a3 sp=0x000000a7204f8e38 mode 2
Event: 2.631 Thread 0x0000028553456110 Uncommon trap: trap_request=0xffffffcc fr.pc=0x0000026434bbada0 relative=0x0000000000000300
Event: 2.631 Thread 0x0000028553456110 Uncommon trap: reason=intrinsic_or_type_checked_inlining action=make_not_entrant pc=0x0000026434bbada0 method=java.util.Arrays.copyOf([Ljava/lang/Object;ILjava/lang/Class;)[Ljava/lang/Object; @ 35 c2
Event: 2.631 Thread 0x0000028553456110 DEOPT PACKING pc=0x0000026434bbada0 sp=0x000000a7204f9c20
Event: 2.631 Thread 0x0000028553456110 DEOPT UNPACKING pc=0x00000264345866a3 sp=0x000000a7204f9bc8 mode 2
Event: 2.732 Thread 0x0000028553456110 Uncommon trap: trap_request=0xffffff45 fr.pc=0x0000026434bc6a7c relative=0x000000000000073c
Event: 2.732 Thread 0x0000028553456110 Uncommon trap: reason=unstable_if action=reinterpret pc=0x0000026434bc6a7c method=org.lombokweb.asm.ClassReader.readUTF8(I[C)Ljava/lang/String; @ 11 c2
Event: 2.732 Thread 0x0000028553456110 DEOPT PACKING pc=0x0000026434bc6a7c sp=0x000000a7204efa20
Event: 2.732 Thread 0x0000028553456110 DEOPT UNPACKING pc=0x00000264345866a3 sp=0x000000a7204efa18 mode 2
Event: 2.955 Thread 0x0000028553456110 Uncommon trap: trap_request=0xffffff45 fr.pc=0x0000026434bcdc90 relative=0x0000000000000110
Event: 2.955 Thread 0x0000028553456110 Uncommon trap: reason=unstable_if action=reinterpret pc=0x0000026434bcdc90 method=org.lombokweb.asm.ByteVector.putByteArray([BII)Lorg/lombokweb/asm/ByteVector; @ 20 c2
Event: 2.955 Thread 0x0000028553456110 DEOPT PACKING pc=0x0000026434bcdc90 sp=0x000000a7204ef050
Event: 2.955 Thread 0x0000028553456110 DEOPT UNPACKING pc=0x00000264345866a3 sp=0x000000a7204ef020 mode 2
Event: 2.955 Thread 0x0000028553456110 Uncommon trap: trap_request=0xffffff45 fr.pc=0x0000026434bce2cc relative=0x000000000000032c
Event: 2.955 Thread 0x0000028553456110 Uncommon trap: reason=unstable_if action=reinterpret pc=0x0000026434bce2cc method=org.lombokweb.asm.Label.resolve([BLorg/lombokweb/asm/ByteVector;I)Z @ 81 c2
Event: 2.955 Thread 0x0000028553456110 DEOPT PACKING pc=0x0000026434bce2cc sp=0x000000a7204ef0d0
Event: 2.955 Thread 0x0000028553456110 DEOPT UNPACKING pc=0x00000264345866a3 sp=0x000000a7204eefd8 mode 2
Event: 3.189 Thread 0x0000028553456110 DEOPT PACKING pc=0x000002642d0f3acb sp=0x000000a7204f4d60
Event: 3.189 Thread 0x0000028553456110 DEOPT UNPACKING pc=0x0000026434586e43 sp=0x000000a7204f4280 mode 0

Classes unloaded (7 events):
Event: 2.562 Thread 0x0000026428c4e950 Unloading class 0x000000008021a400 'java/lang/invoke/LambdaForm$MH+0x000000008021a400'
Event: 2.562 Thread 0x0000026428c4e950 Unloading class 0x000000008021a000 'java/lang/invoke/LambdaForm$MH+0x000000008021a000'
Event: 2.562 Thread 0x0000026428c4e950 Unloading class 0x0000000080219c00 'java/lang/invoke/LambdaForm$MH+0x0000000080219c00'
Event: 2.562 Thread 0x0000026428c4e950 Unloading class 0x0000000080219800 'java/lang/invoke/LambdaForm$MH+0x0000000080219800'
Event: 2.562 Thread 0x0000026428c4e950 Unloading class 0x0000000080219400 'java/lang/invoke/LambdaForm$BMH+0x0000000080219400'
Event: 2.562 Thread 0x0000026428c4e950 Unloading class 0x0000000080219000 'java/lang/invoke/LambdaForm$DMH+0x0000000080219000'
Event: 2.562 Thread 0x0000026428c4e950 Unloading class 0x0000000080214400 'java/lang/invoke/LambdaForm$DMH+0x0000000080214400'

Classes redefined (0 events):
No events

Internal exceptions (20 events):
Event: 2.225 Thread 0x0000028553456110 Exception <a 'java/lang/NoSuchMethodError'{0x0000027991b9b780}: 'java.lang.Object java.lang.invoke.DirectMethodHandle$Holder.invokeStatic(java.lang.Object, java.lang.Object, java.lang.Object, java.lang.Object, int)'> (0x0000027991b9b780) 
thrown [s\src\hotspot\share\interpreter\linkResolver.cpp, line 759]
Event: 2.227 Thread 0x0000028553456110 Exception <a 'java/lang/NoSuchMethodError'{0x0000027991baaba8}: 'java.lang.Object java.lang.invoke.DelegatingMethodHandle$Holder.reinvoke_L(java.lang.Object, java.lang.Object, java.lang.Object, java.lang.Object, int, int)'> (0x0000027991baaba8) 
thrown [s\src\hotspot\share\interpreter\linkResolver.cpp, line 759]
Event: 2.230 Thread 0x0000028553456110 Exception <a 'java/lang/NoSuchMethodError'{0x0000027991bc4908}: 'java.lang.Object java.lang.invoke.Invokers$Holder.invokeExact_MT(java.lang.Object, java.lang.Object, java.lang.Object, java.lang.Object)'> (0x0000027991bc4908) 
thrown [s\src\hotspot\share\interpreter\linkResolver.cpp, line 759]
Event: 2.334 Thread 0x0000028553456110 Exception <a 'java/io/FileNotFoundException'{0x0000027991e994a0}> (0x0000027991e994a0) 
thrown [s\src\hotspot\share\prims\jni.cpp, line 516]
Event: 2.335 Thread 0x0000028553456110 Exception <a 'java/io/FileNotFoundException'{0x0000027991ea1ed0}> (0x0000027991ea1ed0) 
thrown [s\src\hotspot\share\prims\jni.cpp, line 516]
Event: 2.487 Thread 0x0000028553456110 Exception <a 'java/lang/NoSuchMethodError'{0x0000027992717878}: 'java.lang.Object java.lang.invoke.DirectMethodHandle$Holder.invokeStaticInit(java.lang.Object, int)'> (0x0000027992717878) 
thrown [s\src\hotspot\share\interpreter\linkResolver.cpp, line 759]
Event: 2.595 Thread 0x0000028553456110 Exception <a 'java/lang/NoSuchMethodError'{0x00000279918419e0}: 'java.lang.Object java.lang.invoke.DirectMethodHandle$Holder.invokeSpecial(java.lang.Object, java.lang.Object, java.lang.Object, long, java.lang.Object)'> (0x00000279918419e0) 
thrown [s\src\hotspot\share\interpreter\linkResolver.cpp, line 759]
Event: 2.596 Thread 0x0000028553456110 Exception <a 'java/lang/NoSuchMethodError'{0x000002799184b9e8}: 'java.lang.Object java.lang.invoke.DirectMethodHandle$Holder.newInvokeSpecial(java.lang.Object, java.lang.Object, java.lang.Object, long)'> (0x000002799184b9e8) 
thrown [s\src\hotspot\share\interpreter\linkResolver.cpp, line 759]
Event: 2.596 Thread 0x0000028553456110 Exception <a 'java/lang/NoSuchMethodError'{0x0000027991851210}: 'java.lang.Object java.lang.invoke.DirectMethodHandle$Holder.invokeSpecial(java.lang.Object, java.lang.Object, java.lang.Object, java.lang.Object, long)'> (0x0000027991851210) 
thrown [s\src\hotspot\share\interpreter\linkResolver.cpp, line 759]
Event: 2.597 Thread 0x0000028553456110 Exception <a 'java/lang/NoSuchMethodError'{0x0000027991855f68}: 'java.lang.Object java.lang.invoke.Invokers$Holder.linkToTargetMethod(java.lang.Object, java.lang.Object, long, java.lang.Object)'> (0x0000027991855f68) 
thrown [s\src\hotspot\share\interpreter\linkResolver.cpp, line 759]
Event: 2.607 Thread 0x0000028553456110 Exception <a 'java/lang/NoSuchMethodError'{0x00000279918e4e08}: 'int java.lang.invoke.DirectMethodHandle$Holder.invokeStaticInit(java.lang.Object, java.lang.Object, java.lang.Object)'> (0x00000279918e4e08) 
thrown [s\src\hotspot\share\interpreter\linkResolver.cpp, line 759]
Event: 2.633 Thread 0x0000028553456110 Exception <a 'java/lang/IncompatibleClassChangeError'{0x0000027991a855e0}: Found class java.lang.Object, but interface was expected> (0x0000027991a855e0) 
thrown [s\src\hotspot\share\interpreter\linkResolver.cpp, line 826]
Event: 2.638 Thread 0x0000028553456110 Exception <a 'java/lang/NoSuchMethodError'{0x0000027991a9d310}: 'java.lang.Object java.lang.invoke.DirectMethodHandle$Holder.invokeSpecial(java.lang.Object, java.lang.Object, java.lang.Object, int, java.lang.Object, java.lang.Object)'> (0x0000027991a9d310) 
thrown [s\src\hotspot\share\interpreter\linkResolver.cpp, line 759]
Event: 2.639 Thread 0x0000028553456110 Exception <a 'java/lang/NoSuchMethodError'{0x0000027991aa7ad0}: 'java.lang.Object java.lang.invoke.DirectMethodHandle$Holder.newInvokeSpecial(java.lang.Object, java.lang.Object, java.lang.Object, int, java.lang.Object)'> (0x0000027991aa7ad0) 
thrown [s\src\hotspot\share\interpreter\linkResolver.cpp, line 759]
Event: 2.640 Thread 0x0000028553456110 Exception <a 'java/lang/NoSuchMethodError'{0x0000027991aad1b0}: 'java.lang.Object java.lang.invoke.DirectMethodHandle$Holder.invokeSpecial(java.lang.Object, java.lang.Object, java.lang.Object, java.lang.Object, int, java.lang.Object)'> (0x0000027991aad1b0) 
thrown [s\src\hotspot\share\interpreter\linkResolver.cpp, line 759]
Event: 2.640 Thread 0x00000285539d3590 Exception <a 'java/lang/NoSuchMethodError'{0x00000279918b37d0}: 'java.lang.Object java.lang.invoke.DirectMethodHandle$Holder.invokeSpecial(java.lang.Object, java.lang.Object, int, java.lang.Object, java.lang.Object)'> (0x00000279918b37d0) 
thrown [s\src\hotspot\share\interpreter\linkResolver.cpp, line 759]
Event: 2.641 Thread 0x00000285539d3590 Exception <a 'java/lang/NoSuchMethodError'{0x00000279918bca80}: 'java.lang.Object java.lang.invoke.DirectMethodHandle$Holder.newInvokeSpecial(java.lang.Object, java.lang.Object, int, java.lang.Object)'> (0x00000279918bca80) 
thrown [s\src\hotspot\share\interpreter\linkResolver.cpp, line 759]
Event: 2.642 Thread 0x00000285539d3590 Exception <a 'java/lang/NoSuchMethodError'{0x00000279918c1670}: 'java.lang.Object java.lang.invoke.DirectMethodHandle$Holder.invokeSpecial(java.lang.Object, java.lang.Object, java.lang.Object, int, java.lang.Object)'> (0x00000279918c1670) 
thrown [s\src\hotspot\share\interpreter\linkResolver.cpp, line 759]
Event: 2.672 Thread 0x00000285539d3590 Exception <a 'java/lang/NoSuchMethodError'{0x0000027991d10680}: 'java.lang.Object java.lang.invoke.DirectMethodHandle$Holder.newInvokeSpecial(java.lang.Object, java.lang.Object, java.lang.Object, java.lang.Object, java.lang.Object)'> (0x0000027991d10680) 
thrown [s\src\hotspot\share\interpreter\linkResolver.cpp, line 759]
Event: 2.955 Thread 0x0000028553456110 Implicit null exception at 0x0000026434bcdbb6 to 0x0000026434bcdc70

VM Operations (20 events):
Event: 2.089 Executing VM operation: HandshakeAllThreads
Event: 2.089 Executing VM operation: HandshakeAllThreads done
Event: 2.142 Executing VM operation: ParallelGCFailedAllocation
Event: 2.147 Executing VM operation: ParallelGCFailedAllocation done
Event: 2.217 Executing VM operation: HandshakeAllThreads
Event: 2.217 Executing VM operation: HandshakeAllThreads done
Event: 2.412 Executing VM operation: HandshakeAllThreads
Event: 2.412 Executing VM operation: HandshakeAllThreads done
Event: 2.553 Executing VM operation: CollectForMetadataAllocation
Event: 2.586 Executing VM operation: CollectForMetadataAllocation done
Event: 2.621 Executing VM operation: HandshakeAllThreads
Event: 2.621 Executing VM operation: HandshakeAllThreads done
Event: 2.653 Executing VM operation: HandshakeAllThreads
Event: 2.653 Executing VM operation: HandshakeAllThreads done
Event: 2.789 Executing VM operation: ParallelGCFailedAllocation
Event: 2.790 Executing VM operation: ParallelGCFailedAllocation done
Event: 3.059 Executing VM operation: ParallelGCFailedAllocation
Event: 3.061 Executing VM operation: ParallelGCFailedAllocation done
Event: 3.157 Executing VM operation: ParallelGCFailedAllocation
Event: 3.161 Executing VM operation: ParallelGCFailedAllocation done

Events (20 events):
Event: 2.702 loading class java/io/StringReader
Event: 2.702 loading class java/io/StringReader done
Event: 2.705 loading class java/net/SocketTimeoutException
Event: 2.706 loading class java/io/InterruptedIOException
Event: 2.706 loading class java/io/InterruptedIOException done
Event: 2.706 loading class java/net/SocketTimeoutException done
Event: 2.706 loading class java/net/SocketException
Event: 2.706 loading class java/net/SocketException done
Event: 2.706 loading class java/net/UnknownHostException
Event: 2.706 loading class java/net/UnknownHostException done
Event: 2.706 loading class java/net/ProtocolException
Event: 2.706 loading class java/net/ProtocolException done
Event: 2.722 loading class java/lang/ThreadLocal$SuppliedThreadLocal
Event: 2.722 loading class java/lang/ThreadLocal$SuppliedThreadLocal done
Event: 2.779 loading class java/io/FileWriter
Event: 2.779 loading class java/io/FileWriter done
Event: 2.784 loading class java/lang/NegativeArraySizeException
Event: 2.784 loading class java/lang/NegativeArraySizeException done
Event: 3.122 loading class org/w3c/dom/DOMException
Event: 3.123 loading class org/w3c/dom/DOMException done


Dynamic libraries:
0x00007ff7adc20000 - 0x00007ff7adc2e000 	c:\Users\galax\.vscode\extensions\redhat.java-1.30.0-win32-x64\jre\17.0.10-win32-x86_64\bin\java.exe
0x00007ffb41710000 - 0x00007ffb41927000 	C:\WINDOWS\SYSTEM32\ntdll.dll
0x00007ffb40a30000 - 0x00007ffb40af4000 	C:\WINDOWS\System32\KERNEL32.DLL
0x00007ffb3ee80000 - 0x00007ffb3f227000 	C:\WINDOWS\System32\KERNELBASE.dll
0x00007ffb3ec10000 - 0x00007ffb3ed21000 	C:\WINDOWS\System32\ucrtbase.dll
0x00007ffb2b800000 - 0x00007ffb2b817000 	c:\Users\galax\.vscode\extensions\redhat.java-1.30.0-win32-x64\jre\17.0.10-win32-x86_64\bin\jli.dll
0x00007ffb2b260000 - 0x00007ffb2b27b000 	c:\Users\galax\.vscode\extensions\redhat.java-1.30.0-win32-x64\jre\17.0.10-win32-x86_64\bin\VCRUNTIME140.dll
0x00007ffb3f410000 - 0x00007ffb3f5be000 	C:\WINDOWS\System32\USER32.dll
0x00007ffb3ea00000 - 0x00007ffb3ea26000 	C:\WINDOWS\System32\win32u.dll
0x00007ffb3fe80000 - 0x00007ffb3fea9000 	C:\WINDOWS\System32\GDI32.dll
0x00007ffb29470000 - 0x00007ffb29703000 	C:\WINDOWS\WinSxS\amd64_microsoft.windows.common-controls_6595b64144ccf1df_6.0.22621.3527_none_270e469b73872a76\COMCTL32.dll
0x00007ffb3ed60000 - 0x00007ffb3ee79000 	C:\WINDOWS\System32\gdi32full.dll
0x00007ffb40bb0000 - 0x00007ffb40c57000 	C:\WINDOWS\System32\msvcrt.dll
0x00007ffb3eaf0000 - 0x00007ffb3eb8a000 	C:\WINDOWS\System32\msvcp_win.dll
0x00007ffb400c0000 - 0x00007ffb400f1000 	C:\WINDOWS\System32\IMM32.DLL
0x00007ffb397a0000 - 0x00007ffb397ac000 	c:\Users\galax\.vscode\extensions\redhat.java-1.30.0-win32-x64\jre\17.0.10-win32-x86_64\bin\vcruntime140_1.dll
0x00007ffafd120000 - 0x00007ffafd1ad000 	c:\Users\galax\.vscode\extensions\redhat.java-1.30.0-win32-x64\jre\17.0.10-win32-x86_64\bin\msvcp140.dll
0x00007ffad05e0000 - 0x00007ffad1242000 	c:\Users\galax\.vscode\extensions\redhat.java-1.30.0-win32-x64\jre\17.0.10-win32-x86_64\bin\server\jvm.dll
0x00007ffb3f860000 - 0x00007ffb3f912000 	C:\WINDOWS\System32\ADVAPI32.dll
0x00007ffb40ea0000 - 0x00007ffb40f48000 	C:\WINDOWS\System32\sechost.dll
0x00007ffb3ed30000 - 0x00007ffb3ed58000 	C:\WINDOWS\System32\bcrypt.dll
0x00007ffb3f5c0000 - 0x00007ffb3f6d5000 	C:\WINDOWS\System32\RPCRT4.dll
0x00007ffb3e8c0000 - 0x00007ffb3e90d000 	C:\WINDOWS\SYSTEM32\POWRPROF.dll
0x00007ffb2a370000 - 0x00007ffb2a379000 	C:\WINDOWS\SYSTEM32\WSOCK32.dll
0x00007ffb36c60000 - 0x00007ffb36c94000 	C:\WINDOWS\SYSTEM32\WINMM.dll
0x00007ffb385f0000 - 0x00007ffb385fa000 	C:\WINDOWS\SYSTEM32\VERSION.dll
0x00007ffb41070000 - 0x00007ffb410e1000 	C:\WINDOWS\System32\WS2_32.dll
0x00007ffb3e8a0000 - 0x00007ffb3e8b3000 	C:\WINDOWS\SYSTEM32\UMPDC.dll
0x00007ffb3d940000 - 0x00007ffb3d958000 	C:\WINDOWS\SYSTEM32\kernel.appcore.dll
0x00007ffb39010000 - 0x00007ffb3901a000 	c:\Users\galax\.vscode\extensions\redhat.java-1.30.0-win32-x64\jre\17.0.10-win32-x86_64\bin\jimage.dll
0x00007ffb3c550000 - 0x00007ffb3c782000 	C:\WINDOWS\SYSTEM32\DBGHELP.DLL
0x00007ffb41310000 - 0x00007ffb41698000 	C:\WINDOWS\System32\combase.dll
0x00007ffb3fda0000 - 0x00007ffb3fe77000 	C:\WINDOWS\System32\OLEAUT32.dll
0x00007ffb32dd0000 - 0x00007ffb32e02000 	C:\WINDOWS\SYSTEM32\dbgcore.DLL
0x00007ffb3eb90000 - 0x00007ffb3ec09000 	C:\WINDOWS\System32\bcryptPrimitives.dll
0x00007ffb38fe0000 - 0x00007ffb38fee000 	c:\Users\galax\.vscode\extensions\redhat.java-1.30.0-win32-x64\jre\17.0.10-win32-x86_64\bin\instrument.dll
0x00007ffb129a0000 - 0x00007ffb129c5000 	c:\Users\galax\.vscode\extensions\redhat.java-1.30.0-win32-x64\jre\17.0.10-win32-x86_64\bin\java.dll
0x00007ffb2a430000 - 0x00007ffb2a448000 	c:\Users\galax\.vscode\extensions\redhat.java-1.30.0-win32-x64\jre\17.0.10-win32-x86_64\bin\zip.dll
0x00007ffb40100000 - 0x00007ffb4095c000 	C:\WINDOWS\System32\SHELL32.dll
0x00007ffb3c8f0000 - 0x00007ffb3d1e6000 	C:\WINDOWS\SYSTEM32\windows.storage.dll
0x00007ffb3c7b0000 - 0x00007ffb3c8ee000 	C:\WINDOWS\SYSTEM32\wintypes.dll
0x00007ffb3f6e0000 - 0x00007ffb3f7d5000 	C:\WINDOWS\System32\SHCORE.dll
0x00007ffb3feb0000 - 0x00007ffb3ff0e000 	C:\WINDOWS\System32\shlwapi.dll
0x00007ffb3e930000 - 0x00007ffb3e951000 	C:\WINDOWS\SYSTEM32\profapi.dll
0x00007ffb2a2b0000 - 0x00007ffb2a2c9000 	C:\Users\galax\.vscode\extensions\redhat.java-1.30.0-win32-x64\jre\17.0.10-win32-x86_64\bin\net.dll
0x00007ffb38600000 - 0x00007ffb38736000 	C:\WINDOWS\SYSTEM32\WINHTTP.dll
0x00007ffb3de40000 - 0x00007ffb3dea9000 	C:\WINDOWS\system32\mswsock.dll
0x00007ffb29b00000 - 0x00007ffb29b16000 	C:\Users\galax\.vscode\extensions\redhat.java-1.30.0-win32-x64\jre\17.0.10-win32-x86_64\bin\nio.dll
0x00007ffb2f600000 - 0x00007ffb2f610000 	c:\Users\galax\.vscode\extensions\redhat.java-1.30.0-win32-x64\jre\17.0.10-win32-x86_64\bin\verify.dll
0x00007ffb09760000 - 0x00007ffb0979e000 	C:\Users\galax\AppData\Roaming\Code\User\globalStorage\redhat.java\1.30.0\config_ss_win\org.eclipse.equinox.launcher\org.eclipse.equinox.launcher.win32.win32.x86_64_1.2.900.v20240213-1244\eclipse_11900.dll
0x00007ffb3ff10000 - 0x00007ffb400b5000 	C:\WINDOWS\System32\ole32.dll

dbghelp: loaded successfully - version: 4.0.5 - missing functions: none
symbol engine: initialized successfully - sym options: 0x614 - pdb path: .;c:\Users\galax\.vscode\extensions\redhat.java-1.30.0-win32-x64\jre\17.0.10-win32-x86_64\bin;C:\WINDOWS\SYSTEM32;C:\WINDOWS\WinSxS\amd64_microsoft.windows.common-controls_6595b64144ccf1df_6.0.22621.3527_none_270e469b73872a76;c:\Users\galax\.vscode\extensions\redhat.java-1.30.0-win32-x64\jre\17.0.10-win32-x86_64\bin\server;C:\Users\galax\AppData\Roaming\Code\User\globalStorage\redhat.java\1.30.0\config_ss_win\org.eclipse.equinox.launcher\org.eclipse.equinox.launcher.win32.win32.x86_64_1.2.900.v20240213-1244

VM Arguments:
jvm_args: --add-modules=ALL-SYSTEM --add-opens=java.base/java.util=ALL-UNNAMED --add-opens=java.base/java.lang=ALL-UNNAMED --add-opens=java.base/sun.nio.fs=ALL-UNNAMED -Declipse.application=org.eclipse.jdt.ls.core.id1 -Dosgi.bundles.defaultStartLevel=4 -Declipse.product=org.eclipse.jdt.ls.core.product -Djava.import.generatesMetadataFilesAtProjectRoot=false -DDetectVMInstallationsJob.disabled=true -Dfile.encoding=utf8 -XX:+UseParallelGC -XX:GCTimeRatio=4 -XX:AdaptiveSizePolicyWeight=90 -Dsun.zip.disableMemoryMapping=true -Xmx128G -Xms100m -Xlog:disable -javaagent:c:\Users\galax\.vscode\extensions\redhat.java-1.30.0-win32-x64\lombok\lombok-1.18.32.jar 
java_command: c:\Users\galax\.vscode\extensions\redhat.java-1.30.0-win32-x64\server\plugins\org.eclipse.equinox.launcher_1.6.800.v20240330-1250.jar -configuration c:\Users\galax\AppData\Roaming\Code\User\globalStorage\redhat.java\1.30.0\config_ss_win -data c:\Users\galax\AppData\Roaming\Code\User\workspaceStorage\715939317411bacedd6cdfeea8c9b0d6\redhat.java\ss_ws --pipe=\\.\pipe\lsp-e30d7864a2dc1ace3c76f24d9229bef1-sock
java_class_path (initial): c:\Users\galax\.vscode\extensions\redhat.java-1.30.0-win32-x64\server\plugins\org.eclipse.equinox.launcher_1.6.800.v20240330-1250.jar
Launcher Type: SUN_STANDARD

[Global flags]
    uintx AdaptiveSizePolicyWeight                 = 90                                        {product} {command line}
     intx CICompilerCount                          = 4                                         {product} {ergonomic}
    uintx GCTimeRatio                              = 4                                         {product} {command line}
   size_t InitialHeapSize                          = 104857600                                 {product} {command line}
   size_t MaxHeapSize                              = 137438953472                              {product} {command line}
   size_t MaxNewSize                               = 45812809728                               {product} {ergonomic}
   size_t MinHeapDeltaBytes                        = 524288                                    {product} {ergonomic}
   size_t MinHeapSize                              = 104857600                                 {product} {command line}
   size_t NewSize                                  = 34603008                                  {product} {ergonomic}
    uintx NonNMethodCodeHeapSize                   = 5839372                                {pd product} {ergonomic}
    uintx NonProfiledCodeHeapSize                  = 122909434                              {pd product} {ergonomic}
   size_t OldSize                                  = 70254592                                  {product} {ergonomic}
    uintx ProfiledCodeHeapSize                     = 122909434                              {pd product} {ergonomic}
    uintx ReservedCodeCacheSize                    = 251658240                              {pd product} {ergonomic}
     bool SegmentedCodeCache                       = true                                      {product} {ergonomic}
   size_t SoftMaxHeapSize                          = 137438953472                           {manageable} {ergonomic}
     bool UseCompressedClassPointers               = true                           {product lp64_product} {ergonomic}
     bool UseLargePagesIndividualAllocation        = false                                  {pd product} {ergonomic}
     bool UseParallelGC                            = true                                      {product} {command line}

Logging:
Log output configuration:
 #0: stdout all=off uptime,level,tags
 #1: stderr all=off uptime,level,tags

Environment Variables:
JAVA_HOME=C:\Program Files\Eclipse Adoptium\jdk-21.0.1.12-hotspot
PATH=C:\Program Files\Common Files\Oracle\Java\javapath;C:\Program Files\Eclipse Adoptium\jdk-21.0.1.12-hotspot;C:\Program Files (x86)\Common Files\Oracle\Java\java8path;C:\Program Files (x86)\Common Files\Oracle\Java\javapath;C:\Windows\system32;C:\Windows;C:\Windows\System32\Wbem;C:\Windows\System32\WindowsPowerShell\v1.0\;C:\Windows\System32\OpenSSH\;C:\Program Files (x86)\NVIDIA Corporation\PhysX\Common;C:\Program Files\NVIDIA Corporation\NVIDIA NvDLISR;C:\WINDOWS\system32;C:\WINDOWS;C:\WINDOWS\System32\Wbem;C:\WINDOWS\System32\WindowsPowerShell\v1.0\;C:\WINDOWS\System32\OpenSSH\;C:\Users\galax\AppData\Roaming\nvm;C:\Program Files\nodejs;C:\Program Files\Graphviz\bin;C:\Program Files\GitHub CLI\;C:\Program Files\Git\cmd;C:\Users\galax\AppData\Local\Programs\Python\Python39\Scripts\;C:\Users\galax\AppData\Local\Programs\Python\Python39\;C:\Users\galax\AppData\Local\Programs\Python\Python312\Scripts\;C:\Users\galax\AppData\Local\Programs\Python\Python312\;C:\Users\galax\.console-ninja\.bin;C:\Users\galax\AppData\Local\Microsoft\WindowsApps;C:\Users\galax\AppData\Local\Programs\oh-my-posh\bin;C:\Program Files\JetBrains\IntelliJ IDEA Community Edition 2023.2\bin;C:\Users\galax\AppData\Roaming\npm;C:\Users\galax\AppData\Local\Programs\mongosh\;C:\Users\galax\AppData\Local\GitHubDesktop\bin;C:\Users\galax\AppData\Roaming\nvm;C:\Program Files\nodejs;C:\Program Files\Eclipse Adoptium\jdk-21.0.1.12-hotspot;C:\Program Files\Git\bin;D:\whois;C:\Program Files (x86)\IntelliJ IDEA Community Edition 2023.2\bin;;C:\Microsoft VS Code\bin;
USERNAME=Singh
OS=Windows_NT
PROCESSOR_IDENTIFIER=AMD64 Family 25 Model 80 Stepping 0, AuthenticAMD
TMP=C:\Users\galax\AppData\Local\Temp
TEMP=C:\Users\galax\AppData\Local\Temp



Periodic native trim disabled


---------------  S Y S T E M  ---------------

OS:
 Windows 11 , 64 bit Build 22621 (10.0.22621.3527)
OS uptime: 0 days 7:18 hours
Hyper-V role detected

CPU: total 12 (initial active 12) (12 cores per cpu, 2 threads per core) family 25 model 80 stepping 0 microcode 0x0, cx8, cmov, fxsr, ht, mmx, 3dnowpref, sse, sse2, sse3, ssse3, sse4a, sse4.1, sse4.2, popcnt, lzcnt, tsc, tscinvbit, avx, avx2, aes, erms, clmul, bmi1, bmi2, adx, sha, fma, vzeroupper, clflush, clflushopt, hv
Processor Information for processor 0
  Max Mhz: 3301, Current Mhz: 1805, Mhz Limit: 3301
Processor Information for processor 1
  Max Mhz: 3301, Current Mhz: 1908, Mhz Limit: 3301
Processor Information for processor 2
  Max Mhz: 3301, Current Mhz: 1908, Mhz Limit: 3301
Processor Information for processor 3
  Max Mhz: 3301, Current Mhz: 1805, Mhz Limit: 3301
Processor Information for processor 4
  Max Mhz: 3301, Current Mhz: 1908, Mhz Limit: 3301
Processor Information for processor 5
  Max Mhz: 3301, Current Mhz: 1805, Mhz Limit: 3301
Processor Information for processor 6
  Max Mhz: 3301, Current Mhz: 1908, Mhz Limit: 3301
Processor Information for processor 7
  Max Mhz: 3301, Current Mhz: 1908, Mhz Limit: 3301
Processor Information for processor 8
  Max Mhz: 3301, Current Mhz: 1805, Mhz Limit: 3301
Processor Information for processor 9
  Max Mhz: 3301, Current Mhz: 1908, Mhz Limit: 3301
Processor Information for processor 10
  Max Mhz: 3301, Current Mhz: 1805, Mhz Limit: 3301
Processor Information for processor 11
  Max Mhz: 3301, Current Mhz: 1805, Mhz Limit: 3301

Memory: 4k page, system-wide physical 15724M (6961M free)
TotalPageFile size 20724M (AvailPageFile size 5M)
current process WorkingSet (physical memory assigned to process): 142M, peak: 142M
current process commit charge ("private bytes"): 4588M, peak: 4589M

vm_info: OpenJDK 64-Bit Server VM (17.0.10+7) for windows-amd64 JRE (17.0.10+7), built on Jan 16 2024 23:25:11 by "admin" with MS VC++ 16.10 / 16.11 (VS2019)

END.
