#
# There is insufficient memory for the Java Runtime Environment to continue.
# Native memory allocation (malloc) failed to allocate 2071184 bytes for Chunk::new
# Possible reasons:
#   The system is out of physical RAM or swap space
# Possible solutions:
#   Reduce memory load on the system
#   Increase physical memory or swap space
#   Check if swap backing store is full
#   Decrease Java heap size (-Xmx/-Xms)
#   Decrease number of Java threads
#   Decrease Java thread stack sizes (-Xss)
#   Set larger code cache with -XX:ReservedCodeCacheSize=
# This output file may be truncated or incomplete.
#
#  Out of Memory Error (arena.cpp:191), pid=8916, tid=20544
#
# JRE version: OpenJDK Runtime Environment Temurin-17.0.10+7 (17.0.10+7) (build 17.0.10+7)
# Java VM: OpenJDK 64-Bit Server VM Temurin-17.0.10+7 (17.0.10+7, mixed mode, tiered, compressed class ptrs, parallel gc, windows-amd64)
# No core dump will be written. Minidumps are not enabled by default on client versions of Windows
#

---------------  S U M M A R Y ------------

Command Line: --add-modules=ALL-SYSTEM --add-opens=java.base/java.util=ALL-UNNAMED --add-opens=java.base/java.lang=ALL-UNNAMED --add-opens=java.base/sun.nio.fs=ALL-UNNAMED -Declipse.application=org.eclipse.jdt.ls.core.id1 -Dosgi.bundles.defaultStartLevel=4 -Declipse.product=org.eclipse.jdt.ls.core.product -Djava.import.generatesMetadataFilesAtProjectRoot=false -DDetectVMInstallationsJob.disabled=true -Dfile.encoding=utf8 -XX:+UseParallelGC -XX:GCTimeRatio=4 -XX:AdaptiveSizePolicyWeight=90 -Dsun.zip.disableMemoryMapping=true -Xmx128G -Xms100m -Xlog:disable -javaagent:c:\Users\galax\.vscode\extensions\redhat.java-1.30.0-win32-x64\lombok\lombok-1.18.32.jar c:\Users\galax\.vscode\extensions\redhat.java-1.30.0-win32-x64\server\plugins\org.eclipse.equinox.launcher_1.6.800.v20240330-1250.jar -configuration c:\Users\galax\AppData\Roaming\Code\User\globalStorage\redhat.java\1.30.0\config_ss_win -data c:\Users\galax\AppData\Roaming\Code\User\workspaceStorage\715939317411bacedd6cdfeea8c9b0d6\redhat.java\ss_ws --pipe=\\.\pipe\lsp-faf1401c0f10a5e4c8fef497105500ee-sock

Host: AMD Ryzen 5 5600H with Radeon Graphics         , 12 cores, 15G,  Windows 11 , 64 bit Build 22621 (10.0.22621.3527)
Time: Wed May 22 21:41:56 2024 India Standard Time elapsed time: 11.642275 seconds (0d 0h 0m 11s)

---------------  T H R E A D  ---------------

Current thread (0x0000020b324b02a0):  JavaThread "C2 CompilerThread1" daemon [_thread_in_native, id=20544, stack(0x00000030db400000,0x00000030db500000)]


Current CompileTask:
C2:  11642 4706 %     4       org.lombokweb.asm.SymbolTable::<init> @ 98 (536 bytes)

Stack: [0x00000030db400000,0x00000030db500000]
Native frames: (J=compiled Java code, j=interpreted, Vv=VM code, C=native code)
V  [jvm.dll+0x67d2c9]
V  [jvm.dll+0x834afa]
V  [jvm.dll+0x8365be]
V  [jvm.dll+0x836c23]
V  [jvm.dll+0x2477ff]
V  [jvm.dll+0xac514]
V  [jvm.dll+0xacb5c]
V  [jvm.dll+0x3667d7]
V  [jvm.dll+0x1bcd86]
V  [jvm.dll+0x21a049]
V  [jvm.dll+0x219311]
V  [jvm.dll+0x1a502d]
V  [jvm.dll+0x2290de]
V  [jvm.dll+0x2272ac]
V  [jvm.dll+0x7e9bb7]
V  [jvm.dll+0x7e3fba]
V  [jvm.dll+0x67c1b5]
C  [ucrtbase.dll+0x29333]
C  [KERNEL32.DLL+0x1257d]
C  [ntdll.dll+0x5aa48]


---------------  P R O C E S S  ---------------

Threads class SMR info:
_java_thread_list=0x0000020b33f34380, length=43, elements={
0x0000020b6ba2eb20, 0x0000020b2b6b0030, 0x0000020b2b6b1560, 0x0000020b30826400,
0x0000020b30827190, 0x0000020b308286b0, 0x0000020b3082b120, 0x0000020b30835710,
0x0000020b308368b0, 0x0000020b30841ab0, 0x0000020b309c32d0, 0x0000020b309c37e0,
0x0000020b309c0f60, 0x0000020b309c28b0, 0x0000020b309c4710, 0x0000020b309c2dc0,
0x0000020b309c1e90, 0x0000020b309c3cf0, 0x0000020b309c4200, 0x0000020b34eea940,
0x0000020b34ee8ff0, 0x0000020b34eeeb10, 0x0000020b34eed1c0, 0x0000020b34eec7a0,
0x0000020b34ee9a10, 0x0000020b34ee9f20, 0x0000020b34ee8ae0, 0x0000020b34eef020,
0x0000020b34eedbe0, 0x0000020b34eeccb0, 0x0000020b34eed6d0, 0x0000020b34eee0f0,
0x0000020b34ee85d0, 0x0000020b34eee600, 0x0000020b34ee80c0, 0x0000020b34eeb870,
0x0000020b34eea430, 0x0000020b34eef530, 0x0000020b34eeb360, 0x0000020b34eefa40,
0x0000020b34eebd80, 0x0000020b324b02a0, 0x0000020b34fb9b90
}

Java Threads: ( => current thread )
  0x0000020b6ba2eb20 JavaThread "main" [_thread_blocked, id=17908, stack(0x00000030da700000,0x00000030da800000)]
  0x0000020b2b6b0030 JavaThread "Reference Handler" daemon [_thread_blocked, id=15896, stack(0x00000030daa00000,0x00000030dab00000)]
  0x0000020b2b6b1560 JavaThread "Finalizer" daemon [_thread_blocked, id=9972, stack(0x00000030dab00000,0x00000030dac00000)]
  0x0000020b30826400 JavaThread "Signal Dispatcher" daemon [_thread_blocked, id=9368, stack(0x00000030dac00000,0x00000030dad00000)]
  0x0000020b30827190 JavaThread "Attach Listener" daemon [_thread_blocked, id=3272, stack(0x00000030dad00000,0x00000030dae00000)]
  0x0000020b308286b0 JavaThread "Service Thread" daemon [_thread_blocked, id=10556, stack(0x00000030dae00000,0x00000030daf00000)]
  0x0000020b3082b120 JavaThread "Monitor Deflation Thread" daemon [_thread_blocked, id=17876, stack(0x00000030daf00000,0x00000030db000000)]
  0x0000020b30835710 JavaThread "C2 CompilerThread0" daemon [_thread_in_native, id=15912, stack(0x00000030db000000,0x00000030db100000)]
  0x0000020b308368b0 JavaThread "C1 CompilerThread0" daemon [_thread_blocked, id=1872, stack(0x00000030db100000,0x00000030db200000)]
  0x0000020b30841ab0 JavaThread "Sweeper thread" daemon [_thread_blocked, id=2116, stack(0x00000030db200000,0x00000030db300000)]
  0x0000020b309c32d0 JavaThread "Common-Cleaner" daemon [_thread_blocked, id=15244, stack(0x00000030db300000,0x00000030db400000)]
  0x0000020b309c37e0 JavaThread "Notification Thread" daemon [_thread_blocked, id=20020, stack(0x00000030db500000,0x00000030db600000)]
  0x0000020b309c0f60 JavaThread "Active Thread: Equinox Container: 016cc902-7b66-4c25-a886-721d51d2ebb4" [_thread_blocked, id=6756, stack(0x00000030dbd00000,0x00000030dbe00000)]
  0x0000020b309c28b0 JavaThread "Framework Event Dispatcher: Equinox Container: 016cc902-7b66-4c25-a886-721d51d2ebb4" daemon [_thread_blocked, id=6796, stack(0x00000030dbe00000,0x00000030dbf00000)]
  0x0000020b309c4710 JavaThread "Start Level: Equinox Container: 016cc902-7b66-4c25-a886-721d51d2ebb4" daemon [_thread_blocked, id=12968, stack(0x00000030dbf00000,0x00000030dc000000)]
  0x0000020b309c2dc0 JavaThread "SCR Component Actor" daemon [_thread_blocked, id=5304, stack(0x00000030dc200000,0x00000030dc300000)]
  0x0000020b309c1e90 JavaThread "Worker-JM" [_thread_blocked, id=20024, stack(0x00000030db700000,0x00000030db800000)]
  0x0000020b309c3cf0 JavaThread "Worker-0" [_thread_blocked, id=6452, stack(0x00000030dc400000,0x00000030dc500000)]
  0x0000020b309c4200 JavaThread "Worker-1" [_thread_blocked, id=3744, stack(0x00000030dc500000,0x00000030dc600000)]
  0x0000020b34eea940 JavaThread "Worker-2" [_thread_blocked, id=2212, stack(0x00000030dca00000,0x00000030dcb00000)]
  0x0000020b34ee8ff0 JavaThread "JNA Cleaner" daemon [_thread_blocked, id=14008, stack(0x00000030dc700000,0x00000030dc800000)]
  0x0000020b34eeeb10 JavaThread "Thread-2" daemon [_thread_in_native, id=14468, stack(0x00000030dc800000,0x00000030dc900000)]
  0x0000020b34eed1c0 JavaThread "Thread-3" daemon [_thread_in_native, id=17192, stack(0x00000030dc900000,0x00000030dca00000)]
  0x0000020b34eec7a0 JavaThread "Thread-4" daemon [_thread_in_native, id=3332, stack(0x00000030dcb00000,0x00000030dcc00000)]
  0x0000020b34ee9a10 JavaThread "Thread-5" daemon [_thread_in_native, id=7764, stack(0x00000030dcc00000,0x00000030dcd00000)]
  0x0000020b34ee9f20 JavaThread "Thread-6" daemon [_thread_in_native, id=20156, stack(0x00000030dcd00000,0x00000030dce00000)]
  0x0000020b34ee8ae0 JavaThread "Thread-7" daemon [_thread_in_native, id=20380, stack(0x00000030dce00000,0x00000030dcf00000)]
  0x0000020b34eef020 JavaThread "Thread-8" daemon [_thread_in_native, id=3444, stack(0x00000030dcf00000,0x00000030dd000000)]
  0x0000020b34eedbe0 JavaThread "Thread-9" daemon [_thread_in_native, id=15852, stack(0x00000030dd000000,0x00000030dd100000)]
  0x0000020b34eeccb0 JavaThread "Thread-10" daemon [_thread_in_native, id=5204, stack(0x00000030dd100000,0x00000030dd200000)]
  0x0000020b34eed6d0 JavaThread "Thread-11" daemon [_thread_in_native, id=20344, stack(0x00000030dd200000,0x00000030dd300000)]
  0x0000020b34eee0f0 JavaThread "Thread-12" daemon [_thread_in_native, id=6724, stack(0x00000030dd300000,0x00000030dd400000)]
  0x0000020b34ee85d0 JavaThread "Thread-13" daemon [_thread_in_native, id=20316, stack(0x00000030dd400000,0x00000030dd500000)]
  0x0000020b34eee600 JavaThread "Thread-14" daemon [_thread_in_native, id=2240, stack(0x00000030dd500000,0x00000030dd600000)]
  0x0000020b34ee80c0 JavaThread "pool-2-thread-1" [_thread_blocked, id=13304, stack(0x00000030dd600000,0x00000030dd700000)]
  0x0000020b34eeb870 JavaThread "WorkspaceEventsHandler" [_thread_blocked, id=5296, stack(0x00000030dd800000,0x00000030dd900000)]
  0x0000020b34eea430 JavaThread "pool-1-thread-1" [_thread_in_native, id=4480, stack(0x00000030dd900000,0x00000030dda00000)]
  0x0000020b34eef530 JavaThread "Worker-3" [_thread_blocked, id=328, stack(0x00000030dda00000,0x00000030ddb00000)]
  0x0000020b34eeb360 JavaThread "ForkJoinPool.commonPool-worker-1" daemon [_thread_blocked, id=8476, stack(0x00000030ddb00000,0x00000030ddc00000)]
  0x0000020b34eefa40 JavaThread "ForkJoinPool.commonPool-worker-2" daemon [_thread_blocked, id=11104, stack(0x00000030ddc00000,0x00000030ddd00000)]
  0x0000020b34eebd80 JavaThread "ForkJoinPool.commonPool-worker-3" daemon [_thread_blocked, id=20036, stack(0x00000030ddd00000,0x00000030dde00000)]
=>0x0000020b324b02a0 JavaThread "C2 CompilerThread1" daemon [_thread_in_native, id=20544, stack(0x00000030db400000,0x00000030db500000)]
  0x0000020b34fb9b90 JavaThread "C2 CompilerThread2" daemon [_thread_in_native, id=20548, stack(0x00000030dd700000,0x00000030dd800000)]

Other Threads:
  0x0000020b2b5a76a0 VMThread "VM Thread" [stack: 0x00000030da900000,0x00000030daa00000] [id=9592]
  0x0000020b30b775c0 WatcherThread [stack: 0x00000030db600000,0x00000030db700000] [id=10660]
  0x0000020b6ba44280 GCTaskThread "GC Thread#0" [stack: 0x00000030da800000,0x00000030da900000] [id=18004]
  0x0000020b323b4500 GCTaskThread "GC Thread#1" [stack: 0x00000030db800000,0x00000030db900000] [id=3292]
  0x0000020b32279040 GCTaskThread "GC Thread#2" [stack: 0x00000030db900000,0x00000030dba00000] [id=9564]
  0x0000020b32279300 GCTaskThread "GC Thread#3" [stack: 0x00000030dba00000,0x00000030dbb00000] [id=13336]
  0x0000020b322795c0 GCTaskThread "GC Thread#4" [stack: 0x00000030dbb00000,0x00000030dbc00000] [id=5008]
  0x0000020b32279880 GCTaskThread "GC Thread#5" [stack: 0x00000030dbc00000,0x00000030dbd00000] [id=11108]
  0x0000020b6b9aec70 GCTaskThread "GC Thread#6" [stack: 0x00000030dc000000,0x00000030dc100000] [id=3380]
  0x0000020b32817b80 GCTaskThread "GC Thread#7" [stack: 0x00000030dc100000,0x00000030dc200000] [id=13216]
  0x0000020b32927040 GCTaskThread "GC Thread#8" [stack: 0x00000030dc300000,0x00000030dc400000] [id=3040]
  0x0000020b32bf7100 GCTaskThread "GC Thread#9" [stack: 0x00000030dc600000,0x00000030dc700000] [id=20112]

Threads with active compile tasks:
C2 CompilerThread0    11716 4742       4       org.lombokweb.asm.ClassReader::readMethod (1066 bytes)
C2 CompilerThread1    11716 4706 %     4       org.lombokweb.asm.SymbolTable::<init> @ 98 (536 bytes)
C2 CompilerThread2    11716 4729 %     4       org.lombokweb.asm.ClassReader::readCode @ 2186 (5117 bytes)

VM state: not at safepoint (normal execution)

VM Mutex/Monitor currently owned by a thread: None

CDS archive(s) not mapped
Compressed class space mapped at: 0x0000000080000000-0x00000000c0000000, reserved size: 1073741824
Narrow klass base: 0x0000000000000000, Narrow klass shift: 0, Narrow klass range: 0xc0000000

GC Precious Log:
 CPUs: 12 total, 12 available
 Memory: 15724M
 Large Page Support: Disabled
 NUMA Support: Disabled
 Compressed Oops: Disabled
 Alignments: Space 512K, Generation 512K, Heap 2M
 Heap Min Capacity: 100M
 Heap Initial Capacity: 100M
 Heap Max Capacity: 128G
 Pre-touch: Disabled
 Parallel Workers: 10

Heap:
 PSYoungGen      total 16896K, used 5371K [0x00000220d4780000, 0x00000220d5a80000, 0x0000022b7f200000)
  eden space 15360K, 28% used [0x00000220d4780000,0x00000220d4bbbde0,0x00000220d5680000)
  from space 1536K, 67% used [0x00000220d5880000,0x00000220d5982ee0,0x00000220d5a00000)
  to   space 512K, 0% used [0x00000220d5a00000,0x00000220d5a00000,0x00000220d5a80000)
 ParOldGen       total 68608K, used 42706K [0x0000020b7f200000, 0x0000020b83500000, 0x00000220d4780000)
  object space 68608K, 62% used [0x0000020b7f200000,0x0000020b81bb4800,0x0000020b83500000)
 Metaspace       used 44532K, committed 45312K, reserved 1114112K
  class space    used 4471K, committed 4800K, reserved 1048576K

Card table byte_map: [0x0000020b00000000,0x0000020b10010000] _byte_map_base: 0x00000209fa407000

Marking Bits: (ParMarkBitMap*) 0x00007ffc202ad7d0
 Begin Bits: [0x0000022b7f200000, 0x0000022bff200000)
 End Bits:   [0x0000022bff200000, 0x0000022c7f200000)

Polling page: 0x0000020b6fe70000

Metaspace:

Usage:
  Non-class:     39.12 MB used.
      Class:      4.37 MB used.
       Both:     43.49 MB used.

Virtual space:
  Non-class space:       64.00 MB reserved,      39.56 MB ( 62%) committed,  1 nodes.
      Class space:        1.00 GB reserved,       4.69 MB ( <1%) committed,  1 nodes.
             Both:        1.06 GB reserved,      44.25 MB (  4%) committed. 

Chunk freelists:
   Non-Class:  7.98 MB
       Class:  11.34 MB
        Both:  19.33 MB

MaxMetaspaceSize: unlimited
CompressedClassSpaceSize: 1.00 GB
Initial GC threshold: 21.00 MB
Current GC threshold: 58.38 MB
CDS: off
MetaspaceReclaimPolicy: balanced
 - commit_granule_bytes: 65536.
 - commit_granule_words: 8192.
 - virtual_space_node_default_size: 8388608.
 - enlarge_chunks_in_place: 1.
 - new_chunks_are_fully_committed: 0.
 - uncommit_free_chunks: 1.
 - use_allocation_guard: 0.
 - handle_deallocations: 1.


Internal statistics:

num_allocs_failed_limit: 6.
num_arena_births: 394.
num_arena_deaths: 14.
num_vsnodes_births: 2.
num_vsnodes_deaths: 0.
num_space_committed: 708.
num_space_uncommitted: 0.
num_chunks_returned_to_freelist: 20.
num_chunks_taken_from_freelist: 1869.
num_chunk_merges: 12.
num_chunk_splits: 1218.
num_chunks_enlarged: 810.
num_inconsistent_stats: 0.

CodeHeap 'non-profiled nmethods': size=120000Kb used=2680Kb max_used=2680Kb free=117319Kb
 bounds [0x0000020b77960000, 0x0000020b77c00000, 0x0000020b7ee90000]
CodeHeap 'profiled nmethods': size=120000Kb used=10561Kb max_used=10561Kb free=109438Kb
 bounds [0x0000020b6fe90000, 0x0000020b708f0000, 0x0000020b773c0000]
CodeHeap 'non-nmethods': size=5760Kb used=1312Kb max_used=1383Kb free=4447Kb
 bounds [0x0000020b773c0000, 0x0000020b77630000, 0x0000020b77960000]
 total_blobs=5438 nmethods=4786 adapters=565
 compilation: enabled
              stopped_count=0, restarted_count=0
 full_count=0

Compilation events (20 events):
Event: 11.422 Thread 0x0000020b308368b0 4800   !   3       java.lang.invoke.BootstrapMethodInvoker::invoke (974 bytes)
Event: 11.432 Thread 0x0000020b308368b0 nmethod 4800 0x0000020b708cf410 code [0x0000020b708cfca0, 0x0000020b708d6c58]
Event: 11.432 Thread 0x0000020b308368b0 4807       3       java.util.concurrent.locks.ReentrantReadWriteLock$Sync::tryReleaseShared (146 bytes)
Event: 11.434 Thread 0x0000020b308368b0 nmethod 4807 0x0000020b708da110 code [0x0000020b708da340, 0x0000020b708dad38]
Event: 11.434 Thread 0x0000020b308368b0 4801       3       java.lang.invoke.MethodHandleNatives::staticArgumentsPulled (5 bytes)
Event: 11.434 Thread 0x0000020b308368b0 nmethod 4801 0x0000020b708db090 code [0x0000020b708db220, 0x0000020b708db3f8]
Event: 11.434 Thread 0x0000020b308368b0 4805       3       org.eclipse.jdt.internal.core.OverflowingLRUCache::privateRemoveEntry (140 bytes)
Event: 11.436 Thread 0x0000020b308368b0 nmethod 4805 0x0000020b708db490 code [0x0000020b708db6a0, 0x0000020b708dbd98]
Event: 11.436 Thread 0x0000020b308368b0 4804       3       java.lang.Module::allows (60 bytes)
Event: 11.437 Thread 0x0000020b308368b0 nmethod 4804 0x0000020b708dbf90 code [0x0000020b708dc180, 0x0000020b708dc7a8]
Event: 11.468 Thread 0x0000020b308368b0 4808       3       java.net.URI$1::create (10 bytes)
Event: 11.469 Thread 0x0000020b308368b0 nmethod 4808 0x0000020b708dc910 code [0x0000020b708dcac0, 0x0000020b708dcc68]
Event: 11.496 Thread 0x0000020b308368b0 4809       3       org.eclipse.osgi.internal.loader.classpath.ClasspathManager::findLocalResourceImpl (81 bytes)
Event: 11.497 Thread 0x0000020b308368b0 nmethod 4809 0x0000020b708dcd10 code [0x0000020b708dcee0, 0x0000020b708dd308]
Event: 11.506 Thread 0x0000020b308368b0 4810       3       lombok.launch.ShadowClassLoader::partOfShadow (46 bytes)
Event: 11.506 Thread 0x0000020b308368b0 nmethod 4810 0x0000020b708dd510 code [0x0000020b708dd700, 0x0000020b708ddb18]
Event: 11.603 Thread 0x0000020b308368b0 4811       3       java.lang.String::valueOf (39 bytes)
Event: 11.604 Thread 0x0000020b308368b0 nmethod 4811 0x0000020b708ddc90 code [0x0000020b708dde80, 0x0000020b708de4f8]
Event: 11.604 Thread 0x0000020b308368b0 4812       3       java.lang.StringLatin1::toBytes (9 bytes)
Event: 11.605 Thread 0x0000020b308368b0 nmethod 4812 0x0000020b708de710 code [0x0000020b708de8a0, 0x0000020b708dea18]

GC Heap History (20 events):
Event: 8.993 GC heap before
{Heap before GC invocations=20 (full 2):
 PSYoungGen      total 24064K, used 23680K [0x00000220d4780000, 0x00000220d6280000, 0x0000022b7f200000)
  eden space 21504K, 100% used [0x00000220d4780000,0x00000220d5c80000,0x00000220d5c80000)
  from space 2560K, 85% used [0x00000220d5c80000,0x00000220d5ea0000,0x00000220d5f00000)
  to   space 3072K, 0% used [0x00000220d5f80000,0x00000220d5f80000,0x00000220d6280000)
 ParOldGen       total 68608K, used 26441K [0x0000020b7f200000, 0x0000020b83500000, 0x00000220d4780000)
  object space 68608K, 38% used [0x0000020b7f200000,0x0000020b80bd2508,0x0000020b83500000)
 Metaspace       used 37956K, committed 38656K, reserved 1114112K
  class space    used 3797K, committed 4096K, reserved 1048576K
}
Event: 8.997 GC heap after
{Heap after GC invocations=20 (full 2):
 PSYoungGen      total 24576K, used 2560K [0x00000220d4780000, 0x00000220d6280000, 0x0000022b7f200000)
  eden space 21504K, 0% used [0x00000220d4780000,0x00000220d4780000,0x00000220d5c80000)
  from space 3072K, 83% used [0x00000220d5f80000,0x00000220d6200010,0x00000220d6280000)
  to   space 3072K, 0% used [0x00000220d5c80000,0x00000220d5c80000,0x00000220d5f80000)
 ParOldGen       total 68608K, used 28481K [0x0000020b7f200000, 0x0000020b83500000, 0x00000220d4780000)
  object space 68608K, 41% used [0x0000020b7f200000,0x0000020b80dd0778,0x0000020b83500000)
 Metaspace       used 37956K, committed 38656K, reserved 1114112K
  class space    used 3797K, committed 4096K, reserved 1048576K
}
Event: 9.047 GC heap before
{Heap before GC invocations=21 (full 2):
 PSYoungGen      total 24576K, used 24064K [0x00000220d4780000, 0x00000220d6280000, 0x0000022b7f200000)
  eden space 21504K, 100% used [0x00000220d4780000,0x00000220d5c80000,0x00000220d5c80000)
  from space 3072K, 83% used [0x00000220d5f80000,0x00000220d6200010,0x00000220d6280000)
  to   space 3072K, 0% used [0x00000220d5c80000,0x00000220d5c80000,0x00000220d5f80000)
 ParOldGen       total 68608K, used 28481K [0x0000020b7f200000, 0x0000020b83500000, 0x00000220d4780000)
  object space 68608K, 41% used [0x0000020b7f200000,0x0000020b80dd0778,0x0000020b83500000)
 Metaspace       used 37956K, committed 38656K, reserved 1114112K
  class space    used 3797K, committed 4096K, reserved 1048576K
}
Event: 9.051 GC heap after
{Heap after GC invocations=21 (full 2):
 PSYoungGen      total 23552K, used 1952K [0x00000220d4780000, 0x00000220d6180000, 0x0000022b7f200000)
  eden space 21504K, 0% used [0x00000220d4780000,0x00000220d4780000,0x00000220d5c80000)
  from space 2048K, 95% used [0x00000220d5c80000,0x00000220d5e68000,0x00000220d5e80000)
  to   space 2560K, 0% used [0x00000220d5f00000,0x00000220d5f00000,0x00000220d6180000)
 ParOldGen       total 68608K, used 30983K [0x0000020b7f200000, 0x0000020b83500000, 0x00000220d4780000)
  object space 68608K, 45% used [0x0000020b7f200000,0x0000020b81041d58,0x0000020b83500000)
 Metaspace       used 37956K, committed 38656K, reserved 1114112K
  class space    used 3797K, committed 4096K, reserved 1048576K
}
Event: 9.305 GC heap before
{Heap before GC invocations=22 (full 2):
 PSYoungGen      total 23552K, used 23456K [0x00000220d4780000, 0x00000220d6180000, 0x0000022b7f200000)
  eden space 21504K, 100% used [0x00000220d4780000,0x00000220d5c80000,0x00000220d5c80000)
  from space 2048K, 95% used [0x00000220d5c80000,0x00000220d5e68000,0x00000220d5e80000)
  to   space 2560K, 0% used [0x00000220d5f00000,0x00000220d5f00000,0x00000220d6180000)
 ParOldGen       total 68608K, used 30983K [0x0000020b7f200000, 0x0000020b83500000, 0x00000220d4780000)
  object space 68608K, 45% used [0x0000020b7f200000,0x0000020b81041d58,0x0000020b83500000)
 Metaspace       used 38677K, committed 39424K, reserved 1114112K
  class space    used 3889K, committed 4224K, reserved 1048576K
}
Event: 9.311 GC heap after
{Heap after GC invocations=22 (full 2):
 PSYoungGen      total 17920K, used 2544K [0x00000220d4780000, 0x00000220d6d80000, 0x0000022b7f200000)
  eden space 15360K, 0% used [0x00000220d4780000,0x00000220d4780000,0x00000220d5680000)
  from space 2560K, 99% used [0x00000220d5f00000,0x00000220d617c030,0x00000220d6180000)
  to   space 8704K, 0% used [0x00000220d5680000,0x00000220d5680000,0x00000220d5f00000)
 ParOldGen       total 68608K, used 36046K [0x0000020b7f200000, 0x0000020b83500000, 0x00000220d4780000)
  object space 68608K, 52% used [0x0000020b7f200000,0x0000020b81533838,0x0000020b83500000)
 Metaspace       used 38677K, committed 39424K, reserved 1114112K
  class space    used 3889K, committed 4224K, reserved 1048576K
}
Event: 9.761 GC heap before
{Heap before GC invocations=23 (full 2):
 PSYoungGen      total 17920K, used 17904K [0x00000220d4780000, 0x00000220d6d80000, 0x0000022b7f200000)
  eden space 15360K, 100% used [0x00000220d4780000,0x00000220d5680000,0x00000220d5680000)
  from space 2560K, 99% used [0x00000220d5f00000,0x00000220d617c030,0x00000220d6180000)
  to   space 8704K, 0% used [0x00000220d5680000,0x00000220d5680000,0x00000220d5f00000)
 ParOldGen       total 68608K, used 36046K [0x0000020b7f200000, 0x0000020b83500000, 0x00000220d4780000)
  object space 68608K, 52% used [0x0000020b7f200000,0x0000020b81533838,0x0000020b83500000)
 Metaspace       used 40634K, committed 41408K, reserved 1114112K
  class space    used 4098K, committed 4416K, reserved 1048576K
}
Event: 9.764 GC heap after
{Heap after GC invocations=23 (full 2):
 PSYoungGen      total 16384K, used 990K [0x00000220d4780000, 0x00000220d5f80000, 0x0000022b7f200000)
  eden space 15360K, 0% used [0x00000220d4780000,0x00000220d4780000,0x00000220d5680000)
  from space 1024K, 96% used [0x00000220d5680000,0x00000220d5777b58,0x00000220d5780000)
  to   space 3584K, 0% used [0x00000220d5c00000,0x00000220d5c00000,0x00000220d5f80000)
 ParOldGen       total 68608K, used 38438K [0x0000020b7f200000, 0x0000020b83500000, 0x00000220d4780000)
  object space 68608K, 56% used [0x0000020b7f200000,0x0000020b81789888,0x0000020b83500000)
 Metaspace       used 40634K, committed 41408K, reserved 1114112K
  class space    used 4098K, committed 4416K, reserved 1048576K
}
Event: 10.237 GC heap before
{Heap before GC invocations=24 (full 2):
 PSYoungGen      total 16384K, used 16350K [0x00000220d4780000, 0x00000220d5f80000, 0x0000022b7f200000)
  eden space 15360K, 100% used [0x00000220d4780000,0x00000220d5680000,0x00000220d5680000)
  from space 1024K, 96% used [0x00000220d5680000,0x00000220d5777b58,0x00000220d5780000)
  to   space 3584K, 0% used [0x00000220d5c00000,0x00000220d5c00000,0x00000220d5f80000)
 ParOldGen       total 68608K, used 38438K [0x0000020b7f200000, 0x0000020b83500000, 0x00000220d4780000)
  object space 68608K, 56% used [0x0000020b7f200000,0x0000020b81789888,0x0000020b83500000)
 Metaspace       used 41058K, committed 41856K, reserved 1114112K
  class space    used 4166K, committed 4480K, reserved 1048576K
}
Event: 10.239 GC heap after
{Heap after GC invocations=24 (full 2):
 PSYoungGen      total 16384K, used 640K [0x00000220d4780000, 0x00000220d5d00000, 0x0000022b7f200000)
  eden space 15360K, 0% used [0x00000220d4780000,0x00000220d4780000,0x00000220d5680000)
  from space 1024K, 62% used [0x00000220d5c00000,0x00000220d5ca0000,0x00000220d5d00000)
  to   space 1536K, 0% used [0x00000220d5a00000,0x00000220d5a00000,0x00000220d5b80000)
 ParOldGen       total 68608K, used 39360K [0x0000020b7f200000, 0x0000020b83500000, 0x00000220d4780000)
  object space 68608K, 57% used [0x0000020b7f200000,0x0000020b818701d0,0x0000020b83500000)
 Metaspace       used 41058K, committed 41856K, reserved 1114112K
  class space    used 4166K, committed 4480K, reserved 1048576K
}
Event: 10.567 GC heap before
{Heap before GC invocations=25 (full 2):
 PSYoungGen      total 16384K, used 16000K [0x00000220d4780000, 0x00000220d5d00000, 0x0000022b7f200000)
  eden space 15360K, 100% used [0x00000220d4780000,0x00000220d5680000,0x00000220d5680000)
  from space 1024K, 62% used [0x00000220d5c00000,0x00000220d5ca0000,0x00000220d5d00000)
  to   space 1536K, 0% used [0x00000220d5a00000,0x00000220d5a00000,0x00000220d5b80000)
 ParOldGen       total 68608K, used 39360K [0x0000020b7f200000, 0x0000020b83500000, 0x00000220d4780000)
  object space 68608K, 57% used [0x0000020b7f200000,0x0000020b818701d0,0x0000020b83500000)
 Metaspace       used 41452K, committed 42176K, reserved 1114112K
  class space    used 4208K, committed 4480K, reserved 1048576K
}
Event: 10.569 GC heap after
{Heap after GC invocations=25 (full 2):
 PSYoungGen      total 16896K, used 896K [0x00000220d4780000, 0x00000220d5c80000, 0x0000022b7f200000)
  eden space 15360K, 0% used [0x00000220d4780000,0x00000220d4780000,0x00000220d5680000)
  from space 1536K, 58% used [0x00000220d5a00000,0x00000220d5ae0000,0x00000220d5b80000)
  to   space 1024K, 0% used [0x00000220d5b80000,0x00000220d5b80000,0x00000220d5c80000)
 ParOldGen       total 68608K, used 39768K [0x0000020b7f200000, 0x0000020b83500000, 0x00000220d4780000)
  object space 68608K, 57% used [0x0000020b7f200000,0x0000020b818d61d0,0x0000020b83500000)
 Metaspace       used 41452K, committed 42176K, reserved 1114112K
  class space    used 4208K, committed 4480K, reserved 1048576K
}
Event: 10.995 GC heap before
{Heap before GC invocations=26 (full 2):
 PSYoungGen      total 16896K, used 16256K [0x00000220d4780000, 0x00000220d5c80000, 0x0000022b7f200000)
  eden space 15360K, 100% used [0x00000220d4780000,0x00000220d5680000,0x00000220d5680000)
  from space 1536K, 58% used [0x00000220d5a00000,0x00000220d5ae0000,0x00000220d5b80000)
  to   space 1024K, 0% used [0x00000220d5b80000,0x00000220d5b80000,0x00000220d5c80000)
 ParOldGen       total 68608K, used 39768K [0x0000020b7f200000, 0x0000020b83500000, 0x00000220d4780000)
  object space 68608K, 57% used [0x0000020b7f200000,0x0000020b818d61d0,0x0000020b83500000)
 Metaspace       used 42522K, committed 43264K, reserved 1114112K
  class space    used 4288K, committed 4608K, reserved 1048576K
}
Event: 10.998 GC heap after
{Heap after GC invocations=26 (full 2):
 PSYoungGen      total 16384K, used 1007K [0x00000220d4780000, 0x00000220d5c80000, 0x0000022b7f200000)
  eden space 15360K, 0% used [0x00000220d4780000,0x00000220d4780000,0x00000220d5680000)
  from space 1024K, 98% used [0x00000220d5b80000,0x00000220d5c7bcc0,0x00000220d5c80000)
  to   space 3072K, 0% used [0x00000220d5680000,0x00000220d5680000,0x00000220d5980000)
 ParOldGen       total 68608K, used 41203K [0x0000020b7f200000, 0x0000020b83500000, 0x00000220d4780000)
  object space 68608K, 60% used [0x0000020b7f200000,0x0000020b81a3cc40,0x0000020b83500000)
 Metaspace       used 42522K, committed 43264K, reserved 1114112K
  class space    used 4288K, committed 4608K, reserved 1048576K
}
Event: 11.123 GC heap before
{Heap before GC invocations=27 (full 2):
 PSYoungGen      total 16384K, used 16367K [0x00000220d4780000, 0x00000220d5c80000, 0x0000022b7f200000)
  eden space 15360K, 100% used [0x00000220d4780000,0x00000220d5680000,0x00000220d5680000)
  from space 1024K, 98% used [0x00000220d5b80000,0x00000220d5c7bcc0,0x00000220d5c80000)
  to   space 3072K, 0% used [0x00000220d5680000,0x00000220d5680000,0x00000220d5980000)
 ParOldGen       total 68608K, used 41203K [0x0000020b7f200000, 0x0000020b83500000, 0x00000220d4780000)
  object space 68608K, 60% used [0x0000020b7f200000,0x0000020b81a3cc40,0x0000020b83500000)
 Metaspace       used 42540K, committed 43264K, reserved 1114112K
  class space    used 4288K, committed 4608K, reserved 1048576K
}
Event: 11.125 GC heap after
{Heap after GC invocations=27 (full 2):
 PSYoungGen      total 18432K, used 1347K [0x00000220d4780000, 0x00000220d5c00000, 0x0000022b7f200000)
  eden space 15360K, 0% used [0x00000220d4780000,0x00000220d4780000,0x00000220d5680000)
  from space 3072K, 43% used [0x00000220d5680000,0x00000220d57d0f58,0x00000220d5980000)
  to   space 2048K, 0% used [0x00000220d5a00000,0x00000220d5a00000,0x00000220d5c00000)
 ParOldGen       total 68608K, used 42307K [0x0000020b7f200000, 0x0000020b83500000, 0x00000220d4780000)
  object space 68608K, 61% used [0x0000020b7f200000,0x0000020b81b50d58,0x0000020b83500000)
 Metaspace       used 42540K, committed 43264K, reserved 1114112K
  class space    used 4288K, committed 4608K, reserved 1048576K
}
Event: 11.183 GC heap before
{Heap before GC invocations=28 (full 2):
 PSYoungGen      total 18432K, used 16707K [0x00000220d4780000, 0x00000220d5c00000, 0x0000022b7f200000)
  eden space 15360K, 100% used [0x00000220d4780000,0x00000220d5680000,0x00000220d5680000)
  from space 3072K, 43% used [0x00000220d5680000,0x00000220d57d0f58,0x00000220d5980000)
  to   space 2048K, 0% used [0x00000220d5a00000,0x00000220d5a00000,0x00000220d5c00000)
 ParOldGen       total 68608K, used 42307K [0x0000020b7f200000, 0x0000020b83500000, 0x00000220d4780000)
  object space 68608K, 61% used [0x0000020b7f200000,0x0000020b81b50d58,0x0000020b83500000)
 Metaspace       used 42547K, committed 43264K, reserved 1114112K
  class space    used 4288K, committed 4608K, reserved 1048576K
}
Event: 11.185 GC heap after
{Heap after GC invocations=28 (full 2):
 PSYoungGen      total 16896K, used 1103K [0x00000220d4780000, 0x00000220d5b80000, 0x0000022b7f200000)
  eden space 15360K, 0% used [0x00000220d4780000,0x00000220d4780000,0x00000220d5680000)
  from space 1536K, 71% used [0x00000220d5a00000,0x00000220d5b13fc8,0x00000220d5b80000)
  to   space 1536K, 0% used [0x00000220d5880000,0x00000220d5880000,0x00000220d5a00000)
 ParOldGen       total 68608K, used 42526K [0x0000020b7f200000, 0x0000020b83500000, 0x00000220d4780000)
  object space 68608K, 61% used [0x0000020b7f200000,0x0000020b81b87860,0x0000020b83500000)
 Metaspace       used 42547K, committed 43264K, reserved 1114112K
  class space    used 4288K, committed 4608K, reserved 1048576K
}
Event: 11.396 GC heap before
{Heap before GC invocations=29 (full 2):
 PSYoungGen      total 16896K, used 16372K [0x00000220d4780000, 0x00000220d5b80000, 0x0000022b7f200000)
  eden space 15360K, 99% used [0x00000220d4780000,0x00000220d5669358,0x00000220d5680000)
  from space 1536K, 71% used [0x00000220d5a00000,0x00000220d5b13fc8,0x00000220d5b80000)
  to   space 1536K, 0% used [0x00000220d5880000,0x00000220d5880000,0x00000220d5a00000)
 ParOldGen       total 68608K, used 42690K [0x0000020b7f200000, 0x0000020b83500000, 0x00000220d4780000)
  object space 68608K, 62% used [0x0000020b7f200000,0x0000020b81bb0800,0x0000020b83500000)
 Metaspace       used 43909K, committed 44608K, reserved 1114112K
  class space    used 4436K, committed 4736K, reserved 1048576K
}
Event: 11.398 GC heap after
{Heap after GC invocations=29 (full 2):
 PSYoungGen      total 16896K, used 1035K [0x00000220d4780000, 0x00000220d5a80000, 0x0000022b7f200000)
  eden space 15360K, 0% used [0x00000220d4780000,0x00000220d4780000,0x00000220d5680000)
  from space 1536K, 67% used [0x00000220d5880000,0x00000220d5982ee0,0x00000220d5a00000)
  to   space 512K, 0% used [0x00000220d5a00000,0x00000220d5a00000,0x00000220d5a80000)
 ParOldGen       total 68608K, used 42706K [0x0000020b7f200000, 0x0000020b83500000, 0x00000220d4780000)
  object space 68608K, 62% used [0x0000020b7f200000,0x0000020b81bb4800,0x0000020b83500000)
 Metaspace       used 43909K, committed 44608K, reserved 1114112K
  class space    used 4436K, committed 4736K, reserved 1048576K
}

Dll operation events (10 events):
Event: 0.020 Loaded shared library c:\Users\galax\.vscode\extensions\redhat.java-1.30.0-win32-x64\jre\17.0.10-win32-x86_64\bin\java.dll
Event: 0.248 Loaded shared library c:\Users\galax\.vscode\extensions\redhat.java-1.30.0-win32-x64\jre\17.0.10-win32-x86_64\bin\zip.dll
Event: 0.254 Loaded shared library C:\Users\galax\.vscode\extensions\redhat.java-1.30.0-win32-x64\jre\17.0.10-win32-x86_64\bin\instrument.dll
Event: 0.276 Loaded shared library C:\Users\galax\.vscode\extensions\redhat.java-1.30.0-win32-x64\jre\17.0.10-win32-x86_64\bin\net.dll
Event: 0.280 Loaded shared library C:\Users\galax\.vscode\extensions\redhat.java-1.30.0-win32-x64\jre\17.0.10-win32-x86_64\bin\nio.dll
Event: 0.290 Loaded shared library C:\Users\galax\.vscode\extensions\redhat.java-1.30.0-win32-x64\jre\17.0.10-win32-x86_64\bin\zip.dll
Event: 0.319 Loaded shared library C:\Users\galax\.vscode\extensions\redhat.java-1.30.0-win32-x64\jre\17.0.10-win32-x86_64\bin\jimage.dll
Event: 0.451 Loaded shared library c:\Users\galax\.vscode\extensions\redhat.java-1.30.0-win32-x64\jre\17.0.10-win32-x86_64\bin\verify.dll
Event: 2.069 Loaded shared library C:\Users\galax\AppData\Roaming\Code\User\globalStorage\redhat.java\1.30.0\config_ss_win\org.eclipse.equinox.launcher\org.eclipse.equinox.launcher.win32.win32.x86_64_1.2.900.v20240213-1244\eclipse_11900.dll
Event: 6.263 Loaded shared library C:\Users\galax\AppData\Local\Temp\jna-79889305\jna14236962950708477253.dll

Deoptimization events (20 events):
Event: 11.036 Thread 0x0000020b34eebd80 Uncommon trap: trap_request=0xffffffde fr.pc=0x0000020b77a7ed88 relative=0x0000000000009f68
Event: 11.036 Thread 0x0000020b34eebd80 Uncommon trap: reason=class_check action=maybe_recompile pc=0x0000020b77a7ed88 method=lombok.patcher.PatchScript$MethodPatcher.visitMethod(ILjava/lang/String;Ljava/lang/String;Ljava/lang/String;[Ljava/lang/String;)Lorg/lombokweb/asm/MethodVisitor; @ 101 c
Event: 11.036 Thread 0x0000020b34eebd80 DEOPT PACKING pc=0x0000020b77a7ed88 sp=0x00000030dddf9a80
Event: 11.037 Thread 0x0000020b34eebd80 DEOPT UNPACKING pc=0x0000020b774166a3 sp=0x00000030dddf9a38 mode 2
Event: 11.037 Thread 0x0000020b34eebd80 Uncommon trap: trap_request=0xffffffde fr.pc=0x0000020b77a7ed88 relative=0x0000000000009f68
Event: 11.037 Thread 0x0000020b34eebd80 Uncommon trap: reason=class_check action=maybe_recompile pc=0x0000020b77a7ed88 method=lombok.patcher.PatchScript$MethodPatcher.visitMethod(ILjava/lang/String;Ljava/lang/String;Ljava/lang/String;[Ljava/lang/String;)Lorg/lombokweb/asm/MethodVisitor; @ 101 c
Event: 11.037 Thread 0x0000020b34eebd80 DEOPT PACKING pc=0x0000020b77a7ed88 sp=0x00000030dddf9a80
Event: 11.037 Thread 0x0000020b34eebd80 DEOPT UNPACKING pc=0x0000020b774166a3 sp=0x00000030dddf9a38 mode 2
Event: 11.037 Thread 0x0000020b34eebd80 Uncommon trap: trap_request=0xffffffde fr.pc=0x0000020b77a7ed88 relative=0x0000000000009f68
Event: 11.037 Thread 0x0000020b34eebd80 Uncommon trap: reason=class_check action=maybe_recompile pc=0x0000020b77a7ed88 method=lombok.patcher.PatchScript$MethodPatcher.visitMethod(ILjava/lang/String;Ljava/lang/String;Ljava/lang/String;[Ljava/lang/String;)Lorg/lombokweb/asm/MethodVisitor; @ 101 c
Event: 11.037 Thread 0x0000020b34eebd80 DEOPT PACKING pc=0x0000020b77a7ed88 sp=0x00000030dddf9a80
Event: 11.037 Thread 0x0000020b34eebd80 DEOPT UNPACKING pc=0x0000020b774166a3 sp=0x00000030dddf9a38 mode 2
Event: 11.037 Thread 0x0000020b34eebd80 Uncommon trap: trap_request=0xffffffde fr.pc=0x0000020b77a7ed88 relative=0x0000000000009f68
Event: 11.037 Thread 0x0000020b34eebd80 Uncommon trap: reason=class_check action=maybe_recompile pc=0x0000020b77a7ed88 method=lombok.patcher.PatchScript$MethodPatcher.visitMethod(ILjava/lang/String;Ljava/lang/String;Ljava/lang/String;[Ljava/lang/String;)Lorg/lombokweb/asm/MethodVisitor; @ 101 c
Event: 11.037 Thread 0x0000020b34eebd80 DEOPT PACKING pc=0x0000020b77a7ed88 sp=0x00000030dddf9a80
Event: 11.037 Thread 0x0000020b34eebd80 DEOPT UNPACKING pc=0x0000020b774166a3 sp=0x00000030dddf9a38 mode 2
Event: 11.375 Thread 0x0000020b34eefa40 Uncommon trap: trap_request=0xffffff45 fr.pc=0x0000020b77be01fc relative=0x000000000000801c
Event: 11.375 Thread 0x0000020b34eefa40 Uncommon trap: reason=unstable_if action=reinterpret pc=0x0000020b77be01fc method=java.util.concurrent.locks.AbstractQueuedSynchronizer.signalNext(Ljava/util/concurrent/locks/AbstractQueuedSynchronizer$Node;)V @ 17 c2
Event: 11.375 Thread 0x0000020b34eefa40 DEOPT PACKING pc=0x0000020b77be01fc sp=0x00000030ddcfdb50
Event: 11.375 Thread 0x0000020b34eefa40 DEOPT UNPACKING pc=0x0000020b774166a3 sp=0x00000030ddcfd798 mode 2

Classes unloaded (7 events):
Event: 3.282 Thread 0x0000020b2b5a76a0 Unloading class 0x000000008021a400 'java/lang/invoke/LambdaForm$MH+0x000000008021a400'
Event: 3.282 Thread 0x0000020b2b5a76a0 Unloading class 0x000000008021a000 'java/lang/invoke/LambdaForm$MH+0x000000008021a000'
Event: 3.282 Thread 0x0000020b2b5a76a0 Unloading class 0x0000000080219c00 'java/lang/invoke/LambdaForm$MH+0x0000000080219c00'
Event: 3.282 Thread 0x0000020b2b5a76a0 Unloading class 0x0000000080219800 'java/lang/invoke/LambdaForm$MH+0x0000000080219800'
Event: 3.282 Thread 0x0000020b2b5a76a0 Unloading class 0x0000000080219400 'java/lang/invoke/LambdaForm$BMH+0x0000000080219400'
Event: 3.282 Thread 0x0000020b2b5a76a0 Unloading class 0x0000000080219000 'java/lang/invoke/LambdaForm$DMH+0x0000000080219000'
Event: 3.282 Thread 0x0000020b2b5a76a0 Unloading class 0x0000000080214400 'java/lang/invoke/LambdaForm$DMH+0x0000000080214400'

Classes redefined (0 events):
No events

Internal exceptions (20 events):
Event: 6.391 Thread 0x0000020b6ba2eb20 Exception <a 'java/lang/NoSuchMethodError'{0x00000220d4e51410}: 'java.lang.Object java.lang.invoke.DirectMethodHandle$Holder.newInvokeSpecial(java.lang.Object, java.lang.Object, long)'> (0x00000220d4e51410) 
thrown [s\src\hotspot\share\interpreter\linkResolver.cpp, line 759]
Event: 6.499 Thread 0x0000020b6ba2eb20 Exception <a 'java/lang/NoSuchMethodError'{0x00000220d521b840}: 'void java.lang.invoke.DirectMethodHandle$Holder.invokeStatic(java.lang.Object, java.lang.Object, java.lang.Object, java.lang.Object)'> (0x00000220d521b840) 
thrown [s\src\hotspot\share\interpreter\linkResolver.cpp, line 759]
Event: 6.705 Thread 0x0000020b6ba2eb20 Exception <a 'java/lang/NoSuchMethodError'{0x00000220d5d64e08}: 'void java.lang.invoke.DirectMethodHandle$Holder.invokeSpecial(java.lang.Object, java.lang.Object, java.lang.Object, java.lang.Object, java.lang.Object, java.lang.Object)'> (0x00000220d5d64e08) 
thrown [s\src\hotspot\share\interpreter\linkResolver.cpp, line 759]
Event: 6.708 Thread 0x0000020b6ba2eb20 Exception <a 'java/lang/IncompatibleClassChangeError'{0x00000220d5d71740}: Found class java.lang.Object, but interface was expected> (0x00000220d5d71740) 
thrown [s\src\hotspot\share\interpreter\linkResolver.cpp, line 826]
Event: 8.116 Thread 0x0000020b34eea430 Exception <a 'java/io/FileNotFoundException'{0x00000220d550fca0}> (0x00000220d550fca0) 
thrown [s\src\hotspot\share\prims\jni.cpp, line 516]
Event: 8.305 Thread 0x0000020b309c4200 Exception <a 'java/io/FileNotFoundException'{0x00000220d5b2f388}> (0x00000220d5b2f388) 
thrown [s\src\hotspot\share\prims\jni.cpp, line 516]
Event: 8.305 Thread 0x0000020b309c4200 Exception <a 'java/io/FileNotFoundException'{0x00000220d5b30c28}> (0x00000220d5b30c28) 
thrown [s\src\hotspot\share\prims\jni.cpp, line 516]
Event: 8.307 Thread 0x0000020b309c4200 Exception <a 'java/lang/NoSuchMethodError'{0x00000220d5b45750}: 'void java.lang.invoke.DirectMethodHandle$Holder.invokeStaticInit(java.lang.Object, java.lang.Object, java.lang.Object)'> (0x00000220d5b45750) 
thrown [s\src\hotspot\share\interpreter\linkResolver.cpp, line 759]
Event: 8.334 Thread 0x0000020b309c4200 Exception <a 'java/io/FileNotFoundException'{0x00000220d5c4ce28}> (0x00000220d5c4ce28) 
thrown [s\src\hotspot\share\prims\jni.cpp, line 516]
Event: 8.402 Thread 0x0000020b34eef530 Exception <a 'java/lang/NoSuchMethodError'{0x00000220d4916360}: 'java.lang.Object java.lang.invoke.Invokers$Holder.invoke_MT(java.lang.Object, java.lang.Object, java.lang.Object)'> (0x00000220d4916360) 
thrown [s\src\hotspot\share\interpreter\linkResolver.cpp, line 759]
Event: 9.186 Thread 0x0000020b34eeb360 Exception <a 'java/lang/NoSuchMethodError'{0x00000220d5456b30}: 'java.lang.Object java.lang.invoke.DirectMethodHandle$Holder.invokeInterface(java.lang.Object, java.lang.Object, java.lang.Object)'> (0x00000220d5456b30) 
thrown [s\src\hotspot\share\interpreter\linkResolver.cpp, line 759]
Event: 9.186 Thread 0x0000020b34eea430 Exception <a 'java/lang/NoSuchMethodError'{0x00000220d54665c0}: 'java.lang.Object java.lang.invoke.DirectMethodHandle$Holder.invokeInterface(java.lang.Object, java.lang.Object, java.lang.Object)'> (0x00000220d54665c0) 
thrown [s\src\hotspot\share\interpreter\linkResolver.cpp, line 759]
Event: 9.186 Thread 0x0000020b34eefa40 Exception <a 'java/lang/NoSuchMethodError'{0x00000220d5380a58}: 'java.lang.Object java.lang.invoke.DirectMethodHandle$Holder.invokeInterface(java.lang.Object, java.lang.Object, java.lang.Object)'> (0x00000220d5380a58) 
thrown [s\src\hotspot\share\interpreter\linkResolver.cpp, line 759]
Event: 9.186 Thread 0x0000020b34eebd80 Exception <a 'java/lang/NoSuchMethodError'{0x00000220d5402648}: 'java.lang.Object java.lang.invoke.DirectMethodHandle$Holder.invokeInterface(java.lang.Object, java.lang.Object, java.lang.Object)'> (0x00000220d5402648) 
thrown [s\src\hotspot\share\interpreter\linkResolver.cpp, line 759]
Event: 9.633 Thread 0x0000020b34eebd80 Exception <a 'java/lang/LinkageError'{0x00000220d54164b0}: loader lombok.launch.ShadowClassLoader @22558db3 attempted duplicate class definition for lombok.launch.PatchFixesHider$Transform. (lombok.launch.PatchFixesHider$Transform is in unnamed module of loader lombok.launch.ShadowClassLoader @22558db3, parent loader org.eclipse.osgi.internal.loader.EquinoxClassLoader @3f3d13a0)> (0x00000220d54164b0) 
thrown [s\src\hotspot\share\classfile\systemDictionary.cpp, line 1724]
Event: 9.633 Thread 0x0000020b34eea430 Exception <a 'java/lang/LinkageError'{0x00000220d54f9060}: loader lombok.launch.ShadowClassLoader @22558db3 attempted duplicate class definition for lombok.launch.PatchFixesHider$Transform. (lombok.launch.PatchFixesHider$Transform is in unnamed module of loader lombok.launch.ShadowClassLoader @22558db3, parent loader org.eclipse.osgi.internal.loader.EquinoxClassLoader @3f3d13a0)> (0x00000220d54f9060) 
thrown [s\src\hotspot\share\classfile\systemDictionary.cpp, line 1724]
Event: 9.634 Thread 0x0000020b34eeb360 Exception <a 'java/lang/LinkageError'{0x00000220d54fddd0}: loader lombok.launch.ShadowClassLoader @22558db3 attempted duplicate class definition for lombok.launch.PatchFixesHider$Transform. (lombok.launch.PatchFixesHider$Transform is in unnamed module of loader lombok.launch.ShadowClassLoader @22558db3, parent loader org.eclipse.osgi.internal.loader.EquinoxClassLoader @3f3d13a0)> (0x00000220d54fddd0) 
thrown [s\src\hotspot\share\classfile\systemDictionary.cpp, line 1724]
Event: 10.902 Thread 0x0000020b34eea430 Exception <a 'java/lang/LinkageError'{0x00000220d50faa50}: loader lombok.launch.ShadowClassLoader @22558db3 attempted duplicate class definition for lombok.launch.PatchFixesHider$ValPortal. (lombok.launch.PatchFixesHider$ValPortal is in unnamed module of loader lombok.launch.ShadowClassLoader @22558db3, parent loader org.eclipse.osgi.internal.loader.EquinoxClassLoader @3f3d13a0)> (0x00000220d50faa50) 
thrown [s\src\hotspot\share\classfile\systemDictionary.cpp, line 1724]
Event: 10.902 Thread 0x0000020b34eebd80 Exception <a 'java/lang/LinkageError'{0x00000220d5081b60}: loader lombok.launch.ShadowClassLoader @22558db3 attempted duplicate class definition for lombok.launch.PatchFixesHider$ValPortal. (lombok.launch.PatchFixesHider$ValPortal is in unnamed module of loader lombok.launch.ShadowClassLoader @22558db3, parent loader org.eclipse.osgi.internal.loader.EquinoxClassLoader @3f3d13a0)> (0x00000220d5081b60) 
thrown [s\src\hotspot\share\classfile\systemDictionary.cpp, line 1724]
Event: 10.908 Thread 0x0000020b34eefa40 Exception <a 'java/lang/LinkageError'{0x00000220d5066710}: loader lombok.launch.ShadowClassLoader @22558db3 attempted duplicate class definition for lombok.launch.PatchFixesHider$ValPortal. (lombok.launch.PatchFixesHider$ValPortal is in unnamed module of loader lombok.launch.ShadowClassLoader @22558db3, parent loader org.eclipse.osgi.internal.loader.EquinoxClassLoader @3f3d13a0)> (0x00000220d5066710) 
thrown [s\src\hotspot\share\classfile\systemDictionary.cpp, line 1724]

VM Operations (20 events):
Event: 9.761 Executing VM operation: ParallelGCFailedAllocation
Event: 9.765 Executing VM operation: ParallelGCFailedAllocation done
Event: 10.237 Executing VM operation: ParallelGCFailedAllocation
Event: 10.240 Executing VM operation: ParallelGCFailedAllocation done
Event: 10.567 Executing VM operation: ParallelGCFailedAllocation
Event: 10.569 Executing VM operation: ParallelGCFailedAllocation done
Event: 10.995 Executing VM operation: ParallelGCFailedAllocation
Event: 10.998 Executing VM operation: ParallelGCFailedAllocation done
Event: 11.123 Executing VM operation: ParallelGCFailedAllocation
Event: 11.125 Executing VM operation: ParallelGCFailedAllocation done
Event: 11.183 Executing VM operation: ParallelGCFailedAllocation
Event: 11.185 Executing VM operation: ParallelGCFailedAllocation done
Event: 11.324 Executing VM operation: HandshakeAllThreads
Event: 11.325 Executing VM operation: HandshakeAllThreads done
Event: 11.389 Executing VM operation: HandshakeAllThreads
Event: 11.389 Executing VM operation: HandshakeAllThreads done
Event: 11.395 Executing VM operation: ParallelGCFailedAllocation
Event: 11.396 Executing VM operation: ParallelGCFailedAllocation done
Event: 11.396 Executing VM operation: ParallelGCSystemGC
Event: 11.401 Executing VM operation: ParallelGCSystemGC done

Events (20 events):
Event: 9.175 loading class jdk/internal/reflect/UnsafeIntegerFieldAccessorImpl
Event: 9.175 loading class jdk/internal/reflect/UnsafeIntegerFieldAccessorImpl done
Event: 9.193 loading class java/util/concurrent/locks/ReentrantReadWriteLock$Sync$HoldCounter
Event: 9.193 loading class java/util/concurrent/locks/ReentrantReadWriteLock$Sync$HoldCounter done
Event: 9.317 loading class java/lang/ExceptionInInitializerError
Event: 9.317 loading class java/lang/ExceptionInInitializerError done
Event: 9.907 Thread 0x0000020b33d2c370 Thread exited: 0x0000020b33d2c370
Event: 10.084 loading class java/util/Vector$1
Event: 10.084 loading class java/util/Vector$1 done
Event: 10.261 Thread 0x0000020b33f35640 Thread added: 0x0000020b33f35640
Event: 10.557 Thread 0x0000020b33f35640 Thread exited: 0x0000020b33f35640
Event: 10.651 loading class java/util/Collections$UnmodifiableSortedSet
Event: 10.651 loading class java/util/Collections$UnmodifiableSortedSet done
Event: 10.770 loading class java/util/regex/Pattern$Caret
Event: 10.770 loading class java/util/regex/Pattern$Caret done
Event: 10.784 Thread 0x0000020b33d25f80 Thread exited: 0x0000020b33d25f80
Event: 11.009 Thread 0x0000020b324b02a0 Thread added: 0x0000020b324b02a0
Event: 11.103 Thread 0x0000020b34fb9b90 Thread added: 0x0000020b34fb9b90
Event: 11.412 loading class java/util/Hashtable$ValueCollection
Event: 11.413 loading class java/util/Hashtable$ValueCollection done


Dynamic libraries:
0x00007ff6acd10000 - 0x00007ff6acd1e000 	c:\Users\galax\.vscode\extensions\redhat.java-1.30.0-win32-x64\jre\17.0.10-win32-x86_64\bin\java.exe
0x00007ffc766f0000 - 0x00007ffc76907000 	C:\WINDOWS\SYSTEM32\ntdll.dll
0x00007ffc758e0000 - 0x00007ffc759a4000 	C:\WINDOWS\System32\KERNEL32.DLL
0x00007ffc73a60000 - 0x00007ffc73e07000 	C:\WINDOWS\System32\KERNELBASE.dll
0x00007ffc741a0000 - 0x00007ffc742b1000 	C:\WINDOWS\System32\ucrtbase.dll
0x00007ffc6e720000 - 0x00007ffc6e737000 	c:\Users\galax\.vscode\extensions\redhat.java-1.30.0-win32-x64\jre\17.0.10-win32-x86_64\bin\jli.dll
0x00007ffc6e740000 - 0x00007ffc6e75b000 	c:\Users\galax\.vscode\extensions\redhat.java-1.30.0-win32-x64\jre\17.0.10-win32-x86_64\bin\VCRUNTIME140.dll
0x00007ffc752b0000 - 0x00007ffc7545e000 	C:\WINDOWS\System32\USER32.dll
0x00007ffc73e10000 - 0x00007ffc73e36000 	C:\WINDOWS\System32\win32u.dll
0x00007ffc75d60000 - 0x00007ffc75d89000 	C:\WINDOWS\System32\GDI32.dll
0x00007ffc74050000 - 0x00007ffc74169000 	C:\WINDOWS\System32\gdi32full.dll
0x00007ffc5e3f0000 - 0x00007ffc5e683000 	C:\WINDOWS\WinSxS\amd64_microsoft.windows.common-controls_6595b64144ccf1df_6.0.22621.3527_none_270e469b73872a76\COMCTL32.dll
0x00007ffc73e40000 - 0x00007ffc73eda000 	C:\WINDOWS\System32\msvcp_win.dll
0x00007ffc74c50000 - 0x00007ffc74cf7000 	C:\WINDOWS\System32\msvcrt.dll
0x00007ffc751f0000 - 0x00007ffc75221000 	C:\WINDOWS\System32\IMM32.DLL
0x00007ffc70740000 - 0x00007ffc7074c000 	c:\Users\galax\.vscode\extensions\redhat.java-1.30.0-win32-x64\jre\17.0.10-win32-x86_64\bin\vcruntime140_1.dll
0x00007ffc5d860000 - 0x00007ffc5d8ed000 	c:\Users\galax\.vscode\extensions\redhat.java-1.30.0-win32-x64\jre\17.0.10-win32-x86_64\bin\msvcp140.dll
0x00007ffc1f710000 - 0x00007ffc20372000 	c:\Users\galax\.vscode\extensions\redhat.java-1.30.0-win32-x64\jre\17.0.10-win32-x86_64\bin\server\jvm.dll
0x00007ffc75010000 - 0x00007ffc750c2000 	C:\WINDOWS\System32\ADVAPI32.dll
0x00007ffc76090000 - 0x00007ffc76138000 	C:\WINDOWS\System32\sechost.dll
0x00007ffc74170000 - 0x00007ffc74198000 	C:\WINDOWS\System32\bcrypt.dll
0x00007ffc75be0000 - 0x00007ffc75cf5000 	C:\WINDOWS\System32\RPCRT4.dll
0x00007ffc738a0000 - 0x00007ffc738ed000 	C:\WINDOWS\SYSTEM32\POWRPROF.dll
0x00007ffc6e710000 - 0x00007ffc6e719000 	C:\WINDOWS\SYSTEM32\WSOCK32.dll
0x00007ffc6c3e0000 - 0x00007ffc6c414000 	C:\WINDOWS\SYSTEM32\WINMM.dll
0x00007ffc6a810000 - 0x00007ffc6a81a000 	C:\WINDOWS\SYSTEM32\VERSION.dll
0x00007ffc75230000 - 0x00007ffc752a1000 	C:\WINDOWS\System32\WS2_32.dll
0x00007ffc73880000 - 0x00007ffc73893000 	C:\WINDOWS\SYSTEM32\UMPDC.dll
0x00007ffc729c0000 - 0x00007ffc729d8000 	C:\WINDOWS\SYSTEM32\kernel.appcore.dll
0x00007ffc6dfd0000 - 0x00007ffc6dfda000 	c:\Users\galax\.vscode\extensions\redhat.java-1.30.0-win32-x64\jre\17.0.10-win32-x86_64\bin\jimage.dll
0x00007ffc713a0000 - 0x00007ffc715d2000 	C:\WINDOWS\SYSTEM32\DBGHELP.DLL
0x00007ffc762f0000 - 0x00007ffc76678000 	C:\WINDOWS\System32\combase.dll
0x00007ffc74f30000 - 0x00007ffc75007000 	C:\WINDOWS\System32\OLEAUT32.dll
0x00007ffc68c20000 - 0x00007ffc68c52000 	C:\WINDOWS\SYSTEM32\dbgcore.DLL
0x00007ffc739e0000 - 0x00007ffc73a59000 	C:\WINDOWS\System32\bcryptPrimitives.dll
0x00007ffc6b5c0000 - 0x00007ffc6b5ce000 	c:\Users\galax\.vscode\extensions\redhat.java-1.30.0-win32-x64\jre\17.0.10-win32-x86_64\bin\instrument.dll
0x00007ffc60a70000 - 0x00007ffc60a95000 	c:\Users\galax\.vscode\extensions\redhat.java-1.30.0-win32-x64\jre\17.0.10-win32-x86_64\bin\java.dll
0x00007ffc6b1c0000 - 0x00007ffc6b1d8000 	c:\Users\galax\.vscode\extensions\redhat.java-1.30.0-win32-x64\jre\17.0.10-win32-x86_64\bin\zip.dll
0x00007ffc743f0000 - 0x00007ffc74c4c000 	C:\WINDOWS\System32\SHELL32.dll
0x00007ffc718d0000 - 0x00007ffc721c6000 	C:\WINDOWS\SYSTEM32\windows.storage.dll
0x00007ffc71790000 - 0x00007ffc718ce000 	C:\WINDOWS\SYSTEM32\wintypes.dll
0x00007ffc75d90000 - 0x00007ffc75e85000 	C:\WINDOWS\System32\SHCORE.dll
0x00007ffc74dd0000 - 0x00007ffc74e2e000 	C:\WINDOWS\System32\shlwapi.dll
0x00007ffc73910000 - 0x00007ffc73931000 	C:\WINDOWS\SYSTEM32\profapi.dll
0x00007ffc60870000 - 0x00007ffc60889000 	C:\Users\galax\.vscode\extensions\redhat.java-1.30.0-win32-x64\jre\17.0.10-win32-x86_64\bin\net.dll
0x00007ffc6ce70000 - 0x00007ffc6cfa6000 	C:\WINDOWS\SYSTEM32\WINHTTP.dll
0x00007ffc72e20000 - 0x00007ffc72e89000 	C:\WINDOWS\system32\mswsock.dll
0x00007ffc60850000 - 0x00007ffc60866000 	C:\Users\galax\.vscode\extensions\redhat.java-1.30.0-win32-x64\jre\17.0.10-win32-x86_64\bin\nio.dll
0x00007ffc6b5b0000 - 0x00007ffc6b5c0000 	c:\Users\galax\.vscode\extensions\redhat.java-1.30.0-win32-x64\jre\17.0.10-win32-x86_64\bin\verify.dll
0x00007ffc60790000 - 0x00007ffc607ce000 	C:\Users\galax\AppData\Roaming\Code\User\globalStorage\redhat.java\1.30.0\config_ss_win\org.eclipse.equinox.launcher\org.eclipse.equinox.launcher.win32.win32.x86_64_1.2.900.v20240213-1244\eclipse_11900.dll
0x00007ffc76140000 - 0x00007ffc762e5000 	C:\WINDOWS\System32\ole32.dll
0x00007ffc73070000 - 0x00007ffc7308b000 	C:\WINDOWS\SYSTEM32\CRYPTSP.dll
0x00007ffc72920000 - 0x00007ffc72955000 	C:\WINDOWS\system32\rsaenh.dll
0x00007ffc72ed0000 - 0x00007ffc72ef8000 	C:\WINDOWS\SYSTEM32\USERENV.dll
0x00007ffc73030000 - 0x00007ffc7303c000 	C:\WINDOWS\SYSTEM32\CRYPTBASE.dll
0x00007ffc72470000 - 0x00007ffc7249d000 	C:\WINDOWS\SYSTEM32\IPHLPAPI.DLL
0x00007ffc74db0000 - 0x00007ffc74db9000 	C:\WINDOWS\System32\NSI.dll
0x00007ffc6d570000 - 0x00007ffc6d589000 	C:\WINDOWS\SYSTEM32\dhcpcsvc6.DLL
0x00007ffc6d080000 - 0x00007ffc6d09f000 	C:\WINDOWS\SYSTEM32\dhcpcsvc.DLL
0x00007ffc724a0000 - 0x00007ffc72598000 	C:\WINDOWS\SYSTEM32\DNSAPI.dll
0x00007ffc5eff0000 - 0x00007ffc5f035000 	C:\Users\galax\AppData\Local\Temp\jna-79889305\jna14236962950708477253.dll
0x00007ffc74dc0000 - 0x00007ffc74dc8000 	C:\WINDOWS\System32\PSAPI.DLL

dbghelp: loaded successfully - version: 4.0.5 - missing functions: none
symbol engine: initialized successfully - sym options: 0x614 - pdb path: .;c:\Users\galax\.vscode\extensions\redhat.java-1.30.0-win32-x64\jre\17.0.10-win32-x86_64\bin;C:\WINDOWS\SYSTEM32;C:\WINDOWS\WinSxS\amd64_microsoft.windows.common-controls_6595b64144ccf1df_6.0.22621.3527_none_270e469b73872a76;c:\Users\galax\.vscode\extensions\redhat.java-1.30.0-win32-x64\jre\17.0.10-win32-x86_64\bin\server;C:\Users\galax\AppData\Roaming\Code\User\globalStorage\redhat.java\1.30.0\config_ss_win\org.eclipse.equinox.launcher\org.eclipse.equinox.launcher.win32.win32.x86_64_1.2.900.v20240213-1244;C:\Users\galax\AppData\Local\Temp\jna-79889305

VM Arguments:
jvm_args: --add-modules=ALL-SYSTEM --add-opens=java.base/java.util=ALL-UNNAMED --add-opens=java.base/java.lang=ALL-UNNAMED --add-opens=java.base/sun.nio.fs=ALL-UNNAMED -Declipse.application=org.eclipse.jdt.ls.core.id1 -Dosgi.bundles.defaultStartLevel=4 -Declipse.product=org.eclipse.jdt.ls.core.product -Djava.import.generatesMetadataFilesAtProjectRoot=false -DDetectVMInstallationsJob.disabled=true -Dfile.encoding=utf8 -XX:+UseParallelGC -XX:GCTimeRatio=4 -XX:AdaptiveSizePolicyWeight=90 -Dsun.zip.disableMemoryMapping=true -Xmx128G -Xms100m -Xlog:disable -javaagent:c:\Users\galax\.vscode\extensions\redhat.java-1.30.0-win32-x64\lombok\lombok-1.18.32.jar 
java_command: c:\Users\galax\.vscode\extensions\redhat.java-1.30.0-win32-x64\server\plugins\org.eclipse.equinox.launcher_1.6.800.v20240330-1250.jar -configuration c:\Users\galax\AppData\Roaming\Code\User\globalStorage\redhat.java\1.30.0\config_ss_win -data c:\Users\galax\AppData\Roaming\Code\User\workspaceStorage\715939317411bacedd6cdfeea8c9b0d6\redhat.java\ss_ws --pipe=\\.\pipe\lsp-faf1401c0f10a5e4c8fef497105500ee-sock
java_class_path (initial): c:\Users\galax\.vscode\extensions\redhat.java-1.30.0-win32-x64\server\plugins\org.eclipse.equinox.launcher_1.6.800.v20240330-1250.jar
Launcher Type: SUN_STANDARD

[Global flags]
    uintx AdaptiveSizePolicyWeight                 = 90                                        {product} {command line}
     intx CICompilerCount                          = 4                                         {product} {ergonomic}
    uintx GCTimeRatio                              = 4                                         {product} {command line}
   size_t InitialHeapSize                          = 104857600                                 {product} {command line}
   size_t MaxHeapSize                              = 137438953472                              {product} {command line}
   size_t MaxNewSize                               = 45812809728                               {product} {ergonomic}
   size_t MinHeapDeltaBytes                        = 524288                                    {product} {ergonomic}
   size_t MinHeapSize                              = 104857600                                 {product} {command line}
   size_t NewSize                                  = 34603008                                  {product} {ergonomic}
    uintx NonNMethodCodeHeapSize                   = 5839372                                {pd product} {ergonomic}
    uintx NonProfiledCodeHeapSize                  = 122909434                              {pd product} {ergonomic}
   size_t OldSize                                  = 70254592                                  {product} {ergonomic}
    uintx ProfiledCodeHeapSize                     = 122909434                              {pd product} {ergonomic}
    uintx ReservedCodeCacheSize                    = 251658240                              {pd product} {ergonomic}
     bool SegmentedCodeCache                       = true                                      {product} {ergonomic}
   size_t SoftMaxHeapSize                          = 137438953472                           {manageable} {ergonomic}
     bool UseCompressedClassPointers               = true                           {product lp64_product} {ergonomic}
     bool UseLargePagesIndividualAllocation        = false                                  {pd product} {ergonomic}
     bool UseParallelGC                            = true                                      {product} {command line}

Logging:
Log output configuration:
 #0: stdout all=off uptime,level,tags
 #1: stderr all=off uptime,level,tags

Environment Variables:
JAVA_HOME=C:\Program Files\Eclipse Adoptium\jdk-21.0.1.12-hotspot
PATH=C:\Program Files\Eclipse Adoptium\jdk-21.0.3.9-hotspot\bin;C:\Program Files\Common Files\Oracle\Java\javapath;C:\Program Files\Eclipse Adoptium\jdk-21.0.1.12-hotspot;C:\Program Files (x86)\Common Files\Oracle\Java\java8path;C:\Program Files (x86)\Common Files\Oracle\Java\javapath;C:\Windows\system32;C:\Windows;C:\Windows\System32\Wbem;C:\Windows\System32\WindowsPowerShell\v1.0\;C:\Windows\System32\OpenSSH\;C:\Program Files (x86)\NVIDIA Corporation\PhysX\Common;C:\Program Files\NVIDIA Corporation\NVIDIA NvDLISR;C:\WINDOWS\system32;C:\WINDOWS;C:\WINDOWS\System32\Wbem;C:\WINDOWS\System32\WindowsPowerShell\v1.0\;C:\WINDOWS\System32\OpenSSH\;C:\Users\galax\AppData\Roaming\nvm;C:\Program Files\nodejs;C:\Program Files\Graphviz\bin;C:\Program Files\GitHub CLI\;C:\Program Files\Git\cmd;C:\Users\galax\AppData\Local\Programs\Python\Python39\Scripts\;C:\Users\galax\AppData\Local\Programs\Python\Python39\;C:\Users\galax\AppData\Local\Programs\Python\Python312\Scripts\;C:\Users\galax\AppData\Local\Programs\Python\Python312\;C:\Users\galax\.console-ninja\.bin;C:\Users\galax\AppData\Local\Microsoft\WindowsApps;C:\Users\galax\AppData\Local\Programs\oh-my-posh\bin;C:\Program Files\JetBrains\IntelliJ IDEA Community Edition 2023.2\bin;C:\Users\galax\AppData\Roaming\npm;C:\Users\galax\AppData\Local\Programs\mongosh\;C:\Users\galax\AppData\Local\GitHubDesktop\bin;C:\Users\galax\AppData\Roaming\nvm;C:\Program Files\nodejs;C:\Program Files\Eclipse Adoptium\jdk-21.0.1.12-hotspot;C:\Program Files\Git\bin;D:\whois;C:\Program Files (x86)\IntelliJ IDEA Community Edition 2023.2\bin;;C:\Microsoft VS Code\bin;
USERNAME=Singh
OS=Windows_NT
PROCESSOR_IDENTIFIER=AMD64 Family 25 Model 80 Stepping 0, AuthenticAMD
TMP=C:\Users\galax\AppData\Local\Temp
TEMP=C:\Users\galax\AppData\Local\Temp



Periodic native trim disabled


---------------  S Y S T E M  ---------------

OS:
 Windows 11 , 64 bit Build 22621 (10.0.22621.3527)
OS uptime: 0 days 11:18 hours
Hyper-V role detected

CPU: total 12 (initial active 12) (12 cores per cpu, 2 threads per core) family 25 model 80 stepping 0 microcode 0x0, cx8, cmov, fxsr, ht, mmx, 3dnowpref, sse, sse2, sse3, ssse3, sse4a, sse4.1, sse4.2, popcnt, lzcnt, tsc, tscinvbit, avx, avx2, aes, erms, clmul, bmi1, bmi2, adx, sha, fma, vzeroupper, clflush, clflushopt, hv
Processor Information for all 12 processors :
  Max Mhz: 3301, Current Mhz: 1908, Mhz Limit: 3301

Memory: 4k page, system-wide physical 15724M (6972M free)
TotalPageFile size 20724M (AvailPageFile size 223M)
current process WorkingSet (physical memory assigned to process): 231M, peak: 234M
current process commit charge ("private bytes"): 4645M, peak: 4649M

vm_info: OpenJDK 64-Bit Server VM (17.0.10+7) for windows-amd64 JRE (17.0.10+7), built on Jan 16 2024 23:25:11 by "admin" with MS VC++ 16.10 / 16.11 (VS2019)

END.
