#
# There is insufficient memory for the Java Runtime Environment to continue.
# Native memory allocation (malloc) failed to allocate 168976 bytes for Chunk::new
# Possible reasons:
#   The system is out of physical RAM or swap space
# Possible solutions:
#   Reduce memory load on the system
#   Increase physical memory or swap space
#   Check if swap backing store is full
#   Decrease Java heap size (-Xmx/-Xms)
#   Decrease number of Java threads
#   Decrease Java thread stack sizes (-Xss)
#   Set larger code cache with -XX:ReservedCodeCacheSize=
# This output file may be truncated or incomplete.
#
#  Out of Memory Error (arena.cpp:191), pid=7576, tid=7196
#
# JRE version: OpenJDK Runtime Environment Temurin-17.0.10+7 (17.0.10+7) (build 17.0.10+7)
# Java VM: OpenJDK 64-Bit Server VM Temurin-17.0.10+7 (17.0.10+7, mixed mode, tiered, compressed class ptrs, parallel gc, windows-amd64)
# No core dump will be written. Minidumps are not enabled by default on client versions of Windows
#

---------------  S U M M A R Y ------------

Command Line: --add-modules=ALL-SYSTEM --add-opens=java.base/java.util=ALL-UNNAMED --add-opens=java.base/java.lang=ALL-UNNAMED --add-opens=java.base/sun.nio.fs=ALL-UNNAMED -Declipse.application=org.eclipse.jdt.ls.core.id1 -Dosgi.bundles.defaultStartLevel=4 -Declipse.product=org.eclipse.jdt.ls.core.product -Djava.import.generatesMetadataFilesAtProjectRoot=false -DDetectVMInstallationsJob.disabled=true -Dfile.encoding=utf8 -XX:+UseParallelGC -XX:GCTimeRatio=4 -XX:AdaptiveSizePolicyWeight=90 -Dsun.zip.disableMemoryMapping=true -Xmx64G -Xms100m -Xlog:disable -javaagent:c:\Users\galax\.vscode\extensions\redhat.java-1.28.1-win32-x64\lombok\lombok-1.18.31.jar c:\Users\galax\.vscode\extensions\redhat.java-1.28.1-win32-x64\server\plugins\org.eclipse.equinox.launcher_1.6.700.v20231214-2017.jar -configuration c:\Users\galax\AppData\Roaming\Code\User\globalStorage\redhat.java\1.28.1\config_ss_win -data c:\Users\galax\AppData\Roaming\Code\User\workspaceStorage\715939317411bacedd6cdfeea8c9b0d6\redhat.java\ss_ws --stdio

Host: AMD Ryzen 5 5600H with Radeon Graphics         , 12 cores, 15G,  Windows 11 , 64 bit Build 22621 (10.0.22621.2506)
Time: Sat Feb 17 22:00:35 2024 India Standard Time elapsed time: 2.834676 seconds (0d 0h 0m 2s)

---------------  T H R E A D  ---------------

Current thread (0x0000025d2faf3c20):  JavaThread "C2 CompilerThread1" daemon [_thread_in_native, id=7196, stack(0x000000aaf3400000,0x000000aaf3500000)]


Current CompileTask:
C2:   2834 2623       4       java.util.Properties$LineReader::readLine (584 bytes)

Stack: [0x000000aaf3400000,0x000000aaf3500000]
Native frames: (J=compiled Java code, j=interpreted, Vv=VM code, C=native code)
V  [jvm.dll+0x67d2c9]
V  [jvm.dll+0x834afa]
V  [jvm.dll+0x8365be]
V  [jvm.dll+0x836c23]
V  [jvm.dll+0x2477ff]
V  [jvm.dll+0xac514]
V  [jvm.dll+0xacb5c]
V  [jvm.dll+0x3667d7]
V  [jvm.dll+0x330bfa]
V  [jvm.dll+0x33009a]
V  [jvm.dll+0x219ef1]
V  [jvm.dll+0x219311]
V  [jvm.dll+0x1a502d]
V  [jvm.dll+0x2290de]
V  [jvm.dll+0x2272ac]
V  [jvm.dll+0x7e9bb7]
V  [jvm.dll+0x7e3fba]
V  [jvm.dll+0x67c1b5]
C  [ucrtbase.dll+0x29363]
C  [KERNEL32.DLL+0x1257d]
C  [ntdll.dll+0x5aa58]


---------------  P R O C E S S  ---------------

Threads class SMR info:
_java_thread_list=0x0000025d32042730, length=21, elements={
0x0000024c8b39ccf0, 0x0000025d2a955260, 0x0000024c8b448130, 0x0000025d2f929b00,
0x0000025d2a95e210, 0x0000025d2f93da10, 0x0000025d2f93fce0, 0x0000025d2f944e10,
0x0000025d2f948ee0, 0x0000025d2f9497f0, 0x0000024c8b3fef30, 0x0000025d2fc7f970,
0x0000025d315553d0, 0x0000025d31f46650, 0x0000025d31a692d0, 0x0000025d31c03460,
0x0000025d31bd0a80, 0x0000025d31ca82a0, 0x0000025d31ca7880, 0x0000025d31ca96e0,
0x0000025d2faf3c20
}

Java Threads: ( => current thread )
  0x0000024c8b39ccf0 JavaThread "main" [_thread_blocked, id=24920, stack(0x000000aaf2700000,0x000000aaf2800000)]
  0x0000025d2a955260 JavaThread "Reference Handler" daemon [_thread_blocked, id=11556, stack(0x000000aaf2a00000,0x000000aaf2b00000)]
  0x0000024c8b448130 JavaThread "Finalizer" daemon [_thread_blocked, id=18872, stack(0x000000aaf2b00000,0x000000aaf2c00000)]
  0x0000025d2f929b00 JavaThread "Signal Dispatcher" daemon [_thread_blocked, id=2296, stack(0x000000aaf2c00000,0x000000aaf2d00000)]
  0x0000025d2a95e210 JavaThread "Attach Listener" daemon [_thread_blocked, id=21308, stack(0x000000aaf2d00000,0x000000aaf2e00000)]
  0x0000025d2f93da10 JavaThread "Service Thread" daemon [_thread_blocked, id=19824, stack(0x000000aaf2e00000,0x000000aaf2f00000)]
  0x0000025d2f93fce0 JavaThread "Monitor Deflation Thread" daemon [_thread_blocked, id=18640, stack(0x000000aaf2f00000,0x000000aaf3000000)]
  0x0000025d2f944e10 JavaThread "C2 CompilerThread0" daemon [_thread_in_native, id=9088, stack(0x000000aaf3000000,0x000000aaf3100000)]
  0x0000025d2f948ee0 JavaThread "C1 CompilerThread0" daemon [_thread_blocked, id=22276, stack(0x000000aaf3100000,0x000000aaf3200000)]
  0x0000025d2f9497f0 JavaThread "Sweeper thread" daemon [_thread_blocked, id=22456, stack(0x000000aaf3200000,0x000000aaf3300000)]
  0x0000024c8b3fef30 JavaThread "Common-Cleaner" daemon [_thread_blocked, id=23172, stack(0x000000aaf3300000,0x000000aaf3400000)]
  0x0000025d2fc7f970 JavaThread "Notification Thread" daemon [_thread_blocked, id=24740, stack(0x000000aaf3500000,0x000000aaf3600000)]
  0x0000025d315553d0 JavaThread "Active Thread: Equinox Container: bd484661-2b23-4ab9-9089-1d1d83ee4bbb" [_thread_blocked, id=9724, stack(0x000000aaf3700000,0x000000aaf3800000)]
  0x0000025d31f46650 JavaThread "Framework Event Dispatcher: Equinox Container: bd484661-2b23-4ab9-9089-1d1d83ee4bbb" daemon [_thread_blocked, id=19416, stack(0x000000aaf3d00000,0x000000aaf3e00000)]
  0x0000025d31a692d0 JavaThread "Start Level: Equinox Container: bd484661-2b23-4ab9-9089-1d1d83ee4bbb" daemon [_thread_blocked, id=13144, stack(0x000000aaf3e00000,0x000000aaf3f00000)]
  0x0000025d31c03460 JavaThread "SCR Component Actor" daemon [_thread_blocked, id=17748, stack(0x000000aaf4100000,0x000000aaf4200000)]
  0x0000025d31bd0a80 JavaThread "SCR Component Registry" daemon [_thread_blocked, id=2840, stack(0x000000aaf4200000,0x000000aaf4300000)]
  0x0000025d31ca82a0 JavaThread "Worker-JM" [_thread_blocked, id=23268, stack(0x000000aaf4300000,0x000000aaf4400000)]
  0x0000025d31ca7880 JavaThread "Worker-0: Refreshing workspace" [_thread_blocked, id=9852, stack(0x000000aaf4700000,0x000000aaf4800000)]
  0x0000025d31ca96e0 JavaThread "Worker-1" [_thread_blocked, id=24756, stack(0x000000aaf4800000,0x000000aaf4900000)]
=>0x0000025d2faf3c20 JavaThread "C2 CompilerThread1" daemon [_thread_in_native, id=7196, stack(0x000000aaf3400000,0x000000aaf3500000)]

Other Threads:
  0x0000025d2a941e70 VMThread "VM Thread" [stack: 0x000000aaf2900000,0x000000aaf2a00000] [id=20112]
  0x0000025d2fc800a0 WatcherThread [stack: 0x000000aaf3600000,0x000000aaf3700000] [id=5472]
  0x0000024c8b3b2cf0 GCTaskThread "GC Thread#0" [stack: 0x000000aaf2800000,0x000000aaf2900000] [id=11676]
  0x0000025d31344fe0 GCTaskThread "GC Thread#1" [stack: 0x000000aaf3800000,0x000000aaf3900000] [id=22636]
  0x0000025d31a6a970 GCTaskThread "GC Thread#2" [stack: 0x000000aaf3900000,0x000000aaf3a00000] [id=21088]
  0x0000025d318ad9d0 GCTaskThread "GC Thread#3" [stack: 0x000000aaf3a00000,0x000000aaf3b00000] [id=15276]
  0x0000025d318ae8a0 GCTaskThread "GC Thread#4" [stack: 0x000000aaf3b00000,0x000000aaf3c00000] [id=14920]
  0x0000025d318aeb60 GCTaskThread "GC Thread#5" [stack: 0x000000aaf3c00000,0x000000aaf3d00000] [id=1784]
  0x0000025d31b8d310 GCTaskThread "GC Thread#6" [stack: 0x000000aaf3f00000,0x000000aaf4000000] [id=19980]
  0x0000025d31a3cbe0 GCTaskThread "GC Thread#7" [stack: 0x000000aaf4000000,0x000000aaf4100000] [id=9664]
  0x0000025d31f2eea0 GCTaskThread "GC Thread#8" [stack: 0x000000aaf4400000,0x000000aaf4500000] [id=18144]
  0x0000025d31f6f700 GCTaskThread "GC Thread#9" [stack: 0x000000aaf4600000,0x000000aaf4700000] [id=20324]

Threads with active compile tasks:
C2 CompilerThread0     2868 2430       4       org.lombokweb.asm.ClassReader::readMethod (1066 bytes)
C1 CompilerThread0     2868 2655       3       sun.nio.fs.WindowsFileAttributes::fromFileAttributeData (104 bytes)
C2 CompilerThread1     2868 2623       4       java.util.Properties$LineReader::readLine (584 bytes)

VM state: at safepoint (normal execution)

VM Mutex/Monitor currently owned by a thread:  ([mutex/lock_event])
[0x0000024c8b3994d0] Threads_lock - owner thread: 0x0000025d2a941e70
[0x0000024c8b399560] Heap_lock - owner thread: 0x0000025d31ca7880

CDS archive(s) not mapped
Compressed class space mapped at: 0x0000000080000000-0x00000000c0000000, reserved size: 1073741824
Narrow klass base: 0x0000000000000000, Narrow klass shift: 0, Narrow klass range: 0xc0000000

GC Precious Log:
 CPUs: 12 total, 12 available
 Memory: 15724M
 Large Page Support: Disabled
 NUMA Support: Disabled
 Compressed Oops: Disabled
 Alignments: Space 512K, Generation 512K, Heap 2M
 Heap Min Capacity: 100M
 Heap Initial Capacity: 100M
 Heap Max Capacity: 64G
 Pre-touch: Disabled
 Parallel Workers: 10

Heap:
 PSYoungGen      total 27648K, used 27251K [0x0000025747d00000, 0x0000025749b80000, 0x0000025c9d200000)
  eden space 24576K, 100% used [0x0000025747d00000,0x0000025749500000,0x0000025749500000)
  from space 3072K, 87% used [0x0000025749880000,0x0000025749b1ccd8,0x0000025749b80000)
  to   space 3072K, 99% used [0x0000025749580000,0x000002574987e5c0,0x0000025749880000)
 ParOldGen       total 68608K, used 11801K [0x0000024c9d200000, 0x0000024ca1500000, 0x0000025747d00000)
  object space 68608K, 17% used [0x0000024c9d200000,0x0000024c9dd865b8,0x0000024ca1500000)
 Metaspace       used 27823K, committed 28288K, reserved 1114112K
  class space    used 2673K, committed 2880K, reserved 1048576K

Card table byte_map: [0x0000024c80000000,0x0000024c88010000] _byte_map_base: 0x0000024b59b17000

Marking Bits: (ParMarkBitMap*) 0x00007ff8fb2fd7d0
 Begin Bits: [0x0000025ca2760000, 0x0000025ce2760000)
 End Bits:   [0x0000025ce2760000, 0x0000025d22760000)

Polling page: 0x0000024c8ab50000

Metaspace:

Usage:
  Non-class:     24.56 MB used.
      Class:      2.61 MB used.
       Both:     27.17 MB used.

Virtual space:
  Non-class space:       64.00 MB reserved,      24.81 MB ( 39%) committed,  1 nodes.
      Class space:        1.00 GB reserved,       2.81 MB ( <1%) committed,  1 nodes.
             Both:        1.06 GB reserved,      27.62 MB (  3%) committed. 

Chunk freelists:
   Non-Class:  6.86 MB
       Class:  13.02 MB
        Both:  19.88 MB

MaxMetaspaceSize: unlimited
CompressedClassSpaceSize: 1.00 GB
Initial GC threshold: 21.00 MB
Current GC threshold: 35.00 MB
CDS: off
MetaspaceReclaimPolicy: balanced
 - commit_granule_bytes: 65536.
 - commit_granule_words: 8192.
 - virtual_space_node_default_size: 8388608.
 - enlarge_chunks_in_place: 1.
 - new_chunks_are_fully_committed: 0.
 - uncommit_free_chunks: 1.
 - use_allocation_guard: 0.
 - handle_deallocations: 1.


Internal statistics:

num_allocs_failed_limit: 3.
num_arena_births: 284.
num_arena_deaths: 14.
num_vsnodes_births: 2.
num_vsnodes_deaths: 0.
num_space_committed: 442.
num_space_uncommitted: 0.
num_chunks_returned_to_freelist: 17.
num_chunks_taken_from_freelist: 1031.
num_chunk_merges: 8.
num_chunk_splits: 684.
num_chunks_enlarged: 473.
num_inconsistent_stats: 0.

CodeHeap 'non-profiled nmethods': size=120000Kb used=1052Kb max_used=1052Kb free=118947Kb
 bounds [0x0000024c95b00000, 0x0000024c95d70000, 0x0000024c9d030000]
CodeHeap 'profiled nmethods': size=120000Kb used=5289Kb max_used=5289Kb free=114710Kb
 bounds [0x0000024c8e030000, 0x0000024c8e560000, 0x0000024c95560000]
CodeHeap 'non-nmethods': size=5760Kb used=1229Kb max_used=1244Kb free=4530Kb
 bounds [0x0000024c95560000, 0x0000024c957d0000, 0x0000024c95b00000]
 total_blobs=3194 nmethods=2650 adapters=458
 compilation: enabled
              stopped_count=0, restarted_count=0
 full_count=0

Compilation events (20 events):
Event: 2.827 Thread 0x0000025d2f948ee0 2620       3       java.lang.reflect.Field::getRoot (5 bytes)
Event: 2.827 Thread 0x0000025d2f948ee0 nmethod 2620 0x0000024c8e544510 code [0x0000024c8e5446a0, 0x0000024c8e5447b8]
Event: 2.827 Thread 0x0000025d2f948ee0 2621       3       jdk.internal.reflect.UnsafeFieldAccessorFactory::newFieldAccessor (638 bytes)
Event: 2.829 Thread 0x0000025d2f948ee0 nmethod 2621 0x0000024c8e544890 code [0x0000024c8e545020, 0x0000024c8e547f38]
Event: 2.829 Thread 0x0000025d2f948ee0 2627       3       java.lang.reflect.Field::set (30 bytes)
Event: 2.829 Thread 0x0000025d2f948ee0 nmethod 2627 0x0000024c8e548d90 code [0x0000024c8e548f60, 0x0000024c8e549338]
Event: 2.829 Thread 0x0000025d2f948ee0 2628       3       jdk.internal.misc.Unsafe::staticFieldOffset (18 bytes)
Event: 2.829 Thread 0x0000025d2f948ee0 nmethod 2628 0x0000024c8e549490 code [0x0000024c8e549640, 0x0000024c8e549878]
Event: 2.829 Thread 0x0000025d2f948ee0 2624       3       java.lang.reflect.Field::acquireFieldAccessor (59 bytes)
Event: 2.830 Thread 0x0000025d2f948ee0 nmethod 2624 0x0000024c8e549990 code [0x0000024c8e549b80, 0x0000024c8e54a078]
Event: 2.830 Thread 0x0000025d2f948ee0 2625       3       jdk.internal.reflect.UnsafeFieldAccessorImpl::<init> (56 bytes)
Event: 2.830 Thread 0x0000025d2f948ee0 nmethod 2625 0x0000024c8e54a210 code [0x0000024c8e54a440, 0x0000024c8e54abd8]
Event: 2.830 Thread 0x0000025d2f948ee0 2626       3       jdk.internal.reflect.FieldAccessorImpl::<init> (5 bytes)
Event: 2.830 Thread 0x0000025d2f948ee0 nmethod 2626 0x0000024c8e54ae90 code [0x0000024c8e54b040, 0x0000024c8e54b1f8]
Event: 2.830 Thread 0x0000025d2f948ee0 2622       3       jdk.internal.reflect.UnsafeStaticObjectFieldAccessorImpl::<init> (6 bytes)
Event: 2.830 Thread 0x0000025d2f948ee0 nmethod 2622 0x0000024c8e54b310 code [0x0000024c8e54b4e0, 0x0000024c8e54b848]
Event: 2.830 Thread 0x0000025d2f948ee0 2631  s!   3       org.eclipse.osgi.util.NLS$MessagesProperties::put (168 bytes)
Event: 2.832 Thread 0x0000025d2f948ee0 nmethod 2631 0x0000024c8e54b990 code [0x0000024c8e54bde0, 0x0000024c8e54dba8]
Event: 2.832 Thread 0x0000025d2f948ee0 2632       3       jdk.internal.reflect.UnsafeStaticObjectFieldAccessorImpl::set (54 bytes)
Event: 2.833 Thread 0x0000025d2f948ee0 nmethod 2632 0x0000024c8e54e690 code [0x0000024c8e54e8c0, 0x0000024c8e54f148]

GC Heap History (14 events):
Event: 0.835 GC heap before
{Heap before GC invocations=1 (full 0):
 PSYoungGen      total 29696K, used 25600K [0x0000025747d00000, 0x0000025749e00000, 0x0000025c9d200000)
  eden space 25600K, 100% used [0x0000025747d00000,0x0000025749600000,0x0000025749600000)
  from space 4096K, 0% used [0x0000025749a00000,0x0000025749a00000,0x0000025749e00000)
  to   space 4096K, 0% used [0x0000025749600000,0x0000025749600000,0x0000025749a00000)
 ParOldGen       total 68608K, used 0K [0x0000024c9d200000, 0x0000024ca1500000, 0x0000025747d00000)
  object space 68608K, 0% used [0x0000024c9d200000,0x0000024c9d200000,0x0000024ca1500000)
 Metaspace       used 10388K, committed 10560K, reserved 1114112K
  class space    used 1030K, committed 1088K, reserved 1048576K
}
Event: 0.842 GC heap after
{Heap after GC invocations=1 (full 0):
 PSYoungGen      total 29696K, used 3812K [0x0000025747d00000, 0x0000025749e00000, 0x0000025c9d200000)
  eden space 25600K, 0% used [0x0000025747d00000,0x0000025747d00000,0x0000025749600000)
  from space 4096K, 93% used [0x0000025749600000,0x00000257499b9160,0x0000025749a00000)
  to   space 4096K, 0% used [0x0000025749a00000,0x0000025749a00000,0x0000025749e00000)
 ParOldGen       total 68608K, used 16K [0x0000024c9d200000, 0x0000024ca1500000, 0x0000025747d00000)
  object space 68608K, 0% used [0x0000024c9d200000,0x0000024c9d204000,0x0000024ca1500000)
 Metaspace       used 10388K, committed 10560K, reserved 1114112K
  class space    used 1030K, committed 1088K, reserved 1048576K
}
Event: 1.396 GC heap before
{Heap before GC invocations=2 (full 0):
 PSYoungGen      total 29696K, used 29412K [0x0000025747d00000, 0x0000025749e00000, 0x0000025c9d200000)
  eden space 25600K, 100% used [0x0000025747d00000,0x0000025749600000,0x0000025749600000)
  from space 4096K, 93% used [0x0000025749600000,0x00000257499b9160,0x0000025749a00000)
  to   space 4096K, 0% used [0x0000025749a00000,0x0000025749a00000,0x0000025749e00000)
 ParOldGen       total 68608K, used 16K [0x0000024c9d200000, 0x0000024ca1500000, 0x0000025747d00000)
  object space 68608K, 0% used [0x0000024c9d200000,0x0000024c9d204000,0x0000024ca1500000)
 Metaspace       used 13904K, committed 14080K, reserved 1114112K
  class space    used 1386K, committed 1472K, reserved 1048576K
}
Event: 1.401 GC heap after
{Heap after GC invocations=2 (full 0):
 PSYoungGen      total 29696K, used 4073K [0x0000025747d00000, 0x0000025749e00000, 0x0000025c9d200000)
  eden space 25600K, 0% used [0x0000025747d00000,0x0000025747d00000,0x0000025749600000)
  from space 4096K, 99% used [0x0000025749a00000,0x0000025749dfa660,0x0000025749e00000)
  to   space 4096K, 0% used [0x0000025749600000,0x0000025749600000,0x0000025749a00000)
 ParOldGen       total 68608K, used 1900K [0x0000024c9d200000, 0x0000024ca1500000, 0x0000025747d00000)
  object space 68608K, 2% used [0x0000024c9d200000,0x0000024c9d3db390,0x0000024ca1500000)
 Metaspace       used 13904K, committed 14080K, reserved 1114112K
  class space    used 1386K, committed 1472K, reserved 1048576K
}
Event: 1.855 GC heap before
{Heap before GC invocations=3 (full 0):
 PSYoungGen      total 29696K, used 29673K [0x0000025747d00000, 0x0000025749e00000, 0x0000025c9d200000)
  eden space 25600K, 100% used [0x0000025747d00000,0x0000025749600000,0x0000025749600000)
  from space 4096K, 99% used [0x0000025749a00000,0x0000025749dfa660,0x0000025749e00000)
  to   space 4096K, 0% used [0x0000025749600000,0x0000025749600000,0x0000025749a00000)
 ParOldGen       total 68608K, used 1900K [0x0000024c9d200000, 0x0000024ca1500000, 0x0000025747d00000)
  object space 68608K, 2% used [0x0000024c9d200000,0x0000024c9d3db390,0x0000024ca1500000)
 Metaspace       used 18684K, committed 19072K, reserved 1114112K
  class space    used 1909K, committed 2112K, reserved 1048576K
}
Event: 1.859 GC heap after
{Heap after GC invocations=3 (full 0):
 PSYoungGen      total 29696K, used 4079K [0x0000025747d00000, 0x0000025749e00000, 0x0000025c9d200000)
  eden space 25600K, 0% used [0x0000025747d00000,0x0000025747d00000,0x0000025749600000)
  from space 4096K, 99% used [0x0000025749600000,0x00000257499fbee0,0x0000025749a00000)
  to   space 4096K, 0% used [0x0000025749a00000,0x0000025749a00000,0x0000025749e00000)
 ParOldGen       total 68608K, used 3663K [0x0000024c9d200000, 0x0000024ca1500000, 0x0000025747d00000)
  object space 68608K, 5% used [0x0000024c9d200000,0x0000024c9d593cc8,0x0000024ca1500000)
 Metaspace       used 18684K, committed 19072K, reserved 1114112K
  class space    used 1909K, committed 2112K, reserved 1048576K
}
Event: 2.299 GC heap before
{Heap before GC invocations=4 (full 0):
 PSYoungGen      total 29696K, used 22955K [0x0000025747d00000, 0x0000025749e00000, 0x0000025c9d200000)
  eden space 25600K, 73% used [0x0000025747d00000,0x0000025748f6f020,0x0000025749600000)
  from space 4096K, 99% used [0x0000025749600000,0x00000257499fbee0,0x0000025749a00000)
  to   space 4096K, 0% used [0x0000025749a00000,0x0000025749a00000,0x0000025749e00000)
 ParOldGen       total 68608K, used 3663K [0x0000024c9d200000, 0x0000024ca1500000, 0x0000025747d00000)
  object space 68608K, 5% used [0x0000024c9d200000,0x0000024c9d593cc8,0x0000024ca1500000)
 Metaspace       used 21072K, committed 21504K, reserved 1114112K
  class space    used 2145K, committed 2368K, reserved 1048576K
}
Event: 2.303 GC heap after
{Heap after GC invocations=4 (full 0):
 PSYoungGen      total 29696K, used 4073K [0x0000025747d00000, 0x0000025749e00000, 0x0000025c9d200000)
  eden space 25600K, 0% used [0x0000025747d00000,0x0000025747d00000,0x0000025749600000)
  from space 4096K, 99% used [0x0000025749a00000,0x0000025749dfa690,0x0000025749e00000)
  to   space 4096K, 0% used [0x0000025749600000,0x0000025749600000,0x0000025749a00000)
 ParOldGen       total 68608K, used 6361K [0x0000024c9d200000, 0x0000024ca1500000, 0x0000025747d00000)
  object space 68608K, 9% used [0x0000024c9d200000,0x0000024c9d836548,0x0000024ca1500000)
 Metaspace       used 21072K, committed 21504K, reserved 1114112K
  class space    used 2145K, committed 2368K, reserved 1048576K
}
Event: 2.303 GC heap before
{Heap before GC invocations=5 (full 1):
 PSYoungGen      total 29696K, used 4073K [0x0000025747d00000, 0x0000025749e00000, 0x0000025c9d200000)
  eden space 25600K, 0% used [0x0000025747d00000,0x0000025747d00000,0x0000025749600000)
  from space 4096K, 99% used [0x0000025749a00000,0x0000025749dfa690,0x0000025749e00000)
  to   space 4096K, 0% used [0x0000025749600000,0x0000025749600000,0x0000025749a00000)
 ParOldGen       total 68608K, used 6361K [0x0000024c9d200000, 0x0000024ca1500000, 0x0000025747d00000)
  object space 68608K, 9% used [0x0000024c9d200000,0x0000024c9d836548,0x0000024ca1500000)
 Metaspace       used 21072K, committed 21504K, reserved 1114112K
  class space    used 2145K, committed 2368K, reserved 1048576K
}
Event: 2.333 GC heap after
{Heap after GC invocations=5 (full 1):
 PSYoungGen      total 29696K, used 0K [0x0000025747d00000, 0x0000025749e00000, 0x0000025c9d200000)
  eden space 25600K, 0% used [0x0000025747d00000,0x0000025747d00000,0x0000025749600000)
  from space 4096K, 0% used [0x0000025749a00000,0x0000025749a00000,0x0000025749e00000)
  to   space 4096K, 0% used [0x0000025749600000,0x0000025749600000,0x0000025749a00000)
 ParOldGen       total 68608K, used 10190K [0x0000024c9d200000, 0x0000024ca1500000, 0x0000025747d00000)
  object space 68608K, 14% used [0x0000024c9d200000,0x0000024c9dbf3ba8,0x0000024ca1500000)
 Metaspace       used 21059K, committed 21504K, reserved 1114112K
  class space    used 2141K, committed 2368K, reserved 1048576K
}
Event: 2.539 GC heap before
{Heap before GC invocations=6 (full 1):
 PSYoungGen      total 29696K, used 25574K [0x0000025747d00000, 0x0000025749e00000, 0x0000025c9d200000)
  eden space 25600K, 99% used [0x0000025747d00000,0x00000257495f9bd0,0x0000025749600000)
  from space 4096K, 0% used [0x0000025749a00000,0x0000025749a00000,0x0000025749e00000)
  to   space 4096K, 0% used [0x0000025749600000,0x0000025749600000,0x0000025749a00000)
 ParOldGen       total 68608K, used 10190K [0x0000024c9d200000, 0x0000024ca1500000, 0x0000025747d00000)
  object space 68608K, 14% used [0x0000024c9d200000,0x0000024c9dbf3ba8,0x0000024ca1500000)
 Metaspace       used 23451K, committed 23872K, reserved 1114112K
  class space    used 2339K, committed 2496K, reserved 1048576K
}
Event: 2.541 GC heap after
{Heap after GC invocations=6 (full 1):
 PSYoungGen      total 26112K, used 812K [0x0000025747d00000, 0x0000025749b80000, 0x0000025c9d200000)
  eden space 25088K, 0% used [0x0000025747d00000,0x0000025747d00000,0x0000025749580000)
  from space 1024K, 79% used [0x0000025749600000,0x00000257496cb058,0x0000025749700000)
  to   space 3072K, 0% used [0x0000025749880000,0x0000025749880000,0x0000025749b80000)
 ParOldGen       total 68608K, used 10198K [0x0000024c9d200000, 0x0000024ca1500000, 0x0000025747d00000)
  object space 68608K, 14% used [0x0000024c9d200000,0x0000024c9dbf5ba8,0x0000024ca1500000)
 Metaspace       used 23451K, committed 23872K, reserved 1114112K
  class space    used 2339K, committed 2496K, reserved 1048576K
}
Event: 2.770 GC heap before
{Heap before GC invocations=7 (full 1):
 PSYoungGen      total 26112K, used 24968K [0x0000025747d00000, 0x0000025749b80000, 0x0000025c9d200000)
  eden space 25088K, 96% used [0x0000025747d00000,0x0000025749497048,0x0000025749580000)
  from space 1024K, 79% used [0x0000025749600000,0x00000257496cb058,0x0000025749700000)
  to   space 3072K, 0% used [0x0000025749880000,0x0000025749880000,0x0000025749b80000)
 ParOldGen       total 68608K, used 10198K [0x0000024c9d200000, 0x0000024ca1500000, 0x0000025747d00000)
  object space 68608K, 14% used [0x0000024c9d200000,0x0000024c9dbf5ba8,0x0000024ca1500000)
 Metaspace       used 26860K, committed 27328K, reserved 1114112K
  class space    used 2609K, committed 2816K, reserved 1048576K
}
Event: 2.771 GC heap after
{Heap after GC invocations=7 (full 1):
 PSYoungGen      total 27648K, used 2675K [0x0000025747d00000, 0x0000025749b80000, 0x0000025c9d200000)
  eden space 24576K, 0% used [0x0000025747d00000,0x0000025747d00000,0x0000025749500000)
  from space 3072K, 87% used [0x0000025749880000,0x0000025749b1ccd8,0x0000025749b80000)
  to   space 3072K, 0% used [0x0000025749580000,0x0000025749580000,0x0000025749880000)
 ParOldGen       total 68608K, used 10206K [0x0000024c9d200000, 0x0000024ca1500000, 0x0000025747d00000)
  object space 68608K, 14% used [0x0000024c9d200000,0x0000024c9dbf7ba8,0x0000024ca1500000)
 Metaspace       used 26860K, committed 27328K, reserved 1114112K
  class space    used 2609K, committed 2816K, reserved 1048576K
}

Dll operation events (9 events):
Event: 0.011 Loaded shared library c:\Users\galax\.vscode\extensions\redhat.java-1.28.1-win32-x64\jre\17.0.10-win32-x86_64\bin\java.dll
Event: 0.143 Loaded shared library c:\Users\galax\.vscode\extensions\redhat.java-1.28.1-win32-x64\jre\17.0.10-win32-x86_64\bin\zip.dll
Event: 0.147 Loaded shared library C:\Users\galax\.vscode\extensions\redhat.java-1.28.1-win32-x64\jre\17.0.10-win32-x86_64\bin\instrument.dll
Event: 0.161 Loaded shared library C:\Users\galax\.vscode\extensions\redhat.java-1.28.1-win32-x64\jre\17.0.10-win32-x86_64\bin\net.dll
Event: 0.164 Loaded shared library C:\Users\galax\.vscode\extensions\redhat.java-1.28.1-win32-x64\jre\17.0.10-win32-x86_64\bin\nio.dll
Event: 0.171 Loaded shared library C:\Users\galax\.vscode\extensions\redhat.java-1.28.1-win32-x64\jre\17.0.10-win32-x86_64\bin\zip.dll
Event: 0.185 Loaded shared library C:\Users\galax\.vscode\extensions\redhat.java-1.28.1-win32-x64\jre\17.0.10-win32-x86_64\bin\jimage.dll
Event: 0.259 Loaded shared library c:\Users\galax\.vscode\extensions\redhat.java-1.28.1-win32-x64\jre\17.0.10-win32-x86_64\bin\verify.dll
Event: 1.383 Loaded shared library C:\Users\galax\AppData\Roaming\Code\User\globalStorage\redhat.java\1.28.1\config_ss_win\org.eclipse.equinox.launcher\org.eclipse.equinox.launcher.win32.win32.x86_64_1.2.900.v20240129-1338\eclipse_11900.dll

Deoptimization events (20 events):
Event: 2.698 Thread 0x0000025d31a692d0 DEOPT PACKING pc=0x0000024c95bf8d90 sp=0x000000aaf3eee940
Event: 2.698 Thread 0x0000025d31a692d0 DEOPT UNPACKING pc=0x0000024c955b66a3 sp=0x000000aaf3eee910 mode 2
Event: 2.805 Thread 0x0000025d31a692d0 Uncommon trap: trap_request=0xffffff45 fr.pc=0x0000024c95b247b8 relative=0x0000000000000298
Event: 2.805 Thread 0x0000025d31a692d0 Uncommon trap: reason=unstable_if action=reinterpret pc=0x0000024c95b247b8 method=java.util.HashMap$HashIterator.<init>(Ljava/util/HashMap;)V @ 45 c2
Event: 2.805 Thread 0x0000025d31a692d0 DEOPT PACKING pc=0x0000024c95b247b8 sp=0x000000aaf3ef95f0
Event: 2.805 Thread 0x0000025d31a692d0 DEOPT UNPACKING pc=0x0000024c955b66a3 sp=0x000000aaf3ef9598 mode 2
Event: 2.826 Thread 0x0000025d31a692d0 DEOPT PACKING pc=0x0000024c8e1206ce sp=0x000000aaf3ef7b50
Event: 2.826 Thread 0x0000025d31a692d0 DEOPT UNPACKING pc=0x0000024c955b6e43 sp=0x000000aaf3ef7048 mode 0
Event: 2.827 Thread 0x0000025d31a692d0 DEOPT PACKING pc=0x0000024c8e1206ce sp=0x000000aaf3ef7b50
Event: 2.827 Thread 0x0000025d31a692d0 DEOPT UNPACKING pc=0x0000024c955b6e43 sp=0x000000aaf3ef7048 mode 0
Event: 2.829 Thread 0x0000025d31a692d0 DEOPT PACKING pc=0x0000024c8e1206ce sp=0x000000aaf3ef7b50
Event: 2.829 Thread 0x0000025d31a692d0 DEOPT UNPACKING pc=0x0000024c955b6e43 sp=0x000000aaf3ef7048 mode 0
Event: 2.830 Thread 0x0000025d31a692d0 Uncommon trap: trap_request=0xffffffc6 fr.pc=0x0000024c95b917ac relative=0x00000000000008ec
Event: 2.830 Thread 0x0000025d31a692d0 Uncommon trap: reason=bimorphic_or_optimized_type_check action=maybe_recompile pc=0x0000024c95b917ac method=java.util.HashMap.putVal(ILjava/lang/Object;Ljava/lang/Object;ZZ)Ljava/lang/Object; @ 56 c2
Event: 2.830 Thread 0x0000025d31a692d0 DEOPT PACKING pc=0x0000024c95b917ac sp=0x000000aaf3ef95b0
Event: 2.830 Thread 0x0000025d31a692d0 DEOPT UNPACKING pc=0x0000024c955b66a3 sp=0x000000aaf3ef9508 mode 2
Event: 2.830 Thread 0x0000025d31a692d0 Uncommon trap: trap_request=0xffffffc6 fr.pc=0x0000024c95b91814 relative=0x0000000000000954
Event: 2.830 Thread 0x0000025d31a692d0 Uncommon trap: reason=bimorphic_or_optimized_type_check action=maybe_recompile pc=0x0000024c95b91814 method=java.util.HashMap.putVal(ILjava/lang/Object;Ljava/lang/Object;ZZ)Ljava/lang/Object; @ 253 c2
Event: 2.830 Thread 0x0000025d31a692d0 DEOPT PACKING pc=0x0000024c95b91814 sp=0x000000aaf3ef9500
Event: 2.830 Thread 0x0000025d31a692d0 DEOPT UNPACKING pc=0x0000024c955b66a3 sp=0x000000aaf3ef9480 mode 2

Classes unloaded (7 events):
Event: 2.307 Thread 0x0000025d2a941e70 Unloading class 0x000000008021a400 'java/lang/invoke/LambdaForm$MH+0x000000008021a400'
Event: 2.307 Thread 0x0000025d2a941e70 Unloading class 0x000000008021a000 'java/lang/invoke/LambdaForm$MH+0x000000008021a000'
Event: 2.307 Thread 0x0000025d2a941e70 Unloading class 0x0000000080219c00 'java/lang/invoke/LambdaForm$MH+0x0000000080219c00'
Event: 2.307 Thread 0x0000025d2a941e70 Unloading class 0x0000000080219800 'java/lang/invoke/LambdaForm$MH+0x0000000080219800'
Event: 2.307 Thread 0x0000025d2a941e70 Unloading class 0x0000000080219400 'java/lang/invoke/LambdaForm$BMH+0x0000000080219400'
Event: 2.307 Thread 0x0000025d2a941e70 Unloading class 0x0000000080219000 'java/lang/invoke/LambdaForm$DMH+0x0000000080219000'
Event: 2.307 Thread 0x0000025d2a941e70 Unloading class 0x0000000080214400 'java/lang/invoke/LambdaForm$DMH+0x0000000080214400'

Classes redefined (0 events):
No events

Internal exceptions (20 events):
Event: 1.915 Thread 0x0000025d31a692d0 Exception <a 'java/lang/NoSuchMethodError'{0x00000257480403b8}: 'java.lang.Object java.lang.invoke.Invokers$Holder.invokeExact_MT(java.lang.Object, java.lang.Object, java.lang.Object, java.lang.Object)'> (0x00000257480403b8) 
thrown [s\src\hotspot\share\interpreter\linkResolver.cpp, line 759]
Event: 2.002 Thread 0x0000025d31a692d0 Exception <a 'java/io/FileNotFoundException'{0x00000257483087b8}> (0x00000257483087b8) 
thrown [s\src\hotspot\share\prims\jni.cpp, line 516]
Event: 2.004 Thread 0x0000025d31a692d0 Exception <a 'java/io/FileNotFoundException'{0x0000025748310b58}> (0x0000025748310b58) 
thrown [s\src\hotspot\share\prims\jni.cpp, line 516]
Event: 2.344 Thread 0x0000025d31a692d0 Exception <a 'java/lang/NoSuchMethodError'{0x0000025747daef90}: 'java.lang.Object java.lang.invoke.DirectMethodHandle$Holder.invokeSpecial(java.lang.Object, java.lang.Object, java.lang.Object, long, java.lang.Object)'> (0x0000025747daef90) 
thrown [s\src\hotspot\share\interpreter\linkResolver.cpp, line 759]
Event: 2.345 Thread 0x0000025d31a692d0 Exception <a 'java/lang/NoSuchMethodError'{0x0000025747db8f98}: 'java.lang.Object java.lang.invoke.DirectMethodHandle$Holder.newInvokeSpecial(java.lang.Object, java.lang.Object, java.lang.Object, long)'> (0x0000025747db8f98) 
thrown [s\src\hotspot\share\interpreter\linkResolver.cpp, line 759]
Event: 2.346 Thread 0x0000025d31a692d0 Exception <a 'java/lang/NoSuchMethodError'{0x0000025747dbe7c0}: 'java.lang.Object java.lang.invoke.DirectMethodHandle$Holder.invokeSpecial(java.lang.Object, java.lang.Object, java.lang.Object, java.lang.Object, long)'> (0x0000025747dbe7c0) 
thrown [s\src\hotspot\share\interpreter\linkResolver.cpp, line 759]
Event: 2.346 Thread 0x0000025d31a692d0 Exception <a 'java/lang/NoSuchMethodError'{0x0000025747dc3518}: 'java.lang.Object java.lang.invoke.Invokers$Holder.linkToTargetMethod(java.lang.Object, java.lang.Object, long, java.lang.Object)'> (0x0000025747dc3518) 
thrown [s\src\hotspot\share\interpreter\linkResolver.cpp, line 759]
Event: 2.354 Thread 0x0000025d31a692d0 Exception <a 'java/lang/NoSuchMethodError'{0x0000025747e3ffa0}: 'int java.lang.invoke.DirectMethodHandle$Holder.invokeStaticInit(java.lang.Object, java.lang.Object, java.lang.Object)'> (0x0000025747e3ffa0) 
thrown [s\src\hotspot\share\interpreter\linkResolver.cpp, line 759]
Event: 2.361 Thread 0x0000025d31a692d0 Exception <a 'java/lang/IncompatibleClassChangeError'{0x0000025747ed6690}: Found class java.lang.Object, but interface was expected> (0x0000025747ed6690) 
thrown [s\src\hotspot\share\interpreter\linkResolver.cpp, line 826]
Event: 2.366 Thread 0x0000025d31a692d0 Exception <a 'java/lang/NoSuchMethodError'{0x0000025747eed328}: 'java.lang.Object java.lang.invoke.DirectMethodHandle$Holder.invokeSpecial(java.lang.Object, java.lang.Object, java.lang.Object, int, java.lang.Object, java.lang.Object)'> (0x0000025747eed328) 
thrown [s\src\hotspot\share\interpreter\linkResolver.cpp, line 759]
Event: 2.367 Thread 0x0000025d31a692d0 Exception <a 'java/lang/NoSuchMethodError'{0x0000025747ef7ae8}: 'java.lang.Object java.lang.invoke.DirectMethodHandle$Holder.newInvokeSpecial(java.lang.Object, java.lang.Object, java.lang.Object, int, java.lang.Object)'> (0x0000025747ef7ae8) 
thrown [s\src\hotspot\share\interpreter\linkResolver.cpp, line 759]
Event: 2.368 Thread 0x0000025d31a692d0 Exception <a 'java/lang/NoSuchMethodError'{0x0000025747efd1c8}: 'java.lang.Object java.lang.invoke.DirectMethodHandle$Holder.invokeSpecial(java.lang.Object, java.lang.Object, java.lang.Object, java.lang.Object, int, java.lang.Object)'> (0x0000025747efd1c8) 
thrown [s\src\hotspot\share\interpreter\linkResolver.cpp, line 759]
Event: 2.369 Thread 0x0000025d31ca7880 Exception <a 'java/lang/NoSuchMethodError'{0x0000025747e4ab88}: 'java.lang.Object java.lang.invoke.DirectMethodHandle$Holder.invokeSpecial(java.lang.Object, java.lang.Object, int, java.lang.Object, java.lang.Object)'> (0x0000025747e4ab88) 
thrown [s\src\hotspot\share\interpreter\linkResolver.cpp, line 759]
Event: 2.370 Thread 0x0000025d31ca7880 Exception <a 'java/lang/NoSuchMethodError'{0x0000025747e53e38}: 'java.lang.Object java.lang.invoke.DirectMethodHandle$Holder.newInvokeSpecial(java.lang.Object, java.lang.Object, int, java.lang.Object)'> (0x0000025747e53e38) 
thrown [s\src\hotspot\share\interpreter\linkResolver.cpp, line 759]
Event: 2.370 Thread 0x0000025d31ca7880 Exception <a 'java/lang/NoSuchMethodError'{0x0000025747e58a28}: 'java.lang.Object java.lang.invoke.DirectMethodHandle$Holder.invokeSpecial(java.lang.Object, java.lang.Object, java.lang.Object, int, java.lang.Object)'> (0x0000025747e58a28) 
thrown [s\src\hotspot\share\interpreter\linkResolver.cpp, line 759]
Event: 2.407 Thread 0x0000025d31ca7880 Exception <a 'java/lang/NoSuchMethodError'{0x0000025748151618}: 'java.lang.Object java.lang.invoke.DirectMethodHandle$Holder.newInvokeSpecial(java.lang.Object, java.lang.Object, java.lang.Object, java.lang.Object, java.lang.Object)'> (0x0000025748151618) 
thrown [s\src\hotspot\share\interpreter\linkResolver.cpp, line 759]
Event: 2.680 Thread 0x0000025d31ca7880 Exception <a 'java/lang/NoSuchMethodError'{0x000002574881c5d0}: 'java.lang.Object java.lang.invoke.DirectMethodHandle$Holder.newInvokeSpecial(java.lang.Object, java.lang.Object, java.lang.Object, int)'> (0x000002574881c5d0) 
thrown [s\src\hotspot\share\interpreter\linkResolver.cpp, line 759]
Event: 2.681 Thread 0x0000025d31ca7880 Exception <a 'java/lang/NoSuchMethodError'{0x00000257488218b8}: 'java.lang.Object java.lang.invoke.DirectMethodHandle$Holder.invokeSpecial(java.lang.Object, java.lang.Object, java.lang.Object, java.lang.Object, int)'> (0x00000257488218b8) 
thrown [s\src\hotspot\share\interpreter\linkResolver.cpp, line 759]
Event: 2.681 Thread 0x0000025d31ca7880 Exception <a 'java/lang/NoSuchMethodError'{0x0000025748825dd0}: 'java.lang.Object java.lang.invoke.Invokers$Holder.linkToTargetMethod(java.lang.Object, java.lang.Object, int, java.lang.Object)'> (0x0000025748825dd0) 
thrown [s\src\hotspot\share\interpreter\linkResolver.cpp, line 759]
Event: 2.698 Thread 0x0000025d31a692d0 Implicit null exception at 0x0000024c95bf8cb6 to 0x0000024c95bf8d70

VM Operations (20 events):
Event: 1.459 Executing VM operation: HandshakeAllThreads
Event: 1.459 Executing VM operation: HandshakeAllThreads done
Event: 1.796 Executing VM operation: HandshakeAllThreads
Event: 1.796 Executing VM operation: HandshakeAllThreads done
Event: 1.855 Executing VM operation: ParallelGCFailedAllocation
Event: 1.859 Executing VM operation: ParallelGCFailedAllocation done
Event: 1.904 Executing VM operation: HandshakeAllThreads
Event: 1.904 Executing VM operation: HandshakeAllThreads done
Event: 2.078 Executing VM operation: HandshakeAllThreads
Event: 2.078 Executing VM operation: HandshakeAllThreads done
Event: 2.299 Executing VM operation: CollectForMetadataAllocation
Event: 2.333 Executing VM operation: CollectForMetadataAllocation done
Event: 2.385 Executing VM operation: HandshakeAllThreads
Event: 2.385 Executing VM operation: HandshakeAllThreads done
Event: 2.539 Executing VM operation: ParallelGCFailedAllocation
Event: 2.541 Executing VM operation: ParallelGCFailedAllocation done
Event: 2.770 Executing VM operation: ParallelGCFailedAllocation
Event: 2.772 Executing VM operation: ParallelGCFailedAllocation done
Event: 2.822 Executing VM operation: HandshakeAllThreads
Event: 2.822 Executing VM operation: HandshakeAllThreads done

Events (20 events):
Event: 2.444 loading class java/util/zip/GZIPInputStream done
Event: 2.447 loading class java/net/SocketTimeoutException
Event: 2.447 loading class java/io/InterruptedIOException
Event: 2.447 loading class java/io/InterruptedIOException done
Event: 2.447 loading class java/net/SocketTimeoutException done
Event: 2.448 loading class java/net/SocketException
Event: 2.448 loading class java/net/SocketException done
Event: 2.448 loading class java/net/UnknownHostException
Event: 2.448 loading class java/net/UnknownHostException done
Event: 2.448 loading class java/net/ProtocolException
Event: 2.448 loading class java/net/ProtocolException done
Event: 2.463 loading class java/lang/ThreadLocal$SuppliedThreadLocal
Event: 2.463 loading class java/lang/ThreadLocal$SuppliedThreadLocal done
Event: 2.469 loading class java/io/FileWriter
Event: 2.469 loading class java/io/FileWriter done
Event: 2.469 loading class java/lang/NegativeArraySizeException
Event: 2.469 loading class java/lang/NegativeArraySizeException done
Event: 2.494 Thread 0x0000025d2faf3c20 Thread added: 0x0000025d2faf3c20
Event: 2.815 loading class org/w3c/dom/DOMException
Event: 2.815 loading class org/w3c/dom/DOMException done


Dynamic libraries:
0x00007ff732f10000 - 0x00007ff732f1e000 	c:\Users\galax\.vscode\extensions\redhat.java-1.28.1-win32-x64\jre\17.0.10-win32-x86_64\bin\java.exe
0x00007ff97cd10000 - 0x00007ff97cf27000 	C:\WINDOWS\SYSTEM32\ntdll.dll
0x00007ff97ac40000 - 0x00007ff97ad04000 	C:\WINDOWS\System32\KERNEL32.DLL
0x00007ff97a510000 - 0x00007ff97a8b6000 	C:\WINDOWS\System32\KERNELBASE.dll
0x00007ff97a0d0000 - 0x00007ff97a1e1000 	C:\WINDOWS\System32\ucrtbase.dll
0x00007ff966380000 - 0x00007ff96639b000 	c:\Users\galax\.vscode\extensions\redhat.java-1.28.1-win32-x64\jre\17.0.10-win32-x86_64\bin\VCRUNTIME140.dll
0x00007ff95bd50000 - 0x00007ff95bd67000 	c:\Users\galax\.vscode\extensions\redhat.java-1.28.1-win32-x64\jre\17.0.10-win32-x86_64\bin\jli.dll
0x00007ff97b7e0000 - 0x00007ff97b98e000 	C:\WINDOWS\System32\USER32.dll
0x00007ff97a420000 - 0x00007ff97a446000 	C:\WINDOWS\System32\win32u.dll
0x00007ff97ad10000 - 0x00007ff97ad39000 	C:\WINDOWS\System32\GDI32.dll
0x00007ff97a1f0000 - 0x00007ff97a308000 	C:\WINDOWS\System32\gdi32full.dll
0x00007ff97a310000 - 0x00007ff97a3aa000 	C:\WINDOWS\System32\msvcp_win.dll
0x00007ff963f40000 - 0x00007ff9641d3000 	C:\WINDOWS\WinSxS\amd64_microsoft.windows.common-controls_6595b64144ccf1df_6.0.22621.2506_none_270c5ae97388e100\COMCTL32.dll
0x00007ff97bb30000 - 0x00007ff97bbd7000 	C:\WINDOWS\System32\msvcrt.dll
0x00007ff97c940000 - 0x00007ff97c971000 	C:\WINDOWS\System32\IMM32.DLL
0x00007ff976a40000 - 0x00007ff976a4c000 	c:\Users\galax\.vscode\extensions\redhat.java-1.28.1-win32-x64\jre\17.0.10-win32-x86_64\bin\vcruntime140_1.dll
0x00007ff9450b0000 - 0x00007ff94513d000 	c:\Users\galax\.vscode\extensions\redhat.java-1.28.1-win32-x64\jre\17.0.10-win32-x86_64\bin\msvcp140.dll
0x00007ff8fa760000 - 0x00007ff8fb3c2000 	c:\Users\galax\.vscode\extensions\redhat.java-1.28.1-win32-x64\jre\17.0.10-win32-x86_64\bin\server\jvm.dll
0x00007ff97b9b0000 - 0x00007ff97ba63000 	C:\WINDOWS\System32\ADVAPI32.dll
0x00007ff97ba70000 - 0x00007ff97bb18000 	C:\WINDOWS\System32\sechost.dll
0x00007ff97a0a0000 - 0x00007ff97a0c8000 	C:\WINDOWS\System32\bcrypt.dll
0x00007ff97b6b0000 - 0x00007ff97b7c7000 	C:\WINDOWS\System32\RPCRT4.dll
0x00007ff979ef0000 - 0x00007ff979f3d000 	C:\WINDOWS\SYSTEM32\POWRPROF.dll
0x00007ff970e80000 - 0x00007ff970e8a000 	C:\WINDOWS\SYSTEM32\VERSION.dll
0x00007ff976a30000 - 0x00007ff976a39000 	C:\WINDOWS\SYSTEM32\WSOCK32.dll
0x00007ff9722c0000 - 0x00007ff9722f4000 	C:\WINDOWS\SYSTEM32\WINMM.dll
0x00007ff97bbe0000 - 0x00007ff97bc51000 	C:\WINDOWS\System32\WS2_32.dll
0x00007ff979ed0000 - 0x00007ff979ee3000 	C:\WINDOWS\SYSTEM32\UMPDC.dll
0x00007ff978f70000 - 0x00007ff978f88000 	C:\WINDOWS\SYSTEM32\kernel.appcore.dll
0x00007ff971db0000 - 0x00007ff971dba000 	c:\Users\galax\.vscode\extensions\redhat.java-1.28.1-win32-x64\jre\17.0.10-win32-x86_64\bin\jimage.dll
0x00007ff977b80000 - 0x00007ff977db3000 	C:\WINDOWS\SYSTEM32\DBGHELP.DLL
0x00007ff97b150000 - 0x00007ff97b4d9000 	C:\WINDOWS\System32\combase.dll
0x00007ff97c9f0000 - 0x00007ff97cac7000 	C:\WINDOWS\System32\OLEAUT32.dll
0x00007ff96f650000 - 0x00007ff96f682000 	C:\WINDOWS\SYSTEM32\dbgcore.DLL
0x00007ff97a020000 - 0x00007ff97a09a000 	C:\WINDOWS\System32\bcryptPrimitives.dll
0x00007ff971750000 - 0x00007ff97175e000 	c:\Users\galax\.vscode\extensions\redhat.java-1.28.1-win32-x64\jre\17.0.10-win32-x86_64\bin\instrument.dll
0x00007ff950840000 - 0x00007ff950865000 	c:\Users\galax\.vscode\extensions\redhat.java-1.28.1-win32-x64\jre\17.0.10-win32-x86_64\bin\java.dll
0x00007ff966b10000 - 0x00007ff966b28000 	c:\Users\galax\.vscode\extensions\redhat.java-1.28.1-win32-x64\jre\17.0.10-win32-x86_64\bin\zip.dll
0x00007ff97c0e0000 - 0x00007ff97c93a000 	C:\WINDOWS\System32\SHELL32.dll
0x00007ff977f20000 - 0x00007ff978816000 	C:\WINDOWS\SYSTEM32\windows.storage.dll
0x00007ff977de0000 - 0x00007ff977f1e000 	C:\WINDOWS\SYSTEM32\wintypes.dll
0x00007ff97aa30000 - 0x00007ff97ab23000 	C:\WINDOWS\System32\SHCORE.dll
0x00007ff97add0000 - 0x00007ff97ae2e000 	C:\WINDOWS\System32\shlwapi.dll
0x00007ff979f50000 - 0x00007ff979f76000 	C:\WINDOWS\SYSTEM32\profapi.dll
0x00007ff95bc90000 - 0x00007ff95bca9000 	C:\Users\galax\.vscode\extensions\redhat.java-1.28.1-win32-x64\jre\17.0.10-win32-x86_64\bin\net.dll
0x00007ff973c00000 - 0x00007ff973d37000 	C:\WINDOWS\SYSTEM32\WINHTTP.dll
0x00007ff979480000 - 0x00007ff9794e9000 	C:\WINDOWS\system32\mswsock.dll
0x00007ff958620000 - 0x00007ff958636000 	C:\Users\galax\.vscode\extensions\redhat.java-1.28.1-win32-x64\jre\17.0.10-win32-x86_64\bin\nio.dll
0x00007ff96b010000 - 0x00007ff96b020000 	c:\Users\galax\.vscode\extensions\redhat.java-1.28.1-win32-x64\jre\17.0.10-win32-x86_64\bin\verify.dll
0x00007ff950db0000 - 0x00007ff950dee000 	C:\Users\galax\AppData\Roaming\Code\User\globalStorage\redhat.java\1.28.1\config_ss_win\org.eclipse.equinox.launcher\org.eclipse.equinox.launcher.win32.win32.x86_64_1.2.900.v20240129-1338\eclipse_11900.dll
0x00007ff97ae30000 - 0x00007ff97afd0000 	C:\WINDOWS\System32\ole32.dll

dbghelp: loaded successfully - version: 4.0.5 - missing functions: none
symbol engine: initialized successfully - sym options: 0x614 - pdb path: .;c:\Users\galax\.vscode\extensions\redhat.java-1.28.1-win32-x64\jre\17.0.10-win32-x86_64\bin;C:\WINDOWS\SYSTEM32;C:\WINDOWS\WinSxS\amd64_microsoft.windows.common-controls_6595b64144ccf1df_6.0.22621.2506_none_270c5ae97388e100;c:\Users\galax\.vscode\extensions\redhat.java-1.28.1-win32-x64\jre\17.0.10-win32-x86_64\bin\server;C:\Users\galax\AppData\Roaming\Code\User\globalStorage\redhat.java\1.28.1\config_ss_win\org.eclipse.equinox.launcher\org.eclipse.equinox.launcher.win32.win32.x86_64_1.2.900.v20240129-1338

VM Arguments:
jvm_args: --add-modules=ALL-SYSTEM --add-opens=java.base/java.util=ALL-UNNAMED --add-opens=java.base/java.lang=ALL-UNNAMED --add-opens=java.base/sun.nio.fs=ALL-UNNAMED -Declipse.application=org.eclipse.jdt.ls.core.id1 -Dosgi.bundles.defaultStartLevel=4 -Declipse.product=org.eclipse.jdt.ls.core.product -Djava.import.generatesMetadataFilesAtProjectRoot=false -DDetectVMInstallationsJob.disabled=true -Dfile.encoding=utf8 -XX:+UseParallelGC -XX:GCTimeRatio=4 -XX:AdaptiveSizePolicyWeight=90 -Dsun.zip.disableMemoryMapping=true -Xmx64G -Xms100m -Xlog:disable -javaagent:c:\Users\galax\.vscode\extensions\redhat.java-1.28.1-win32-x64\lombok\lombok-1.18.31.jar 
java_command: c:\Users\galax\.vscode\extensions\redhat.java-1.28.1-win32-x64\server\plugins\org.eclipse.equinox.launcher_1.6.700.v20231214-2017.jar -configuration c:\Users\galax\AppData\Roaming\Code\User\globalStorage\redhat.java\1.28.1\config_ss_win -data c:\Users\galax\AppData\Roaming\Code\User\workspaceStorage\715939317411bacedd6cdfeea8c9b0d6\redhat.java\ss_ws --stdio
java_class_path (initial): c:\Users\galax\.vscode\extensions\redhat.java-1.28.1-win32-x64\server\plugins\org.eclipse.equinox.launcher_1.6.700.v20231214-2017.jar
Launcher Type: SUN_STANDARD

[Global flags]
    uintx AdaptiveSizePolicyWeight                 = 90                                        {product} {command line}
     intx CICompilerCount                          = 4                                         {product} {ergonomic}
    uintx GCTimeRatio                              = 4                                         {product} {command line}
   size_t InitialHeapSize                          = 104857600                                 {product} {command line}
   size_t MaxHeapSize                              = 68719476736                               {product} {command line}
   size_t MaxNewSize                               = 22906142720                               {product} {ergonomic}
   size_t MinHeapDeltaBytes                        = 524288                                    {product} {ergonomic}
   size_t MinHeapSize                              = 104857600                                 {product} {command line}
   size_t NewSize                                  = 34603008                                  {product} {ergonomic}
    uintx NonNMethodCodeHeapSize                   = 5839372                                {pd product} {ergonomic}
    uintx NonProfiledCodeHeapSize                  = 122909434                              {pd product} {ergonomic}
   size_t OldSize                                  = 70254592                                  {product} {ergonomic}
    uintx ProfiledCodeHeapSize                     = 122909434                              {pd product} {ergonomic}
    uintx ReservedCodeCacheSize                    = 251658240                              {pd product} {ergonomic}
     bool SegmentedCodeCache                       = true                                      {product} {ergonomic}
   size_t SoftMaxHeapSize                          = 68719476736                            {manageable} {ergonomic}
     bool UseCompressedClassPointers               = true                           {product lp64_product} {ergonomic}
     bool UseLargePagesIndividualAllocation        = false                                  {pd product} {ergonomic}
     bool UseParallelGC                            = true                                      {product} {command line}

Logging:
Log output configuration:
 #0: stdout all=off uptime,level,tags
 #1: stderr all=off uptime,level,tags

Environment Variables:
JAVA_HOME=C:\Program Files\Eclipse Adoptium\jdk-21.0.1.12-hotspot\
PATH=C:\Program Files\Eclipse Adoptium\jdk-21.0.1.12-hotspot\bin;C:\Program Files\Common Files\Oracle\Java\javapath;C:\Program Files (x86)\Common Files\Oracle\Java\javapath;C:\Windows\system32;C:\Windows;C:\Windows\System32\Wbem;C:\Windows\System32\WindowsPowerShell\v1.0\;C:\Windows\System32\OpenSSH\;C:\Program Files (x86)\NVIDIA Corporation\PhysX\Common;C:\Program Files\NVIDIA Corporation\NVIDIA NvDLISR;C:\WINDOWS\system32;C:\WINDOWS;C:\WINDOWS\System32\Wbem;C:\WINDOWS\System32\WindowsPowerShell\v1.0\;C:\WINDOWS\System32\OpenSSH\;C:\Program Files\Microsoft VS Code\bin;C:\Users\galax\AppData\Roaming\nvm;C:\Program Files\nodejs;C:\Program Files\Graphviz\bin;C:\Program Files\GitHub CLI\;C:\Program Files\Git\cmd;C:\Users\galax\AppData\Local\Programs\Python\Python312\Scripts\;C:\Users\galax\AppData\Local\Programs\Python\Python312\;C:\Users\galax\.console-ninja\.bin;C:\Users\galax\AppData\Local\Microsoft\WindowsApps;C:\Users\galax\AppData\Local\Programs\oh-my-posh\bin;C:\Program Files\JetBrains\IntelliJ IDEA Community Edition 2023.2\bin;C:\Users\galax\AppData\Roaming\npm;C:\Users\galax\AppData\Local\Programs\mongosh\;C:\Users\galax\AppData\Local\GitHubDesktop\bin;C:\Users\galax\AppData\Roaming\nvm;C:\Program Files\nodejs;C:\Program Files\Java\jdk-1.8\bin;C:\Program Files\Git\bin;D:\whois;C:\Program Files\Java JDK\bin;;C:\Program Files (x86)\IntelliJ IDEA Community Edition 2023.2\bin;
USERNAME=Singh
OS=Windows_NT
PROCESSOR_IDENTIFIER=AMD64 Family 25 Model 80 Stepping 0, AuthenticAMD
TMP=C:\Users\galax\AppData\Local\Temp
TEMP=C:\Users\galax\AppData\Local\Temp



Periodic native trim disabled


---------------  S Y S T E M  ---------------

OS:
 Windows 11 , 64 bit Build 22621 (10.0.22621.2506)
OS uptime: 0 days 12:00 hours
Hyper-V role detected

CPU: total 12 (initial active 12) (12 cores per cpu, 2 threads per core) family 25 model 80 stepping 0 microcode 0x0, cx8, cmov, fxsr, ht, mmx, 3dnowpref, sse, sse2, sse3, ssse3, sse4a, sse4.1, sse4.2, popcnt, lzcnt, tsc, tscinvbit, avx, avx2, aes, erms, clmul, bmi1, bmi2, adx, sha, fma, vzeroupper, clflush, clflushopt, hv
Processor Information for all 12 processors :
  Max Mhz: 3301, Current Mhz: 3301, Mhz Limit: 3301

Memory: 4k page, system-wide physical 15724M (5331M free)
TotalPageFile size 20724M (AvailPageFile size 271M)
current process WorkingSet (physical memory assigned to process): 133M, peak: 133M
current process commit charge ("private bytes"): 2397M, peak: 2397M

vm_info: OpenJDK 64-Bit Server VM (17.0.10+7) for windows-amd64 JRE (17.0.10+7), built on Jan 16 2024 23:25:11 by "admin" with MS VC++ 16.10 / 16.11 (VS2019)

END.
