#
# There is insufficient memory for the Java Runtime Environment to continue.
# Native memory allocation (malloc) failed to allocate 695376 bytes. Error detail: Chunk::new
# Possible reasons:
#   The system is out of physical RAM or swap space
#   This process is running with CompressedOops enabled, and the Java Heap may be blocking the growth of the native heap
# Possible solutions:
#   Reduce memory load on the system
#   Increase physical memory or swap space
#   Check if swap backing store is full
#   Decrease Java heap size (-Xmx/-Xms)
#   Decrease number of Java threads
#   Decrease Java thread stack sizes (-Xss)
#   Set larger code cache with -XX:ReservedCodeCacheSize=
#   JVM is running with Unscaled Compressed Oops mode in which the Java heap is
#     placed in the first 4GB address space. The Java Heap base address is the
#     maximum limit for the native heap growth. Please use -XX:HeapBaseMinAddress
#     to set the Java Heap base and to place the Java Heap above 4GB virtual address.
# This output file may be truncated or incomplete.
#
#  Out of Memory Error (arena.cpp:150), pid=26136, tid=26948
#
# JRE version: Java(TM) SE Runtime Environment (22.0.2+9) (build 22.0.2+9-70)
# Java VM: Java HotSpot(TM) 64-Bit Server VM (22.0.2+9-70, mixed mode, sharing, tiered, compressed oops, compressed class ptrs, parallel gc, windows-amd64)
# No core dump will be written. Minidumps are not enabled by default on client versions of Windows
#

---------------  S U M M A R Y ------------

Command Line: --add-modules=ALL-SYSTEM --add-opens=java.base/java.util=ALL-UNNAMED --add-opens=java.base/java.lang=ALL-UNNAMED --add-opens=java.base/sun.nio.fs=ALL-UNNAMED -Declipse.application=org.eclipse.jdt.ls.core.id1 -Dosgi.bundles.defaultStartLevel=4 -Declipse.product=org.eclipse.jdt.ls.core.product -Djava.import.generatesMetadataFilesAtProjectRoot=false -DDetectVMInstallationsJob.disabled=true -Dfile.encoding=utf8 -XX:+UseParallelGC -XX:GCTimeRatio=4 -XX:AdaptiveSizePolicyWeight=90 -Dsun.zip.disableMemoryMapping=true -Xmx2G -Xms100m -Xlog:disable -javaagent:c:\Users\galax\.vscode\extensions\redhat.java-1.32.0-win32-x64\lombok\lombok-1.18.33.jar -XX:+HeapDumpOnOutOfMemoryError -XX:HeapDumpPath=c:\Users\galax\AppData\Roaming\Code\User\workspaceStorage\434381599979fe80c24a5019c7888678\redhat.java -Daether.dependencyCollector.impl=bf c:\Users\galax\.vscode\extensions\redhat.java-1.32.0-win32-x64\server\plugins\org.eclipse.equinox.launcher_1.6.900.v20240613-2009.jar -configuration c:\Users\galax\AppData\Roaming\Code\User\globalStorage\redhat.java\1.32.0\config_win -data c:\Users\galax\AppData\Roaming\Code\User\workspaceStorage\434381599979fe80c24a5019c7888678\redhat.java\jdt_ws --pipe=\\.\pipe\lsp-8a77c776e26333e3c30627a713f34c80-sock

Host: AMD Ryzen 5 5600H with Radeon Graphics         , 12 cores, 15G,  Windows 11 , 64 bit Build 22621 (10.0.22621.3672)
Time: Sun Jul 28 21:04:04 2024 India Standard Time elapsed time: 3.169788 seconds (0d 0h 0m 3s)

---------------  T H R E A D  ---------------

Current thread (0x000001a4426826f0):  JavaThread "C2 CompilerThread0" daemon [_thread_in_native, id=26948, stack(0x000000a19b900000,0x000000a19ba00000) (1024K)]


Current CompileTask:
C2:3169 4506   !   4       org.eclipse.osgi.internal.loader.classpath.ClasspathManager::findClassImpl (308 bytes)

Stack: [0x000000a19b900000,0x000000a19ba00000]
Native frames: (J=compiled Java code, j=interpreted, Vv=VM code, C=native code)
V  [jvm.dll+0x6e26e9]  (no source info available)
V  [jvm.dll+0x875753]  (no source info available)
V  [jvm.dll+0x877b7e]  (no source info available)
V  [jvm.dll+0x878253]  (no source info available)
V  [jvm.dll+0x27fc86]  (no source info available)
V  [jvm.dll+0xc3d0f]  (no source info available)
V  [jvm.dll+0xc3f6b]  (no source info available)
V  [jvm.dll+0x2f3c7f]  (no source info available)
V  [jvm.dll+0x60c0fa]  (no source info available)
V  [jvm.dll+0x249915]  (no source info available)
V  [jvm.dll+0x246da6]  (no source info available)
V  [jvm.dll+0x1c4e80]  (no source info available)
V  [jvm.dll+0x2568f3]  (no source info available)
V  [jvm.dll+0x254baa]  (no source info available)
V  [jvm.dll+0x3f57a6]  (no source info available)
V  [jvm.dll+0x81dc0b]  (no source info available)
V  [jvm.dll+0x6e0d85]  (no source info available)
C  [ucrtbase.dll+0x29333]  (no source info available)
C  [KERNEL32.DLL+0x1257d]  (no source info available)
C  [ntdll.dll+0x5af28]  (no source info available)


---------------  P R O C E S S  ---------------

Threads class SMR info:
_java_thread_list=0x000001a448bda5b0, length=42, elements={
0x000001a45c80a8e0, 0x000001a4411fe050, 0x000001a45ca28730, 0x000001a45ca2c830,
0x000001a45ca2d710, 0x000001a45ca30cf0, 0x000001a45ca3d560, 0x000001a4426826f0,
0x000001a4426839f0, 0x000001a44275bd40, 0x000001a44289fa40, 0x000001a442a04190,
0x000001a442a3e100, 0x000001a44810fa00, 0x000001a4480a1c30, 0x000001a448099570,
0x000001a448221400, 0x000001a448a127d0, 0x000001a448b46840, 0x000001a448b461b0,
0x000001a448b45490, 0x000001a448b44770, 0x000001a448b440e0, 0x000001a448b45b20,
0x000001a448b46ed0, 0x000001a448b44e00, 0x000001a449719b70, 0x000001a449717410,
0x000001a4497166f0, 0x000001a44971cff0, 0x000001a44971a890, 0x000001a44971b5b0,
0x000001a449717aa0, 0x000001a44971af20, 0x000001a449718130, 0x000001a449716060,
0x000001a44971d680, 0x000001a4497187c0, 0x000001a449718e50, 0x000001a44971bc40,
0x000001a449716d80, 0x000001a44971c2d0
}

Java Threads: ( => current thread )
  0x000001a45c80a8e0 JavaThread "main"                              [_thread_blocked, id=23072, stack(0x000000a19af00000,0x000000a19b000000) (1024K)]
  0x000001a4411fe050 JavaThread "Reference Handler"          daemon [_thread_blocked, id=27304, stack(0x000000a19b300000,0x000000a19b400000) (1024K)]
  0x000001a45ca28730 JavaThread "Finalizer"                  daemon [_thread_blocked, id=26160, stack(0x000000a19b400000,0x000000a19b500000) (1024K)]
  0x000001a45ca2c830 JavaThread "Signal Dispatcher"          daemon [_thread_blocked, id=26932, stack(0x000000a19b500000,0x000000a19b600000) (1024K)]
  0x000001a45ca2d710 JavaThread "Attach Listener"            daemon [_thread_blocked, id=23556, stack(0x000000a19b600000,0x000000a19b700000) (1024K)]
  0x000001a45ca30cf0 JavaThread "Service Thread"             daemon [_thread_blocked, id=27740, stack(0x000000a19b700000,0x000000a19b800000) (1024K)]
  0x000001a45ca3d560 JavaThread "Monitor Deflation Thread"   daemon [_thread_blocked, id=27720, stack(0x000000a19b800000,0x000000a19b900000) (1024K)]
=>0x000001a4426826f0 JavaThread "C2 CompilerThread0"         daemon [_thread_in_native, id=26948, stack(0x000000a19b900000,0x000000a19ba00000) (1024K)]
  0x000001a4426839f0 JavaThread "C1 CompilerThread0"         daemon [_thread_in_native, id=1832, stack(0x000000a19ba00000,0x000000a19bb00000) (1024K)]
  0x000001a44275bd40 JavaThread "Common-Cleaner"             daemon [_thread_blocked, id=27752, stack(0x000000a19bb00000,0x000000a19bc00000) (1024K)]
  0x000001a44289fa40 JavaThread "C2 CompilerThread1"         daemon [_thread_in_native, id=27756, stack(0x000000a19bc00000,0x000000a19bd00000) (1024K)]
  0x000001a442a04190 JavaThread "Notification Thread"        daemon [_thread_blocked, id=27876, stack(0x000000a19bd00000,0x000000a19be00000) (1024K)]
  0x000001a442a3e100 JavaThread "C2 CompilerThread2"         daemon [_thread_in_native, id=27952, stack(0x000000a19be00000,0x000000a19bf00000) (1024K)]
  0x000001a44810fa00 JavaThread "Active Thread: Equinox Container: f2dc35e8-db02-4a93-a40c-4215e5aa2d36"        [_thread_blocked, id=28232, stack(0x000000a19c500000,0x000000a19c600000) (1024K)]
  0x000001a4480a1c30 JavaThread "Framework Event Dispatcher: Equinox Container: f2dc35e8-db02-4a93-a40c-4215e5aa2d36" daemon [_thread_blocked, id=28572, stack(0x000000a19c600000,0x000000a19c700000) (1024K)]
  0x000001a448099570 JavaThread "Start Level: Equinox Container: f2dc35e8-db02-4a93-a40c-4215e5aa2d36" daemon [_thread_blocked, id=28484, stack(0x000000a19c700000,0x000000a19c800000) (1024K)]
  0x000001a448221400 JavaThread "Bundle File Closer"         daemon [_thread_blocked, id=28600, stack(0x000000a19c900000,0x000000a19ca00000) (1024K)]
  0x000001a448a127d0 JavaThread "SCR Component Actor"        daemon [_thread_blocked, id=28004, stack(0x000000a19cc00000,0x000000a19cd00000) (1024K)]
  0x000001a448b46840 JavaThread "SCR Component Registry"     daemon [_thread_blocked, id=28224, stack(0x000000a19cd00000,0x000000a19ce00000) (1024K)]
  0x000001a448b461b0 JavaThread "Worker-JM"                         [_thread_blocked, id=22048, stack(0x000000a19ce00000,0x000000a19cf00000) (1024K)]
  0x000001a448b45490 JavaThread "Worker-0: Updating Maven Dependencies"        [_thread_in_vm, id=27288, stack(0x000000a19cf00000,0x000000a19d000000) (1024K)]
  0x000001a448b44770 JavaThread "Worker-1: Repository registry initialization"        [_thread_blocked, id=13120, stack(0x000000a19d000000,0x000000a19d100000) (1024K)]
  0x000001a448b440e0 JavaThread "Java indexing"              daemon [_thread_blocked, id=28112, stack(0x000000a19d100000,0x000000a19d200000) (1024K)]
  0x000001a448b45b20 JavaThread "JNA Cleaner"                daemon [_thread_blocked, id=26952, stack(0x000000a19d200000,0x000000a19d300000) (1024K)]
  0x000001a448b46ed0 JavaThread "Thread-2"                   daemon [_thread_in_native, id=27868, stack(0x000000a19d300000,0x000000a19d400000) (1024K)]
  0x000001a448b44e00 JavaThread "Thread-3"                   daemon [_thread_in_native, id=12424, stack(0x000000a19d400000,0x000000a19d500000) (1024K)]
  0x000001a449719b70 JavaThread "Thread-4"                   daemon [_thread_in_native, id=27856, stack(0x000000a19d500000,0x000000a19d600000) (1024K)]
  0x000001a449717410 JavaThread "Thread-5"                   daemon [_thread_in_native, id=20084, stack(0x000000a19d600000,0x000000a19d700000) (1024K)]
  0x000001a4497166f0 JavaThread "Thread-6"                   daemon [_thread_in_native, id=28216, stack(0x000000a19d700000,0x000000a19d800000) (1024K)]
  0x000001a44971cff0 JavaThread "Thread-7"                   daemon [_thread_in_native, id=27912, stack(0x000000a19d800000,0x000000a19d900000) (1024K)]
  0x000001a44971a890 JavaThread "Thread-8"                   daemon [_thread_in_native, id=28040, stack(0x000000a19d900000,0x000000a19da00000) (1024K)]
  0x000001a44971b5b0 JavaThread "Thread-9"                   daemon [_thread_in_native, id=28256, stack(0x000000a19da00000,0x000000a19db00000) (1024K)]
  0x000001a449717aa0 JavaThread "Thread-10"                  daemon [_thread_in_native, id=28272, stack(0x000000a19db00000,0x000000a19dc00000) (1024K)]
  0x000001a44971af20 JavaThread "Thread-11"                  daemon [_thread_in_native, id=28284, stack(0x000000a19dc00000,0x000000a19dd00000) (1024K)]
  0x000001a449718130 JavaThread "Thread-12"                  daemon [_thread_in_native, id=27776, stack(0x000000a19dd00000,0x000000a19de00000) (1024K)]
  0x000001a449716060 JavaThread "Thread-13"                  daemon [_thread_in_native, id=28252, stack(0x000000a19de00000,0x000000a19df00000) (1024K)]
  0x000001a44971d680 JavaThread "Thread-14"                  daemon [_thread_in_native, id=28268, stack(0x000000a19df00000,0x000000a19e000000) (1024K)]
  0x000001a4497187c0 JavaThread "pool-2-thread-1"                   [_thread_blocked, id=26936, stack(0x000000a19e000000,0x000000a19e100000) (1024K)]
  0x000001a449718e50 JavaThread "WorkspaceEventsHandler"            [_thread_blocked, id=28492, stack(0x000000a19e100000,0x000000a19e200000) (1024K)]
  0x000001a44971bc40 JavaThread "pool-1-thread-1"                   [_thread_blocked, id=28480, stack(0x000000a19e200000,0x000000a19e300000) (1024K)]
  0x000001a449716d80 JavaThread "Worker-2"                          [_thread_blocked, id=28608, stack(0x000000a19e300000,0x000000a19e400000) (1024K)]
  0x000001a44971c2d0 JavaThread "Worker-3"                          [_thread_blocked, id=27628, stack(0x000000a19e400000,0x000000a19e500000) (1024K)]
Total: 42

Other Threads:
  0x000001a4411e4b10 VMThread "VM Thread"                           [id=27296, stack(0x000000a19b200000,0x000000a19b300000) (1024K)]
  0x000001a45c9ea550 WatcherThread "VM Periodic Task Thread"        [id=27668, stack(0x000000a19b100000,0x000000a19b200000) (1024K)]
  0x000001a45c99ecd0 WorkerThread "GC Thread#0"                     [id=27320, stack(0x000000a19b000000,0x000000a19b100000) (1024K)]
  0x000001a442a01a10 WorkerThread "GC Thread#1"                     [id=26604, stack(0x000000a19bf00000,0x000000a19c000000) (1024K)]
  0x000001a443bc3cb0 WorkerThread "GC Thread#2"                     [id=27480, stack(0x000000a19c000000,0x000000a19c100000) (1024K)]
  0x000001a443c208e0 WorkerThread "GC Thread#3"                     [id=26556, stack(0x000000a19c100000,0x000000a19c200000) (1024K)]
  0x000001a443c20c90 WorkerThread "GC Thread#4"                     [id=27780, stack(0x000000a19c200000,0x000000a19c300000) (1024K)]
  0x000001a443e0ad90 WorkerThread "GC Thread#5"                     [id=7896, stack(0x000000a19c300000,0x000000a19c400000) (1024K)]
  0x000001a443e0b140 WorkerThread "GC Thread#6"                     [id=27760, stack(0x000000a19c400000,0x000000a19c500000) (1024K)]
  0x000001a4480de3d0 WorkerThread "GC Thread#7"                     [id=23968, stack(0x000000a19c800000,0x000000a19c900000) (1024K)]
  0x000001a448bf8ff0 WorkerThread "GC Thread#8"                     [id=26724, stack(0x000000a19ca00000,0x000000a19cb00000) (1024K)]
  0x000001a44871cf20 WorkerThread "GC Thread#9"                     [id=27408, stack(0x000000a19cb00000,0x000000a19cc00000) (1024K)]
Total: 12

Threads with active compile tasks:
C2 CompilerThread0  3218 4506   !   4       org.eclipse.osgi.internal.loader.classpath.ClasspathManager::findClassImpl (308 bytes)
C2 CompilerThread1  3218 4620   !   4       sun.nio.cs.StreamDecoder::read (78 bytes)
C2 CompilerThread2  3218 4528   !   4       org.eclipse.osgi.internal.loader.classpath.ClasspathManager::findLocalClass (210 bytes)
Total: 3

VM state: not at safepoint (normal execution)

VM Mutex/Monitor currently owned by a thread: None

Heap address: 0x0000000080000000, size: 2048 MB, Compressed Oops mode: 32-bit

CDS archive(s) mapped at: [0x000001a400000000-0x000001a400c60000-0x000001a400c60000), size 12976128, SharedBaseAddress: 0x000001a400000000, ArchiveRelocationMode: 1.
Compressed class space mapped at: 0x000001a401000000-0x000001a441000000, reserved size: 1073741824
Narrow klass base: 0x000001a400000000, Narrow klass shift: 0, Narrow klass range: 0x41000000

GC Precious Log:
 CardTable entry size: 512
 CPUs: 12 total, 12 available
 Memory: 15724M
 Large Page Support: Disabled
 NUMA Support: Disabled
 Compressed Oops: Enabled (32-bit)
 Alignments: Space 512K, Generation 512K, Heap 2M
 Heap Min Capacity: 100M
 Heap Initial Capacity: 100M
 Heap Max Capacity: 2G
 Pre-touch: Disabled
 Parallel Workers: 10

Heap:
 PSYoungGen      total 23552K, used 15526K [0x00000000d5580000, 0x00000000d7100000, 0x0000000100000000)
  eden space 22528K, 68% used [0x00000000d5580000,0x00000000d64a9bb0,0x00000000d6b80000)
  from space 1024K, 0% used [0x00000000d7000000,0x00000000d7000000,0x00000000d7100000)
  to   space 1024K, 0% used [0x00000000d6f00000,0x00000000d6f00000,0x00000000d7000000)
 ParOldGen       total 68608K, used 17482K [0x0000000080000000, 0x0000000084300000, 0x00000000d5580000)
  object space 68608K, 25% used [0x0000000080000000,0x00000000811129d8,0x0000000084300000)
 Metaspace       used 35662K, committed 36736K, reserved 1114112K
  class space    used 3705K, committed 4160K, reserved 1048576K

Card table byte_map: [0x000001a4756c0000,0x000001a475ad0000] _byte_map_base: 0x000001a4752c0000

Marking Bits: (ParMarkBitMap*) 0x00007ffaa95b1a90
 Begin Bits: [0x000001a475d80000, 0x000001a477d80000)
 End Bits:   [0x000001a477d80000, 0x000001a479d80000)

Polling page: 0x000001a45ca40000

Metaspace:

Usage:
  Non-class:     31.21 MB used.
      Class:      3.62 MB used.
       Both:     34.83 MB used.

Virtual space:
  Non-class space:       64.00 MB reserved,      31.81 MB ( 50%) committed,  1 nodes.
      Class space:        1.00 GB reserved,       4.06 MB ( <1%) committed,  1 nodes.
             Both:        1.06 GB reserved,      35.88 MB (  3%) committed. 

Chunk freelists:
   Non-Class:  15.58 MB
       Class:  11.77 MB
        Both:  27.34 MB

MaxMetaspaceSize: unlimited
CompressedClassSpaceSize: 1.00 GB
Initial GC threshold: 21.00 MB
Current GC threshold: 58.38 MB
CDS: on
 - commit_granule_bytes: 65536.
 - commit_granule_words: 8192.
 - virtual_space_node_default_size: 8388608.
 - enlarge_chunks_in_place: 1.
 - use_allocation_guard: 0.


Internal statistics:

num_allocs_failed_limit: 6.
num_arena_births: 698.
num_arena_deaths: 14.
num_vsnodes_births: 2.
num_vsnodes_deaths: 0.
num_space_committed: 574.
num_space_uncommitted: 0.
num_chunks_returned_to_freelist: 20.
num_chunks_taken_from_freelist: 2148.
num_chunk_merges: 8.
num_chunk_splits: 1395.
num_chunks_enlarged: 872.
num_inconsistent_stats: 0.

CodeHeap 'non-profiled nmethods': size=120000Kb used=1993Kb max_used=2254Kb free=118006Kb
 bounds [0x000001a46dfb0000, 0x000001a46e220000, 0x000001a4754e0000]
CodeHeap 'profiled nmethods': size=120000Kb used=8527Kb max_used=9532Kb free=111473Kb
 bounds [0x000001a4664e0000, 0x000001a466e30000, 0x000001a46da10000]
CodeHeap 'non-nmethods': size=5760Kb used=1360Kb max_used=1403Kb free=4399Kb
 bounds [0x000001a46da10000, 0x000001a46dc80000, 0x000001a46dfb0000]
 total_blobs=4842 nmethods=4190 adapters=558
 compilation: enabled
              stopped_count=0, restarted_count=0
 full_count=0

Compilation events (20 events):
Event: 3.166 Thread 0x000001a4426839f0 nmethod 4686 0x000001a46672ad90 code [0x000001a46672af60, 0x000001a46672b1f0]
Event: 3.166 Thread 0x000001a4426839f0 4687       2       java.util.Spliterators::checkFromToBounds (74 bytes)
Event: 3.167 Thread 0x000001a4426839f0 nmethod 4687 0x000001a4666f6d90 code [0x000001a4666f6fe0, 0x000001a4666f75a8]
Event: 3.167 Thread 0x000001a4426839f0 4685       2       java.util.Arrays::spliterator (10 bytes)
Event: 3.167 Thread 0x000001a4426839f0 nmethod 4685 0x000001a4668be810 code [0x000001a4668be9a0, 0x000001a4668beaa8]
Event: 3.167 Thread 0x000001a4426839f0 4689       1       com.google.inject.TypeLiteral::hashCode (5 bytes)
Event: 3.167 Thread 0x000001a4426839f0 nmethod 4689 0x000001a46e094590 code [0x000001a46e094720, 0x000001a46e0947e8]
Event: 3.167 Thread 0x000001a4426839f0 4688       1       org.eclipse.sisu.space.NamedClass::getName (5 bytes)
Event: 3.167 Thread 0x000001a4426839f0 nmethod 4688 0x000001a46e095990 code [0x000001a46e095b20, 0x000001a46e095be8]
Event: 3.167 Thread 0x000001a4426839f0 4691       2       com.google.common.base.Preconditions::checkNotNull (14 bytes)
Event: 3.167 Thread 0x000001a4426839f0 nmethod 4691 0x000001a466844910 code [0x000001a466844ac0, 0x000001a466844c60]
Event: 3.167 Thread 0x000001a4426839f0 4692       1       sun.reflect.generics.reflectiveObjects.ParameterizedTypeImpl::getOwnerType (5 bytes)
Event: 3.168 Thread 0x000001a4426839f0 nmethod 4692 0x000001a46e0e6f10 code [0x000001a46e0e70a0, 0x000001a46e0e7168]
Event: 3.168 Thread 0x000001a4426839f0 4693       2       com.google.inject.internal.MoreTypes::canonicalize (143 bytes)
Event: 3.168 Thread 0x000001a4426839f0 nmethod 4693 0x000001a466ac6990 code [0x000001a466ac6c40, 0x000001a466ac75f0]
Event: 3.168 Thread 0x000001a4426839f0 4695       2       java.util.Comparator::comparing (18 bytes)
Event: 3.168 Thread 0x000001a4426839f0 nmethod 4695 0x000001a466800a10 code [0x000001a466800be0, 0x000001a466800e98]
Event: 3.168 Thread 0x000001a4426839f0 4696       2       java.util.Comparator$$Lambda/0x000001a4010f7530::<init> (10 bytes)
Event: 3.168 Thread 0x000001a4426839f0 nmethod 4696 0x000001a46691a490 code [0x000001a46691a620, 0x000001a46691a740]
Event: 3.168 Thread 0x000001a4426839f0 4694       2       java.lang.reflect.Field::getGenericType (20 bytes)

GC Heap History (20 events):
Event: 1.675 GC heap before
{Heap before GC invocations=5 (full 0):
 PSYoungGen      total 29696K, used 29690K [0x00000000d5580000, 0x00000000d7680000, 0x0000000100000000)
  eden space 25600K, 100% used [0x00000000d5580000,0x00000000d6e80000,0x00000000d6e80000)
  from space 4096K, 99% used [0x00000000d7280000,0x00000000d767ebf0,0x00000000d7680000)
  to   space 4096K, 0% used [0x00000000d6e80000,0x00000000d6e80000,0x00000000d7280000)
 ParOldGen       total 68608K, used 6588K [0x0000000080000000, 0x0000000084300000, 0x00000000d5580000)
  object space 68608K, 9% used [0x0000000080000000,0x000000008066f2c0,0x0000000084300000)
 Metaspace       used 16826K, committed 17408K, reserved 1114112K
  class space    used 1710K, committed 1984K, reserved 1048576K
}
Event: 1.679 GC heap after
{Heap after GC invocations=5 (full 0):
 PSYoungGen      total 29184K, used 4069K [0x00000000d5580000, 0x00000000d7900000, 0x0000000100000000)
  eden space 25088K, 0% used [0x00000000d5580000,0x00000000d5580000,0x00000000d6e00000)
  from space 4096K, 99% used [0x00000000d6e80000,0x00000000d7279420,0x00000000d7280000)
  to   space 5632K, 0% used [0x00000000d7380000,0x00000000d7380000,0x00000000d7900000)
 ParOldGen       total 68608K, used 7919K [0x0000000080000000, 0x0000000084300000, 0x00000000d5580000)
  object space 68608K, 11% used [0x0000000080000000,0x00000000807bbde8,0x0000000084300000)
 Metaspace       used 16826K, committed 17408K, reserved 1114112K
  class space    used 1710K, committed 1984K, reserved 1048576K
}
Event: 1.901 GC heap before
{Heap before GC invocations=6 (full 0):
 PSYoungGen      total 29184K, used 29157K [0x00000000d5580000, 0x00000000d7900000, 0x0000000100000000)
  eden space 25088K, 100% used [0x00000000d5580000,0x00000000d6e00000,0x00000000d6e00000)
  from space 4096K, 99% used [0x00000000d6e80000,0x00000000d7279420,0x00000000d7280000)
  to   space 5632K, 0% used [0x00000000d7380000,0x00000000d7380000,0x00000000d7900000)
 ParOldGen       total 68608K, used 7919K [0x0000000080000000, 0x0000000084300000, 0x00000000d5580000)
  object space 68608K, 11% used [0x0000000080000000,0x00000000807bbde8,0x0000000084300000)
 Metaspace       used 19232K, committed 19968K, reserved 1114112K
  class space    used 1992K, committed 2304K, reserved 1048576K
}
Event: 1.904 GC heap after
{Heap after GC invocations=6 (full 0):
 PSYoungGen      total 30208K, used 5511K [0x00000000d5580000, 0x00000000d7900000, 0x0000000100000000)
  eden space 24576K, 0% used [0x00000000d5580000,0x00000000d5580000,0x00000000d6d80000)
  from space 5632K, 97% used [0x00000000d7380000,0x00000000d78e1e18,0x00000000d7900000)
  to   space 5632K, 0% used [0x00000000d6e00000,0x00000000d6e00000,0x00000000d7380000)
 ParOldGen       total 68608K, used 7927K [0x0000000080000000, 0x0000000084300000, 0x00000000d5580000)
  object space 68608K, 11% used [0x0000000080000000,0x00000000807bdde8,0x0000000084300000)
 Metaspace       used 19232K, committed 19968K, reserved 1114112K
  class space    used 1992K, committed 2304K, reserved 1048576K
}
Event: 1.984 GC heap before
{Heap before GC invocations=7 (full 0):
 PSYoungGen      total 30208K, used 25468K [0x00000000d5580000, 0x00000000d7900000, 0x0000000100000000)
  eden space 24576K, 81% used [0x00000000d5580000,0x00000000d68fd218,0x00000000d6d80000)
  from space 5632K, 97% used [0x00000000d7380000,0x00000000d78e1e18,0x00000000d7900000)
  to   space 5632K, 0% used [0x00000000d6e00000,0x00000000d6e00000,0x00000000d7380000)
 ParOldGen       total 68608K, used 7927K [0x0000000080000000, 0x0000000084300000, 0x00000000d5580000)
  object space 68608K, 11% used [0x0000000080000000,0x00000000807bdde8,0x0000000084300000)
 Metaspace       used 20814K, committed 21504K, reserved 1114112K
  class space    used 2117K, committed 2432K, reserved 1048576K
}
Event: 1.987 GC heap after
{Heap after GC invocations=7 (full 0):
 PSYoungGen      total 29696K, used 4668K [0x00000000d5580000, 0x00000000d7780000, 0x0000000100000000)
  eden space 24576K, 0% used [0x00000000d5580000,0x00000000d5580000,0x00000000d6d80000)
  from space 5120K, 91% used [0x00000000d6e00000,0x00000000d728f1d8,0x00000000d7300000)
  to   space 4608K, 0% used [0x00000000d7300000,0x00000000d7300000,0x00000000d7780000)
 ParOldGen       total 68608K, used 9169K [0x0000000080000000, 0x0000000084300000, 0x00000000d5580000)
  object space 68608K, 13% used [0x0000000080000000,0x00000000808f4478,0x0000000084300000)
 Metaspace       used 20814K, committed 21504K, reserved 1114112K
  class space    used 2117K, committed 2432K, reserved 1048576K
}
Event: 1.987 GC heap before
{Heap before GC invocations=8 (full 1):
 PSYoungGen      total 29696K, used 4668K [0x00000000d5580000, 0x00000000d7780000, 0x0000000100000000)
  eden space 24576K, 0% used [0x00000000d5580000,0x00000000d5580000,0x00000000d6d80000)
  from space 5120K, 91% used [0x00000000d6e00000,0x00000000d728f1d8,0x00000000d7300000)
  to   space 4608K, 0% used [0x00000000d7300000,0x00000000d7300000,0x00000000d7780000)
 ParOldGen       total 68608K, used 9169K [0x0000000080000000, 0x0000000084300000, 0x00000000d5580000)
  object space 68608K, 13% used [0x0000000080000000,0x00000000808f4478,0x0000000084300000)
 Metaspace       used 20814K, committed 21504K, reserved 1114112K
  class space    used 2117K, committed 2432K, reserved 1048576K
}
Event: 2.008 GC heap after
{Heap after GC invocations=8 (full 1):
 PSYoungGen      total 29696K, used 0K [0x00000000d5580000, 0x00000000d7780000, 0x0000000100000000)
  eden space 24576K, 0% used [0x00000000d5580000,0x00000000d5580000,0x00000000d6d80000)
  from space 5120K, 0% used [0x00000000d6e00000,0x00000000d6e00000,0x00000000d7300000)
  to   space 4608K, 0% used [0x00000000d7300000,0x00000000d7300000,0x00000000d7780000)
 ParOldGen       total 68608K, used 12758K [0x0000000080000000, 0x0000000084300000, 0x00000000d5580000)
  object space 68608K, 18% used [0x0000000080000000,0x0000000080c75bc0,0x0000000084300000)
 Metaspace       used 20802K, committed 21504K, reserved 1114112K
  class space    used 2114K, committed 2432K, reserved 1048576K
}
Event: 2.151 GC heap before
{Heap before GC invocations=9 (full 1):
 PSYoungGen      total 29696K, used 24510K [0x00000000d5580000, 0x00000000d7780000, 0x0000000100000000)
  eden space 24576K, 99% used [0x00000000d5580000,0x00000000d6d6f918,0x00000000d6d80000)
  from space 5120K, 0% used [0x00000000d6e00000,0x00000000d6e00000,0x00000000d7300000)
  to   space 4608K, 0% used [0x00000000d7300000,0x00000000d7300000,0x00000000d7780000)
 ParOldGen       total 68608K, used 12758K [0x0000000080000000, 0x0000000084300000, 0x00000000d5580000)
  object space 68608K, 18% used [0x0000000080000000,0x0000000080c75bc0,0x0000000084300000)
 Metaspace       used 24491K, committed 25216K, reserved 1114112K
  class space    used 2392K, committed 2688K, reserved 1048576K
}
Event: 2.152 GC heap after
{Heap after GC invocations=9 (full 1):
 PSYoungGen      total 24576K, used 398K [0x00000000d5580000, 0x00000000d7380000, 0x0000000100000000)
  eden space 24064K, 0% used [0x00000000d5580000,0x00000000d5580000,0x00000000d6d00000)
  from space 512K, 77% used [0x00000000d7300000,0x00000000d7363890,0x00000000d7380000)
  to   space 2048K, 0% used [0x00000000d6f80000,0x00000000d6f80000,0x00000000d7180000)
 ParOldGen       total 68608K, used 12766K [0x0000000080000000, 0x0000000084300000, 0x00000000d5580000)
  object space 68608K, 18% used [0x0000000080000000,0x0000000080c77bc0,0x0000000084300000)
 Metaspace       used 24491K, committed 25216K, reserved 1114112K
  class space    used 2392K, committed 2688K, reserved 1048576K
}
Event: 2.330 GC heap before
{Heap before GC invocations=10 (full 1):
 PSYoungGen      total 24576K, used 24462K [0x00000000d5580000, 0x00000000d7380000, 0x0000000100000000)
  eden space 24064K, 100% used [0x00000000d5580000,0x00000000d6d00000,0x00000000d6d00000)
  from space 512K, 77% used [0x00000000d7300000,0x00000000d7363890,0x00000000d7380000)
  to   space 2048K, 0% used [0x00000000d6f80000,0x00000000d6f80000,0x00000000d7180000)
 ParOldGen       total 68608K, used 12766K [0x0000000080000000, 0x0000000084300000, 0x00000000d5580000)
  object space 68608K, 18% used [0x0000000080000000,0x0000000080c77bc0,0x0000000084300000)
 Metaspace       used 26134K, committed 26880K, reserved 1114112K
  class space    used 2511K, committed 2816K, reserved 1048576K
}
Event: 2.332 GC heap after
{Heap after GC invocations=10 (full 1):
 PSYoungGen      total 25600K, used 2019K [0x00000000d5580000, 0x00000000d7380000, 0x0000000100000000)
  eden space 23552K, 0% used [0x00000000d5580000,0x00000000d5580000,0x00000000d6c80000)
  from space 2048K, 98% used [0x00000000d6f80000,0x00000000d7178e78,0x00000000d7180000)
  to   space 2048K, 0% used [0x00000000d7180000,0x00000000d7180000,0x00000000d7380000)
 ParOldGen       total 68608K, used 13556K [0x0000000080000000, 0x0000000084300000, 0x00000000d5580000)
  object space 68608K, 19% used [0x0000000080000000,0x0000000080d3d0d0,0x0000000084300000)
 Metaspace       used 26134K, committed 26880K, reserved 1114112K
  class space    used 2511K, committed 2816K, reserved 1048576K
}
Event: 2.695 GC heap before
{Heap before GC invocations=11 (full 1):
 PSYoungGen      total 25600K, used 25571K [0x00000000d5580000, 0x00000000d7380000, 0x0000000100000000)
  eden space 23552K, 100% used [0x00000000d5580000,0x00000000d6c80000,0x00000000d6c80000)
  from space 2048K, 98% used [0x00000000d6f80000,0x00000000d7178e78,0x00000000d7180000)
  to   space 2048K, 0% used [0x00000000d7180000,0x00000000d7180000,0x00000000d7380000)
 ParOldGen       total 68608K, used 13556K [0x0000000080000000, 0x0000000084300000, 0x00000000d5580000)
  object space 68608K, 19% used [0x0000000080000000,0x0000000080d3d0d0,0x0000000084300000)
 Metaspace       used 29792K, committed 30656K, reserved 1114112K
  class space    used 2925K, committed 3264K, reserved 1048576K
}
Event: 2.696 GC heap after
{Heap after GC invocations=11 (full 1):
 PSYoungGen      total 25088K, used 2039K [0x00000000d5580000, 0x00000000d7380000, 0x0000000100000000)
  eden space 23040K, 0% used [0x00000000d5580000,0x00000000d5580000,0x00000000d6c00000)
  from space 2048K, 99% used [0x00000000d7180000,0x00000000d737de40,0x00000000d7380000)
  to   space 3584K, 0% used [0x00000000d6c80000,0x00000000d6c80000,0x00000000d7000000)
 ParOldGen       total 68608K, used 14677K [0x0000000080000000, 0x0000000084300000, 0x00000000d5580000)
  object space 68608K, 21% used [0x0000000080000000,0x0000000080e55418,0x0000000084300000)
 Metaspace       used 29792K, committed 30656K, reserved 1114112K
  class space    used 2925K, committed 3264K, reserved 1048576K
}
Event: 2.876 GC heap before
{Heap before GC invocations=12 (full 1):
 PSYoungGen      total 25088K, used 25058K [0x00000000d5580000, 0x00000000d7380000, 0x0000000100000000)
  eden space 23040K, 99% used [0x00000000d5580000,0x00000000d6bfac00,0x00000000d6c00000)
  from space 2048K, 99% used [0x00000000d7180000,0x00000000d737de40,0x00000000d7380000)
  to   space 3584K, 0% used [0x00000000d6c80000,0x00000000d6c80000,0x00000000d7000000)
 ParOldGen       total 68608K, used 14677K [0x0000000080000000, 0x0000000084300000, 0x00000000d5580000)
  object space 68608K, 21% used [0x0000000080000000,0x0000000080e55418,0x0000000084300000)
 Metaspace       used 32215K, committed 33152K, reserved 1114112K
  class space    used 3220K, committed 3584K, reserved 1048576K
}
Event: 2.878 GC heap after
{Heap after GC invocations=12 (full 1):
 PSYoungGen      total 26112K, used 1243K [0x00000000d5580000, 0x00000000d7200000, 0x0000000100000000)
  eden space 22528K, 0% used [0x00000000d5580000,0x00000000d5580000,0x00000000d6b80000)
  from space 3584K, 34% used [0x00000000d6c80000,0x00000000d6db6fb0,0x00000000d7000000)
  to   space 2048K, 0% used [0x00000000d7000000,0x00000000d7000000,0x00000000d7200000)
 ParOldGen       total 68608K, used 16732K [0x0000000080000000, 0x0000000084300000, 0x00000000d5580000)
  object space 68608K, 24% used [0x0000000080000000,0x0000000081057308,0x0000000084300000)
 Metaspace       used 32215K, committed 33152K, reserved 1114112K
  class space    used 3220K, committed 3584K, reserved 1048576K
}
Event: 3.075 GC heap before
{Heap before GC invocations=13 (full 1):
 PSYoungGen      total 26112K, used 20513K [0x00000000d5580000, 0x00000000d7200000, 0x0000000100000000)
  eden space 22528K, 85% used [0x00000000d5580000,0x00000000d6851468,0x00000000d6b80000)
  from space 3584K, 34% used [0x00000000d6c80000,0x00000000d6db6fb0,0x00000000d7000000)
  to   space 2048K, 0% used [0x00000000d7000000,0x00000000d7000000,0x00000000d7200000)
 ParOldGen       total 68608K, used 16732K [0x0000000080000000, 0x0000000084300000, 0x00000000d5580000)
  object space 68608K, 24% used [0x0000000080000000,0x0000000081057308,0x0000000084300000)
 Metaspace       used 34841K, committed 35840K, reserved 1114112K
  class space    used 3595K, committed 4032K, reserved 1048576K
}
Event: 3.076 GC heap after
{Heap after GC invocations=13 (full 1):
 PSYoungGen      total 23552K, used 576K [0x00000000d5580000, 0x00000000d7100000, 0x0000000100000000)
  eden space 22528K, 0% used [0x00000000d5580000,0x00000000d5580000,0x00000000d6b80000)
  from space 1024K, 56% used [0x00000000d7000000,0x00000000d7090000,0x00000000d7100000)
  to   space 1024K, 0% used [0x00000000d6f00000,0x00000000d6f00000,0x00000000d7000000)
 ParOldGen       total 68608K, used 17726K [0x0000000080000000, 0x0000000084300000, 0x00000000d5580000)
  object space 68608K, 25% used [0x0000000080000000,0x000000008114f908,0x0000000084300000)
 Metaspace       used 34841K, committed 35840K, reserved 1114112K
  class space    used 3595K, committed 4032K, reserved 1048576K
}
Event: 3.076 GC heap before
{Heap before GC invocations=14 (full 2):
 PSYoungGen      total 23552K, used 576K [0x00000000d5580000, 0x00000000d7100000, 0x0000000100000000)
  eden space 22528K, 0% used [0x00000000d5580000,0x00000000d5580000,0x00000000d6b80000)
  from space 1024K, 56% used [0x00000000d7000000,0x00000000d7090000,0x00000000d7100000)
  to   space 1024K, 0% used [0x00000000d6f00000,0x00000000d6f00000,0x00000000d7000000)
 ParOldGen       total 68608K, used 17726K [0x0000000080000000, 0x0000000084300000, 0x00000000d5580000)
  object space 68608K, 25% used [0x0000000080000000,0x000000008114f908,0x0000000084300000)
 Metaspace       used 34841K, committed 35840K, reserved 1114112K
  class space    used 3595K, committed 4032K, reserved 1048576K
}
Event: 3.104 GC heap after
{Heap after GC invocations=14 (full 2):
 PSYoungGen      total 23552K, used 0K [0x00000000d5580000, 0x00000000d7100000, 0x0000000100000000)
  eden space 22528K, 0% used [0x00000000d5580000,0x00000000d5580000,0x00000000d6b80000)
  from space 1024K, 0% used [0x00000000d7000000,0x00000000d7000000,0x00000000d7100000)
  to   space 1024K, 0% used [0x00000000d6f00000,0x00000000d6f00000,0x00000000d7000000)
 ParOldGen       total 68608K, used 17482K [0x0000000080000000, 0x0000000084300000, 0x00000000d5580000)
  object space 68608K, 25% used [0x0000000080000000,0x00000000811129d8,0x0000000084300000)
 Metaspace       used 34841K, committed 35840K, reserved 1114112K
  class space    used 3595K, committed 4032K, reserved 1048576K
}

Dll operation events (11 events):
Event: 0.007 Loaded shared library C:\Program Files\Java\jdk-22\bin\java.dll
Event: 0.032 Loaded shared library C:\Program Files\Java\jdk-22\bin\jsvml.dll
Event: 0.070 Loaded shared library C:\Program Files\Java\jdk-22\bin\zip.dll
Event: 0.072 Loaded shared library C:\Program Files\Java\jdk-22\bin\instrument.dll
Event: 0.075 Loaded shared library C:\Program Files\Java\jdk-22\bin\net.dll
Event: 0.076 Loaded shared library C:\Program Files\Java\jdk-22\bin\nio.dll
Event: 0.079 Loaded shared library C:\Program Files\Java\jdk-22\bin\zip.dll
Event: 0.093 Loaded shared library C:\Program Files\Java\jdk-22\bin\jimage.dll
Event: 0.147 Loaded shared library C:\Program Files\Java\jdk-22\bin\verify.dll
Event: 0.835 Loaded shared library C:\Users\galax\AppData\Roaming\Code\User\globalStorage\redhat.java\1.32.0\config_win\org.eclipse.equinox.launcher\org.eclipse.equinox.launcher.win32.win32.x86_64_1.2.1100.v20240613-2013\eclipse_11903.dll
Event: 2.541 Loaded shared library C:\Users\galax\AppData\Local\Temp\jna-79889305\jna17307350745839962283.dll

Deoptimization events (20 events):
Event: 2.969 Thread 0x000001a448b44770 Uncommon trap: trap_request=0xffffff45 fr.pc=0x000001a46e068ca8 relative=0x0000000000000108
Event: 2.969 Thread 0x000001a448b44770 Uncommon trap: reason=unstable_if action=reinterpret pc=0x000001a46e068ca8 method=jdk.internal.org.objectweb.asm.ByteVector.putShort(I)Ljdk/internal/org/objectweb/asm/ByteVector; @ 13 c2
Event: 2.969 Thread 0x000001a448b44770 DEOPT PACKING pc=0x000001a46e068ca8 sp=0x000000a19d0fd470
Event: 2.969 Thread 0x000001a448b44770 DEOPT UNPACKING pc=0x000001a46da63aa2 sp=0x000000a19d0fd408 mode 2
Event: 3.058 Thread 0x000001a448b45490 Uncommon trap: trap_request=0xffffff45 fr.pc=0x000001a46e079e4c relative=0x000000000000088c
Event: 3.058 Thread 0x000001a448b45490 Uncommon trap: reason=unstable_if action=reinterpret pc=0x000001a46e079e4c method=jdk.internal.org.objectweb.asm.SymbolTable.put(Ljdk/internal/org/objectweb/asm/SymbolTable$Entry;)Ljdk/internal/org/objectweb/asm/SymbolTable$Entry; @ 13 c2
Event: 3.058 Thread 0x000001a448b45490 DEOPT PACKING pc=0x000001a46e079e4c sp=0x000000a19cffd7a0
Event: 3.058 Thread 0x000001a448b45490 DEOPT UNPACKING pc=0x000001a46da63aa2 sp=0x000000a19cffd6b8 mode 2
Event: 3.111 Thread 0x000001a448b45490 Uncommon trap: trap_request=0xffffff45 fr.pc=0x000001a46e1da260 relative=0x00000000000000c0
Event: 3.111 Thread 0x000001a448b45490 Uncommon trap: reason=unstable_if action=reinterpret pc=0x000001a46e1da260 method=org.codehaus.plexus.util.xml.pull.MXParser.more()C @ 8 c2
Event: 3.111 Thread 0x000001a448b45490 DEOPT PACKING pc=0x000001a46e1da260 sp=0x000000a19cffe390
Event: 3.111 Thread 0x000001a448b45490 DEOPT UNPACKING pc=0x000001a46da63aa2 sp=0x000000a19cffe320 mode 2
Event: 3.125 Thread 0x000001a448b45490 Uncommon trap: trap_request=0xffffff45 fr.pc=0x000001a46e0e8e54 relative=0x0000000000000134
Event: 3.125 Thread 0x000001a448b45490 Uncommon trap: reason=unstable_if action=reinterpret pc=0x000001a46e0e8e54 method=java.util.ArrayList.indexOfRange(Ljava/lang/Object;II)I @ 7 c2
Event: 3.125 Thread 0x000001a448b45490 DEOPT PACKING pc=0x000001a46e0e8e54 sp=0x000000a19cffe410
Event: 3.125 Thread 0x000001a448b45490 DEOPT UNPACKING pc=0x000001a46da63aa2 sp=0x000000a19cffe2d0 mode 2
Event: 3.129 Thread 0x000001a448b45490 Uncommon trap: trap_request=0xffffff45 fr.pc=0x000001a46e0e0130 relative=0x0000000000000110
Event: 3.129 Thread 0x000001a448b45490 Uncommon trap: reason=unstable_if action=reinterpret pc=0x000001a46e0e0130 method=java.util.ArrayList.indexOfRange(Ljava/lang/Object;II)I @ 7 c2
Event: 3.129 Thread 0x000001a448b45490 DEOPT PACKING pc=0x000001a46e0e0130 sp=0x000000a19cffe330
Event: 3.129 Thread 0x000001a448b45490 DEOPT UNPACKING pc=0x000001a46da63aa2 sp=0x000000a19cffe2d0 mode 2

Classes loaded (20 events):
Event: 2.987 Loading class sun/reflect/annotation/TypeAnnotation$LocationInfo$Location
Event: 2.987 Loading class sun/reflect/annotation/TypeAnnotation$LocationInfo$Location done
Event: 2.987 Loading class sun/reflect/annotation/AnnotatedTypeFactory
Event: 2.988 Loading class sun/reflect/annotation/AnnotatedTypeFactory done
Event: 2.988 Loading class sun/reflect/annotation/AnnotatedTypeFactory$AnnotatedTypeBaseImpl
Event: 2.988 Loading class sun/reflect/annotation/AnnotatedTypeFactory$AnnotatedTypeBaseImpl done
Event: 2.988 Loading class java/util/stream/Streams$ConcatSpliterator$OfRef
Event: 2.988 Loading class java/util/stream/Streams$ConcatSpliterator
Event: 2.988 Loading class java/util/stream/Streams$ConcatSpliterator done
Event: 2.988 Loading class java/util/stream/Streams$ConcatSpliterator$OfRef done
Event: 2.988 Loading class java/util/stream/Streams$2
Event: 2.988 Loading class java/util/stream/Streams$2 done
Event: 3.024 Loading class java/lang/annotation/ElementType
Event: 3.024 Loading class java/lang/annotation/ElementType done
Event: 3.070 Loading class java/lang/Short$ShortCache
Event: 3.070 Loading class java/lang/Short$ShortCache done
Event: 3.108 Loading class java/lang/annotation/IncompleteAnnotationException
Event: 3.108 Loading class java/lang/annotation/IncompleteAnnotationException done
Event: 3.134 Loading class java/lang/foreign/MemorySegment
Event: 3.134 Loading class java/lang/foreign/MemorySegment done

Classes unloaded (7 events):
Event: 1.989 Thread 0x000001a4411e4b10 Unloading class 0x000001a401194000 'java/lang/invoke/LambdaForm$MH+0x000001a401194000'
Event: 1.989 Thread 0x000001a4411e4b10 Unloading class 0x000001a401193c00 'java/lang/invoke/LambdaForm$MH+0x000001a401193c00'
Event: 1.989 Thread 0x000001a4411e4b10 Unloading class 0x000001a401193800 'java/lang/invoke/LambdaForm$MH+0x000001a401193800'
Event: 1.989 Thread 0x000001a4411e4b10 Unloading class 0x000001a401193400 'java/lang/invoke/LambdaForm$MH+0x000001a401193400'
Event: 1.989 Thread 0x000001a4411e4b10 Unloading class 0x000001a401193000 'java/lang/invoke/LambdaForm$BMH+0x000001a401193000'
Event: 1.989 Thread 0x000001a4411e4b10 Unloading class 0x000001a401192c00 'java/lang/invoke/LambdaForm$DMH+0x000001a401192c00'
Event: 1.989 Thread 0x000001a4411e4b10 Unloading class 0x000001a401191800 'java/lang/invoke/LambdaForm$DMH+0x000001a401191800'

Classes redefined (0 events):
No events

Internal exceptions (20 events):
Event: 2.777 Thread 0x000001a45c80a8e0 Exception <a 'java/lang/NoSuchMethodError'{0x00000000d5f69540}: 'void java.lang.invoke.DirectMethodHandle$Holder.invokeSpecial(java.lang.Object, java.lang.Object, java.lang.Object, java.lang.Object, java.lang.Object, java.lang.Object)'> (0x00000000d5f69540) 
thrown [s\open\src\hotspot\share\interpreter\linkResolver.cpp, line 774]
Event: 2.778 Thread 0x000001a45c80a8e0 Exception <a 'java/lang/IncompatibleClassChangeError'{0x00000000d5f718f8}: Found class java.lang.Object, but interface was expected> (0x00000000d5f718f8) 
thrown [s\open\src\hotspot\share\interpreter\linkResolver.cpp, line 841]
Event: 2.778 Thread 0x000001a45c80a8e0 Exception <a 'java/lang/IncompatibleClassChangeError'{0x00000000d5f736e8}: Found class java.lang.Object, but interface was expected> (0x00000000d5f736e8) 
thrown [s\open\src\hotspot\share\interpreter\linkResolver.cpp, line 841]
Event: 2.887 Thread 0x000001a448b45490 Exception <a 'java/lang/NoSuchMethodError'{0x00000000d5628b10}: 'java.lang.Object java.lang.invoke.DirectMethodHandle$Holder.invokeStaticInit(java.lang.Object, java.lang.Object, java.lang.Object, java.lang.Object, java.lang.Object, java.lang.Object, java.lang.Object)'> (0x00000000d5628b10) 
thrown [s\open\src\hotspot\share\interpreter\linkResolver.cpp, line 774]
Event: 2.887 Thread 0x000001a448b45490 Exception <a 'java/lang/NoSuchMethodError'{0x00000000d562d788}: 'java.lang.Object java.lang.invoke.Invokers$Holder.invoke_MT(java.lang.Object, java.lang.Object, java.lang.Object, java.lang.Object, java.lang.Object, java.lang.Object, java.lang.Object, java.lang.Object, java.lang.Object)'> (0x00000000d562d788) 
thrown [s\open\src\hotspot\share\interpreter\linkResolver.cpp, line 774]
Event: 2.891 Thread 0x000001a448b45490 Exception <a 'java/lang/NoSuchMethodError'{0x00000000d566f1c8}: 'int java.lang.invoke.DirectMethodHandle$Holder.invokeVirtual(java.lang.Object, java.lang.Object, java.lang.Object)'> (0x00000000d566f1c8) 
thrown [s\open\src\hotspot\share\interpreter\linkResolver.cpp, line 774]
Event: 2.891 Thread 0x000001a448b45490 Exception <a 'java/lang/NoSuchMethodError'{0x00000000d5673620}: 'int java.lang.invoke.DirectMethodHandle$Holder.invokeStaticInit(java.lang.Object, int, int)'> (0x00000000d5673620) 
thrown [s\open\src\hotspot\share\interpreter\linkResolver.cpp, line 774]
Event: 2.892 Thread 0x000001a448b45490 Exception <a 'java/lang/NoSuchMethodError'{0x00000000d567ae08}: 'int java.lang.invoke.DirectMethodHandle$Holder.invokeStaticInit(java.lang.Object, long, long)'> (0x00000000d567ae08) 
thrown [s\open\src\hotspot\share\interpreter\linkResolver.cpp, line 774]
Event: 2.892 Thread 0x000001a448b45490 Exception <a 'java/lang/NoSuchMethodError'{0x00000000d5681e48}: 'int java.lang.invoke.DirectMethodHandle$Holder.invokeStaticInit(java.lang.Object, float, float)'> (0x00000000d5681e48) 
thrown [s\open\src\hotspot\share\interpreter\linkResolver.cpp, line 774]
Event: 2.892 Thread 0x000001a448b45490 Exception <a 'java/lang/NoSuchMethodError'{0x00000000d5688c60}: 'int java.lang.invoke.DirectMethodHandle$Holder.invokeStaticInit(java.lang.Object, double, double)'> (0x00000000d5688c60) 
thrown [s\open\src\hotspot\share\interpreter\linkResolver.cpp, line 774]
Event: 2.892 Thread 0x000001a448b45490 Exception <a 'java/lang/NoSuchMethodError'{0x00000000d568d2e8}: 'int java.lang.invoke.DirectMethodHandle$Holder.invokeStatic(java.lang.Object, long)'> (0x00000000d568d2e8) 
thrown [s\open\src\hotspot\share\interpreter\linkResolver.cpp, line 774]
Event: 2.894 Thread 0x000001a448b45490 Exception <a 'java/lang/NoSuchMethodError'{0x00000000d56ad5c0}: 'int java.lang.invoke.Invokers$Holder.linkToTargetMethod(java.lang.Object, java.lang.Object)'> (0x00000000d56ad5c0) 
thrown [s\open\src\hotspot\share\interpreter\linkResolver.cpp, line 774]
Event: 2.913 Thread 0x000001a448b45490 Exception <a 'java/lang/NoSuchMethodError'{0x00000000d5821148}: 'java.lang.Object java.lang.invoke.DirectMethodHandle$Holder.invokeSpecialIFC(java.lang.Object, java.lang.Object, java.lang.Object, java.lang.Object)'> (0x00000000d5821148) 
thrown [s\open\src\hotspot\share\interpreter\linkResolver.cpp, line 774]
Event: 2.965 Thread 0x000001a448b44770 Exception <a 'java/lang/NoSuchMethodError'{0x00000000d5e636e0}: 'int java.lang.invoke.DirectMethodHandle$Holder.invokeSpecial(java.lang.Object, java.lang.Object, java.lang.Object, java.lang.Object)'> (0x00000000d5e636e0) 
thrown [s\open\src\hotspot\share\interpreter\linkResolver.cpp, line 774]
Event: 2.966 Thread 0x000001a448b44770 Exception <a 'java/lang/NoSuchMethodError'{0x00000000d5e95520}: 'java.lang.Object java.lang.invoke.DirectMethodHandle$Holder.invokeStatic(java.lang.Object, int, java.lang.Object, java.lang.Object)'> (0x00000000d5e95520) 
thrown [s\open\src\hotspot\share\interpreter\linkResolver.cpp, line 774]
Event: 2.967 Thread 0x000001a448b44770 Exception <a 'java/lang/NoSuchMethodError'{0x00000000d5e99178}: 'java.lang.Object java.lang.invoke.DelegatingMethodHandle$Holder.delegate(java.lang.Object, int, java.lang.Object, java.lang.Object)'> (0x00000000d5e99178) 
thrown [s\open\src\hotspot\share\interpreter\linkResolver.cpp, line 774]
Event: 2.968 Thread 0x000001a448b44770 Implicit null exception at 0x000001a46e164e76 to 0x000001a46e165194
Event: 2.969 Thread 0x000001a448b44770 Exception <a 'java/lang/NoSuchMethodError'{0x00000000d5ec3ba0}: 'int java.lang.invoke.Invokers$Holder.linkToTargetMethod(java.lang.Object, java.lang.Object, java.lang.Object)'> (0x00000000d5ec3ba0) 
thrown [s\open\src\hotspot\share\interpreter\linkResolver.cpp, line 774]
Event: 3.000 Thread 0x000001a448b45490 Exception <a 'java/lang/NoSuchMethodError'{0x00000000d61f4680}: 'int java.lang.invoke.DirectMethodHandle$Holder.invokeSpecialIFC(java.lang.Object, java.lang.Object, java.lang.Object, java.lang.Object, java.lang.Object)'> (0x00000000d61f4680) 
thrown [s\open\src\hotspot\share\interpreter\linkResolver.cpp, line 774]
Event: 3.109 Thread 0x000001a448b45490 Exception <a 'java/lang/NoClassDefFoundError'{0x00000000d55a1688}: javax/enterprise/inject/Typed> (0x00000000d55a1688) 
thrown [s\open\src\hotspot\share\classfile\systemDictionary.cpp, line 302]

ZGC Phase Switch (0 events):
No events

VM Operations (20 events):
Event: 2.330 Executing VM operation: ParallelGCFailedAllocation (Allocation Failure)
Event: 2.332 Executing VM operation: ParallelGCFailedAllocation (Allocation Failure) done
Event: 2.342 Executing VM operation: HandshakeAllThreads (Deoptimize)
Event: 2.342 Executing VM operation: HandshakeAllThreads (Deoptimize) done
Event: 2.373 Executing VM operation: HandshakeAllThreads (Deoptimize)
Event: 2.373 Executing VM operation: HandshakeAllThreads (Deoptimize) done
Event: 2.446 Executing VM operation: HandshakeAllThreads (Deoptimize)
Event: 2.446 Executing VM operation: HandshakeAllThreads (Deoptimize) done
Event: 2.551 Executing VM operation: HandshakeAllThreads (Deoptimize)
Event: 2.551 Executing VM operation: HandshakeAllThreads (Deoptimize) done
Event: 2.695 Executing VM operation: ParallelGCFailedAllocation (Allocation Failure)
Event: 2.696 Executing VM operation: ParallelGCFailedAllocation (Allocation Failure) done
Event: 2.876 Executing VM operation: ParallelGCFailedAllocation (Allocation Failure)
Event: 2.878 Executing VM operation: ParallelGCFailedAllocation (Allocation Failure) done
Event: 2.897 Executing VM operation: HandshakeAllThreads (Deoptimize)
Event: 2.897 Executing VM operation: HandshakeAllThreads (Deoptimize) done
Event: 3.068 Executing VM operation: HandshakeAllThreads (Deoptimize)
Event: 3.068 Executing VM operation: HandshakeAllThreads (Deoptimize) done
Event: 3.075 Executing VM operation: CollectForMetadataAllocation (Metadata GC Threshold)
Event: 3.104 Executing VM operation: CollectForMetadataAllocation (Metadata GC Threshold) done

Memory protections (0 events):
No events

Nmethod flushes (20 events):
Event: 3.090 Thread 0x000001a4411e4b10 flushing  nmethod 0x000001a466ac6e90
Event: 3.090 Thread 0x000001a4411e4b10 flushing  nmethod 0x000001a466ac7f90
Event: 3.090 Thread 0x000001a4411e4b10 flushing  nmethod 0x000001a466ac8490
Event: 3.090 Thread 0x000001a4411e4b10 flushing  nmethod 0x000001a466ac9510
Event: 3.090 Thread 0x000001a4411e4b10 flushing  nmethod 0x000001a466acae10
Event: 3.090 Thread 0x000001a4411e4b10 flushing  nmethod 0x000001a466adda10
Event: 3.090 Thread 0x000001a4411e4b10 flushing  nmethod 0x000001a466b00990
Event: 3.090 Thread 0x000001a4411e4b10 flushing  nmethod 0x000001a466b02e90
Event: 3.090 Thread 0x000001a4411e4b10 flushing  nmethod 0x000001a466b0cb10
Event: 3.090 Thread 0x000001a4411e4b10 flushing  nmethod 0x000001a466b1fd90
Event: 3.090 Thread 0x000001a4411e4b10 flushing  nmethod 0x000001a466b55110
Event: 3.090 Thread 0x000001a4411e4b10 flushing  nmethod 0x000001a466b82d90
Event: 3.090 Thread 0x000001a4411e4b10 flushing  nmethod 0x000001a466b96d10
Event: 3.090 Thread 0x000001a4411e4b10 flushing  nmethod 0x000001a466b9b190
Event: 3.090 Thread 0x000001a4411e4b10 flushing  nmethod 0x000001a466b9ba10
Event: 3.090 Thread 0x000001a4411e4b10 flushing  nmethod 0x000001a466bb8090
Event: 3.090 Thread 0x000001a4411e4b10 flushing  nmethod 0x000001a466bec890
Event: 3.090 Thread 0x000001a4411e4b10 flushing  nmethod 0x000001a466bedc10
Event: 3.090 Thread 0x000001a4411e4b10 flushing  nmethod 0x000001a466bfdc90
Event: 3.090 Thread 0x000001a4411e4b10 flushing  nmethod 0x000001a466c04390

Events (20 events):
Event: 2.315 Thread 0x000001a448099570 Thread added: 0x000001a448b440e0
Event: 2.555 Thread 0x000001a448099570 Thread added: 0x000001a448b45b20
Event: 2.654 Thread 0x000001a45c80a8e0 Thread added: 0x000001a448b46ed0
Event: 2.654 Thread 0x000001a45c80a8e0 Thread added: 0x000001a448b44e00
Event: 2.654 Thread 0x000001a45c80a8e0 Thread added: 0x000001a449719b70
Event: 2.654 Thread 0x000001a45c80a8e0 Thread added: 0x000001a449717410
Event: 2.655 Thread 0x000001a45c80a8e0 Thread added: 0x000001a4497166f0
Event: 2.655 Thread 0x000001a45c80a8e0 Thread added: 0x000001a44971cff0
Event: 2.655 Thread 0x000001a45c80a8e0 Thread added: 0x000001a44971a890
Event: 2.655 Thread 0x000001a45c80a8e0 Thread added: 0x000001a44971b5b0
Event: 2.655 Thread 0x000001a45c80a8e0 Thread added: 0x000001a449717aa0
Event: 2.655 Thread 0x000001a45c80a8e0 Thread added: 0x000001a44971af20
Event: 2.655 Thread 0x000001a45c80a8e0 Thread added: 0x000001a449718130
Event: 2.655 Thread 0x000001a45c80a8e0 Thread added: 0x000001a449716060
Event: 2.655 Thread 0x000001a45c80a8e0 Thread added: 0x000001a44971d680
Event: 2.673 Thread 0x000001a45c80a8e0 Thread added: 0x000001a4497187c0
Event: 2.790 Thread 0x000001a45c80a8e0 Thread added: 0x000001a449718e50
Event: 2.790 Thread 0x000001a45c80a8e0 Thread added: 0x000001a44971bc40
Event: 2.964 Thread 0x000001a448b44770 Thread added: 0x000001a449716d80
Event: 3.105 Thread 0x000001a449716d80 Thread added: 0x000001a44971c2d0


Dynamic libraries:
0x00007ff60a560000 - 0x00007ff60a570000 	C:\Program Files\Java\jdk-22\bin\java.exe
0x00007ffaf29b0000 - 0x00007ffaf2bc7000 	C:\WINDOWS\SYSTEM32\ntdll.dll
0x00007ffaf2500000 - 0x00007ffaf25c4000 	C:\WINDOWS\System32\KERNEL32.DLL
0x00007ffaf0310000 - 0x00007ffaf06bd000 	C:\WINDOWS\System32\KERNELBASE.dll
0x00007ffaf01f0000 - 0x00007ffaf0301000 	C:\WINDOWS\System32\ucrtbase.dll
0x00007ffae4440000 - 0x00007ffae445b000 	C:\Program Files\Java\jdk-22\bin\VCRUNTIME140.dll
0x00007ffad8d00000 - 0x00007ffad8d17000 	C:\Program Files\Java\jdk-22\bin\jli.dll
0x00007ffaf1750000 - 0x00007ffaf18fe000 	C:\WINDOWS\System32\USER32.dll
0x00007ffade430000 - 0x00007ffade6c3000 	C:\WINDOWS\WinSxS\amd64_microsoft.windows.common-controls_6595b64144ccf1df_6.0.22621.3672_none_2713b9d173822955\COMCTL32.dll
0x00007ffaefdd0000 - 0x00007ffaefdf6000 	C:\WINDOWS\System32\win32u.dll
0x00007ffaf27e0000 - 0x00007ffaf2887000 	C:\WINDOWS\System32\msvcrt.dll
0x00007ffaf1990000 - 0x00007ffaf19b9000 	C:\WINDOWS\System32\GDI32.dll
0x00007ffaf00d0000 - 0x00007ffaf01e9000 	C:\WINDOWS\System32\gdi32full.dll
0x00007ffaeff70000 - 0x00007ffaf000a000 	C:\WINDOWS\System32\msvcp_win.dll
0x00007ffaf20d0000 - 0x00007ffaf2101000 	C:\WINDOWS\System32\IMM32.DLL
0x00007ffaecb20000 - 0x00007ffaecb2c000 	C:\Program Files\Java\jdk-22\bin\vcruntime140_1.dll
0x00007ffabc090000 - 0x00007ffabc11e000 	C:\Program Files\Java\jdk-22\bin\msvcp140.dll
0x00007ffaa8940000 - 0x00007ffaa9689000 	C:\Program Files\Java\jdk-22\bin\server\jvm.dll
0x00007ffaf13a0000 - 0x00007ffaf1452000 	C:\WINDOWS\System32\ADVAPI32.dll
0x00007ffaf2890000 - 0x00007ffaf2939000 	C:\WINDOWS\System32\sechost.dll
0x00007ffaefcb0000 - 0x00007ffaefcd8000 	C:\WINDOWS\System32\bcrypt.dll
0x00007ffaf1550000 - 0x00007ffaf1664000 	C:\WINDOWS\System32\RPCRT4.dll
0x00007ffaf14d0000 - 0x00007ffaf1541000 	C:\WINDOWS\System32\WS2_32.dll
0x00007ffaefb70000 - 0x00007ffaefbbd000 	C:\WINDOWS\SYSTEM32\POWRPROF.dll
0x00007ffaeb5b0000 - 0x00007ffaeb5e4000 	C:\WINDOWS\SYSTEM32\WINMM.dll
0x00007ffae7630000 - 0x00007ffae763a000 	C:\WINDOWS\SYSTEM32\VERSION.dll
0x00007ffaefb50000 - 0x00007ffaefb63000 	C:\WINDOWS\SYSTEM32\UMPDC.dll
0x00007ffaeec00000 - 0x00007ffaeec18000 	C:\WINDOWS\SYSTEM32\kernel.appcore.dll
0x00007ffaeb0f0000 - 0x00007ffaeb0fa000 	C:\Program Files\Java\jdk-22\bin\jimage.dll
0x00007ffaed680000 - 0x00007ffaed8b2000 	C:\WINDOWS\SYSTEM32\DBGHELP.DLL
0x00007ffaf2170000 - 0x00007ffaf24f8000 	C:\WINDOWS\System32\combase.dll
0x00007ffaf1670000 - 0x00007ffaf1747000 	C:\WINDOWS\System32\OLEAUT32.dll
0x00007ffae30f0000 - 0x00007ffae3122000 	C:\WINDOWS\SYSTEM32\dbgcore.DLL
0x00007ffaefd50000 - 0x00007ffaefdcb000 	C:\WINDOWS\System32\bcryptPrimitives.dll
0x00007ffae9130000 - 0x00007ffae913f000 	C:\Program Files\Java\jdk-22\bin\instrument.dll
0x00007ffad76f0000 - 0x00007ffad770e000 	C:\Program Files\Java\jdk-22\bin\java.dll
0x00007ffaf0970000 - 0x00007ffaf11cf000 	C:\WINDOWS\System32\SHELL32.dll
0x00007ffaf07c0000 - 0x00007ffaf0965000 	C:\WINDOWS\System32\ole32.dll
0x00007ffaedbb0000 - 0x00007ffaee4ac000 	C:\WINDOWS\SYSTEM32\windows.storage.dll
0x00007ffaeda70000 - 0x00007ffaedbaf000 	C:\WINDOWS\SYSTEM32\wintypes.dll
0x00007ffaf2630000 - 0x00007ffaf2724000 	C:\WINDOWS\System32\SHCORE.dll
0x00007ffaf1900000 - 0x00007ffaf195e000 	C:\WINDOWS\System32\shlwapi.dll
0x00007ffaefbe0000 - 0x00007ffaefc01000 	C:\WINDOWS\SYSTEM32\profapi.dll
0x00007ffabb9d0000 - 0x00007ffabbaa7000 	C:\Program Files\Java\jdk-22\bin\jsvml.dll
0x00007ffad6d80000 - 0x00007ffad6d97000 	C:\Program Files\Java\jdk-22\bin\zip.dll
0x00007ffae9100000 - 0x00007ffae9110000 	C:\Program Files\Java\jdk-22\bin\net.dll
0x00007ffaef100000 - 0x00007ffaef169000 	C:\WINDOWS\system32\mswsock.dll
0x00007ffad6880000 - 0x00007ffad6896000 	C:\Program Files\Java\jdk-22\bin\nio.dll
0x00007ffae7a70000 - 0x00007ffae7a80000 	C:\Program Files\Java\jdk-22\bin\verify.dll
0x00007ffac9be0000 - 0x00007ffac9c24000 	C:\Users\galax\AppData\Roaming\Code\User\globalStorage\redhat.java\1.32.0\config_win\org.eclipse.equinox.launcher\org.eclipse.equinox.launcher.win32.win32.x86_64_1.2.1100.v20240613-2013\eclipse_11903.dll
0x00007ffaef350000 - 0x00007ffaef36b000 	C:\WINDOWS\SYSTEM32\CRYPTSP.dll
0x00007ffaeec20000 - 0x00007ffaeec55000 	C:\WINDOWS\system32\rsaenh.dll
0x00007ffaef1b0000 - 0x00007ffaef1d8000 	C:\WINDOWS\SYSTEM32\USERENV.dll
0x00007ffaef310000 - 0x00007ffaef31c000 	C:\WINDOWS\SYSTEM32\CRYPTBASE.dll
0x00007ffaee710000 - 0x00007ffaee73d000 	C:\WINDOWS\SYSTEM32\IPHLPAPI.DLL
0x00007ffaf1960000 - 0x00007ffaf1969000 	C:\WINDOWS\System32\NSI.dll
0x00007ffabff00000 - 0x00007ffabff45000 	C:\Users\galax\AppData\Local\Temp\jna-79889305\jna17307350745839962283.dll
0x00007ffaf14c0000 - 0x00007ffaf14c8000 	C:\WINDOWS\System32\PSAPI.DLL
0x00007ffaeba50000 - 0x00007ffaebb86000 	C:\WINDOWS\SYSTEM32\winhttp.dll
0x00007ffaeb990000 - 0x00007ffaeb9a9000 	C:\WINDOWS\SYSTEM32\dhcpcsvc6.DLL
0x00007ffaeb970000 - 0x00007ffaeb98f000 	C:\WINDOWS\SYSTEM32\dhcpcsvc.DLL

dbghelp: loaded successfully - version: 4.0.5 - missing functions: none
symbol engine: initialized successfully - sym options: 0x614 - pdb path: .;C:\Program Files\Java\jdk-22\bin;C:\WINDOWS\SYSTEM32;C:\WINDOWS\WinSxS\amd64_microsoft.windows.common-controls_6595b64144ccf1df_6.0.22621.3672_none_2713b9d173822955;C:\Program Files\Java\jdk-22\bin\server;C:\Users\galax\AppData\Roaming\Code\User\globalStorage\redhat.java\1.32.0\config_win\org.eclipse.equinox.launcher\org.eclipse.equinox.launcher.win32.win32.x86_64_1.2.1100.v20240613-2013;C:\Users\galax\AppData\Local\Temp\jna-79889305

VM Arguments:
jvm_args: --add-modules=ALL-SYSTEM --add-opens=java.base/java.util=ALL-UNNAMED --add-opens=java.base/java.lang=ALL-UNNAMED --add-opens=java.base/sun.nio.fs=ALL-UNNAMED -Declipse.application=org.eclipse.jdt.ls.core.id1 -Dosgi.bundles.defaultStartLevel=4 -Declipse.product=org.eclipse.jdt.ls.core.product -Djava.import.generatesMetadataFilesAtProjectRoot=false -DDetectVMInstallationsJob.disabled=true -Dfile.encoding=utf8 -XX:+UseParallelGC -XX:GCTimeRatio=4 -XX:AdaptiveSizePolicyWeight=90 -Dsun.zip.disableMemoryMapping=true -Xmx2G -Xms100m -Xlog:disable -javaagent:c:\Users\galax\.vscode\extensions\redhat.java-1.32.0-win32-x64\lombok\lombok-1.18.33.jar -XX:+HeapDumpOnOutOfMemoryError -XX:HeapDumpPath=c:\Users\galax\AppData\Roaming\Code\User\workspaceStorage\434381599979fe80c24a5019c7888678\redhat.java -Daether.dependencyCollector.impl=bf 
java_command: c:\Users\galax\.vscode\extensions\redhat.java-1.32.0-win32-x64\server\plugins\org.eclipse.equinox.launcher_1.6.900.v20240613-2009.jar -configuration c:\Users\galax\AppData\Roaming\Code\User\globalStorage\redhat.java\1.32.0\config_win -data c:\Users\galax\AppData\Roaming\Code\User\workspaceStorage\434381599979fe80c24a5019c7888678\redhat.java\jdt_ws --pipe=\\.\pipe\lsp-8a77c776e26333e3c30627a713f34c80-sock
java_class_path (initial): c:\Users\galax\.vscode\extensions\redhat.java-1.32.0-win32-x64\server\plugins\org.eclipse.equinox.launcher_1.6.900.v20240613-2009.jar
Launcher Type: SUN_STANDARD

[Global flags]
     uint AdaptiveSizePolicyWeight                 = 90                                        {product} {command line}
     intx CICompilerCount                          = 4                                         {product} {ergonomic}
     uint GCTimeRatio                              = 4                                         {product} {command line}
     bool HeapDumpOnOutOfMemoryError               = true                                   {manageable} {command line}
    ccstr HeapDumpPath                             = c:\Users\galax\AppData\Roaming\Code\User\workspaceStorage\434381599979fe80c24a5019c7888678\redhat.java         {manageable} {command line}
   size_t InitialHeapSize                          = 104857600                                 {product} {command line}
   size_t MaxHeapSize                              = 2147483648                                {product} {command line}
   size_t MaxNewSize                               = 715653120                                 {product} {ergonomic}
   size_t MinHeapDeltaBytes                        = 524288                                    {product} {ergonomic}
   size_t MinHeapSize                              = 104857600                                 {product} {command line}
   size_t NewSize                                  = 34603008                                  {product} {ergonomic}
    uintx NonNMethodCodeHeapSize                   = 5839372                                {pd product} {ergonomic}
    uintx NonProfiledCodeHeapSize                  = 122909434                              {pd product} {ergonomic}
   size_t OldSize                                  = 70254592                                  {product} {ergonomic}
    uintx ProfiledCodeHeapSize                     = 122909434                              {pd product} {ergonomic}
    uintx ReservedCodeCacheSize                    = 251658240                              {pd product} {ergonomic}
     bool SegmentedCodeCache                       = true                                      {product} {ergonomic}
   size_t SoftMaxHeapSize                          = 2147483648                             {manageable} {ergonomic}
     bool UseCompressedOops                        = true                           {product lp64_product} {ergonomic}
     bool UseLargePagesIndividualAllocation        = false                                  {pd product} {ergonomic}
     bool UseParallelGC                            = true                                      {product} {command line}

Logging:
Log output configuration:
 #0: stdout all=off uptime,level,tags foldmultilines=false
 #1: stderr all=off uptime,level,tags foldmultilines=false

Environment Variables:
JAVA_HOME=C:\Program Files\Amazon Corretto\jdk21.0.3_9
PATH=C:\Program Files\Common Files\Oracle\Java\javapath;C:\Program Files\Amazon Corretto\jdk21.0.3_9\bin;C:\Program Files\Eclipse Adoptium\jdk-21.0.1.12-hotspot;C:\Windows\system32;C:\Windows;C:\Windows\System32\Wbem;C:\Windows\System32\WindowsPowerShell\v1.0\;C:\Windows\System32\OpenSSH\;C:\Program Files (x86)\NVIDIA Corporation\PhysX\Common;C:\Program Files\NVIDIA Corporation\NVIDIA NvDLISR;C:\WINDOWS\system32;C:\WINDOWS;C:\WINDOWS\System32\Wbem;C:\WINDOWS\System32\WindowsPowerShell\v1.0\;C:\WINDOWS\System32\OpenSSH\;C:\Users\galax\AppData\Roaming\nvm;C:\Program Files\nodejs;C:\Program Files\Graphviz\bin;C:\Program Files\GitHub CLI\;C:\Program Files\Git\cmd;C:\Program Files\MongoDB\Server\7.0\bin;C:\Users\galax\AppData\Local\Programs\Python\Python39\Scripts\;C:\Users\galax\AppData\Local\Programs\Python\Python39\;C:\Users\galax\AppData\Local\Programs\Python\Python312\Scripts\;C:\Users\galax\AppData\Local\Programs\Python\Python312\;C:\Users\galax\.console-ninja\.bin;C:\Users\galax\AppData\Local\Microsoft\WindowsApps;C:\Users\galax\AppData\Local\Programs\oh-my-posh\bin;C:\Program Files\JetBrains\IntelliJ IDEA Community Edition 2023.2\bin;C:\Users\galax\AppData\Roaming\npm;C:\Users\galax\AppData\Local\Programs\mongosh\;C:\Users\galax\AppData\Local\GitHubDesktop\bin;C:\Users\galax\AppData\Roaming\nvm;C:\Program Files\nodejs;C:\Program Files\Git\bin;D:\whois;C:\Program Files (x86)\IntelliJ IDEA Community Edition 2023.2\bin;C:\Users\galax\AppData\Local\JetBrains\Toolbox\scripts;C:\Microsoft VS Code\bin;C:\Program Files\MongoDB\Server\7.0\bin;C:\msys64\ucrt64\bin;
USERNAME=Singh
OS=Windows_NT
PROCESSOR_IDENTIFIER=AMD64 Family 25 Model 80 Stepping 0, AuthenticAMD
TMP=C:\Users\galax\AppData\Local\Temp
TEMP=C:\Users\galax\AppData\Local\Temp




Periodic native trim disabled

---------------  S Y S T E M  ---------------

OS:
 Windows 11 , 64 bit Build 22621 (10.0.22621.3672)
OS uptime: 0 days 9:21 hours
Hyper-V role detected

CPU: total 12 (initial active 12) (12 cores per cpu, 2 threads per core) family 25 model 80 stepping 0 microcode 0x0, cx8, cmov, fxsr, ht, mmx, 3dnowpref, sse, sse2, sse3, ssse3, sse4a, sse4.1, sse4.2, popcnt, lzcnt, tsc, tscinvbit, avx, avx2, aes, erms, clmul, bmi1, bmi2, adx, sha, fma, vzeroupper, clflush, clflushopt, hv, rdtscp, rdpid, fsrm, f16c, cet_ss
Processor Information for processor 0
  Max Mhz: 3301, Current Mhz: 2011, Mhz Limit: 3301
Processor Information for processor 1
  Max Mhz: 3301, Current Mhz: 3301, Mhz Limit: 3301
Processor Information for processor 2
  Max Mhz: 3301, Current Mhz: 3301, Mhz Limit: 3301
Processor Information for processor 3
  Max Mhz: 3301, Current Mhz: 2011, Mhz Limit: 3301
Processor Information for processor 4
  Max Mhz: 3301, Current Mhz: 3301, Mhz Limit: 3301
Processor Information for processor 5
  Max Mhz: 3301, Current Mhz: 2011, Mhz Limit: 3301
Processor Information for processor 6
  Max Mhz: 3301, Current Mhz: 2011, Mhz Limit: 3301
Processor Information for processor 7
  Max Mhz: 3301, Current Mhz: 3301, Mhz Limit: 3301
Processor Information for processor 8
  Max Mhz: 3301, Current Mhz: 3301, Mhz Limit: 3301
Processor Information for processor 9
  Max Mhz: 3301, Current Mhz: 3301, Mhz Limit: 3301
Processor Information for processor 10
  Max Mhz: 3301, Current Mhz: 3301, Mhz Limit: 3301
Processor Information for processor 11
  Max Mhz: 3301, Current Mhz: 2011, Mhz Limit: 3301

Memory: 4k page, system-wide physical 15724M (3138M free)
TotalPageFile size 20724M (AvailPageFile size 26M)
current process WorkingSet (physical memory assigned to process): 199M, peak: 200M
current process commit charge ("private bytes"): 334M, peak: 337M

vm_info: Java HotSpot(TM) 64-Bit Server VM (22.0.2+9-70) for windows-amd64 JRE (22.0.2+9-70), built on 2024-06-04T16:52:23Z by "mach5one" with MS VC++ 17.6 (VS2022)

END.
