#
# There is insufficient memory for the Java Runtime Environment to continue.
# Native memory allocation (mmap) failed to map 65536 bytes. Error detail: Failed to commit metaspace.
# Possible reasons:
#   The system is out of physical RAM or swap space
#   This process is running with CompressedOops enabled, and the Java Heap may be blocking the growth of the native heap
# Possible solutions:
#   Reduce memory load on the system
#   Increase physical memory or swap space
#   Check if swap backing store is full
#   Decrease Java heap size (-Xmx/-Xms)
#   Decrease number of Java threads
#   Decrease Java thread stack sizes (-Xss)
#   Set larger code cache with -XX:ReservedCodeCacheSize=
#   JVM is running with Zero Based Compressed Oops mode in which the Java heap is
#     placed in the first 32GB address space. The Java Heap base address is the
#     maximum limit for the native heap growth. Please use -XX:HeapBaseMinAddress
#     to set the Java Heap base and to place the Java Heap above 32GB virtual address.
# This output file may be truncated or incomplete.
#
#  Out of Memory Error (virtualSpaceNode.cpp:112), pid=18848, tid=21092
#
# JRE version: Java(TM) SE Runtime Environment (22.0.1+8) (build 22.0.1+8-16)
# Java VM: Java HotSpot(TM) 64-Bit Server VM (22.0.1+8-16, mixed mode, tiered, compressed oops, compressed class ptrs, g1 gc, windows-amd64)
# No core dump will be written. Minidumps are not enabled by default on client versions of Windows
#

---------------  S U M M A R Y ------------

Command Line: _12_Remove_duplicates_from_sorted_array

Host: AMD Ryzen 5 5600H with Radeon Graphics         , 12 cores, 15G,  Windows 11 , 64 bit Build 22621 (10.0.22621.3527)
Time: Tue May 21 19:30:36 2024 India Standard Time elapsed time: 0.213236 seconds (0d 0h 0m 0s)

---------------  T H R E A D  ---------------

Current thread (0x00000142f196b400):  JavaThread "main"             [_thread_in_vm, id=21092, stack(0x0000002b8de00000,0x0000002b8df00000) (1024K)]

Stack: [0x0000002b8de00000,0x0000002b8df00000]
Native frames: (J=compiled Java code, j=interpreted, Vv=VM code, C=native code)
V  [jvm.dll+0x6e2279]  (no source info available)
V  [jvm.dll+0x874e33]  (no source info available)
V  [jvm.dll+0x87725e]  (no source info available)
V  [jvm.dll+0x877933]  (no source info available)
V  [jvm.dll+0x27fd76]  (no source info available)
V  [jvm.dll+0x870a7e]  (no source info available)
V  [jvm.dll+0x6852e5]  (no source info available)
V  [jvm.dll+0x68534a]  (no source info available)
V  [jvm.dll+0x687b8a]  (no source info available)
V  [jvm.dll+0x2250ac]  (no source info available)
V  [jvm.dll+0x685cfe]  (no source info available)
V  [jvm.dll+0x696f69]  (no source info available)
V  [jvm.dll+0x69015e]  (no source info available)
V  [jvm.dll+0x3da3c1]  (no source info available)
C  0x000001428753cc73  (no source info available)

The last pc belongs to native method entry point (kind = native) (printed below).
Java frames: (J=compiled Java code, j=interpreted, Vv=VM code)
j  jdk.internal.loader.BootLoader.setBootLoaderUnnamedModule0(Ljava/lang/Module;)V+0 java.base
j  jdk.internal.loader.BootLoader.<clinit>()V+39 java.base
v  ~StubRoutines::call_stub 0x000001428753100d
j  jdk.internal.module.ModuleBootstrap.boot2()Ljava/lang/ModuleLayer;+358 java.base
j  jdk.internal.module.ModuleBootstrap.boot()Ljava/lang/ModuleLayer;+64 java.base
j  java.lang.System.initPhase2(ZZ)I+0 java.base
v  ~StubRoutines::call_stub 0x000001428753100d
native method entry point (kind = native)  [0x000001428753cb60, 0x000001428753d680]  2848 bytes
[MachCode]
  0x000001428753cb60: 488b 4b08 | 0fb7 492e | 584c 8d74 | ccf8 6800 | 0000 0068 | 0000 0000 | 5055 488b | ec41 5568 
  0x000001428753cb80: 0000 0000 | 4c8b 6b08 | 4d8d 6d38 | 5348 8b53 | 0848 8b52 | 0848 8b52 | 1848 8b52 | 7048 8b12 
  0x000001428753cba0: 5248 8b53 | 1048 85d2 | 0f84 0700 | 0000 4881 | c210 0100 | 0052 488b | 5308 488b | 5208 488b 
  0x000001428753cbc0: 5210 5249 | 8bc6 482b | c548 c1e8 | 0350 6800 | 0000 0068 | f7ff ffff | 41c6 8781 | 0400 0001 
  0x000001428753cbe0: 488b 4310 | 4885 c074 | 208b 88cc | 0000 0083 | c102 8988 | cc00 0000 | 2388 e000 | 0000 0f84 
  0x000001428753cc00: cb09 0000 | e9cf 0000 | 0048 8b43 | 1848 85c0 | 0f85 b000 | 0000 e805 | 0000 00e9 | 9900 0000 
  0x000001428753cc20: 488b d348 | 8d44 2408 | 4c89 6dc0 | 498b cfc5 | f877 4989 | afb0 0300 | 0049 8987 | a003 0000 
  0x000001428753cc40: 4883 ec20 | 40f6 c40f | 0f84 1900 | 0000 4883 | ec08 48b8 | a0a3 43c7 | fa7f 0000 | ffd0 4883 
  0x000001428753cc60: c408 e90c | 0000 0048 | b8a0 a343 | c7fa 7f00 | 00ff d048 | 83c4 2049 | c787 a003 | 0000 0000 
  0x000001428753cc80: 0000 49c7 | 87b0 0300 | 0000 0000 | 0049 c787 | a803 0000 | 0000 0000 | c5f8 7749 | 837f 0800 
  0x000001428753cca0: 0f84 0500 | 0000 e955 | 42ff ff4c | 8b6d c04c | 8b75 c84e | 8d74 f500 | c348 8b43 | 1848 85c0 
  0x000001428753ccc0: 0f84 1200 | 0000 8b48 | 0883 c102 | 8948 0823 | 481c 0f84 | f708 0000 | 493b a7f0 | 0400 000f 
  0x000001428753cce0: 8748 0000 | 0089 8424 | 00f0 ffff | 8984 2400 | e0ff ff89 | 8424 00d0 | ffff 8984 | 2400 c0ff 
  0x000001428753cd00: ff89 8424 | 00b0 ffff | 8984 2400 | a0ff ff89 | 8424 0090 | ffff 8984 | 2400 80ff | ff49 3ba7 
  0x000001428753cd20: e804 0000 | 7607 4989 | a7f0 0400 | 0041 c687 | 8104 0000 | 0049 ba9c | 30ca c7fa | 7f00 0041 
  0x000001428753cd40: 803a 000f | 843e 0000 | 0048 8b55 | e849 8bcf | 4883 ec20 | 40f6 c40f | 0f84 1900 | 0000 4883 
  0x000001428753cd60: ec08 48b8 | 40b5 7ac7 | fa7f 0000 | ffd0 4883 | c408 e90c | 0000 0048 | b840 b57a | c7fa 7f00 
  0x000001428753cd80: 00ff d048 | 83c4 2048 | 8b5d e84c | 8b5b 0845 | 0fb7 5b2e | 41c1 e303 | 492b e348 | 83ec 2048 
  0x000001428753cda0: 83e4 f04c | 8b5b 604d | 85db 0f85 | ab00 0000 | e805 0000 | 00e9 9900 | 0000 488b | d348 8d44 
  0x000001428753cdc0: 2408 4c89 | 6dc0 498b | cfc5 f877 | 4989 afb0 | 0300 0049 | 8987 a003 | 0000 4883 | ec20 40f6 
  0x000001428753cde0: c40f 0f84 | 1900 0000 | 4883 ec08 | 48b8 c0ca | 43c7 fa7f | 0000 ffd0 | 4883 c408 | e90c 0000 
  0x000001428753ce00: 0048 b8c0 | ca43 c7fa | 7f00 00ff | d048 83c4 | 2049 c787 | a003 0000 | 0000 0000 | 49c7 87b0 
  0x000001428753ce20: 0300 0000 | 0000 0049 | c787 a803 | 0000 0000 | 0000 c5f8 | 7749 837f | 0800 0f84 | 0500 0000 
  0x000001428753ce40: e9bb 40ff | ff4c 8b6d | c04c 8b75 | c84e 8d74 | f500 c348 | 8b5d e84c | 8b5b 6041 | ffd3 488b 
  0x000001428753ce60: 5de8 4889 | 4518 448b | 5b28 41f6 | c308 0f84 | 1b00 0000 | 4c8b 5b08 | 4d8b 5b08 | 4d8b 5b18 
  0x000001428753ce80: 4d8b 5b70 | 4d8b 1b4c | 895d 1048 | 8d55 1048 | 8b43 5849 | ba40 0c7b | c7fa 7f00 | 0049 3bc2 
  0x000001428753cea0: 0f85 ab00 | 0000 e805 | 0000 00e9 | 9900 0000 | 488b d348 | 8d44 2408 | 4c89 6dc0 | 498b cfc5 
  0x000001428753cec0: f877 4989 | afb0 0300 | 0049 8987 | a003 0000 | 4883 ec20 | 40f6 c40f | 0f84 1900 | 0000 4883 
  0x000001428753cee0: ec08 48b8 | c0ca 43c7 | fa7f 0000 | ffd0 4883 | c408 e90c | 0000 0048 | b8c0 ca43 | c7fa 7f00 
  0x000001428753cf00: 00ff d048 | 83c4 2049 | c787 a003 | 0000 0000 | 0000 49c7 | 87b0 0300 | 0000 0000 | 0049 c787 
  0x000001428753cf20: a803 0000 | 0000 0000 | c5f8 7749 | 837f 0800 | 0f84 0500 | 0000 e9c5 | 3fff ff4c | 8b6d c04c 
  0x000001428753cf40: 8b75 c84e | 8d74 f500 | c348 8b5d | e848 8b43 | 5849 8d8f | c003 0000 | c5f8 7749 | 89af b003 
  0x000001428753cf60: 0000 49ba | 58cf 5387 | 4201 0000 | 4d89 97a8 | 0300 0049 | 89a7 a003 | 0000 41c7 | 8754 0400 
  0x000001428753cf80: 0004 0000 | 00ff d0c5 | f877 4883 | ec10 c5fb | 1104 2448 | 83ec 1048 | 8904 2448 | c744 2408 
  0x000001428753cfa0: 0000 0000 | 41c7 8754 | 0400 0005 | 0000 00f0 | 8344 24c0 | 0049 3baf | 5804 0000 | 0f87 0e00 
  0x000001428753cfc0: 0000 4183 | bf50 0400 | 0000 0f84 | 2000 0000 | 498b cf4c | 8be4 4883 | ec20 4883 | e4f0 48b8 
  0x000001428753cfe0: d01e 45c7 | fa7f 0000 | ffd0 498b | e44d 33e4 | 41c7 8754 | 0400 0008 | 0000 0049 | c787 a003 
  0x000001428753d000: 0000 0000 | 0000 49c7 | 87b0 0300 | 0000 0000 | 0049 c787 | a803 0000 | 0000 0000 | c5f8 774d 
  0x000001428753d020: 8b9f 3004 | 0000 41c7 | 8300 0100 | 0000 0000 | 0049 bbda | a453 8742 | 0100 004c | 3b5d 180f 
  0x000001428753d040: 8524 0200 | 0048 8b04 | 2448 83c4 | 1048 85c0 | 0f84 fe01 | 0000 a803 | 0f85 0800 | 0000 488b 
  0x000001428753d060: 00e9 ee01 | 0000 a801 | 0f85 0900 | 0000 488b | 40fe e9dd | 0100 0048 | 8b40 ff41 | 807f 3800 
  0x000001428753d080: 0f84 ce01 | 0000 4883 | f800 0f84 | c401 0000 | 4d8b 5f28 | 4983 fb00 | 0f84 1400 | 0000 4983 
  0x000001428753d0a0: eb08 4d89 | 5f28 4d03 | 5f30 4989 | 03e9 a201 | 0000 4881 | ecd0 0000 | 0048 8904 | 2448 894c 
  0x000001428753d0c0: 2408 4889 | 5424 1048 | 8974 2418 | 4889 7c24 | 204c 8944 | 2428 4c89 | 4c24 304c | 8954 2438 
  0x000001428753d0e0: 4c89 5c24 | 40c5 fb11 | 4424 50c5 | fb11 4c24 | 58c5 fb11 | 5424 60c5 | fb11 5c24 | 68c5 fb11 
  0x000001428753d100: 6424 70c5 | fb11 6c24 | 78c5 fb11 | b424 8000 | 0000 c5fb | 11bc 2488 | 0000 00c5 | 7b11 8424 
  0x000001428753d120: 9000 0000 | c57b 118c | 2498 0000 | 00c5 7b11 | 9424 a000 | 0000 c57b | 119c 24a8 | 0000 00c5 
  0x000001428753d140: 7b11 a424 | b000 0000 | c57b 11ac | 24b8 0000 | 00c5 7b11 | b424 c000 | 0000 c57b | 11bc 24c8 
  0x000001428753d160: 0000 0049 | 8bd7 488b | c848 83ec | 2040 f6c4 | 0f0f 8419 | 0000 0048 | 83ec 0848 | b8e0 3e38 
  0x000001428753d180: c7fa 7f00 | 00ff d048 | 83c4 08e9 | 0c00 0000 | 48b8 e03e | 38c7 fa7f | 0000 ffd0 | 4883 c420 
  0x000001428753d1a0: c57b 10bc | 24c8 0000 | 00c5 7b10 | b424 c000 | 0000 c57b | 10ac 24b8 | 0000 00c5 | 7b10 a424 
  0x000001428753d1c0: b000 0000 | c57b 109c | 24a8 0000 | 00c5 7b10 | 9424 a000 | 0000 c57b | 108c 2498 | 0000 00c5 
  0x000001428753d1e0: 7b10 8424 | 9000 0000 | c5fb 10bc | 2488 0000 | 00c5 fb10 | b424 8000 | 0000 c5fb | 106c 2478 
  0x000001428753d200: c5fb 1064 | 2470 c5fb | 105c 2468 | c5fb 1054 | 2460 c5fb | 104c 2458 | c5fb 1044 | 2450 4c8b 
  0x000001428753d220: 5c24 404c | 8b54 2438 | 4c8b 4c24 | 304c 8b44 | 2428 488b | 7c24 2048 | 8b74 2418 | 488b 5424 
  0x000001428753d240: 1048 8b4c | 2408 488b | 0424 4881 | c4d0 0000 | 00c5 f877 | 4889 4510 | 4883 ec10 | 4889 0424 
  0x000001428753d260: 48c7 4424 | 0800 0000 | 0041 83bf | d004 0000 | 020f 85bf | 0000 0048 | 81ec 8000 | 0000 4889 
  0x000001428753d280: 4424 7848 | 894c 2470 | 4889 5424 | 6848 895c | 2460 4889 | 6c24 5048 | 8974 2448 | 4889 7c24 
  0x000001428753d2a0: 404c 8944 | 2438 4c89 | 4c24 304c | 8954 2428 | 4c89 5c24 | 204c 8964 | 2418 4c89 | 6c24 104c 
  0x000001428753d2c0: 8974 2408 | 4c89 3c24 | 4c8b e448 | 83ec 2048 | 83e4 f048 | b890 ed7a | c7fa 7f00 | 00ff d049 
  0x000001428753d2e0: 8be4 4c8b | 3c24 4c8b | 7424 084c | 8b6c 2410 | 4c8b 6424 | 184c 8b5c | 2420 4c8b | 5424 284c 
  0x000001428753d300: 8b4c 2430 | 4c8b 4424 | 3848 8b7c | 2440 488b | 7424 4848 | 8b6c 2450 | 488b 5c24 | 6048 8b54 
  0x000001428753d320: 2468 488b | 4c24 7048 | 8b44 2478 | 4881 c480 | 0000 004d | 33e4 488b | 5de8 4c8b | 6b08 4d8d 
  0x000001428753d340: 6d38 4983 | 7f08 000f | 84bb 0000 | 00e8 0500 | 0000 e996 | 0000 0048 | 8d44 2408 | 4c89 6dc0 
  0x000001428753d360: 498b cfc5 | f877 4989 | afb0 0300 | 0049 8987 | a003 0000 | 4883 ec20 | 40f6 c40f | 0f84 1900 
  0x000001428753d380: 0000 4883 | ec08 48b8 | 00e9 43c7 | fa7f 0000 | ffd0 4883 | c408 e90c | 0000 0048 | b800 e943 
  0x000001428753d3a0: c7fa 7f00 | 00ff d048 | 83c4 2049 | c787 a003 | 0000 0000 | 0000 49c7 | 87b0 0300 | 0000 0000 
  0x000001428753d3c0: 0049 c787 | a803 0000 | 0000 0000 | c5f8 7749 | 837f 0800 | 0f84 0500 | 0000 e921 | 3bff ff4c 
  0x000001428753d3e0: 8b6d c04c | 8b75 c84e | 8d74 f500 | c348 b9c0 | 18a2 c7fa | 7f00 0048 | 83e4 f048 | b8c0 9469 
  0x000001428753d400: c7fa 7f00 | 00ff d0f4 | 448b 5b28 | 41f6 c320 | 0f84 4401 | 0000 488d | 55a8 4c8b | 5a08 4d85 
  0x000001428753d420: db0f 85bb | 0000 00e8 | 0500 0000 | e996 0000 | 0048 8d44 | 2408 4c89 | 6dc0 498b | cfc5 f877 
  0x000001428753d440: 4989 afb0 | 0300 0049 | 8987 a003 | 0000 4883 | ec20 40f6 | c40f 0f84 | 1900 0000 | 4883 ec08 
  0x000001428753d460: 48b8 30e8 | 43c7 fa7f | 0000 ffd0 | 4883 c408 | e90c 0000 | 0048 b830 | e843 c7fa | 7f00 00ff 
  0x000001428753d480: d048 83c4 | 2049 c787 | a003 0000 | 0000 0000 | 49c7 87b0 | 0300 0000 | 0000 0049 | c787 a803 
  0x000001428753d4a0: 0000 0000 | 0000 c5f8 | 7749 837f | 0800 0f84 | 0500 0000 | e947 3aff | ff4c 8b6d | c04c 8b75 
  0x000001428753d4c0: c84e 8d74 | f500 c348 | b9c0 18a2 | c7fa 7f00 | 0048 83e4 | f048 b8c0 | 9469 c7fa | 7f00 00ff 
  0x000001428753d4e0: d0f4 4c89 | 6dc0 488d | 024c 8b4a | 0848 c742 | 0800 0000 | 004c 8b00 | 4d85 c00f | 840b 0000 
  0x000001428753d500: 00f0 4d0f | b101 0f85 | 0c00 0000 | 49ff 8f58 | 0500 00e9 | 3e00 0000 | 4c89 4a08 | 488b ca48 
  0x000001428753d520: 83ec 2040 | f6c4 0f0f | 8419 0000 | 0048 83ec | 0848 b8c0 | ba43 c7fa | 7f00 00ff | d048 83c4 
  0x000001428753d540: 08e9 0c00 | 0000 48b8 | c0ba 43c7 | fa7f 0000 | ffd0 4883 | c420 4c8b | 6dc0 49ba | 9c30 cac7 
  0x000001428753d560: fa7f 0000 | 4180 3a00 | 0f84 3e00 | 0000 488b | 55e8 498b | cf48 83ec | 2040 f6c4 | 0f0f 8419 
  0x000001428753d580: 0000 0048 | 83ec 0848 | b840 b57a | c7fa 7f00 | 00ff d048 | 83c4 08e9 | 0c00 0000 | 48b8 40b5 
  0x000001428753d5a0: 7ac7 fa7f | 0000 ffd0 | 4883 c420 | 488b 0424 | 4883 c410 | c5fb 1004 | 2448 83c4 | 104c 8b5d 
  0x000001428753d5c0: 1841 ffd3 | 4c8b 5df8 | c95f 498b | e3ff e7ba | 0000 0000 | e805 0000 | 00e9 9600 | 0000 488d 
  0x000001428753d5e0: 4424 084c | 896d c049 | 8bcf c5f8 | 7749 89af | b003 0000 | 4989 87a0 | 0300 0048 | 83ec 2040 
  0x000001428753d600: f6c4 0f0f | 8419 0000 | 0048 83ec | 0848 b880 | ae43 c7fa | 7f00 00ff | d048 83c4 | 08e9 0c00 
  0x000001428753d620: 0000 48b8 | 80ae 43c7 | fa7f 0000 | ffd0 4883 | c420 49c7 | 87a0 0300 | 0000 0000 | 0049 c787 
  0x000001428753d640: b003 0000 | 0000 0000 | 49c7 87a8 | 0300 0000 | 0000 00c5 | f877 4983 | 7f08 000f | 8405 0000 
  0x000001428753d660: 00e9 9a38 | ffff 4c8b | 6dc0 4c8b | 75c8 4e8d | 74f5 00c3 | 488b 5de8 | e95b f6ff | ff66 6690 
[/MachCode]

---------------  P R O C E S S  ---------------

Threads class SMR info:
_java_thread_list=0x0000014297078040, length=9, elements={
0x00000142f196b400, 0x000001429708d900, 0x000001429708f630, 0x0000014297081660,
0x00000142970820c0, 0x0000014297082b20, 0x00000142970836b0, 0x000001429707ee00,
0x00000142970cd710
}

Java Threads: ( => current thread )
=>0x00000142f196b400 JavaThread "main"                              [_thread_in_vm, id=21092, stack(0x0000002b8de00000,0x0000002b8df00000) (1024K)]
  0x000001429708d900 JavaThread "Reference Handler"          daemon [_thread_blocked, id=18008, stack(0x0000002b8e600000,0x0000002b8e700000) (1024K)]
  0x000001429708f630 JavaThread "Finalizer"                  daemon [_thread_blocked, id=10424, stack(0x0000002b8e700000,0x0000002b8e800000) (1024K)]
  0x0000014297081660 JavaThread "Signal Dispatcher"          daemon [_thread_blocked, id=6200, stack(0x0000002b8e800000,0x0000002b8e900000) (1024K)]
  0x00000142970820c0 JavaThread "Attach Listener"            daemon [_thread_blocked, id=18544, stack(0x0000002b8e900000,0x0000002b8ea00000) (1024K)]
  0x0000014297082b20 JavaThread "Service Thread"             daemon [_thread_blocked, id=13136, stack(0x0000002b8ea00000,0x0000002b8eb00000) (1024K)]
  0x00000142970836b0 JavaThread "Monitor Deflation Thread"   daemon [_thread_blocked, id=7176, stack(0x0000002b8eb00000,0x0000002b8ec00000) (1024K)]
  0x000001429707ee00 JavaThread "C2 CompilerThread0"         daemon [_thread_blocked, id=23920, stack(0x0000002b8ec00000,0x0000002b8ed00000) (1024K)]
  0x00000142970cd710 JavaThread "C1 CompilerThread0"         daemon [_thread_blocked, id=2012, stack(0x0000002b8ed00000,0x0000002b8ee00000) (1024K)]
Total: 9

Other Threads:
  0x0000014297010fa0 VMThread "VM Thread"                           [id=23520, stack(0x0000002b8e500000,0x0000002b8e600000) (1024K)]
  0x0000014292ef8b30 WatcherThread "VM Periodic Task Thread"        [id=4016, stack(0x0000002b8e400000,0x0000002b8e500000) (1024K)]
  0x00000142f3c2e9b0 WorkerThread "GC Thread#0"                     [id=4384, stack(0x0000002b8df00000,0x0000002b8e000000) (1024K)]
  0x00000142f3c40020 ConcurrentGCThread "G1 Main Marker"            [id=18892, stack(0x0000002b8e000000,0x0000002b8e100000) (1024K)]
  0x00000142f3c411d0 WorkerThread "G1 Conc#0"                       [id=22832, stack(0x0000002b8e100000,0x0000002b8e200000) (1024K)]
  0x00000142f3c8ea60 ConcurrentGCThread "G1 Refine#0"               [id=18820, stack(0x0000002b8e200000,0x0000002b8e300000) (1024K)]
  0x0000014292dc46f0 ConcurrentGCThread "G1 Service"                [id=18344, stack(0x0000002b8e300000,0x0000002b8e400000) (1024K)]
Total: 7

Threads with active compile tasks:
Total: 0

VM state: not at safepoint (normal execution)

VM Mutex/Monitor currently owned by a thread:  ([mutex/lock_event])
[0x00007ffac7cc9b38] Metaspace_lock - owner thread: 0x00000142f196b400

Heap address: 0x000000070a400000, size: 3932 MB, Compressed Oops mode: Zero based, Oop shift amount: 3

CDS archive(s) not mapped
Compressed class space mapped at: 0x0000000010000000-0x0000000050000000, reserved size: 1073741824
Narrow klass base: 0x0000000000000000, Narrow klass shift: 0, Narrow klass range: 0x50000000

GC Precious Log:
 CardTable entry size: 512
 Card Set container configuration: InlinePtr #cards 4 size 8 Array Of Cards #cards 16 size 48 Howl #buckets 8 coarsen threshold 3686 Howl Bitmap #cards 512 size 80 coarsen threshold 460 Card regions per heap region 1 cards per card region 4096
 CPUs: 12 total, 12 available
 Memory: 15724M
 Large Page Support: Disabled
 NUMA Support: Disabled
 Compressed Oops: Enabled (Zero based)
 Heap Region Size: 2M
 Heap Min Capacity: 8M
 Heap Initial Capacity: 246M
 Heap Max Capacity: 3932M
 Pre-touch: Disabled
 Parallel Workers: 10
 Concurrent Workers: 3
 Concurrent Refinement Workers: 10
 Periodic GC: Disabled

Heap:
 garbage-first heap   total reserved 4026368K, committed 251904K, used 0K [0x000000070a400000, 0x0000000800000000)
  region size 2048K, 1 young (2048K), 0 survivors (0K)
 Metaspace       used 3603K, committed 3648K, reserved 1114112K
  class space    used 275K, committed 320K, reserved 1048576K

Heap Regions: E=young(eden), S=young(survivor), O=old, HS=humongous(starts), HC=humongous(continues), CS=collection set, F=free, TAMS=top-at-mark-start, PB=parsable bottom
|   0|0x000000070a400000, 0x000000070a400000, 0x000000070a600000|  0%| F|  |TAMS 0x000000070a400000| PB 0x000000070a400000| Untracked |  0
|   1|0x000000070a600000, 0x000000070a600000, 0x000000070a800000|  0%| F|  |TAMS 0x000000070a600000| PB 0x000000070a600000| Untracked |  0
|   2|0x000000070a800000, 0x000000070a800000, 0x000000070aa00000|  0%| F|  |TAMS 0x000000070a800000| PB 0x000000070a800000| Untracked |  0
|   3|0x000000070aa00000, 0x000000070aa00000, 0x000000070ac00000|  0%| F|  |TAMS 0x000000070aa00000| PB 0x000000070aa00000| Untracked |  0
|   4|0x000000070ac00000, 0x000000070ac00000, 0x000000070ae00000|  0%| F|  |TAMS 0x000000070ac00000| PB 0x000000070ac00000| Untracked |  0
|   5|0x000000070ae00000, 0x000000070ae00000, 0x000000070b000000|  0%| F|  |TAMS 0x000000070ae00000| PB 0x000000070ae00000| Untracked |  0
|   6|0x000000070b000000, 0x000000070b000000, 0x000000070b200000|  0%| F|  |TAMS 0x000000070b000000| PB 0x000000070b000000| Untracked |  0
|   7|0x000000070b200000, 0x000000070b200000, 0x000000070b400000|  0%| F|  |TAMS 0x000000070b200000| PB 0x000000070b200000| Untracked |  0
|   8|0x000000070b400000, 0x000000070b400000, 0x000000070b600000|  0%| F|  |TAMS 0x000000070b400000| PB 0x000000070b400000| Untracked |  0
|   9|0x000000070b600000, 0x000000070b600000, 0x000000070b800000|  0%| F|  |TAMS 0x000000070b600000| PB 0x000000070b600000| Untracked |  0
|  10|0x000000070b800000, 0x000000070b800000, 0x000000070ba00000|  0%| F|  |TAMS 0x000000070b800000| PB 0x000000070b800000| Untracked |  0
|  11|0x000000070ba00000, 0x000000070ba00000, 0x000000070bc00000|  0%| F|  |TAMS 0x000000070ba00000| PB 0x000000070ba00000| Untracked |  0
|  12|0x000000070bc00000, 0x000000070bc00000, 0x000000070be00000|  0%| F|  |TAMS 0x000000070bc00000| PB 0x000000070bc00000| Untracked |  0
|  13|0x000000070be00000, 0x000000070be00000, 0x000000070c000000|  0%| F|  |TAMS 0x000000070be00000| PB 0x000000070be00000| Untracked |  0
|  14|0x000000070c000000, 0x000000070c000000, 0x000000070c200000|  0%| F|  |TAMS 0x000000070c000000| PB 0x000000070c000000| Untracked |  0
|  15|0x000000070c200000, 0x000000070c200000, 0x000000070c400000|  0%| F|  |TAMS 0x000000070c200000| PB 0x000000070c200000| Untracked |  0
|  16|0x000000070c400000, 0x000000070c400000, 0x000000070c600000|  0%| F|  |TAMS 0x000000070c400000| PB 0x000000070c400000| Untracked |  0
|  17|0x000000070c600000, 0x000000070c600000, 0x000000070c800000|  0%| F|  |TAMS 0x000000070c600000| PB 0x000000070c600000| Untracked |  0
|  18|0x000000070c800000, 0x000000070c800000, 0x000000070ca00000|  0%| F|  |TAMS 0x000000070c800000| PB 0x000000070c800000| Untracked |  0
|  19|0x000000070ca00000, 0x000000070ca00000, 0x000000070cc00000|  0%| F|  |TAMS 0x000000070ca00000| PB 0x000000070ca00000| Untracked |  0
|  20|0x000000070cc00000, 0x000000070cc00000, 0x000000070ce00000|  0%| F|  |TAMS 0x000000070cc00000| PB 0x000000070cc00000| Untracked |  0
|  21|0x000000070ce00000, 0x000000070ce00000, 0x000000070d000000|  0%| F|  |TAMS 0x000000070ce00000| PB 0x000000070ce00000| Untracked |  0
|  22|0x000000070d000000, 0x000000070d000000, 0x000000070d200000|  0%| F|  |TAMS 0x000000070d000000| PB 0x000000070d000000| Untracked |  0
|  23|0x000000070d200000, 0x000000070d200000, 0x000000070d400000|  0%| F|  |TAMS 0x000000070d200000| PB 0x000000070d200000| Untracked |  0
|  24|0x000000070d400000, 0x000000070d400000, 0x000000070d600000|  0%| F|  |TAMS 0x000000070d400000| PB 0x000000070d400000| Untracked |  0
|  25|0x000000070d600000, 0x000000070d600000, 0x000000070d800000|  0%| F|  |TAMS 0x000000070d600000| PB 0x000000070d600000| Untracked |  0
|  26|0x000000070d800000, 0x000000070d800000, 0x000000070da00000|  0%| F|  |TAMS 0x000000070d800000| PB 0x000000070d800000| Untracked |  0
|  27|0x000000070da00000, 0x000000070da00000, 0x000000070dc00000|  0%| F|  |TAMS 0x000000070da00000| PB 0x000000070da00000| Untracked |  0
|  28|0x000000070dc00000, 0x000000070dc00000, 0x000000070de00000|  0%| F|  |TAMS 0x000000070dc00000| PB 0x000000070dc00000| Untracked |  0
|  29|0x000000070de00000, 0x000000070de00000, 0x000000070e000000|  0%| F|  |TAMS 0x000000070de00000| PB 0x000000070de00000| Untracked |  0
|  30|0x000000070e000000, 0x000000070e000000, 0x000000070e200000|  0%| F|  |TAMS 0x000000070e000000| PB 0x000000070e000000| Untracked |  0
|  31|0x000000070e200000, 0x000000070e200000, 0x000000070e400000|  0%| F|  |TAMS 0x000000070e200000| PB 0x000000070e200000| Untracked |  0
|  32|0x000000070e400000, 0x000000070e400000, 0x000000070e600000|  0%| F|  |TAMS 0x000000070e400000| PB 0x000000070e400000| Untracked |  0
|  33|0x000000070e600000, 0x000000070e600000, 0x000000070e800000|  0%| F|  |TAMS 0x000000070e600000| PB 0x000000070e600000| Untracked |  0
|  34|0x000000070e800000, 0x000000070e800000, 0x000000070ea00000|  0%| F|  |TAMS 0x000000070e800000| PB 0x000000070e800000| Untracked |  0
|  35|0x000000070ea00000, 0x000000070ea00000, 0x000000070ec00000|  0%| F|  |TAMS 0x000000070ea00000| PB 0x000000070ea00000| Untracked |  0
|  36|0x000000070ec00000, 0x000000070ec00000, 0x000000070ee00000|  0%| F|  |TAMS 0x000000070ec00000| PB 0x000000070ec00000| Untracked |  0
|  37|0x000000070ee00000, 0x000000070ee00000, 0x000000070f000000|  0%| F|  |TAMS 0x000000070ee00000| PB 0x000000070ee00000| Untracked |  0
|  38|0x000000070f000000, 0x000000070f000000, 0x000000070f200000|  0%| F|  |TAMS 0x000000070f000000| PB 0x000000070f000000| Untracked |  0
|  39|0x000000070f200000, 0x000000070f200000, 0x000000070f400000|  0%| F|  |TAMS 0x000000070f200000| PB 0x000000070f200000| Untracked |  0
|  40|0x000000070f400000, 0x000000070f400000, 0x000000070f600000|  0%| F|  |TAMS 0x000000070f400000| PB 0x000000070f400000| Untracked |  0
|  41|0x000000070f600000, 0x000000070f600000, 0x000000070f800000|  0%| F|  |TAMS 0x000000070f600000| PB 0x000000070f600000| Untracked |  0
|  42|0x000000070f800000, 0x000000070f800000, 0x000000070fa00000|  0%| F|  |TAMS 0x000000070f800000| PB 0x000000070f800000| Untracked |  0
|  43|0x000000070fa00000, 0x000000070fa00000, 0x000000070fc00000|  0%| F|  |TAMS 0x000000070fa00000| PB 0x000000070fa00000| Untracked |  0
|  44|0x000000070fc00000, 0x000000070fc00000, 0x000000070fe00000|  0%| F|  |TAMS 0x000000070fc00000| PB 0x000000070fc00000| Untracked |  0
|  45|0x000000070fe00000, 0x000000070fe00000, 0x0000000710000000|  0%| F|  |TAMS 0x000000070fe00000| PB 0x000000070fe00000| Untracked |  0
|  46|0x0000000710000000, 0x0000000710000000, 0x0000000710200000|  0%| F|  |TAMS 0x0000000710000000| PB 0x0000000710000000| Untracked |  0
|  47|0x0000000710200000, 0x0000000710200000, 0x0000000710400000|  0%| F|  |TAMS 0x0000000710200000| PB 0x0000000710200000| Untracked |  0
|  48|0x0000000710400000, 0x0000000710400000, 0x0000000710600000|  0%| F|  |TAMS 0x0000000710400000| PB 0x0000000710400000| Untracked |  0
|  49|0x0000000710600000, 0x0000000710600000, 0x0000000710800000|  0%| F|  |TAMS 0x0000000710600000| PB 0x0000000710600000| Untracked |  0
|  50|0x0000000710800000, 0x0000000710800000, 0x0000000710a00000|  0%| F|  |TAMS 0x0000000710800000| PB 0x0000000710800000| Untracked |  0
|  51|0x0000000710a00000, 0x0000000710a00000, 0x0000000710c00000|  0%| F|  |TAMS 0x0000000710a00000| PB 0x0000000710a00000| Untracked |  0
|  52|0x0000000710c00000, 0x0000000710c00000, 0x0000000710e00000|  0%| F|  |TAMS 0x0000000710c00000| PB 0x0000000710c00000| Untracked |  0
|  53|0x0000000710e00000, 0x0000000710e00000, 0x0000000711000000|  0%| F|  |TAMS 0x0000000710e00000| PB 0x0000000710e00000| Untracked |  0
|  54|0x0000000711000000, 0x0000000711000000, 0x0000000711200000|  0%| F|  |TAMS 0x0000000711000000| PB 0x0000000711000000| Untracked |  0
|  55|0x0000000711200000, 0x0000000711200000, 0x0000000711400000|  0%| F|  |TAMS 0x0000000711200000| PB 0x0000000711200000| Untracked |  0
|  56|0x0000000711400000, 0x0000000711400000, 0x0000000711600000|  0%| F|  |TAMS 0x0000000711400000| PB 0x0000000711400000| Untracked |  0
|  57|0x0000000711600000, 0x0000000711600000, 0x0000000711800000|  0%| F|  |TAMS 0x0000000711600000| PB 0x0000000711600000| Untracked |  0
|  58|0x0000000711800000, 0x0000000711800000, 0x0000000711a00000|  0%| F|  |TAMS 0x0000000711800000| PB 0x0000000711800000| Untracked |  0
|  59|0x0000000711a00000, 0x0000000711a00000, 0x0000000711c00000|  0%| F|  |TAMS 0x0000000711a00000| PB 0x0000000711a00000| Untracked |  0
|  60|0x0000000711c00000, 0x0000000711c00000, 0x0000000711e00000|  0%| F|  |TAMS 0x0000000711c00000| PB 0x0000000711c00000| Untracked |  0
|  61|0x0000000711e00000, 0x0000000711e00000, 0x0000000712000000|  0%| F|  |TAMS 0x0000000711e00000| PB 0x0000000711e00000| Untracked |  0
|  62|0x0000000712000000, 0x0000000712000000, 0x0000000712200000|  0%| F|  |TAMS 0x0000000712000000| PB 0x0000000712000000| Untracked |  0
|  63|0x0000000712200000, 0x0000000712200000, 0x0000000712400000|  0%| F|  |TAMS 0x0000000712200000| PB 0x0000000712200000| Untracked |  0
|  64|0x0000000712400000, 0x0000000712400000, 0x0000000712600000|  0%| F|  |TAMS 0x0000000712400000| PB 0x0000000712400000| Untracked |  0
|  65|0x0000000712600000, 0x0000000712600000, 0x0000000712800000|  0%| F|  |TAMS 0x0000000712600000| PB 0x0000000712600000| Untracked |  0
|  66|0x0000000712800000, 0x0000000712800000, 0x0000000712a00000|  0%| F|  |TAMS 0x0000000712800000| PB 0x0000000712800000| Untracked |  0
|  67|0x0000000712a00000, 0x0000000712a00000, 0x0000000712c00000|  0%| F|  |TAMS 0x0000000712a00000| PB 0x0000000712a00000| Untracked |  0
|  68|0x0000000712c00000, 0x0000000712c00000, 0x0000000712e00000|  0%| F|  |TAMS 0x0000000712c00000| PB 0x0000000712c00000| Untracked |  0
|  69|0x0000000712e00000, 0x0000000712e00000, 0x0000000713000000|  0%| F|  |TAMS 0x0000000712e00000| PB 0x0000000712e00000| Untracked |  0
|  70|0x0000000713000000, 0x0000000713000000, 0x0000000713200000|  0%| F|  |TAMS 0x0000000713000000| PB 0x0000000713000000| Untracked |  0
|  71|0x0000000713200000, 0x0000000713200000, 0x0000000713400000|  0%| F|  |TAMS 0x0000000713200000| PB 0x0000000713200000| Untracked |  0
|  72|0x0000000713400000, 0x0000000713400000, 0x0000000713600000|  0%| F|  |TAMS 0x0000000713400000| PB 0x0000000713400000| Untracked |  0
|  73|0x0000000713600000, 0x0000000713600000, 0x0000000713800000|  0%| F|  |TAMS 0x0000000713600000| PB 0x0000000713600000| Untracked |  0
|  74|0x0000000713800000, 0x0000000713800000, 0x0000000713a00000|  0%| F|  |TAMS 0x0000000713800000| PB 0x0000000713800000| Untracked |  0
|  75|0x0000000713a00000, 0x0000000713a00000, 0x0000000713c00000|  0%| F|  |TAMS 0x0000000713a00000| PB 0x0000000713a00000| Untracked |  0
|  76|0x0000000713c00000, 0x0000000713c00000, 0x0000000713e00000|  0%| F|  |TAMS 0x0000000713c00000| PB 0x0000000713c00000| Untracked |  0
|  77|0x0000000713e00000, 0x0000000713e00000, 0x0000000714000000|  0%| F|  |TAMS 0x0000000713e00000| PB 0x0000000713e00000| Untracked |  0
|  78|0x0000000714000000, 0x0000000714000000, 0x0000000714200000|  0%| F|  |TAMS 0x0000000714000000| PB 0x0000000714000000| Untracked |  0
|  79|0x0000000714200000, 0x0000000714200000, 0x0000000714400000|  0%| F|  |TAMS 0x0000000714200000| PB 0x0000000714200000| Untracked |  0
|  80|0x0000000714400000, 0x0000000714400000, 0x0000000714600000|  0%| F|  |TAMS 0x0000000714400000| PB 0x0000000714400000| Untracked |  0
|  81|0x0000000714600000, 0x0000000714600000, 0x0000000714800000|  0%| F|  |TAMS 0x0000000714600000| PB 0x0000000714600000| Untracked |  0
|  82|0x0000000714800000, 0x0000000714800000, 0x0000000714a00000|  0%| F|  |TAMS 0x0000000714800000| PB 0x0000000714800000| Untracked |  0
|  83|0x0000000714a00000, 0x0000000714a00000, 0x0000000714c00000|  0%| F|  |TAMS 0x0000000714a00000| PB 0x0000000714a00000| Untracked |  0
|  84|0x0000000714c00000, 0x0000000714c00000, 0x0000000714e00000|  0%| F|  |TAMS 0x0000000714c00000| PB 0x0000000714c00000| Untracked |  0
|  85|0x0000000714e00000, 0x0000000714e00000, 0x0000000715000000|  0%| F|  |TAMS 0x0000000714e00000| PB 0x0000000714e00000| Untracked |  0
|  86|0x0000000715000000, 0x0000000715000000, 0x0000000715200000|  0%| F|  |TAMS 0x0000000715000000| PB 0x0000000715000000| Untracked |  0
|  87|0x0000000715200000, 0x0000000715200000, 0x0000000715400000|  0%| F|  |TAMS 0x0000000715200000| PB 0x0000000715200000| Untracked |  0
|  88|0x0000000715400000, 0x0000000715400000, 0x0000000715600000|  0%| F|  |TAMS 0x0000000715400000| PB 0x0000000715400000| Untracked |  0
|  89|0x0000000715600000, 0x0000000715600000, 0x0000000715800000|  0%| F|  |TAMS 0x0000000715600000| PB 0x0000000715600000| Untracked |  0
|  90|0x0000000715800000, 0x0000000715800000, 0x0000000715a00000|  0%| F|  |TAMS 0x0000000715800000| PB 0x0000000715800000| Untracked |  0
|  91|0x0000000715a00000, 0x0000000715a00000, 0x0000000715c00000|  0%| F|  |TAMS 0x0000000715a00000| PB 0x0000000715a00000| Untracked |  0
|  92|0x0000000715c00000, 0x0000000715c00000, 0x0000000715e00000|  0%| F|  |TAMS 0x0000000715c00000| PB 0x0000000715c00000| Untracked |  0
|  93|0x0000000715e00000, 0x0000000715e00000, 0x0000000716000000|  0%| F|  |TAMS 0x0000000715e00000| PB 0x0000000715e00000| Untracked |  0
|  94|0x0000000716000000, 0x0000000716000000, 0x0000000716200000|  0%| F|  |TAMS 0x0000000716000000| PB 0x0000000716000000| Untracked |  0
|  95|0x0000000716200000, 0x0000000716200000, 0x0000000716400000|  0%| F|  |TAMS 0x0000000716200000| PB 0x0000000716200000| Untracked |  0
|  96|0x0000000716400000, 0x0000000716400000, 0x0000000716600000|  0%| F|  |TAMS 0x0000000716400000| PB 0x0000000716400000| Untracked |  0
|  97|0x0000000716600000, 0x0000000716600000, 0x0000000716800000|  0%| F|  |TAMS 0x0000000716600000| PB 0x0000000716600000| Untracked |  0
|  98|0x0000000716800000, 0x0000000716800000, 0x0000000716a00000|  0%| F|  |TAMS 0x0000000716800000| PB 0x0000000716800000| Untracked |  0
|  99|0x0000000716a00000, 0x0000000716a00000, 0x0000000716c00000|  0%| F|  |TAMS 0x0000000716a00000| PB 0x0000000716a00000| Untracked |  0
| 100|0x0000000716c00000, 0x0000000716c00000, 0x0000000716e00000|  0%| F|  |TAMS 0x0000000716c00000| PB 0x0000000716c00000| Untracked |  0
| 101|0x0000000716e00000, 0x0000000716e00000, 0x0000000717000000|  0%| F|  |TAMS 0x0000000716e00000| PB 0x0000000716e00000| Untracked |  0
| 102|0x0000000717000000, 0x0000000717000000, 0x0000000717200000|  0%| F|  |TAMS 0x0000000717000000| PB 0x0000000717000000| Untracked |  0
| 103|0x0000000717200000, 0x0000000717200000, 0x0000000717400000|  0%| F|  |TAMS 0x0000000717200000| PB 0x0000000717200000| Untracked |  0
| 104|0x0000000717400000, 0x0000000717400000, 0x0000000717600000|  0%| F|  |TAMS 0x0000000717400000| PB 0x0000000717400000| Untracked |  0
| 105|0x0000000717600000, 0x0000000717600000, 0x0000000717800000|  0%| F|  |TAMS 0x0000000717600000| PB 0x0000000717600000| Untracked |  0
| 106|0x0000000717800000, 0x0000000717800000, 0x0000000717a00000|  0%| F|  |TAMS 0x0000000717800000| PB 0x0000000717800000| Untracked |  0
| 107|0x0000000717a00000, 0x0000000717a00000, 0x0000000717c00000|  0%| F|  |TAMS 0x0000000717a00000| PB 0x0000000717a00000| Untracked |  0
| 108|0x0000000717c00000, 0x0000000717c00000, 0x0000000717e00000|  0%| F|  |TAMS 0x0000000717c00000| PB 0x0000000717c00000| Untracked |  0
| 109|0x0000000717e00000, 0x0000000717e00000, 0x0000000718000000|  0%| F|  |TAMS 0x0000000717e00000| PB 0x0000000717e00000| Untracked |  0
| 110|0x0000000718000000, 0x0000000718000000, 0x0000000718200000|  0%| F|  |TAMS 0x0000000718000000| PB 0x0000000718000000| Untracked |  0
| 111|0x0000000718200000, 0x0000000718200000, 0x0000000718400000|  0%| F|  |TAMS 0x0000000718200000| PB 0x0000000718200000| Untracked |  0
| 112|0x0000000718400000, 0x0000000718400000, 0x0000000718600000|  0%| F|  |TAMS 0x0000000718400000| PB 0x0000000718400000| Untracked |  0
| 113|0x0000000718600000, 0x0000000718600000, 0x0000000718800000|  0%| F|  |TAMS 0x0000000718600000| PB 0x0000000718600000| Untracked |  0
| 114|0x0000000718800000, 0x0000000718800000, 0x0000000718a00000|  0%| F|  |TAMS 0x0000000718800000| PB 0x0000000718800000| Untracked |  0
| 115|0x0000000718a00000, 0x0000000718a00000, 0x0000000718c00000|  0%| F|  |TAMS 0x0000000718a00000| PB 0x0000000718a00000| Untracked |  0
| 116|0x0000000718c00000, 0x0000000718c00000, 0x0000000718e00000|  0%| F|  |TAMS 0x0000000718c00000| PB 0x0000000718c00000| Untracked |  0
| 117|0x0000000718e00000, 0x0000000718e00000, 0x0000000719000000|  0%| F|  |TAMS 0x0000000718e00000| PB 0x0000000718e00000| Untracked |  0
| 118|0x0000000719000000, 0x0000000719000000, 0x0000000719200000|  0%| F|  |TAMS 0x0000000719000000| PB 0x0000000719000000| Untracked |  0
| 119|0x0000000719200000, 0x0000000719200000, 0x0000000719400000|  0%| F|  |TAMS 0x0000000719200000| PB 0x0000000719200000| Untracked |  0
| 120|0x0000000719400000, 0x0000000719400000, 0x0000000719600000|  0%| F|  |TAMS 0x0000000719400000| PB 0x0000000719400000| Untracked |  0
| 121|0x0000000719600000, 0x0000000719600000, 0x0000000719800000|  0%| F|  |TAMS 0x0000000719600000| PB 0x0000000719600000| Untracked |  0
| 122|0x0000000719800000, 0x00000007199eb9b8, 0x0000000719a00000| 96%| E|  |TAMS 0x0000000719800000| PB 0x0000000719800000| Complete |  0

Card table byte_map: [0x00000142fcc10000,0x00000142fd3c0000] _byte_map_base: 0x00000142f93be000

Marking Bits: (CMBitMap*) 0x00000142f3c2efc0
 Bits: [0x000001428f000000, 0x0000014292d70000)

Polling page: 0x00000142f1b40000

Metaspace:

Usage:
  Non-class:      3.25 MB used.
      Class:    275.46 KB used.
       Both:      3.52 MB used.

Virtual space:
  Non-class space:       64.00 MB reserved,       3.25 MB (  5%) committed,  1 nodes.
      Class space:        1.00 GB reserved,     320.00 KB ( <1%) committed,  1 nodes.
             Both:        1.06 GB reserved,       3.56 MB ( <1%) committed. 

Chunk freelists:
   Non-Class:  12.00 MB
       Class:  15.62 MB
        Both:  27.62 MB

MaxMetaspaceSize: unlimited
CompressedClassSpaceSize: 1.00 GB
Initial GC threshold: 21.00 MB
Current GC threshold: 21.00 MB
CDS: off
 - commit_granule_bytes: 65536.
 - commit_granule_words: 8192.
 - virtual_space_node_default_size: 8388608.
 - enlarge_chunks_in_place: 1.
 - use_allocation_guard: 0.


Internal statistics:

num_allocs_failed_limit: 0.
num_arena_births: 2.
num_arena_deaths: 0.
num_vsnodes_births: 2.
num_vsnodes_deaths: 0.
num_space_committed: 57.
num_space_uncommitted: 0.
num_chunks_returned_to_freelist: 0.
num_chunks_taken_from_freelist: 4.
num_chunk_merges: 0.
num_chunk_splits: 2.
num_chunks_enlarged: 0.
num_inconsistent_stats: 0.

CodeHeap 'non-profiled nmethods': size=120000Kb used=3Kb max_used=3Kb free=119996Kb
 bounds [0x0000014287ad0000, 0x0000014287d40000, 0x000001428f000000]
CodeHeap 'profiled nmethods': size=120000Kb used=36Kb max_used=36Kb free=119963Kb
 bounds [0x0000014280000000, 0x0000014280270000, 0x0000014287530000]
CodeHeap 'non-nmethods': size=5760Kb used=1161Kb max_used=1175Kb free=4598Kb
 bounds [0x0000014287530000, 0x00000142877a0000, 0x0000014287ad0000]
 total_blobs=321 nmethods=28 adapters=198
 compilation: enabled
              stopped_count=0, restarted_count=0
 full_count=0

Compilation events (20 events):
Event: 0.207 Thread 0x00000142970cd710   19       3       java.util.ImmutableCollections$AbstractImmutableCollection::<init> (5 bytes)
Event: 0.207 Thread 0x00000142970cd710 nmethod 19 0x0000014280006290 code [0x0000014280006440, 0x0000014280006608]
Event: 0.207 Thread 0x00000142970cd710   20       3       java.util.Set::of (68 bytes)
Event: 0.208 Thread 0x00000142970cd710 nmethod 20 0x0000014280006710 code [0x0000014280006940, 0x0000014280007128]
Event: 0.210 Thread 0x000001429707ee00 nmethod 13 0x0000014287ad0310 code [0x0000014287ad0480, 0x0000014287ad0638]
Event: 0.210 Thread 0x00000142970cd710   21       3       java.lang.String::coder (15 bytes)
Event: 0.210 Thread 0x00000142970cd710 nmethod 21 0x0000014280007410 code [0x00000142800075a0, 0x00000142800076d8]
Event: 0.210 Thread 0x00000142970cd710   22       3       java.lang.String::length (11 bytes)
Event: 0.210 Thread 0x00000142970cd710 nmethod 22 0x0000014280007790 code [0x0000014280007940, 0x0000014280007ae8]
Event: 0.210 Thread 0x00000142970cd710   23       1       java.lang.module.ModuleDescriptor::name (5 bytes)
Event: 0.210 Thread 0x00000142970cd710 nmethod 23 0x0000014287ad0710 code [0x0000014287ad08a0, 0x0000014287ad0970]
Event: 0.210 Thread 0x00000142970cd710   24       3       java.lang.String::charAt (25 bytes)
Event: 0.211 Thread 0x00000142970cd710 nmethod 24 0x0000014280007c10 code [0x0000014280007e00, 0x0000014280008348]
Event: 0.211 Thread 0x00000142970cd710   25       3       java.lang.StringLatin1::charAt (15 bytes)
Event: 0.211 Thread 0x00000142970cd710 nmethod 25 0x0000014280008590 code [0x0000014280008740, 0x0000014280008908]
Event: 0.211 Thread 0x00000142970cd710   26       3       java.lang.String::checkIndex (10 bytes)
Event: 0.211 Thread 0x00000142970cd710 nmethod 26 0x0000014280008a10 code [0x0000014280008ba0, 0x0000014280008cd8]
Event: 0.211 Thread 0x00000142970cd710   27       3       jdk.internal.util.Preconditions::checkIndex (18 bytes)
Event: 0.211 Thread 0x00000142970cd710 nmethod 27 0x0000014280008d90 code [0x0000014280008f40, 0x00000142800090d0]
Event: 0.211 Thread 0x00000142970cd710   28       1       java.lang.module.ModuleReference::descriptor (5 bytes)

GC Heap History (0 events):
No events

Dll operation events (2 events):
Event: 0.009 Loaded shared library C:\Program Files\Java\jdk-22\bin\java.dll
Event: 0.189 Loaded shared library C:\Program Files\Java\jdk-22\bin\jsvml.dll

Deoptimization events (0 events):
No events

Classes loaded (20 events):
Event: 0.209 Loading class jdk/internal/module/SystemModuleFinders$2
Event: 0.209 Loading class java/util/function/Supplier
Event: 0.209 Loading class java/util/function/Supplier done
Event: 0.209 Loading class jdk/internal/module/SystemModuleFinders$2 done
Event: 0.209 Loading class jdk/internal/module/ModuleReferenceImpl
Event: 0.209 Loading class jdk/internal/module/ModuleReferenceImpl done
Event: 0.209 Loading class jdk/internal/module/SystemModuleFinders$3
Event: 0.210 Loading class jdk/internal/module/ModuleHashes$HashSupplier
Event: 0.210 Loading class jdk/internal/module/ModuleHashes$HashSupplier done
Event: 0.210 Loading class jdk/internal/module/SystemModuleFinders$3 done
Event: 0.210 Loading class jdk/internal/module/SystemModuleFinders$SystemModuleFinder
Event: 0.210 Loading class java/lang/module/ModuleFinder
Event: 0.210 Loading class java/lang/module/ModuleFinder done
Event: 0.210 Loading class jdk/internal/module/SystemModuleFinders$SystemModuleFinder done
Event: 0.210 Loading class java/util/Optional
Event: 0.210 Loading class java/util/Optional done
Event: 0.211 Loading class jdk/internal/loader/BootLoader
Event: 0.211 Loading class jdk/internal/loader/BootLoader done
Event: 0.211 Loading class java/lang/Module$EnableNativeAccess
Event: 0.211 Loading class java/lang/Module$EnableNativeAccess done

Classes unloaded (0 events):
No events

Classes redefined (0 events):
No events

Internal exceptions (0 events):
No events

ZGC Phase Switch (0 events):
No events

VM Operations (0 events):
No events

Events (9 events):
Event: 0.126 Thread 0x00000142f196b400 Thread added: 0x00000142f196b400
Event: 0.185 Thread 0x000001429708d900 Thread added: 0x000001429708d900
Event: 0.186 Thread 0x000001429708f630 Thread added: 0x000001429708f630
Event: 0.187 Thread 0x0000014297081660 Thread added: 0x0000014297081660
Event: 0.188 Thread 0x00000142970820c0 Thread added: 0x00000142970820c0
Event: 0.188 Thread 0x0000014297082b20 Thread added: 0x0000014297082b20
Event: 0.188 Thread 0x00000142970836b0 Thread added: 0x00000142970836b0
Event: 0.188 Thread 0x000001429707ee00 Thread added: 0x000001429707ee00
Event: 0.188 Thread 0x00000142970cd710 Thread added: 0x00000142970cd710


Dynamic libraries:
0x00007ff6fffc0000 - 0x00007ff6fffd0000 	C:\Program Files\Java\jdk-22\bin\java.exe
0x00007ffb41710000 - 0x00007ffb41927000 	C:\WINDOWS\SYSTEM32\ntdll.dll
0x00007ffb40a30000 - 0x00007ffb40af4000 	C:\WINDOWS\System32\KERNEL32.DLL
0x00007ffb3ee80000 - 0x00007ffb3f227000 	C:\WINDOWS\System32\KERNELBASE.dll
0x00007ffb3ec10000 - 0x00007ffb3ed21000 	C:\WINDOWS\System32\ucrtbase.dll
0x00007ffb1ace0000 - 0x00007ffb1acfb000 	C:\Program Files\Java\jdk-22\bin\VCRUNTIME140.dll
0x00007ffb13160000 - 0x00007ffb13177000 	C:\Program Files\Java\jdk-22\bin\jli.dll
0x00007ffb3f860000 - 0x00007ffb3f912000 	C:\WINDOWS\System32\ADVAPI32.dll
0x00007ffb40bb0000 - 0x00007ffb40c57000 	C:\WINDOWS\System32\msvcrt.dll
0x00007ffb40ea0000 - 0x00007ffb40f48000 	C:\WINDOWS\System32\sechost.dll
0x00007ffb3ed30000 - 0x00007ffb3ed58000 	C:\WINDOWS\System32\bcrypt.dll
0x00007ffb3f5c0000 - 0x00007ffb3f6d5000 	C:\WINDOWS\System32\RPCRT4.dll
0x00007ffb3f410000 - 0x00007ffb3f5be000 	C:\WINDOWS\System32\USER32.dll
0x00007ffb3ea00000 - 0x00007ffb3ea26000 	C:\WINDOWS\System32\win32u.dll
0x00007ffb3fe80000 - 0x00007ffb3fea9000 	C:\WINDOWS\System32\GDI32.dll
0x00007ffb29470000 - 0x00007ffb29703000 	C:\WINDOWS\WinSxS\amd64_microsoft.windows.common-controls_6595b64144ccf1df_6.0.22621.3527_none_270e469b73872a76\COMCTL32.dll
0x00007ffb3ed60000 - 0x00007ffb3ee79000 	C:\WINDOWS\System32\gdi32full.dll
0x00007ffb3eaf0000 - 0x00007ffb3eb8a000 	C:\WINDOWS\System32\msvcp_win.dll
0x00007ffb385f0000 - 0x00007ffb385fa000 	C:\WINDOWS\SYSTEM32\VERSION.dll
0x00007ffb400c0000 - 0x00007ffb400f1000 	C:\WINDOWS\System32\IMM32.DLL
0x00007ffb393d0000 - 0x00007ffb393dc000 	C:\Program Files\Java\jdk-22\bin\vcruntime140_1.dll
0x00007ffaf99a0000 - 0x00007ffaf9a2e000 	C:\Program Files\Java\jdk-22\bin\msvcp140.dll
0x00007ffac7060000 - 0x00007ffac7da7000 	C:\Program Files\Java\jdk-22\bin\server\jvm.dll
0x00007ffb41070000 - 0x00007ffb410e1000 	C:\WINDOWS\System32\WS2_32.dll
0x00007ffb3e8c0000 - 0x00007ffb3e90d000 	C:\WINDOWS\SYSTEM32\POWRPROF.dll
0x00007ffb36c60000 - 0x00007ffb36c94000 	C:\WINDOWS\SYSTEM32\WINMM.dll
0x00007ffb3e8a0000 - 0x00007ffb3e8b3000 	C:\WINDOWS\SYSTEM32\UMPDC.dll
0x00007ffb3d940000 - 0x00007ffb3d958000 	C:\WINDOWS\SYSTEM32\kernel.appcore.dll
0x00007ffb23b20000 - 0x00007ffb23b2a000 	C:\Program Files\Java\jdk-22\bin\jimage.dll
0x00007ffb3c550000 - 0x00007ffb3c782000 	C:\WINDOWS\SYSTEM32\DBGHELP.DLL
0x00007ffb41310000 - 0x00007ffb41698000 	C:\WINDOWS\System32\combase.dll
0x00007ffb3fda0000 - 0x00007ffb3fe77000 	C:\WINDOWS\System32\OLEAUT32.dll
0x00007ffb32dd0000 - 0x00007ffb32e02000 	C:\WINDOWS\SYSTEM32\dbgcore.DLL
0x00007ffb3eb90000 - 0x00007ffb3ec09000 	C:\WINDOWS\System32\bcryptPrimitives.dll
0x00007ffb13140000 - 0x00007ffb1315e000 	C:\Program Files\Java\jdk-22\bin\java.dll
0x00007ffb40100000 - 0x00007ffb4095c000 	C:\WINDOWS\System32\SHELL32.dll
0x00007ffb3ff10000 - 0x00007ffb400b5000 	C:\WINDOWS\System32\ole32.dll
0x00007ffb3c8f0000 - 0x00007ffb3d1e6000 	C:\WINDOWS\SYSTEM32\windows.storage.dll
0x00007ffb3c7b0000 - 0x00007ffb3c8ee000 	C:\WINDOWS\SYSTEM32\wintypes.dll
0x00007ffb3f6e0000 - 0x00007ffb3f7d5000 	C:\WINDOWS\System32\SHCORE.dll
0x00007ffb3feb0000 - 0x00007ffb3ff0e000 	C:\WINDOWS\System32\shlwapi.dll
0x00007ffb3e930000 - 0x00007ffb3e951000 	C:\WINDOWS\SYSTEM32\profapi.dll
0x00007ffaf0330000 - 0x00007ffaf0407000 	C:\Program Files\Java\jdk-22\bin\jsvml.dll

dbghelp: loaded successfully - version: 4.0.5 - missing functions: none
symbol engine: initialized successfully - sym options: 0x614 - pdb path: .;C:\Program Files\Java\jdk-22\bin;C:\WINDOWS\SYSTEM32;C:\WINDOWS\WinSxS\amd64_microsoft.windows.common-controls_6595b64144ccf1df_6.0.22621.3527_none_270e469b73872a76;C:\Program Files\Java\jdk-22\bin\server

VM Arguments:
java_command: _12_Remove_duplicates_from_sorted_array
java_class_path (initial): .
Launcher Type: SUN_STANDARD

[Global flags]
     intx CICompilerCount                          = 4                                         {product} {ergonomic}
     uint ConcGCThreads                            = 3                                         {product} {ergonomic}
     uint G1ConcRefinementThreads                  = 10                                        {product} {ergonomic}
   size_t G1HeapRegionSize                         = 2097152                                   {product} {ergonomic}
   size_t InitialHeapSize                          = 257949696                                 {product} {ergonomic}
   size_t MarkStackSize                            = 4194304                                   {product} {ergonomic}
   size_t MaxHeapSize                              = 4123000832                                {product} {ergonomic}
   size_t MaxNewSize                               = 2472542208                                {product} {ergonomic}
   size_t MinHeapDeltaBytes                        = 2097152                                   {product} {ergonomic}
   size_t MinHeapSize                              = 8388608                                   {product} {ergonomic}
    uintx NonNMethodCodeHeapSize                   = 5839372                                {pd product} {ergonomic}
    uintx NonProfiledCodeHeapSize                  = 122909434                              {pd product} {ergonomic}
    uintx ProfiledCodeHeapSize                     = 122909434                              {pd product} {ergonomic}
    uintx ReservedCodeCacheSize                    = 251658240                              {pd product} {ergonomic}
     bool SegmentedCodeCache                       = true                                      {product} {ergonomic}
   size_t SoftMaxHeapSize                          = 4123000832                             {manageable} {ergonomic}
     bool UseCompressedOops                        = true                           {product lp64_product} {ergonomic}
     bool UseG1GC                                  = true                                      {product} {ergonomic}
     bool UseLargePagesIndividualAllocation        = false                                  {pd product} {ergonomic}

Logging:
Log output configuration:
 #0: stdout all=warning uptime,level,tags foldmultilines=false
 #1: stderr all=off uptime,level,tags foldmultilines=false

Environment Variables:
JAVA_HOME=C:\Program Files\Eclipse Adoptium\jdk-21.0.1.12-hotspot
PATH=C:\Program Files\Common Files\Oracle\Java\javapath;C:\Program Files\Eclipse Adoptium\jdk-21.0.1.12-hotspot;C:\Program Files (x86)\Common Files\Oracle\Java\java8path;C:\Program Files (x86)\Common Files\Oracle\Java\javapath;C:\Windows\system32;C:\Windows;C:\Windows\System32\Wbem;C:\Windows\System32\WindowsPowerShell\v1.0\;C:\Windows\System32\OpenSSH\;C:\Program Files (x86)\NVIDIA Corporation\PhysX\Common;C:\Program Files\NVIDIA Corporation\NVIDIA NvDLISR;C:\WINDOWS\system32;C:\WINDOWS;C:\WINDOWS\System32\Wbem;C:\WINDOWS\System32\WindowsPowerShell\v1.0\;C:\WINDOWS\System32\OpenSSH\;C:\Users\galax\AppData\Roaming\nvm;C:\Program Files\nodejs;C:\Program Files\Graphviz\bin;C:\Program Files\GitHub CLI\;C:\Program Files\Git\cmd;C:\Users\galax\AppData\Local\Programs\Python\Python39\Scripts\;C:\Users\galax\AppData\Local\Programs\Python\Python39\;C:\Users\galax\AppData\Local\Programs\Python\Python312\Scripts\;C:\Users\galax\AppData\Local\Programs\Python\Python312\;C:\Users\galax\.console-ninja\.bin;C:\Users\galax\AppData\Local\Microsoft\WindowsApps;C:\Users\galax\AppData\Local\Programs\oh-my-posh\bin;C:\Program Files\JetBrains\IntelliJ IDEA Community Edition 2023.2\bin;C:\Users\galax\AppData\Roaming\npm;C:\Users\galax\AppData\Local\Programs\mongosh\;C:\Users\galax\AppData\Local\GitHubDesktop\bin;C:\Users\galax\AppData\Roaming\nvm;C:\Program Files\nodejs;C:\Program Files\Eclipse Adoptium\jdk-21.0.1.12-hotspot;C:\Program Files\Git\bin;D:\whois;C:\Program Files (x86)\IntelliJ IDEA Community Edition 2023.2\bin;;C:\Microsoft VS Code\bin;
USERNAME=Singh
LANG=en_US.UTF-8
OS=Windows_NT
PROCESSOR_IDENTIFIER=AMD64 Family 25 Model 80 Stepping 0, AuthenticAMD
TMP=C:\Users\galax\AppData\Local\Temp
TEMP=C:\Users\galax\AppData\Local\Temp




Periodic native trim disabled

---------------  S Y S T E M  ---------------

OS:
 Windows 11 , 64 bit Build 22621 (10.0.22621.3527)
OS uptime: 0 days 8:23 hours
Hyper-V role detected

CPU: total 12 (initial active 12) (12 cores per cpu, 2 threads per core) family 25 model 80 stepping 0 microcode 0x0, cx8, cmov, fxsr, ht, mmx, 3dnowpref, sse, sse2, sse3, ssse3, sse4a, sse4.1, sse4.2, popcnt, lzcnt, tsc, tscinvbit, avx, avx2, aes, erms, clmul, bmi1, bmi2, adx, sha, fma, vzeroupper, clflush, clflushopt, hv, rdtscp, rdpid, fsrm, f16c, cet_ss
Processor Information for processor 0
  Max Mhz: 3301, Current Mhz: 2011, Mhz Limit: 3301
Processor Information for processor 1
  Max Mhz: 3301, Current Mhz: 3301, Mhz Limit: 3301
Processor Information for processor 2
  Max Mhz: 3301, Current Mhz: 2011, Mhz Limit: 3301
Processor Information for processor 3
  Max Mhz: 3301, Current Mhz: 3301, Mhz Limit: 3301
Processor Information for processor 4
  Max Mhz: 3301, Current Mhz: 2011, Mhz Limit: 3301
Processor Information for processor 5
  Max Mhz: 3301, Current Mhz: 2011, Mhz Limit: 3301
Processor Information for processor 6
  Max Mhz: 3301, Current Mhz: 3301, Mhz Limit: 3301
Processor Information for processor 7
  Max Mhz: 3301, Current Mhz: 2011, Mhz Limit: 3301
Processor Information for processor 8
  Max Mhz: 3301, Current Mhz: 2011, Mhz Limit: 3301
Processor Information for processor 9
  Max Mhz: 3301, Current Mhz: 2011, Mhz Limit: 3301
Processor Information for processor 10
  Max Mhz: 3301, Current Mhz: 2011, Mhz Limit: 3301
Processor Information for processor 11
  Max Mhz: 3301, Current Mhz: 3301, Mhz Limit: 3301

Memory: 4k page, system-wide physical 15724M (5927M free)
TotalPageFile size 20724M (AvailPageFile size 1505M)
current process WorkingSet (physical memory assigned to process): 27M, peak: 27M
current process commit charge ("private bytes"): 324M, peak: 328M

vm_info: Java HotSpot(TM) 64-Bit Server VM (22.0.1+8-16) for windows-amd64 JRE (22.0.1+8-16), built on 2024-03-12T10:33:16Z by "mach5one" with MS VC++ 17.6 (VS2022)

END.
