#
# There is insufficient memory for the Java Runtime Environment to continue.
# Native memory allocation (malloc) failed to allocate 1817392 bytes for Chunk::new
# Possible reasons:
#   The system is out of physical RAM or swap space
#   The process is running with CompressedOops enabled, and the Java Heap may be blocking the growth of the native heap
# Possible solutions:
#   Reduce memory load on the system
#   Increase physical memory or swap space
#   Check if swap backing store is full
#   Decrease Java heap size (-Xmx/-Xms)
#   Decrease number of Java threads
#   Decrease Java thread stack sizes (-Xss)
#   Set larger code cache with -XX:ReservedCodeCacheSize=
#   JVM is running with Unscaled Compressed Oops mode in which the Java heap is
#     placed in the first 4GB address space. The Java Heap base address is the
#     maximum limit for the native heap growth. Please use -XX:HeapBaseMinAddress
#     to set the Java Heap base and to place the Java Heap above 4GB virtual address.
# This output file may be truncated or incomplete.
#
#  Out of Memory Error (arena.cpp:191), pid=17952, tid=20576
#
# JRE version: OpenJDK Runtime Environment Temurin-17.0.9+9 (17.0.9+9) (build 17.0.9+9)
# Java VM: OpenJDK 64-Bit Server VM Temurin-17.0.9+9 (17.0.9+9, mixed mode, tiered, compressed oops, compressed class ptrs, parallel gc, windows-amd64)
# No core dump will be written. Minidumps are not enabled by default on client versions of Windows
#

---------------  S U M M A R Y ------------

Command Line: --add-modules=ALL-SYSTEM --add-opens=java.base/java.util=ALL-UNNAMED --add-opens=java.base/java.lang=ALL-UNNAMED --add-opens=java.base/sun.nio.fs=ALL-UNNAMED -Declipse.application=org.eclipse.jdt.ls.core.id1 -Dosgi.bundles.defaultStartLevel=4 -Declipse.product=org.eclipse.jdt.ls.core.product -Djava.import.generatesMetadataFilesAtProjectRoot=false -DDetectVMInstallationsJob.disabled=true -Dfile.encoding=utf8 -XX:+UseParallelGC -XX:GCTimeRatio=4 -XX:AdaptiveSizePolicyWeight=90 -Dsun.zip.disableMemoryMapping=true -Xmx1G -Xms100m -Xlog:disable -javaagent:c:\Users\galax\.vscode\extensions\redhat.java-1.25.1-win32-x64\lombok\lombok-1.18.30.jar c:\Users\galax\.vscode\extensions\redhat.java-1.25.1-win32-x64\server\plugins\org.eclipse.equinox.launcher_1.6.600.v20231106-1826.jar -configuration c:\Users\galax\AppData\Roaming\Code\User\globalStorage\redhat.java\1.25.1\config_ss_win -data c:\Users\galax\AppData\Roaming\Code\User\workspaceStorage\715939317411bacedd6cdfeea8c9b0d6\redhat.java\ss_ws --stdio

Host: AMD Ryzen 5 5600H with Radeon Graphics         , 12 cores, 15G,  Windows 11 , 64 bit Build 22621 (10.0.22621.2506)
Time: Wed Dec 13 12:30:51 2023 India Standard Time elapsed time: 6.888181 seconds (0d 0h 0m 6s)

---------------  T H R E A D  ---------------

Current thread (0x000001905a93d8f0):  JavaThread "C2 CompilerThread0" daemon [_thread_in_native, id=20576, stack(0x00000024dca00000,0x00000024dcb00000)]


Current CompileTask:
C2:   6888 4013 %     4       org.lombokweb.asm.SymbolTable::<init> @ 98 (536 bytes)

Stack: [0x00000024dca00000,0x00000024dcb00000]
Native frames: (J=compiled Java code, j=interpreted, Vv=VM code, C=native code)
V  [jvm.dll+0x67cf49]
V  [jvm.dll+0x83478a]
V  [jvm.dll+0x83624e]
V  [jvm.dll+0x8368b3]
V  [jvm.dll+0x247f1f]
V  [jvm.dll+0xac43c]
V  [jvm.dll+0xaca8c]
V  [jvm.dll+0x367067]
V  [jvm.dll+0x1bd722]
V  [jvm.dll+0x21a709]
V  [jvm.dll+0x2199d1]
V  [jvm.dll+0x1a57cd]
V  [jvm.dll+0x2297ae]
V  [jvm.dll+0x22797c]
V  [jvm.dll+0x7e9877]
V  [jvm.dll+0x7e3c3a]
V  [jvm.dll+0x67be35]
C  [ucrtbase.dll+0x29363]
C  [KERNEL32.DLL+0x1257d]
C  [ntdll.dll+0x5aa58]


---------------  P R O C E S S  ---------------

Threads class SMR info:
_java_thread_list=0x000001905d3dc9f0, length=28, elements={
0x0000019041961de0, 0x00000190557e2020, 0x00000190557e3290, 0x00000190557ebeb0,
0x00000190557ec880, 0x00000190557ed9f0, 0x00000190557ee6d0, 0x000001905a93d8f0,
0x000001905a93e2b0, 0x000001905a9413b0, 0x000001905aa3d660, 0x000001905ac1baf0,
0x000001905c73dd40, 0x000001905ce49420, 0x000001905ce4c8a0, 0x000001905cced370,
0x000001905cce8030, 0x000001905cc9a050, 0x000001905cc9b490, 0x000001905cc981f0,
0x000001905cc99630, 0x000001905cc9aa70, 0x000001905cc98700, 0x000001905cc99120,
0x000001905cc99b40, 0x000001905dd56860, 0x000001905ef4c910, 0x000001905c31b830
}

Java Threads: ( => current thread )
  0x0000019041961de0 JavaThread "main" [_thread_blocked, id=8672, stack(0x00000024dc100000,0x00000024dc200000)]
  0x00000190557e2020 JavaThread "Reference Handler" daemon [_thread_blocked, id=2248, stack(0x00000024dc400000,0x00000024dc500000)]
  0x00000190557e3290 JavaThread "Finalizer" daemon [_thread_blocked, id=3756, stack(0x00000024dc500000,0x00000024dc600000)]
  0x00000190557ebeb0 JavaThread "Signal Dispatcher" daemon [_thread_blocked, id=1724, stack(0x00000024dc600000,0x00000024dc700000)]
  0x00000190557ec880 JavaThread "Attach Listener" daemon [_thread_blocked, id=19628, stack(0x00000024dc700000,0x00000024dc800000)]
  0x00000190557ed9f0 JavaThread "Service Thread" daemon [_thread_blocked, id=17904, stack(0x00000024dc800000,0x00000024dc900000)]
  0x00000190557ee6d0 JavaThread "Monitor Deflation Thread" daemon [_thread_blocked, id=19148, stack(0x00000024dc900000,0x00000024dca00000)]
=>0x000001905a93d8f0 JavaThread "C2 CompilerThread0" daemon [_thread_in_native, id=20576, stack(0x00000024dca00000,0x00000024dcb00000)]
  0x000001905a93e2b0 JavaThread "C1 CompilerThread0" daemon [_thread_blocked, id=7480, stack(0x00000024dcb00000,0x00000024dcc00000)]
  0x000001905a9413b0 JavaThread "Sweeper thread" daemon [_thread_blocked, id=17264, stack(0x00000024dcc00000,0x00000024dcd00000)]
  0x000001905aa3d660 JavaThread "Common-Cleaner" daemon [_thread_blocked, id=18816, stack(0x00000024dcd00000,0x00000024dce00000)]
  0x000001905ac1baf0 JavaThread "Notification Thread" daemon [_thread_blocked, id=2268, stack(0x00000024dce00000,0x00000024dcf00000)]
  0x000001905c73dd40 JavaThread "Active Thread: Equinox Container: b5166772-eb3f-4a40-83e4-9bd79b5ecee2" [_thread_blocked, id=19312, stack(0x00000024dd700000,0x00000024dd800000)]
  0x000001905ce49420 JavaThread "Framework Event Dispatcher: Equinox Container: b5166772-eb3f-4a40-83e4-9bd79b5ecee2" daemon [_thread_blocked, id=25572, stack(0x00000024dd800000,0x00000024dd900000)]
  0x000001905ce4c8a0 JavaThread "Start Level: Equinox Container: b5166772-eb3f-4a40-83e4-9bd79b5ecee2" daemon [_thread_blocked, id=17924, stack(0x00000024dd900000,0x00000024dda00000)]
  0x000001905cced370 JavaThread "SCR Component Actor" daemon [_thread_blocked, id=22012, stack(0x00000024dda00000,0x00000024ddb00000)]
  0x000001905cce8030 JavaThread "SCR Component Registry" daemon [_thread_blocked, id=20232, stack(0x00000024ddc00000,0x00000024ddd00000)]
  0x000001905cc9a050 JavaThread "Worker-JM" [_thread_blocked, id=16044, stack(0x00000024dde00000,0x00000024ddf00000)]
  0x000001905cc9b490 JavaThread "Worker-0" [_thread_blocked, id=19596, stack(0x00000024de100000,0x00000024de200000)]
  0x000001905cc981f0 JavaThread "Worker-1" [_thread_blocked, id=11028, stack(0x00000024de200000,0x00000024de300000)]
  0x000001905cc99630 JavaThread "JNA Cleaner" daemon [_thread_blocked, id=15736, stack(0x00000024de300000,0x00000024de400000)]
  0x000001905cc9aa70 JavaThread "pool-2-thread-1" [_thread_blocked, id=1400, stack(0x00000024de400000,0x00000024de500000)]
  0x000001905cc98700 JavaThread "WorkspaceEventsHandler" [_thread_blocked, id=13112, stack(0x00000024de600000,0x00000024de700000)]
  0x000001905cc99120 JavaThread "pool-1-thread-1" [_thread_in_vm, id=16764, stack(0x00000024de700000,0x00000024de800000)]
  0x000001905cc99b40 JavaThread "Worker-2" [_thread_blocked, id=13900, stack(0x00000024de900000,0x00000024dea00000)]
  0x000001905dd56860 JavaThread "ForkJoinPool.commonPool-worker-1" daemon [_thread_blocked, id=19608, stack(0x00000024dea00000,0x00000024deb00000)]
  0x000001905ef4c910 JavaThread "C2 CompilerThread1" daemon [_thread_in_native, id=3088, stack(0x00000024de500000,0x00000024de600000)]
  0x000001905c31b830 JavaThread "C2 CompilerThread2" daemon [_thread_in_native, id=20120, stack(0x00000024de800000,0x00000024de900000)]

Other Threads:
  0x000001905a912860 VMThread "VM Thread" [stack: 0x00000024dc300000,0x00000024dc400000] [id=19344]
  0x000001905ac1bfd0 WatcherThread [stack: 0x00000024dcf00000,0x00000024dd000000] [id=22568]
  0x000001904196fdb0 GCTaskThread "GC Thread#0" [stack: 0x00000024dc200000,0x00000024dc300000] [id=22388]
  0x000001905c696f50 GCTaskThread "GC Thread#1" [stack: 0x00000024dd000000,0x00000024dd100000] [id=22544]
  0x000001905c881870 GCTaskThread "GC Thread#2" [stack: 0x00000024dd100000,0x00000024dd200000] [id=20096]
  0x000001905c881b30 GCTaskThread "GC Thread#3" [stack: 0x00000024dd200000,0x00000024dd300000] [id=11644]
  0x000001905c24d010 GCTaskThread "GC Thread#4" [stack: 0x00000024dd300000,0x00000024dd400000] [id=10572]
  0x000001905c24d2d0 GCTaskThread "GC Thread#5" [stack: 0x00000024dd400000,0x00000024dd500000] [id=17676]
  0x000001905c24d590 GCTaskThread "GC Thread#6" [stack: 0x00000024dd500000,0x00000024dd600000] [id=7176]
  0x000001905c326c90 GCTaskThread "GC Thread#7" [stack: 0x00000024ddb00000,0x00000024ddc00000] [id=6040]
  0x000001905ce14420 GCTaskThread "GC Thread#8" [stack: 0x00000024ddf00000,0x00000024de000000] [id=14760]
  0x000001905cafb7e0 GCTaskThread "GC Thread#9" [stack: 0x00000024de000000,0x00000024de100000] [id=20100]

Threads with active compile tasks:
C2 CompilerThread0     6923 4013 %     4       org.lombokweb.asm.SymbolTable::<init> @ 98 (536 bytes)
C2 CompilerThread1     6924 4016       4       org.lombokweb.asm.ClassReader::readMethod (1066 bytes)
C2 CompilerThread2     6924 4048 %     4       org.lombokweb.asm.ClassReader::readCode @ 2036 (5117 bytes)

VM state: not at safepoint (normal execution)

VM Mutex/Monitor currently owned by a thread: None

Heap address: 0x00000000c0000000, size: 1024 MB, Compressed Oops mode: 32-bit

CDS archive(s) not mapped
Compressed class space mapped at: 0x0000000100000000-0x0000000140000000, reserved size: 1073741824
Narrow klass base: 0x0000000000000000, Narrow klass shift: 3, Narrow klass range: 0x140000000

GC Precious Log:
 CPUs: 12 total, 12 available
 Memory: 15724M
 Large Page Support: Disabled
 NUMA Support: Disabled
 Compressed Oops: Enabled (32-bit)
 Alignments: Space 512K, Generation 512K, Heap 2M
 Heap Min Capacity: 100M
 Heap Initial Capacity: 100M
 Heap Max Capacity: 1G
 Pre-touch: Disabled
 Parallel Workers: 10

Heap:
 PSYoungGen      total 22016K, used 7614K [0x00000000eab00000, 0x00000000ec300000, 0x0000000100000000)
  eden space 21504K, 34% used [0x00000000eab00000,0x00000000eb2478a8,0x00000000ec000000)
  from space 512K, 31% used [0x00000000ec280000,0x00000000ec2a8000,0x00000000ec300000)
  to   space 1024K, 0% used [0x00000000ec100000,0x00000000ec100000,0x00000000ec200000)
 ParOldGen       total 68608K, used 26279K [0x00000000c0000000, 0x00000000c4300000, 0x00000000eab00000)
  object space 68608K, 38% used [0x00000000c0000000,0x00000000c19a9e60,0x00000000c4300000)
 Metaspace       used 42290K, committed 43072K, reserved 1114112K
  class space    used 4310K, committed 4672K, reserved 1048576K

Card table byte_map: [0x00000190412f0000,0x0000019041500000] _byte_map_base: 0x0000019040cf0000

Marking Bits: (ParMarkBitMap*) 0x00007ffb0700d0b0
 Begin Bits: [0x00000190535f0000, 0x00000190545f0000)
 End Bits:   [0x00000190545f0000, 0x00000190555f0000)

Polling page: 0x000001903f930000

Metaspace:

Usage:
  Non-class:     37.09 MB used.
      Class:      4.21 MB used.
       Both:     41.30 MB used.

Virtual space:
  Non-class space:       64.00 MB reserved,      37.50 MB ( 59%) committed,  1 nodes.
      Class space:        1.00 GB reserved,       4.56 MB ( <1%) committed,  1 nodes.
             Both:        1.06 GB reserved,      42.06 MB (  4%) committed. 

Chunk freelists:
   Non-Class:  10.08 MB
       Class:  11.34 MB
        Both:  21.42 MB

MaxMetaspaceSize: unlimited
CompressedClassSpaceSize: 1.00 GB
Initial GC threshold: 21.00 MB
Current GC threshold: 58.38 MB
CDS: off
MetaspaceReclaimPolicy: balanced
 - commit_granule_bytes: 65536.
 - commit_granule_words: 8192.
 - virtual_space_node_default_size: 8388608.
 - enlarge_chunks_in_place: 1.
 - new_chunks_are_fully_committed: 0.
 - uncommit_free_chunks: 1.
 - use_allocation_guard: 0.
 - handle_deallocations: 1.


Internal statistics:

num_allocs_failed_limit: 6.
num_arena_births: 376.
num_arena_deaths: 14.
num_vsnodes_births: 2.
num_vsnodes_deaths: 0.
num_space_committed: 673.
num_space_uncommitted: 0.
num_chunks_returned_to_freelist: 20.
num_chunks_taken_from_freelist: 1738.
num_chunk_merges: 10.
num_chunk_splits: 1148.
num_chunks_enlarged: 778.
num_inconsistent_stats: 0.

CodeHeap 'non-profiled nmethods': size=120000Kb used=2078Kb max_used=2078Kb free=117922Kb
 bounds [0x000001904c0c0000, 0x000001904c330000, 0x00000190535f0000]
CodeHeap 'profiled nmethods': size=120000Kb used=8526Kb max_used=8526Kb free=111473Kb
 bounds [0x00000190445f0000, 0x0000019044e50000, 0x000001904bb20000]
CodeHeap 'non-nmethods': size=5760Kb used=1297Kb max_used=1326Kb free=4462Kb
 bounds [0x000001904bb20000, 0x000001904bd90000, 0x000001904c0c0000]
 total_blobs=4753 nmethods=4125 adapters=542
 compilation: enabled
              stopped_count=0, restarted_count=0
 full_count=0

Compilation events (20 events):
Event: 6.878 Thread 0x000001905a93e2b0 nmethod 4107 0x0000019044e1db10 code [0x0000019044e1dcc0, 0x0000019044e1de78]
Event: 6.878 Thread 0x000001905a93e2b0 4108       3       org.eclipse.jdt.internal.core.JavaProject$$Lambda$212/0x00000001003a94f0::apply (13 bytes)
Event: 6.879 Thread 0x000001905a93e2b0 nmethod 4108 0x0000019044e1df90 code [0x0000019044e1e140, 0x0000019044e1e508]
Event: 6.879 Thread 0x000001905a93e2b0 4106       1       org.eclipse.jdt.internal.compiler.classfmt.ModuleInfo$PackageExportInfo::targets (5 bytes)
Event: 6.879 Thread 0x000001905a93e2b0 nmethod 4106 0x000001904c2c6010 code [0x000001904c2c61a0, 0x000001904c2c6278]
Event: 6.879 Thread 0x000001905a93e2b0 4109       1       org.eclipse.jdt.internal.core.OpenableElementInfo::getModule (5 bytes)
Event: 6.879 Thread 0x000001905a93e2b0 nmethod 4109 0x000001904c2c6310 code [0x000001904c2c64a0, 0x000001904c2c6578]
Event: 6.879 Thread 0x000001905a93e2b0 4115       3       org.eclipse.jdt.internal.compiler.classfmt.ModuleInfo::readModuleAttribute (1166 bytes)
Event: 6.883 Thread 0x000001905a93e2b0 nmethod 4115 0x0000019044e1e610 code [0x0000019044e1ece0, 0x0000019044e25258]
Event: 6.883 Thread 0x000001905a93e2b0 4116       3       org.eclipse.jdt.internal.compiler.classfmt.ModuleInfo$ModuleReferenceInfo::hashCode (8 bytes)
Event: 6.883 Thread 0x000001905a93e2b0 nmethod 4116 0x0000019044e27890 code [0x0000019044e27a40, 0x0000019044e27be8]
Event: 6.884 Thread 0x000001905a93e2b0 4118       3       java.lang.String::valueOf (9 bytes)
Event: 6.884 Thread 0x000001905a93e2b0 nmethod 4118 0x0000019044e27d10 code [0x0000019044e27ec0, 0x0000019044e28048]
Event: 6.884 Thread 0x000001905a93e2b0 4121       3       org.eclipse.jdt.internal.compiler.classfmt.ModuleInfo$ModuleReferenceInfo::<init> (15 bytes)
Event: 6.884 Thread 0x000001905a93e2b0 nmethod 4121 0x0000019044e28110 code [0x0000019044e282a0, 0x0000019044e28438]
Event: 6.884 Thread 0x000001905a93e2b0 4122 %     3       java.util.Arrays::hashCode @ 16 (44 bytes)
Event: 6.884 Thread 0x000001905a93e2b0 nmethod 4122% 0x0000019044e28510 code [0x0000019044e286c0, 0x0000019044e28958]
Event: 6.884 Thread 0x000001905a93e2b0 4110       1       org.eclipse.jdt.internal.core.JrtPackageFragmentRoot::isComplianceJava9OrHigher (2 bytes)
Event: 6.884 Thread 0x000001905a93e2b0 nmethod 4110 0x000001904c2c6610 code [0x000001904c2c67a0, 0x000001904c2c6878]
Event: 6.884 Thread 0x000001905a93e2b0 4123   !   3       org.eclipse.jdt.internal.compiler.classfmt.ClassFileReader::<init> (2113 bytes)

GC Heap History (20 events):
Event: 4.650 GC heap before
{Heap before GC invocations=11 (full 2):
 PSYoungGen      total 27136K, used 24064K [0x00000000eab00000, 0x00000000ec980000, 0x0000000100000000)
  eden space 24064K, 100% used [0x00000000eab00000,0x00000000ec280000,0x00000000ec280000)
  from space 3072K, 0% used [0x00000000ec680000,0x00000000ec680000,0x00000000ec980000)
  to   space 3072K, 0% used [0x00000000ec380000,0x00000000ec380000,0x00000000ec680000)
 ParOldGen       total 68608K, used 11135K [0x00000000c0000000, 0x00000000c4300000, 0x00000000eab00000)
  object space 68608K, 16% used [0x00000000c0000000,0x00000000c0adfd90,0x00000000c4300000)
 Metaspace       used 36513K, committed 37248K, reserved 1114112K
  class space    used 3715K, committed 4032K, reserved 1048576K
}
Event: 4.653 GC heap after
{Heap after GC invocations=11 (full 2):
 PSYoungGen      total 26112K, used 2176K [0x00000000eab00000, 0x00000000ec700000, 0x0000000100000000)
  eden space 23552K, 0% used [0x00000000eab00000,0x00000000eab00000,0x00000000ec200000)
  from space 2560K, 85% used [0x00000000ec380000,0x00000000ec5a0020,0x00000000ec600000)
  to   space 1024K, 0% used [0x00000000ec600000,0x00000000ec600000,0x00000000ec700000)
 ParOldGen       total 68608K, used 11143K [0x00000000c0000000, 0x00000000c4300000, 0x00000000eab00000)
  object space 68608K, 16% used [0x00000000c0000000,0x00000000c0ae1d90,0x00000000c4300000)
 Metaspace       used 36513K, committed 37248K, reserved 1114112K
  class space    used 3715K, committed 4032K, reserved 1048576K
}
Event: 4.804 GC heap before
{Heap before GC invocations=12 (full 2):
 PSYoungGen      total 26112K, used 25728K [0x00000000eab00000, 0x00000000ec700000, 0x0000000100000000)
  eden space 23552K, 100% used [0x00000000eab00000,0x00000000ec200000,0x00000000ec200000)
  from space 2560K, 85% used [0x00000000ec380000,0x00000000ec5a0020,0x00000000ec600000)
  to   space 1024K, 0% used [0x00000000ec600000,0x00000000ec600000,0x00000000ec700000)
 ParOldGen       total 68608K, used 11143K [0x00000000c0000000, 0x00000000c4300000, 0x00000000eab00000)
  object space 68608K, 16% used [0x00000000c0000000,0x00000000c0ae1d90,0x00000000c4300000)
 Metaspace       used 36703K, committed 37504K, reserved 1114112K
  class space    used 3736K, committed 4096K, reserved 1048576K
}
Event: 4.818 GC heap after
{Heap after GC invocations=12 (full 2):
 PSYoungGen      total 24064K, used 992K [0x00000000eab00000, 0x00000000eca80000, 0x0000000100000000)
  eden space 23040K, 0% used [0x00000000eab00000,0x00000000eab00000,0x00000000ec180000)
  from space 1024K, 96% used [0x00000000ec600000,0x00000000ec6f8010,0x00000000ec700000)
  to   space 4608K, 0% used [0x00000000ec180000,0x00000000ec180000,0x00000000ec600000)
 ParOldGen       total 68608K, used 14039K [0x00000000c0000000, 0x00000000c4300000, 0x00000000eab00000)
  object space 68608K, 20% used [0x00000000c0000000,0x00000000c0db5da0,0x00000000c4300000)
 Metaspace       used 36703K, committed 37504K, reserved 1114112K
  class space    used 3736K, committed 4096K, reserved 1048576K
}
Event: 4.891 GC heap before
{Heap before GC invocations=13 (full 2):
 PSYoungGen      total 24064K, used 24032K [0x00000000eab00000, 0x00000000eca80000, 0x0000000100000000)
  eden space 23040K, 100% used [0x00000000eab00000,0x00000000ec180000,0x00000000ec180000)
  from space 1024K, 96% used [0x00000000ec600000,0x00000000ec6f8010,0x00000000ec700000)
  to   space 4608K, 0% used [0x00000000ec180000,0x00000000ec180000,0x00000000ec600000)
 ParOldGen       total 68608K, used 14039K [0x00000000c0000000, 0x00000000c4300000, 0x00000000eab00000)
  object space 68608K, 20% used [0x00000000c0000000,0x00000000c0db5da0,0x00000000c4300000)
 Metaspace       used 36774K, committed 37568K, reserved 1114112K
  class space    used 3749K, committed 4096K, reserved 1048576K
}
Event: 4.894 GC heap after
{Heap after GC invocations=13 (full 2):
 PSYoungGen      total 25600K, used 2560K [0x00000000eab00000, 0x00000000ec700000, 0x0000000100000000)
  eden space 22528K, 0% used [0x00000000eab00000,0x00000000eab00000,0x00000000ec100000)
  from space 3072K, 83% used [0x00000000ec180000,0x00000000ec400020,0x00000000ec480000)
  to   space 2560K, 0% used [0x00000000ec480000,0x00000000ec480000,0x00000000ec700000)
 ParOldGen       total 68608K, used 15081K [0x00000000c0000000, 0x00000000c4300000, 0x00000000eab00000)
  object space 68608K, 21% used [0x00000000c0000000,0x00000000c0eba750,0x00000000c4300000)
 Metaspace       used 36774K, committed 37568K, reserved 1114112K
  class space    used 3749K, committed 4096K, reserved 1048576K
}
Event: 4.939 GC heap before
{Heap before GC invocations=14 (full 2):
 PSYoungGen      total 25600K, used 25088K [0x00000000eab00000, 0x00000000ec700000, 0x0000000100000000)
  eden space 22528K, 100% used [0x00000000eab00000,0x00000000ec100000,0x00000000ec100000)
  from space 3072K, 83% used [0x00000000ec180000,0x00000000ec400020,0x00000000ec480000)
  to   space 2560K, 0% used [0x00000000ec480000,0x00000000ec480000,0x00000000ec700000)
 ParOldGen       total 68608K, used 15081K [0x00000000c0000000, 0x00000000c4300000, 0x00000000eab00000)
  object space 68608K, 21% used [0x00000000c0000000,0x00000000c0eba750,0x00000000c4300000)
 Metaspace       used 36778K, committed 37568K, reserved 1114112K
  class space    used 3749K, committed 4096K, reserved 1048576K
}
Event: 4.943 GC heap after
{Heap after GC invocations=14 (full 2):
 PSYoungGen      total 24576K, used 2112K [0x00000000eab00000, 0x00000000ec700000, 0x0000000100000000)
  eden space 22016K, 0% used [0x00000000eab00000,0x00000000eab00000,0x00000000ec080000)
  from space 2560K, 82% used [0x00000000ec480000,0x00000000ec690000,0x00000000ec700000)
  to   space 2560K, 0% used [0x00000000ec200000,0x00000000ec200000,0x00000000ec480000)
 ParOldGen       total 68608K, used 17505K [0x00000000c0000000, 0x00000000c4300000, 0x00000000eab00000)
  object space 68608K, 25% used [0x00000000c0000000,0x00000000c1118538,0x00000000c4300000)
 Metaspace       used 36778K, committed 37568K, reserved 1114112K
  class space    used 3749K, committed 4096K, reserved 1048576K
}
Event: 4.985 GC heap before
{Heap before GC invocations=15 (full 2):
 PSYoungGen      total 24576K, used 24128K [0x00000000eab00000, 0x00000000ec700000, 0x0000000100000000)
  eden space 22016K, 100% used [0x00000000eab00000,0x00000000ec080000,0x00000000ec080000)
  from space 2560K, 82% used [0x00000000ec480000,0x00000000ec690000,0x00000000ec700000)
  to   space 2560K, 0% used [0x00000000ec200000,0x00000000ec200000,0x00000000ec480000)
 ParOldGen       total 68608K, used 17505K [0x00000000c0000000, 0x00000000c4300000, 0x00000000eab00000)
  object space 68608K, 25% used [0x00000000c0000000,0x00000000c1118538,0x00000000c4300000)
 Metaspace       used 36778K, committed 37568K, reserved 1114112K
  class space    used 3749K, committed 4096K, reserved 1048576K
}
Event: 4.988 GC heap after
{Heap after GC invocations=15 (full 2):
 PSYoungGen      total 24576K, used 2400K [0x00000000eab00000, 0x00000000ec580000, 0x0000000100000000)
  eden space 22016K, 0% used [0x00000000eab00000,0x00000000eab00000,0x00000000ec080000)
  from space 2560K, 93% used [0x00000000ec200000,0x00000000ec458010,0x00000000ec480000)
  to   space 1024K, 0% used [0x00000000ec480000,0x00000000ec480000,0x00000000ec580000)
 ParOldGen       total 68608K, used 19513K [0x00000000c0000000, 0x00000000c4300000, 0x00000000eab00000)
  object space 68608K, 28% used [0x00000000c0000000,0x00000000c130e538,0x00000000c4300000)
 Metaspace       used 36778K, committed 37568K, reserved 1114112K
  class space    used 3749K, committed 4096K, reserved 1048576K
}
Event: 5.026 GC heap before
{Heap before GC invocations=16 (full 2):
 PSYoungGen      total 24576K, used 24416K [0x00000000eab00000, 0x00000000ec580000, 0x0000000100000000)
  eden space 22016K, 100% used [0x00000000eab00000,0x00000000ec080000,0x00000000ec080000)
  from space 2560K, 93% used [0x00000000ec200000,0x00000000ec458010,0x00000000ec480000)
  to   space 1024K, 0% used [0x00000000ec480000,0x00000000ec480000,0x00000000ec580000)
 ParOldGen       total 68608K, used 19513K [0x00000000c0000000, 0x00000000c4300000, 0x00000000eab00000)
  object space 68608K, 28% used [0x00000000c0000000,0x00000000c130e538,0x00000000c4300000)
 Metaspace       used 36779K, committed 37568K, reserved 1114112K
  class space    used 3749K, committed 4096K, reserved 1048576K
}
Event: 5.031 GC heap after
{Heap after GC invocations=16 (full 2):
 PSYoungGen      total 22528K, used 1024K [0x00000000eab00000, 0x00000000ec980000, 0x0000000100000000)
  eden space 21504K, 0% used [0x00000000eab00000,0x00000000eab00000,0x00000000ec000000)
  from space 1024K, 100% used [0x00000000ec480000,0x00000000ec580000,0x00000000ec580000)
  to   space 4608K, 0% used [0x00000000ec000000,0x00000000ec000000,0x00000000ec480000)
 ParOldGen       total 68608K, used 22497K [0x00000000c0000000, 0x00000000c4300000, 0x00000000eab00000)
  object space 68608K, 32% used [0x00000000c0000000,0x00000000c15f8548,0x00000000c4300000)
 Metaspace       used 36779K, committed 37568K, reserved 1114112K
  class space    used 3749K, committed 4096K, reserved 1048576K
}
Event: 5.314 GC heap before
{Heap before GC invocations=17 (full 2):
 PSYoungGen      total 22528K, used 22526K [0x00000000eab00000, 0x00000000ec980000, 0x0000000100000000)
  eden space 21504K, 99% used [0x00000000eab00000,0x00000000ebfffae0,0x00000000ec000000)
  from space 1024K, 100% used [0x00000000ec480000,0x00000000ec580000,0x00000000ec580000)
  to   space 4608K, 0% used [0x00000000ec000000,0x00000000ec000000,0x00000000ec480000)
 ParOldGen       total 68608K, used 22497K [0x00000000c0000000, 0x00000000c4300000, 0x00000000eab00000)
  object space 68608K, 32% used [0x00000000c0000000,0x00000000c15f8548,0x00000000c4300000)
 Metaspace       used 38601K, committed 39424K, reserved 1114112K
  class space    used 3938K, committed 4288K, reserved 1048576K
}
Event: 5.316 GC heap after
{Heap after GC invocations=17 (full 2):
 PSYoungGen      total 23552K, used 2026K [0x00000000eab00000, 0x00000000ec600000, 0x0000000100000000)
  eden space 21504K, 0% used [0x00000000eab00000,0x00000000eab00000,0x00000000ec000000)
  from space 2048K, 98% used [0x00000000ec000000,0x00000000ec1fa808,0x00000000ec200000)
  to   space 3072K, 0% used [0x00000000ec300000,0x00000000ec300000,0x00000000ec600000)
 ParOldGen       total 68608K, used 23551K [0x00000000c0000000, 0x00000000c4300000, 0x00000000eab00000)
  object space 68608K, 34% used [0x00000000c0000000,0x00000000c16ffdc8,0x00000000c4300000)
 Metaspace       used 38601K, committed 39424K, reserved 1114112K
  class space    used 3938K, committed 4288K, reserved 1048576K
}
Event: 6.055 GC heap before
{Heap before GC invocations=18 (full 2):
 PSYoungGen      total 23552K, used 23483K [0x00000000eab00000, 0x00000000ec600000, 0x0000000100000000)
  eden space 21504K, 99% used [0x00000000eab00000,0x00000000ebff4588,0x00000000ec000000)
  from space 2048K, 98% used [0x00000000ec000000,0x00000000ec1fa808,0x00000000ec200000)
  to   space 3072K, 0% used [0x00000000ec300000,0x00000000ec300000,0x00000000ec600000)
 ParOldGen       total 68608K, used 23551K [0x00000000c0000000, 0x00000000c4300000, 0x00000000eab00000)
  object space 68608K, 34% used [0x00000000c0000000,0x00000000c16ffdc8,0x00000000c4300000)
 Metaspace       used 39973K, committed 40768K, reserved 1114112K
  class space    used 4102K, committed 4480K, reserved 1048576K
}
Event: 6.057 GC heap after
{Heap after GC invocations=18 (full 2):
 PSYoungGen      total 22528K, used 672K [0x00000000eab00000, 0x00000000ec400000, 0x0000000100000000)
  eden space 21504K, 0% used [0x00000000eab00000,0x00000000eab00000,0x00000000ec000000)
  from space 1024K, 65% used [0x00000000ec300000,0x00000000ec3a8000,0x00000000ec400000)
  to   space 1536K, 0% used [0x00000000ec100000,0x00000000ec100000,0x00000000ec280000)
 ParOldGen       total 68608K, used 25363K [0x00000000c0000000, 0x00000000c4300000, 0x00000000eab00000)
  object space 68608K, 36% used [0x00000000c0000000,0x00000000c18c4e58,0x00000000c4300000)
 Metaspace       used 39973K, committed 40768K, reserved 1114112K
  class space    used 4102K, committed 4480K, reserved 1048576K
}
Event: 6.481 GC heap before
{Heap before GC invocations=19 (full 2):
 PSYoungGen      total 22528K, used 22176K [0x00000000eab00000, 0x00000000ec400000, 0x0000000100000000)
  eden space 21504K, 100% used [0x00000000eab00000,0x00000000ec000000,0x00000000ec000000)
  from space 1024K, 65% used [0x00000000ec300000,0x00000000ec3a8000,0x00000000ec400000)
  to   space 1536K, 0% used [0x00000000ec100000,0x00000000ec100000,0x00000000ec280000)
 ParOldGen       total 68608K, used 25363K [0x00000000c0000000, 0x00000000c4300000, 0x00000000eab00000)
  object space 68608K, 36% used [0x00000000c0000000,0x00000000c18c4e58,0x00000000c4300000)
 Metaspace       used 40798K, committed 41600K, reserved 1114112K
  class space    used 4174K, committed 4544K, reserved 1048576K
}
Event: 6.483 GC heap after
{Heap after GC invocations=19 (full 2):
 PSYoungGen      total 23040K, used 1518K [0x00000000eab00000, 0x00000000ec500000, 0x0000000100000000)
  eden space 21504K, 0% used [0x00000000eab00000,0x00000000eab00000,0x00000000ec000000)
  from space 1536K, 98% used [0x00000000ec100000,0x00000000ec27bab8,0x00000000ec280000)
  to   space 2560K, 0% used [0x00000000ec280000,0x00000000ec280000,0x00000000ec500000)
 ParOldGen       total 68608K, used 26095K [0x00000000c0000000, 0x00000000c4300000, 0x00000000eab00000)
  object space 68608K, 38% used [0x00000000c0000000,0x00000000c197be60,0x00000000c4300000)
 Metaspace       used 40798K, committed 41600K, reserved 1114112K
  class space    used 4174K, committed 4544K, reserved 1048576K
}
Event: 6.578 GC heap before
{Heap before GC invocations=20 (full 2):
 PSYoungGen      total 23040K, used 23022K [0x00000000eab00000, 0x00000000ec500000, 0x0000000100000000)
  eden space 21504K, 100% used [0x00000000eab00000,0x00000000ec000000,0x00000000ec000000)
  from space 1536K, 98% used [0x00000000ec100000,0x00000000ec27bab8,0x00000000ec280000)
  to   space 2560K, 0% used [0x00000000ec280000,0x00000000ec280000,0x00000000ec500000)
 ParOldGen       total 68608K, used 26095K [0x00000000c0000000, 0x00000000c4300000, 0x00000000eab00000)
  object space 68608K, 38% used [0x00000000c0000000,0x00000000c197be60,0x00000000c4300000)
 Metaspace       used 41019K, committed 41792K, reserved 1114112K
  class space    used 4181K, committed 4544K, reserved 1048576K
}
Event: 6.580 GC heap after
{Heap after GC invocations=20 (full 2):
 PSYoungGen      total 22016K, used 160K [0x00000000eab00000, 0x00000000ec300000, 0x0000000100000000)
  eden space 21504K, 0% used [0x00000000eab00000,0x00000000eab00000,0x00000000ec000000)
  from space 512K, 31% used [0x00000000ec280000,0x00000000ec2a8000,0x00000000ec300000)
  to   space 1024K, 0% used [0x00000000ec100000,0x00000000ec100000,0x00000000ec200000)
 ParOldGen       total 68608K, used 26279K [0x00000000c0000000, 0x00000000c4300000, 0x00000000eab00000)
  object space 68608K, 38% used [0x00000000c0000000,0x00000000c19a9e60,0x00000000c4300000)
 Metaspace       used 41019K, committed 41792K, reserved 1114112K
  class space    used 4181K, committed 4544K, reserved 1048576K
}

Dll operation events (10 events):
Event: 0.014 Loaded shared library c:\Users\galax\.vscode\extensions\redhat.java-1.25.1-win32-x64\jre\17.0.9-win32-x86_64\bin\java.dll
Event: 0.174 Loaded shared library c:\Users\galax\.vscode\extensions\redhat.java-1.25.1-win32-x64\jre\17.0.9-win32-x86_64\bin\zip.dll
Event: 0.179 Loaded shared library C:\Users\galax\.vscode\extensions\redhat.java-1.25.1-win32-x64\jre\17.0.9-win32-x86_64\bin\instrument.dll
Event: 0.193 Loaded shared library C:\Users\galax\.vscode\extensions\redhat.java-1.25.1-win32-x64\jre\17.0.9-win32-x86_64\bin\net.dll
Event: 0.196 Loaded shared library C:\Users\galax\.vscode\extensions\redhat.java-1.25.1-win32-x64\jre\17.0.9-win32-x86_64\bin\nio.dll
Event: 0.205 Loaded shared library C:\Users\galax\.vscode\extensions\redhat.java-1.25.1-win32-x64\jre\17.0.9-win32-x86_64\bin\zip.dll
Event: 0.223 Loaded shared library C:\Users\galax\.vscode\extensions\redhat.java-1.25.1-win32-x64\jre\17.0.9-win32-x86_64\bin\jimage.dll
Event: 0.303 Loaded shared library c:\Users\galax\.vscode\extensions\redhat.java-1.25.1-win32-x64\jre\17.0.9-win32-x86_64\bin\verify.dll
Event: 1.444 Loaded shared library C:\Users\galax\AppData\Roaming\Code\User\globalStorage\redhat.java\1.25.1\config_ss_win\org.eclipse.equinox.launcher\org.eclipse.equinox.launcher.win32.win32.x86_64_1.2.800.v20231003-1442\eclipse_11802.dll
Event: 3.866 Loaded shared library C:\Users\galax\AppData\Local\Temp\jna-79889305\jna6123257937328193859.dll

Deoptimization events (20 events):
Event: 6.473 Thread 0x000001905cc99120 DEOPT PACKING pc=0x000001904c1c330c sp=0x00000024de7fb070
Event: 6.473 Thread 0x000001905cc99120 DEOPT UNPACKING pc=0x000001904bb766a3 sp=0x00000024de7fb028 mode 2
Event: 6.473 Thread 0x000001905cc99120 Uncommon trap: trap_request=0xffffffde fr.pc=0x000001904c1c330c relative=0x00000000000086ac
Event: 6.473 Thread 0x000001905cc99120 Uncommon trap: reason=class_check action=maybe_recompile pc=0x000001904c1c330c method=lombok.patcher.PatchScript$MethodPatcher.visitMethod(ILjava/lang/String;Ljava/lang/String;Ljava/lang/String;[Ljava/lang/String;)Lorg/lombokweb/asm/MethodVisitor; @ 101 c
Event: 6.473 Thread 0x000001905cc99120 DEOPT PACKING pc=0x000001904c1c330c sp=0x00000024de7fb070
Event: 6.473 Thread 0x000001905cc99120 DEOPT UNPACKING pc=0x000001904bb766a3 sp=0x00000024de7fb028 mode 2
Event: 6.473 Thread 0x000001905cc99120 Uncommon trap: trap_request=0xffffffde fr.pc=0x000001904c1c330c relative=0x00000000000086ac
Event: 6.473 Thread 0x000001905cc99120 Uncommon trap: reason=class_check action=maybe_recompile pc=0x000001904c1c330c method=lombok.patcher.PatchScript$MethodPatcher.visitMethod(ILjava/lang/String;Ljava/lang/String;Ljava/lang/String;[Ljava/lang/String;)Lorg/lombokweb/asm/MethodVisitor; @ 101 c
Event: 6.473 Thread 0x000001905cc99120 DEOPT PACKING pc=0x000001904c1c330c sp=0x00000024de7fb070
Event: 6.473 Thread 0x000001905cc99120 DEOPT UNPACKING pc=0x000001904bb766a3 sp=0x00000024de7fb028 mode 2
Event: 6.737 Thread 0x000001905cc99120 DEOPT PACKING pc=0x00000190447d1c13 sp=0x00000024de7f7ed0
Event: 6.737 Thread 0x000001905cc99120 DEOPT UNPACKING pc=0x000001904bb76e43 sp=0x00000024de7f7408 mode 0
Event: 6.855 Thread 0x000001905cc99120 Uncommon trap: trap_request=0xffffffc6 fr.pc=0x000001904c2251bc relative=0x000000000000009c
Event: 6.855 Thread 0x000001905cc99120 Uncommon trap: reason=bimorphic_or_optimized_type_check action=maybe_recompile pc=0x000001904c2251bc method=java.util.stream.Sink$ChainedReference.cancellationRequested()Z @ 4 c2
Event: 6.855 Thread 0x000001905cc99120 DEOPT PACKING pc=0x000001904c2251bc sp=0x00000024de7fcde0
Event: 6.855 Thread 0x000001905cc99120 DEOPT UNPACKING pc=0x000001904bb766a3 sp=0x00000024de7fcd10 mode 2
Event: 6.855 Thread 0x000001905cc99120 Uncommon trap: trap_request=0xffffffc6 fr.pc=0x000001904c2251bc relative=0x000000000000009c
Event: 6.855 Thread 0x000001905cc99120 Uncommon trap: reason=bimorphic_or_optimized_type_check action=maybe_recompile pc=0x000001904c2251bc method=java.util.stream.Sink$ChainedReference.cancellationRequested()Z @ 4 c2
Event: 6.855 Thread 0x000001905cc99120 DEOPT PACKING pc=0x000001904c2251bc sp=0x00000024de7fcde0
Event: 6.855 Thread 0x000001905cc99120 DEOPT UNPACKING pc=0x000001904bb766a3 sp=0x00000024de7fcd10 mode 2

Classes unloaded (7 events):
Event: 2.428 Thread 0x000001905a912860 Unloading class 0x000000010021e000 'java/lang/invoke/LambdaForm$MH+0x000000010021e000'
Event: 2.428 Thread 0x000001905a912860 Unloading class 0x000000010021dc00 'java/lang/invoke/LambdaForm$MH+0x000000010021dc00'
Event: 2.428 Thread 0x000001905a912860 Unloading class 0x000000010021d800 'java/lang/invoke/LambdaForm$MH+0x000000010021d800'
Event: 2.428 Thread 0x000001905a912860 Unloading class 0x000000010021d400 'java/lang/invoke/LambdaForm$MH+0x000000010021d400'
Event: 2.428 Thread 0x000001905a912860 Unloading class 0x000000010021d000 'java/lang/invoke/LambdaForm$BMH+0x000000010021d000'
Event: 2.428 Thread 0x000001905a912860 Unloading class 0x000000010021cc00 'java/lang/invoke/LambdaForm$DMH+0x000000010021cc00'
Event: 2.428 Thread 0x000001905a912860 Unloading class 0x000000010021a000 'java/lang/invoke/LambdaForm$DMH+0x000000010021a000'

Classes redefined (0 events):
No events

Internal exceptions (20 events):
Event: 3.982 Thread 0x0000019041961de0 Exception <a 'java/lang/NoSuchMethodError'{0x00000000ec216898}: 'java.lang.Object java.lang.invoke.DirectMethodHandle$Holder.newInvokeSpecial(java.lang.Object, java.lang.Object, long)'> (0x00000000ec216898) 
thrown [s\src\hotspot\share\interpreter\linkResolver.cpp, line 759]
Event: 4.043 Thread 0x0000019041961de0 Exception <a 'java/lang/NoSuchMethodError'{0x00000000eabceca0}: 'void java.lang.invoke.DirectMethodHandle$Holder.invokeStatic(java.lang.Object, java.lang.Object, java.lang.Object, java.lang.Object)'> (0x00000000eabceca0) 
thrown [s\src\hotspot\share\interpreter\linkResolver.cpp, line 759]
Event: 4.175 Thread 0x0000019041961de0 Exception <a 'java/lang/NoSuchMethodError'{0x00000000eb3ddc98}: 'void java.lang.invoke.DirectMethodHandle$Holder.invokeSpecial(java.lang.Object, java.lang.Object, java.lang.Object, java.lang.Object, java.lang.Object, java.lang.Object)'> (0x00000000eb3ddc98) 
thrown [s\src\hotspot\share\interpreter\linkResolver.cpp, line 759]
Event: 4.177 Thread 0x0000019041961de0 Exception <a 'java/lang/IncompatibleClassChangeError'{0x00000000eb3e7440}: Found class java.lang.Object, but interface was expected> (0x00000000eb3e7440) 
thrown [s\src\hotspot\share\interpreter\linkResolver.cpp, line 826]
Event: 4.351 Thread 0x000001905cc99120 Exception <a 'java/io/FileNotFoundException'{0x00000000eb9fd478}> (0x00000000eb9fd478) 
thrown [s\src\hotspot\share\prims\jni.cpp, line 516]
Event: 4.379 Thread 0x000001905cc99120 Exception <a 'sun/nio/fs/WindowsException'{0x00000000ebbade98}> (0x00000000ebbade98) 
thrown [s\src\hotspot\share\prims\jni.cpp, line 516]
Event: 4.384 Thread 0x000001905cc981f0 Exception <a 'java/io/FileNotFoundException'{0x00000000ebbff580}> (0x00000000ebbff580) 
thrown [s\src\hotspot\share\prims\jni.cpp, line 516]
Event: 4.385 Thread 0x000001905cc981f0 Exception <a 'java/io/FileNotFoundException'{0x00000000ebc00580}> (0x00000000ebc00580) 
thrown [s\src\hotspot\share\prims\jni.cpp, line 516]
Event: 4.469 Thread 0x000001905cc99120 Exception <a 'java/lang/NoSuchMethodError'{0x00000000eae1f640}: 'int java.lang.invoke.DirectMethodHandle$Holder.invokeVirtual(java.lang.Object, java.lang.Object)'> (0x00000000eae1f640) 
thrown [s\src\hotspot\share\interpreter\linkResolver.cpp, line 759]
Event: 4.469 Thread 0x000001905cc981f0 Exception <a 'java/lang/NoSuchMethodError'{0x00000000eae3cfa0}: 'java.lang.Object java.lang.invoke.Invokers$Holder.invoke_MT(java.lang.Object, java.lang.Object, java.lang.Object)'> (0x00000000eae3cfa0) 
thrown [s\src\hotspot\share\interpreter\linkResolver.cpp, line 759]
Event: 4.679 Thread 0x000001905cc981f0 Exception <a 'java/io/FileNotFoundException'{0x00000000eaf721c8}> (0x00000000eaf721c8) 
thrown [s\src\hotspot\share\prims\jni.cpp, line 516]
Event: 4.681 Thread 0x000001905cc981f0 Exception <a 'java/io/FileNotFoundException'{0x00000000eaf73708}> (0x00000000eaf73708) 
thrown [s\src\hotspot\share\prims\jni.cpp, line 516]
Event: 4.693 Thread 0x000001905cc981f0 Exception <a 'java/lang/NoSuchMethodError'{0x00000000eaf7f8b0}: 'void java.lang.invoke.DirectMethodHandle$Holder.invokeStaticInit(java.lang.Object, java.lang.Object, java.lang.Object)'> (0x00000000eaf7f8b0) 
thrown [s\src\hotspot\share\interpreter\linkResolver.cpp, line 759]
Event: 5.136 Thread 0x000001905cc99120 Exception <a 'java/lang/NoSuchMethodError'{0x00000000eb4c5ff0}: 'java.lang.Object java.lang.invoke.DirectMethodHandle$Holder.invokeInterface(java.lang.Object, java.lang.Object, java.lang.Object)'> (0x00000000eb4c5ff0) 
thrown [s\src\hotspot\share\interpreter\linkResolver.cpp, line 759]
Event: 6.227 Thread 0x000001905cc99120 Implicit null exception at 0x000001904c2107cb to 0x000001904c2113f0
Event: 6.227 Thread 0x000001905cc99120 Implicit null exception at 0x000001904c21294f to 0x000001904c2135d0
Event: 6.846 Thread 0x000001905cc99120 Exception <a 'java/lang/NoSuchMethodError'{0x00000000eb0e8a08}: 'java.lang.Object java.lang.invoke.DirectMethodHandle$Holder.newInvokeSpecial(java.lang.Object, java.lang.Object, java.lang.Object, int)'> (0x00000000eb0e8a08) 
thrown [s\src\hotspot\share\interpreter\linkResolver.cpp, line 759]
Event: 6.847 Thread 0x000001905cc99120 Exception <a 'java/lang/NoSuchMethodError'{0x00000000eb0ecb10}: 'java.lang.Object java.lang.invoke.DirectMethodHandle$Holder.invokeSpecial(java.lang.Object, java.lang.Object, java.lang.Object, java.lang.Object, int)'> (0x00000000eb0ecb10) 
thrown [s\src\hotspot\share\interpreter\linkResolver.cpp, line 759]
Event: 6.847 Thread 0x000001905cc99120 Exception <a 'java/lang/NoSuchMethodError'{0x00000000eb0f0218}: 'java.lang.Object java.lang.invoke.Invokers$Holder.linkToTargetMethod(java.lang.Object, java.lang.Object, int, java.lang.Object)'> (0x00000000eb0f0218) 
thrown [s\src\hotspot\share\interpreter\linkResolver.cpp, line 759]
Event: 6.855 Thread 0x000001905cc99120 Exception <a 'java/io/FileNotFoundException'{0x00000000eb123878}> (0x00000000eb123878) 
thrown [s\src\hotspot\share\prims\jni.cpp, line 516]

VM Operations (20 events):
Event: 4.939 Executing VM operation: ParallelGCFailedAllocation
Event: 4.943 Executing VM operation: ParallelGCFailedAllocation done
Event: 4.985 Executing VM operation: ParallelGCFailedAllocation
Event: 4.988 Executing VM operation: ParallelGCFailedAllocation done
Event: 5.026 Executing VM operation: ParallelGCFailedAllocation
Event: 5.031 Executing VM operation: ParallelGCFailedAllocation done
Event: 5.146 Executing VM operation: HandshakeAllThreads
Event: 5.146 Executing VM operation: HandshakeAllThreads done
Event: 5.149 Executing VM operation: HandshakeAllThreads
Event: 5.150 Executing VM operation: HandshakeAllThreads done
Event: 5.179 Executing VM operation: HandshakeAllThreads
Event: 5.179 Executing VM operation: HandshakeAllThreads done
Event: 5.314 Executing VM operation: ParallelGCFailedAllocation
Event: 5.316 Executing VM operation: ParallelGCFailedAllocation done
Event: 6.055 Executing VM operation: ParallelGCFailedAllocation
Event: 6.057 Executing VM operation: ParallelGCFailedAllocation done
Event: 6.481 Executing VM operation: ParallelGCFailedAllocation
Event: 6.483 Executing VM operation: ParallelGCFailedAllocation done
Event: 6.578 Executing VM operation: ParallelGCFailedAllocation
Event: 6.580 Executing VM operation: ParallelGCFailedAllocation done

Events (20 events):
Event: 5.121 loading class java/util/concurrent/CompletableFuture$UniExceptionally
Event: 5.121 loading class java/util/concurrent/CompletableFuture$UniExceptionally done
Event: 5.126 loading class jdk/internal/reflect/UnsafeIntegerFieldAccessorImpl
Event: 5.127 loading class jdk/internal/reflect/UnsafeIntegerFieldAccessorImpl done
Event: 5.146 loading class java/util/AbstractList$ListItr
Event: 5.146 loading class java/util/AbstractList$ListItr done
Event: 5.200 loading class java/lang/ExceptionInInitializerError
Event: 5.200 loading class java/lang/ExceptionInInitializerError done
Event: 5.454 Thread 0x000001905d0b1870 Thread exited: 0x000001905d0b1870
Event: 5.762 loading class java/util/Vector$1
Event: 5.763 loading class java/util/Vector$1 done
Event: 5.969 Thread 0x000001905d833840 Thread exited: 0x000001905d833840
Event: 6.227 loading class java/util/Collections$UnmodifiableSortedSet
Event: 6.228 loading class java/util/Collections$UnmodifiableSortedSet done
Event: 6.294 loading class java/util/regex/Pattern$Caret
Event: 6.294 loading class java/util/regex/Pattern$Caret done
Event: 6.470 Thread 0x000001905ef4c910 Thread added: 0x000001905ef4c910
Event: 6.508 Thread 0x000001905c31b830 Thread added: 0x000001905c31b830
Event: 6.845 loading class java/util/function/UnaryOperator
Event: 6.845 loading class java/util/function/UnaryOperator done


Dynamic libraries:
0x00007ff642e90000 - 0x00007ff642e9e000 	c:\Users\galax\.vscode\extensions\redhat.java-1.25.1-win32-x64\jre\17.0.9-win32-x86_64\bin\java.exe
0x00007ffb67410000 - 0x00007ffb67627000 	C:\WINDOWS\SYSTEM32\ntdll.dll
0x00007ffb65b00000 - 0x00007ffb65bc4000 	C:\WINDOWS\System32\KERNEL32.DLL
0x00007ffb64d80000 - 0x00007ffb65126000 	C:\WINDOWS\System32\KERNELBASE.dll
0x00007ffb64b30000 - 0x00007ffb64c41000 	C:\WINDOWS\System32\ucrtbase.dll
0x00007ffb4a010000 - 0x00007ffb4a027000 	c:\Users\galax\.vscode\extensions\redhat.java-1.25.1-win32-x64\jre\17.0.9-win32-x86_64\bin\jli.dll
0x00007ffb5ea30000 - 0x00007ffb5ea4b000 	c:\Users\galax\.vscode\extensions\redhat.java-1.25.1-win32-x64\jre\17.0.9-win32-x86_64\bin\VCRUNTIME140.dll
0x00007ffb660c0000 - 0x00007ffb6626e000 	C:\WINDOWS\System32\USER32.dll
0x00007ffb64750000 - 0x00007ffb64776000 	C:\WINDOWS\System32\win32u.dll
0x00007ffb66f60000 - 0x00007ffb66f89000 	C:\WINDOWS\System32\GDI32.dll
0x00007ffb4e6b0000 - 0x00007ffb4e943000 	C:\WINDOWS\WinSxS\amd64_microsoft.windows.common-controls_6595b64144ccf1df_6.0.22621.2506_none_270c5ae97388e100\COMCTL32.dll
0x00007ffb64990000 - 0x00007ffb64aa8000 	C:\WINDOWS\System32\gdi32full.dll
0x00007ffb66cd0000 - 0x00007ffb66d77000 	C:\WINDOWS\System32\msvcrt.dll
0x00007ffb64780000 - 0x00007ffb6481a000 	C:\WINDOWS\System32\msvcp_win.dll
0x00007ffb66d80000 - 0x00007ffb66db1000 	C:\WINDOWS\System32\IMM32.DLL
0x00007ffb5f640000 - 0x00007ffb5f64c000 	c:\Users\galax\.vscode\extensions\redhat.java-1.25.1-win32-x64\jre\17.0.9-win32-x86_64\bin\vcruntime140_1.dll
0x00007ffb3ead0000 - 0x00007ffb3eb5d000 	c:\Users\galax\.vscode\extensions\redhat.java-1.25.1-win32-x64\jre\17.0.9-win32-x86_64\bin\msvcp140.dll
0x00007ffb06470000 - 0x00007ffb070d1000 	c:\Users\galax\.vscode\extensions\redhat.java-1.25.1-win32-x64\jre\17.0.9-win32-x86_64\bin\server\jvm.dll
0x00007ffb66c10000 - 0x00007ffb66cc1000 	C:\WINDOWS\System32\ADVAPI32.dll
0x00007ffb65260000 - 0x00007ffb65305000 	C:\WINDOWS\System32\sechost.dll
0x00007ffb659e0000 - 0x00007ffb65af7000 	C:\WINDOWS\System32\RPCRT4.dll
0x00007ffb5e8c0000 - 0x00007ffb5e8c9000 	C:\WINDOWS\SYSTEM32\WSOCK32.dll
0x00007ffb5d2e0000 - 0x00007ffb5d314000 	C:\WINDOWS\SYSTEM32\WINMM.dll
0x00007ffb64620000 - 0x00007ffb6466d000 	C:\WINDOWS\SYSTEM32\POWRPROF.dll
0x00007ffb651e0000 - 0x00007ffb65251000 	C:\WINDOWS\System32\WS2_32.dll
0x00007ffb5c470000 - 0x00007ffb5c47a000 	C:\WINDOWS\SYSTEM32\VERSION.dll
0x00007ffb64600000 - 0x00007ffb64613000 	C:\WINDOWS\SYSTEM32\UMPDC.dll
0x00007ffb63780000 - 0x00007ffb63798000 	C:\WINDOWS\SYSTEM32\kernel.appcore.dll
0x00007ffb514b0000 - 0x00007ffb514ba000 	c:\Users\galax\.vscode\extensions\redhat.java-1.25.1-win32-x64\jre\17.0.9-win32-x86_64\bin\jimage.dll
0x00007ffb62120000 - 0x00007ffb62353000 	C:\WINDOWS\SYSTEM32\DBGHELP.DLL
0x00007ffb66f90000 - 0x00007ffb67319000 	C:\WINDOWS\System32\combase.dll
0x00007ffb66280000 - 0x00007ffb66357000 	C:\WINDOWS\System32\OLEAUT32.dll
0x00007ffb53ef0000 - 0x00007ffb53f22000 	C:\WINDOWS\SYSTEM32\dbgcore.DLL
0x00007ffb64ab0000 - 0x00007ffb64b2a000 	C:\WINDOWS\System32\bcryptPrimitives.dll
0x00007ffb512d0000 - 0x00007ffb512de000 	c:\Users\galax\.vscode\extensions\redhat.java-1.25.1-win32-x64\jre\17.0.9-win32-x86_64\bin\instrument.dll
0x00007ffb37fb0000 - 0x00007ffb37fd5000 	c:\Users\galax\.vscode\extensions\redhat.java-1.25.1-win32-x64\jre\17.0.9-win32-x86_64\bin\java.dll
0x00007ffb3e4a0000 - 0x00007ffb3e4b8000 	c:\Users\galax\.vscode\extensions\redhat.java-1.25.1-win32-x64\jre\17.0.9-win32-x86_64\bin\zip.dll
0x00007ffb66360000 - 0x00007ffb66bba000 	C:\WINDOWS\System32\SHELL32.dll
0x00007ffb62620000 - 0x00007ffb62f16000 	C:\WINDOWS\SYSTEM32\windows.storage.dll
0x00007ffb624e0000 - 0x00007ffb6261e000 	C:\WINDOWS\SYSTEM32\wintypes.dll
0x00007ffb65860000 - 0x00007ffb65953000 	C:\WINDOWS\System32\SHCORE.dll
0x00007ffb65800000 - 0x00007ffb6585e000 	C:\WINDOWS\System32\shlwapi.dll
0x00007ffb64680000 - 0x00007ffb646a6000 	C:\WINDOWS\SYSTEM32\profapi.dll
0x00007ffb49ff0000 - 0x00007ffb4a009000 	C:\Users\galax\.vscode\extensions\redhat.java-1.25.1-win32-x64\jre\17.0.9-win32-x86_64\bin\net.dll
0x00007ffb5e000000 - 0x00007ffb5e137000 	C:\WINDOWS\SYSTEM32\WINHTTP.dll
0x00007ffb63bf0000 - 0x00007ffb63c59000 	C:\WINDOWS\system32\mswsock.dll
0x00007ffb3eab0000 - 0x00007ffb3eac6000 	C:\Users\galax\.vscode\extensions\redhat.java-1.25.1-win32-x64\jre\17.0.9-win32-x86_64\bin\nio.dll
0x00007ffb50ba0000 - 0x00007ffb50bb0000 	c:\Users\galax\.vscode\extensions\redhat.java-1.25.1-win32-x64\jre\17.0.9-win32-x86_64\bin\verify.dll
0x00007ffb3e530000 - 0x00007ffb3e56e000 	C:\Users\galax\AppData\Roaming\Code\User\globalStorage\redhat.java\1.25.1\config_ss_win\org.eclipse.equinox.launcher\org.eclipse.equinox.launcher.win32.win32.x86_64_1.2.800.v20231003-1442\eclipse_11802.dll
0x00007ffb66dc0000 - 0x00007ffb66f60000 	C:\WINDOWS\System32\ole32.dll
0x00007ffb63e20000 - 0x00007ffb63e3b000 	C:\WINDOWS\SYSTEM32\CRYPTSP.dll
0x00007ffb63670000 - 0x00007ffb636a5000 	C:\WINDOWS\system32\rsaenh.dll
0x00007ffb63ca0000 - 0x00007ffb63ccc000 	C:\WINDOWS\SYSTEM32\USERENV.dll
0x00007ffb64060000 - 0x00007ffb64088000 	C:\WINDOWS\SYSTEM32\bcrypt.dll
0x00007ffb63e40000 - 0x00007ffb63e4c000 	C:\WINDOWS\SYSTEM32\CRYPTBASE.dll
0x00007ffb63180000 - 0x00007ffb631ad000 	C:\WINDOWS\SYSTEM32\IPHLPAPI.DLL
0x00007ffb65f90000 - 0x00007ffb65f99000 	C:\WINDOWS\System32\NSI.dll
0x00007ffb5dde0000 - 0x00007ffb5ddf9000 	C:\WINDOWS\SYSTEM32\dhcpcsvc6.DLL
0x00007ffb5dc00000 - 0x00007ffb5dc1f000 	C:\WINDOWS\SYSTEM32\dhcpcsvc.DLL
0x00007ffb631f0000 - 0x00007ffb632e9000 	C:\WINDOWS\SYSTEM32\DNSAPI.dll
0x00007ffb3bba0000 - 0x00007ffb3bbe5000 	C:\Users\galax\AppData\Local\Temp\jna-79889305\jna6123257937328193859.dll
0x00007ffb65fa0000 - 0x00007ffb65fa8000 	C:\WINDOWS\System32\PSAPI.DLL

dbghelp: loaded successfully - version: 4.0.5 - missing functions: none
symbol engine: initialized successfully - sym options: 0x614 - pdb path: .;c:\Users\galax\.vscode\extensions\redhat.java-1.25.1-win32-x64\jre\17.0.9-win32-x86_64\bin;C:\WINDOWS\SYSTEM32;C:\WINDOWS\WinSxS\amd64_microsoft.windows.common-controls_6595b64144ccf1df_6.0.22621.2506_none_270c5ae97388e100;c:\Users\galax\.vscode\extensions\redhat.java-1.25.1-win32-x64\jre\17.0.9-win32-x86_64\bin\server;C:\Users\galax\AppData\Roaming\Code\User\globalStorage\redhat.java\1.25.1\config_ss_win\org.eclipse.equinox.launcher\org.eclipse.equinox.launcher.win32.win32.x86_64_1.2.800.v20231003-1442;C:\Users\galax\AppData\Local\Temp\jna-79889305

VM Arguments:
jvm_args: --add-modules=ALL-SYSTEM --add-opens=java.base/java.util=ALL-UNNAMED --add-opens=java.base/java.lang=ALL-UNNAMED --add-opens=java.base/sun.nio.fs=ALL-UNNAMED -Declipse.application=org.eclipse.jdt.ls.core.id1 -Dosgi.bundles.defaultStartLevel=4 -Declipse.product=org.eclipse.jdt.ls.core.product -Djava.import.generatesMetadataFilesAtProjectRoot=false -DDetectVMInstallationsJob.disabled=true -Dfile.encoding=utf8 -XX:+UseParallelGC -XX:GCTimeRatio=4 -XX:AdaptiveSizePolicyWeight=90 -Dsun.zip.disableMemoryMapping=true -Xmx1G -Xms100m -Xlog:disable -javaagent:c:\Users\galax\.vscode\extensions\redhat.java-1.25.1-win32-x64\lombok\lombok-1.18.30.jar 
java_command: c:\Users\galax\.vscode\extensions\redhat.java-1.25.1-win32-x64\server\plugins\org.eclipse.equinox.launcher_1.6.600.v20231106-1826.jar -configuration c:\Users\galax\AppData\Roaming\Code\User\globalStorage\redhat.java\1.25.1\config_ss_win -data c:\Users\galax\AppData\Roaming\Code\User\workspaceStorage\715939317411bacedd6cdfeea8c9b0d6\redhat.java\ss_ws --stdio
java_class_path (initial): c:\Users\galax\.vscode\extensions\redhat.java-1.25.1-win32-x64\server\plugins\org.eclipse.equinox.launcher_1.6.600.v20231106-1826.jar
Launcher Type: SUN_STANDARD

[Global flags]
    uintx AdaptiveSizePolicyWeight                 = 90                                        {product} {command line}
     intx CICompilerCount                          = 4                                         {product} {ergonomic}
    uintx GCTimeRatio                              = 4                                         {product} {command line}
   size_t InitialHeapSize                          = 104857600                                 {product} {command line}
   size_t MaxHeapSize                              = 1073741824                                {product} {command line}
   size_t MaxNewSize                               = 357564416                                 {product} {ergonomic}
   size_t MinHeapDeltaBytes                        = 524288                                    {product} {ergonomic}
   size_t MinHeapSize                              = 104857600                                 {product} {command line}
   size_t NewSize                                  = 34603008                                  {product} {ergonomic}
    uintx NonNMethodCodeHeapSize                   = 5839372                                {pd product} {ergonomic}
    uintx NonProfiledCodeHeapSize                  = 122909434                              {pd product} {ergonomic}
   size_t OldSize                                  = 70254592                                  {product} {ergonomic}
    uintx ProfiledCodeHeapSize                     = 122909434                              {pd product} {ergonomic}
    uintx ReservedCodeCacheSize                    = 251658240                              {pd product} {ergonomic}
     bool SegmentedCodeCache                       = true                                      {product} {ergonomic}
   size_t SoftMaxHeapSize                          = 1073741824                             {manageable} {ergonomic}
     bool UseCompressedClassPointers               = true                           {product lp64_product} {ergonomic}
     bool UseCompressedOops                        = true                           {product lp64_product} {ergonomic}
     bool UseLargePagesIndividualAllocation        = false                                  {pd product} {ergonomic}
     bool UseParallelGC                            = true                                      {product} {command line}

Logging:
Log output configuration:
 #0: stdout all=off uptime,level,tags
 #1: stderr all=off uptime,level,tags

Environment Variables:
JAVA_HOME=C:\Program Files\Eclipse Adoptium\jdk-21.0.1.12-hotspot\
PATH=C:\Program Files\Eclipse Adoptium\jdk-21.0.1.12-hotspot\bin;C:\Program Files\Common Files\Oracle\Java\javapath;C:\Program Files (x86)\Common Files\Oracle\Java\javapath;C:\Windows\system32;C:\Windows;C:\Windows\System32\Wbem;C:\Windows\System32\WindowsPowerShell\v1.0\;C:\Windows\System32\OpenSSH\;C:\Program Files (x86)\NVIDIA Corporation\PhysX\Common;C:\Program Files\NVIDIA Corporation\NVIDIA NvDLISR;C:\WINDOWS\system32;C:\WINDOWS;C:\WINDOWS\System32\Wbem;C:\WINDOWS\System32\WindowsPowerShell\v1.0\;C:\WINDOWS\System32\OpenSSH\;C:\Program Files\Microsoft VS Code\bin;C:\Users\galax\AppData\Roaming\nvm;C:\Program Files\nodejs;C:\Program Files\Graphviz\bin;C:\Program Files\Docker\Docker\resources\bin;C:\Program Files\GitHub CLI\;C:\Program Files\Git\cmd;C:\Users\galax\AppData\Local\Programs\Python\Python312\Scripts\;C:\Users\galax\AppData\Local\Programs\Python\Python312\;C:\Users\galax\.console-ninja\.bin;C:\Users\galax\AppData\Local\Microsoft\WindowsApps;C:\Users\galax\AppData\Local\Programs\oh-my-posh\bin;C:\Program Files\JetBrains\IntelliJ IDEA Community Edition 2023.2\bin;C:\Users\galax\AppData\Roaming\npm;C:\Users\galax\AppData\Local\Programs\mongosh\;C:\Users\galax\AppData\Local\GitHubDesktop\bin;C:\Users\galax\AppData\Roaming\nvm;C:\Program Files\nodejs;C:\Program Files\Java\jdk-1.8\bin;C:\Program Files\Git\bin;D:\whois;C:\Program Files\Java JDK\bin;
USERNAME=Singh
LANG=en_US.UTF-8
OS=Windows_NT
PROCESSOR_IDENTIFIER=AMD64 Family 25 Model 80 Stepping 0, AuthenticAMD
TMP=C:\Users\galax\AppData\Local\Temp
TEMP=C:\Users\galax\AppData\Local\Temp



Periodic native trim disabled


---------------  S Y S T E M  ---------------

OS:
 Windows 11 , 64 bit Build 22621 (10.0.22621.2506)
OS uptime: 0 days 2:48 hours
Hyper-V role detected

CPU: total 12 (initial active 12) (12 cores per cpu, 2 threads per core) family 25 model 80 stepping 0 microcode 0x0, cx8, cmov, fxsr, ht, mmx, 3dnowpref, sse, sse2, sse3, ssse3, sse4a, sse4.1, sse4.2, popcnt, lzcnt, tsc, tscinvbit, avx, avx2, aes, erms, clmul, bmi1, bmi2, adx, sha, fma, vzeroupper, clflush, clflushopt, hv
Processor Information for all 12 processors :
  Max Mhz: 3301, Current Mhz: 3301, Mhz Limit: 3301

Memory: 4k page, system-wide physical 15724M (4809M free)
TotalPageFile size 20724M (AvailPageFile size 4M)
current process WorkingSet (physical memory assigned to process): 211M, peak: 216M
current process commit charge ("private bytes"): 305M, peak: 309M

vm_info: OpenJDK 64-Bit Server VM (17.0.9+9) for windows-amd64 JRE (17.0.9+9), built on Oct 26 2023 14:01:42 by "admin" with MS VC++ 16.10 / 16.11 (VS2019)

END.
