#
# There is insufficient memory for the Java Runtime Environment to continue.
# Native memory allocation (malloc) failed to allocate 1097936 bytes for Chunk::new
# Possible reasons:
#   The system is out of physical RAM or swap space
#   The process is running with CompressedOops enabled, and the Java Heap may be blocking the growth of the native heap
# Possible solutions:
#   Reduce memory load on the system
#   Increase physical memory or swap space
#   Check if swap backing store is full
#   Decrease Java heap size (-Xmx/-Xms)
#   Decrease number of Java threads
#   Decrease Java thread stack sizes (-Xss)
#   Set larger code cache with -XX:ReservedCodeCacheSize=
#   JVM is running with Unscaled Compressed Oops mode in which the Java heap is
#     placed in the first 4GB address space. The Java Heap base address is the
#     maximum limit for the native heap growth. Please use -XX:HeapBaseMinAddress
#     to set the Java Heap base and to place the Java Heap above 4GB virtual address.
# This output file may be truncated or incomplete.
#
#  Out of Memory Error (arena.cpp:191), pid=20556, tid=3004
#
# JRE version: OpenJDK Runtime Environment Temurin-17.0.9+9 (17.0.9+9) (build 17.0.9+9)
# Java VM: OpenJDK 64-Bit Server VM Temurin-17.0.9+9 (17.0.9+9, mixed mode, tiered, compressed oops, compressed class ptrs, parallel gc, windows-amd64)
# No core dump will be written. Minidumps are not enabled by default on client versions of Windows
#

---------------  S U M M A R Y ------------

Command Line: --add-modules=ALL-SYSTEM --add-opens=java.base/java.util=ALL-UNNAMED --add-opens=java.base/java.lang=ALL-UNNAMED --add-opens=java.base/sun.nio.fs=ALL-UNNAMED -Declipse.application=org.eclipse.jdt.ls.core.id1 -Dosgi.bundles.defaultStartLevel=4 -Declipse.product=org.eclipse.jdt.ls.core.product -Djava.import.generatesMetadataFilesAtProjectRoot=false -DDetectVMInstallationsJob.disabled=true -Dfile.encoding=utf8 -XX:+UseParallelGC -XX:GCTimeRatio=4 -XX:AdaptiveSizePolicyWeight=90 -Dsun.zip.disableMemoryMapping=true -Xmx1G -Xms100m -Xlog:disable -javaagent:c:\Users\galax\.vscode\extensions\redhat.java-1.25.1-win32-x64\lombok\lombok-1.18.30.jar -XX:+HeapDumpOnOutOfMemoryError -XX:HeapDumpPath=c:\Users\galax\AppData\Roaming\Code\User\workspaceStorage\8c29da6f7f7cfdcc7f20302a94e11872\redhat.java -Daether.dependencyCollector.impl=bf c:\Users\galax\.vscode\extensions\redhat.java-1.25.1-win32-x64\server\plugins\org.eclipse.equinox.launcher_1.6.600.v20231106-1826.jar -configuration c:\Users\galax\AppData\Roaming\Code\User\globalStorage\redhat.java\1.25.1\config_win -data c:\Users\galax\AppData\Roaming\Code\User\workspaceStorage\8c29da6f7f7cfdcc7f20302a94e11872\redhat.java\jdt_ws --stdio

Host: AMD Ryzen 5 5600H with Radeon Graphics         , 12 cores, 15G,  Windows 11 , 64 bit Build 22621 (10.0.22621.2506)
Time: Wed Dec 13 12:30:51 2023 India Standard Time elapsed time: 17.531344 seconds (0d 0h 0m 17s)

---------------  T H R E A D  ---------------

Current thread (0x0000016677e6b020):  JavaThread "C2 CompilerThread2" daemon [_thread_in_native, id=3004, stack(0x0000006630800000,0x0000006630900000)]


Current CompileTask:
C2:  17531 4884   !   4       org.eclipse.osgi.internal.loader.BundleLoader::findRequiredSource (283 bytes)

Stack: [0x0000006630800000,0x0000006630900000]
Native frames: (J=compiled Java code, j=interpreted, Vv=VM code, C=native code)
V  [jvm.dll+0x67cf49]
V  [jvm.dll+0x83478a]
V  [jvm.dll+0x83624e]
V  [jvm.dll+0x8368b3]
V  [jvm.dll+0x247f1f]
V  [jvm.dll+0xac43c]
V  [jvm.dll+0xaca8c]
V  [jvm.dll+0x2af45f]
V  [jvm.dll+0x5853f7]
V  [jvm.dll+0x222f62]
V  [jvm.dll+0x22334f]
V  [jvm.dll+0x21c476]
V  [jvm.dll+0x2198c1]
V  [jvm.dll+0x1a57cd]
V  [jvm.dll+0x2297ae]
V  [jvm.dll+0x22797c]
V  [jvm.dll+0x7e9877]
V  [jvm.dll+0x7e3c3a]
V  [jvm.dll+0x67be35]
C  [ucrtbase.dll+0x29363]
C  [KERNEL32.DLL+0x1257d]
C  [ntdll.dll+0x5aa58]


---------------  P R O C E S S  ---------------

Threads class SMR info:
_java_thread_list=0x000001667940ecb0, length=30, elements={
0x000001665b9aa030, 0x000001666f831030, 0x000001666f833570, 0x000001666f83e200,
0x0000016674957000, 0x0000016674958430, 0x000001667495aed0, 0x0000016674965840,
0x0000016674966200, 0x000001667496f2e0, 0x0000016674a56780, 0x000001667610b440,
0x0000016676a24d10, 0x0000016676a361b0, 0x00000166769cc5b0, 0x000001667696b310,
0x0000016676551c20, 0x0000016676c1a210, 0x00000166766dc2b0, 0x00000166766de110,
0x00000166766deb30, 0x00000166771ba1a0, 0x00000166766de620, 0x00000166766df040,
0x00000166766df550, 0x00000166766dc7c0, 0x0000016677e6b020, 0x00000166766dbda0,
0x00000166766dccd0, 0x00000166766dd1e0
}

Java Threads: ( => current thread )
  0x000001665b9aa030 JavaThread "main" [_thread_blocked, id=15900, stack(0x000000662e000000,0x000000662e100000)]
  0x000001666f831030 JavaThread "Reference Handler" daemon [_thread_blocked, id=24260, stack(0x000000662e300000,0x000000662e400000)]
  0x000001666f833570 JavaThread "Finalizer" daemon [_thread_blocked, id=19852, stack(0x000000662e400000,0x000000662e500000)]
  0x000001666f83e200 JavaThread "Signal Dispatcher" daemon [_thread_blocked, id=19280, stack(0x000000662e500000,0x000000662e600000)]
  0x0000016674957000 JavaThread "Attach Listener" daemon [_thread_blocked, id=20416, stack(0x000000662e600000,0x000000662e700000)]
  0x0000016674958430 JavaThread "Service Thread" daemon [_thread_blocked, id=15740, stack(0x000000662e700000,0x000000662e800000)]
  0x000001667495aed0 JavaThread "Monitor Deflation Thread" daemon [_thread_blocked, id=1176, stack(0x000000662e800000,0x000000662e900000)]
  0x0000016674965840 JavaThread "C2 CompilerThread0" daemon [_thread_in_native, id=13948, stack(0x000000662e900000,0x000000662ea00000)]
  0x0000016674966200 JavaThread "C1 CompilerThread0" daemon [_thread_in_native, id=15896, stack(0x000000662ea00000,0x000000662eb00000)]
  0x000001667496f2e0 JavaThread "Sweeper thread" daemon [_thread_blocked, id=25512, stack(0x000000662eb00000,0x000000662ec00000)]
  0x0000016674a56780 JavaThread "Common-Cleaner" daemon [_thread_blocked, id=14412, stack(0x000000662ec00000,0x000000662ed00000)]
  0x000001667610b440 JavaThread "Notification Thread" daemon [_thread_blocked, id=20204, stack(0x000000662ed00000,0x000000662ee00000)]
  0x0000016676a24d10 JavaThread "Active Thread: Equinox Container: f6363c58-3097-4499-944d-854b4cca410a" [_thread_blocked, id=2744, stack(0x000000662f700000,0x000000662f800000)]
  0x0000016676a361b0 JavaThread "Framework Event Dispatcher: Equinox Container: f6363c58-3097-4499-944d-854b4cca410a" daemon [_thread_blocked, id=2236, stack(0x000000662f800000,0x000000662f900000)]
  0x00000166769cc5b0 JavaThread "Start Level: Equinox Container: f6363c58-3097-4499-944d-854b4cca410a" daemon [_thread_blocked, id=18644, stack(0x000000662f900000,0x000000662fa00000)]
  0x000001667696b310 JavaThread "Bundle File Closer" daemon [_thread_blocked, id=17248, stack(0x000000662fb00000,0x000000662fc00000)]
  0x0000016676551c20 JavaThread "SCR Component Actor" daemon [_thread_blocked, id=13696, stack(0x000000662fc00000,0x000000662fd00000)]
  0x0000016676c1a210 JavaThread "SCR Component Registry" daemon [_thread_blocked, id=20668, stack(0x000000662ff00000,0x0000006630000000)]
  0x00000166766dc2b0 JavaThread "Worker-JM" [_thread_blocked, id=18996, stack(0x0000006630000000,0x0000006630100000)]
  0x00000166766de110 JavaThread "Worker-0: Repository registry initialization" [_thread_in_native, id=19496, stack(0x0000006630100000,0x0000006630200000)]
  0x00000166766deb30 JavaThread "Worker-1: Updating Maven Dependencies" [_thread_in_native, id=25336, stack(0x0000006630200000,0x0000006630300000)]
  0x00000166771ba1a0 JavaThread "C2 CompilerThread1" daemon [_thread_in_native, id=19480, stack(0x0000006630300000,0x0000006630400000)]
  0x00000166766de620 JavaThread "Java indexing" daemon [_thread_blocked, id=16864, stack(0x0000006630400000,0x0000006630500000)]
  0x00000166766df040 JavaThread "Worker-2" [_thread_blocked, id=10068, stack(0x0000006630500000,0x0000006630600000)]
  0x00000166766df550 JavaThread "JNA Cleaner" daemon [_thread_blocked, id=18524, stack(0x0000006630600000,0x0000006630700000)]
  0x00000166766dc7c0 JavaThread "Worker-3" [_thread_blocked, id=15884, stack(0x0000006630700000,0x0000006630800000)]
=>0x0000016677e6b020 JavaThread "C2 CompilerThread2" daemon [_thread_in_native, id=3004, stack(0x0000006630800000,0x0000006630900000)]
  0x00000166766dbda0 JavaThread "pool-2-thread-1" [_thread_blocked, id=20740, stack(0x0000006630900000,0x0000006630a00000)]
  0x00000166766dccd0 JavaThread "WorkspaceEventsHandler" [_thread_blocked, id=1828, stack(0x0000006630a00000,0x0000006630b00000)]
  0x00000166766dd1e0 JavaThread "pool-1-thread-1" [_thread_blocked, id=18580, stack(0x0000006630b00000,0x0000006630c00000)]

Other Threads:
  0x0000016674932860 VMThread "VM Thread" [stack: 0x000000662e200000,0x000000662e300000] [id=19352]
  0x00000166760e8030 WatcherThread [stack: 0x000000662ee00000,0x000000662ef00000] [id=9864]
  0x000001665b9c1330 GCTaskThread "GC Thread#0" [stack: 0x000000662e100000,0x000000662e200000] [id=23344]
  0x0000016676905aa0 GCTaskThread "GC Thread#1" [stack: 0x000000662f100000,0x000000662f200000] [id=9628]
  0x0000016676795b40 GCTaskThread "GC Thread#2" [stack: 0x000000662f200000,0x000000662f300000] [id=19008]
  0x0000016676352ed0 GCTaskThread "GC Thread#3" [stack: 0x000000662f300000,0x000000662f400000] [id=24028]
  0x0000016676353190 GCTaskThread "GC Thread#4" [stack: 0x000000662f400000,0x000000662f500000] [id=4136]
  0x00000166769050e0 GCTaskThread "GC Thread#5" [stack: 0x000000662f500000,0x000000662f600000] [id=21156]
  0x00000166769053a0 GCTaskThread "GC Thread#6" [stack: 0x000000662f600000,0x000000662f700000] [id=7452]
  0x0000016676978a40 GCTaskThread "GC Thread#7" [stack: 0x000000662fa00000,0x000000662fb00000] [id=22144]
  0x0000016676254890 GCTaskThread "GC Thread#8" [stack: 0x000000662fd00000,0x000000662fe00000] [id=24236]
  0x0000016676254b50 GCTaskThread "GC Thread#9" [stack: 0x000000662fe00000,0x000000662ff00000] [id=9240]

Threads with active compile tasks:
C2 CompilerThread0    17572 5042       4       java.lang.String::concat (15 bytes)
C2 CompilerThread1    17572 5041       4       org.eclipse.osgi.internal.serviceregistry.ServiceRegistry::notifyHooksPrivileged (58 bytes)
C2 CompilerThread2    17572 4884   !   4       org.eclipse.osgi.internal.loader.BundleLoader::findRequiredSource (283 bytes)

VM state: not at safepoint (normal execution)

VM Mutex/Monitor currently owned by a thread: None

Heap address: 0x00000000c0000000, size: 1024 MB, Compressed Oops mode: 32-bit

CDS archive(s) not mapped
Compressed class space mapped at: 0x0000000100000000-0x0000000140000000, reserved size: 1073741824
Narrow klass base: 0x0000000000000000, Narrow klass shift: 3, Narrow klass range: 0x140000000

GC Precious Log:
 CPUs: 12 total, 12 available
 Memory: 15724M
 Large Page Support: Disabled
 NUMA Support: Disabled
 Compressed Oops: Enabled (32-bit)
 Alignments: Space 512K, Generation 512K, Heap 2M
 Heap Min Capacity: 100M
 Heap Initial Capacity: 100M
 Heap Max Capacity: 1G
 Pre-touch: Disabled
 Parallel Workers: 10

Heap:
 PSYoungGen      total 23552K, used 22853K [0x00000000eab00000, 0x00000000ec380000, 0x0000000100000000)
  eden space 22016K, 98% used [0x00000000eab00000,0x00000000ec041668,0x00000000ec080000)
  from space 1536K, 70% used [0x00000000ec080000,0x00000000ec190000,0x00000000ec200000)
  to   space 1536K, 0% used [0x00000000ec200000,0x00000000ec200000,0x00000000ec380000)
 ParOldGen       total 68608K, used 15772K [0x00000000c0000000, 0x00000000c4300000, 0x00000000eab00000)
  object space 68608K, 22% used [0x00000000c0000000,0x00000000c0f67258,0x00000000c4300000)
 Metaspace       used 47947K, committed 48832K, reserved 1114112K
  class space    used 5156K, committed 5504K, reserved 1048576K

Card table byte_map: [0x000001665b340000,0x000001665b550000] _byte_map_base: 0x000001665ad40000

Marking Bits: (ParMarkBitMap*) 0x00007ffb0700d0b0
 Begin Bits: [0x000001666d640000, 0x000001666e640000)
 End Bits:   [0x000001666e640000, 0x000001666f640000)

Polling page: 0x0000016659920000

Metaspace:

Usage:
  Non-class:     41.79 MB used.
      Class:      5.04 MB used.
       Both:     46.83 MB used.

Virtual space:
  Non-class space:       64.00 MB reserved,      42.31 MB ( 66%) committed,  1 nodes.
      Class space:        1.00 GB reserved,       5.38 MB ( <1%) committed,  1 nodes.
             Both:        1.06 GB reserved,      47.69 MB (  4%) committed. 

Chunk freelists:
   Non-Class:  5.73 MB
       Class:  10.50 MB
        Both:  16.23 MB

MaxMetaspaceSize: unlimited
CompressedClassSpaceSize: 1.00 GB
Initial GC threshold: 21.00 MB
Current GC threshold: 58.38 MB
CDS: off
MetaspaceReclaimPolicy: balanced
 - commit_granule_bytes: 65536.
 - commit_granule_words: 8192.
 - virtual_space_node_default_size: 8388608.
 - enlarge_chunks_in_place: 1.
 - new_chunks_are_fully_committed: 0.
 - uncommit_free_chunks: 1.
 - use_allocation_guard: 0.
 - handle_deallocations: 1.


Internal statistics:

num_allocs_failed_limit: 6.
num_arena_births: 432.
num_arena_deaths: 14.
num_vsnodes_births: 2.
num_vsnodes_deaths: 0.
num_space_committed: 763.
num_space_uncommitted: 0.
num_chunks_returned_to_freelist: 20.
num_chunks_taken_from_freelist: 2149.
num_chunk_merges: 10.
num_chunk_splits: 1367.
num_chunks_enlarged: 853.
num_inconsistent_stats: 0.

CodeHeap 'non-profiled nmethods': size=120000Kb used=2500Kb max_used=2500Kb free=117499Kb
 bounds [0x0000016666110000, 0x0000016666390000, 0x000001666d640000]
CodeHeap 'profiled nmethods': size=120000Kb used=10606Kb max_used=10606Kb free=109393Kb
 bounds [0x000001665e640000, 0x000001665f0a0000, 0x0000016665b70000]
CodeHeap 'non-nmethods': size=5760Kb used=1273Kb max_used=1342Kb free=4486Kb
 bounds [0x0000016665b70000, 0x0000016665de0000, 0x0000016666110000]
 total_blobs=5653 nmethods=5054 adapters=512
 compilation: enabled
              stopped_count=0, restarted_count=0
 full_count=0

Compilation events (20 events):
Event: 17.518 Thread 0x0000016674966200 nmethod 5030 0x000001665f07c690 code [0x000001665f07c8c0, 0x000001665f07d2a8]
Event: 17.518 Thread 0x0000016674966200 5032       3       org.eclipse.sisu.inject.InjectorBindings::publishWildcardMatches (81 bytes)
Event: 17.518 Thread 0x0000016674966200 nmethod 5032 0x000001665f07d710 code [0x000001665f07d960, 0x000001665f07e278]
Event: 17.518 Thread 0x0000016674966200 5033       3       com.google.inject.internal.ConstructionContext::removeCurrentReference (6 bytes)
Event: 17.518 Thread 0x0000016674966200 nmethod 5033 0x000001665f07e690 code [0x000001665f07e820, 0x000001665f07e938]
Event: 17.519 Thread 0x0000016674966200 5034       3       com.google.inject.internal.asm.$MethodWriter::visitLdcInsn (215 bytes)
Event: 17.520 Thread 0x0000016674966200 nmethod 5034 0x000001665f07ea10 code [0x000001665f07ec80, 0x000001665f07f808]
Event: 17.520 Thread 0x0000016674966200 5035       3       com.google.common.collect.MapMakerInternalMap::hash (14 bytes)
Event: 17.520 Thread 0x0000016674966200 nmethod 5035 0x000001665f07fc90 code [0x000001665f07fe40, 0x000001665f0800d8]
Event: 17.520 Thread 0x0000016674966200 5036       3       com.google.common.collect.MapMakerInternalMap::rehash (49 bytes)
Event: 17.520 Thread 0x0000016674966200 nmethod 5036 0x000001665f080210 code [0x000001665f0803a0, 0x000001665f0804d8]
Event: 17.521 Thread 0x0000016674966200 5037       3       java.util.LinkedList::<init> (11 bytes)
Event: 17.521 Thread 0x0000016674966200 nmethod 5037 0x000001665f080590 code [0x000001665f080760, 0x000001665f080b08]
Event: 17.521 Thread 0x0000016674966200 5038   !   3       org.eclipse.osgi.storage.bundlefile.CloseableBundleFile::lockOpen (113 bytes)
Event: 17.522 Thread 0x0000016674966200 nmethod 5038 0x000001665f080c90 code [0x000001665f080f40, 0x000001665f082198]
Event: 17.523 Thread 0x0000016674965840 5039   !   4       org.eclipse.osgi.internal.serviceregistry.ServiceRegistry::lookupServiceRegistrations (214 bytes)
Event: 17.523 Thread 0x0000016674966200 5040       3       java.util.concurrent.locks.ReentrantReadWriteLock$Sync::tryReleaseShared (146 bytes)
Event: 17.524 Thread 0x0000016674966200 nmethod 5040 0x000001665f082810 code [0x000001665f082a40, 0x000001665f083438]
Event: 17.526 Thread 0x00000166771ba1a0 5041       4       org.eclipse.osgi.internal.serviceregistry.ServiceRegistry::notifyHooksPrivileged (58 bytes)
Event: 17.529 Thread 0x0000016674966200 5043   !   3       org.eclipse.osgi.internal.loader.classpath.ClasspathManager::findClassImpl (308 bytes)

GC Heap History (20 events):
Event: 14.485 GC heap before
{Heap before GC invocations=6 (full 1):
 PSYoungGen      total 29696K, used 25600K [0x00000000eab00000, 0x00000000ecc00000, 0x0000000100000000)
  eden space 25600K, 100% used [0x00000000eab00000,0x00000000ec400000,0x00000000ec400000)
  from space 4096K, 0% used [0x00000000ec800000,0x00000000ec800000,0x00000000ecc00000)
  to   space 4096K, 0% used [0x00000000ec400000,0x00000000ec400000,0x00000000ec800000)
 ParOldGen       total 68608K, used 10272K [0x00000000c0000000, 0x00000000c4300000, 0x00000000eab00000)
  object space 68608K, 14% used [0x00000000c0000000,0x00000000c0a080c8,0x00000000c4300000)
 Metaspace       used 24361K, committed 24896K, reserved 1114112K
  class space    used 2487K, committed 2688K, reserved 1048576K
}
Event: 14.487 GC heap after
{Heap after GC invocations=6 (full 1):
 PSYoungGen      total 26624K, used 1317K [0x00000000eab00000, 0x00000000ec980000, 0x0000000100000000)
  eden space 25088K, 0% used [0x00000000eab00000,0x00000000eab00000,0x00000000ec380000)
  from space 1536K, 85% used [0x00000000ec400000,0x00000000ec5496c8,0x00000000ec580000)
  to   space 3072K, 0% used [0x00000000ec680000,0x00000000ec680000,0x00000000ec980000)
 ParOldGen       total 68608K, used 10280K [0x00000000c0000000, 0x00000000c4300000, 0x00000000eab00000)
  object space 68608K, 14% used [0x00000000c0000000,0x00000000c0a0a0c8,0x00000000c4300000)
 Metaspace       used 24361K, committed 24896K, reserved 1114112K
  class space    used 2487K, committed 2688K, reserved 1048576K
}
Event: 14.833 GC heap before
{Heap before GC invocations=7 (full 1):
 PSYoungGen      total 26624K, used 26405K [0x00000000eab00000, 0x00000000ec980000, 0x0000000100000000)
  eden space 25088K, 100% used [0x00000000eab00000,0x00000000ec380000,0x00000000ec380000)
  from space 1536K, 85% used [0x00000000ec400000,0x00000000ec5496c8,0x00000000ec580000)
  to   space 3072K, 0% used [0x00000000ec680000,0x00000000ec680000,0x00000000ec980000)
 ParOldGen       total 68608K, used 10280K [0x00000000c0000000, 0x00000000c4300000, 0x00000000eab00000)
  object space 68608K, 14% used [0x00000000c0000000,0x00000000c0a0a0c8,0x00000000c4300000)
 Metaspace       used 27274K, committed 27904K, reserved 1114112K
  class space    used 2789K, committed 3072K, reserved 1048576K
}
Event: 14.835 GC heap after
{Heap after GC invocations=7 (full 1):
 PSYoungGen      total 25600K, used 3045K [0x00000000eab00000, 0x00000000ece00000, 0x0000000100000000)
  eden space 22528K, 0% used [0x00000000eab00000,0x00000000eab00000,0x00000000ec100000)
  from space 3072K, 99% used [0x00000000ec680000,0x00000000ec9796f0,0x00000000ec980000)
  to   space 5632K, 0% used [0x00000000ec100000,0x00000000ec100000,0x00000000ec680000)
 ParOldGen       total 68608K, used 11799K [0x00000000c0000000, 0x00000000c4300000, 0x00000000eab00000)
  object space 68608K, 17% used [0x00000000c0000000,0x00000000c0b85e38,0x00000000c4300000)
 Metaspace       used 27274K, committed 27904K, reserved 1114112K
  class space    used 2789K, committed 3072K, reserved 1048576K
}
Event: 15.059 GC heap before
{Heap before GC invocations=8 (full 1):
 PSYoungGen      total 25600K, used 25573K [0x00000000eab00000, 0x00000000ece00000, 0x0000000100000000)
  eden space 22528K, 100% used [0x00000000eab00000,0x00000000ec100000,0x00000000ec100000)
  from space 3072K, 99% used [0x00000000ec680000,0x00000000ec9796f0,0x00000000ec980000)
  to   space 5632K, 0% used [0x00000000ec100000,0x00000000ec100000,0x00000000ec680000)
 ParOldGen       total 68608K, used 11799K [0x00000000c0000000, 0x00000000c4300000, 0x00000000eab00000)
  object space 68608K, 17% used [0x00000000c0000000,0x00000000c0b85e38,0x00000000c4300000)
 Metaspace       used 30218K, committed 30848K, reserved 1114112K
  class space    used 2991K, committed 3264K, reserved 1048576K
}
Event: 15.061 GC heap after
{Heap after GC invocations=8 (full 1):
 PSYoungGen      total 25600K, used 3310K [0x00000000eab00000, 0x00000000ec880000, 0x0000000100000000)
  eden space 22016K, 0% used [0x00000000eab00000,0x00000000eab00000,0x00000000ec080000)
  from space 3584K, 92% used [0x00000000ec100000,0x00000000ec43b950,0x00000000ec480000)
  to   space 4096K, 0% used [0x00000000ec480000,0x00000000ec480000,0x00000000ec880000)
 ParOldGen       total 68608K, used 11807K [0x00000000c0000000, 0x00000000c4300000, 0x00000000eab00000)
  object space 68608K, 17% used [0x00000000c0000000,0x00000000c0b87e38,0x00000000c4300000)
 Metaspace       used 30218K, committed 30848K, reserved 1114112K
  class space    used 2991K, committed 3264K, reserved 1048576K
}
Event: 15.257 GC heap before
{Heap before GC invocations=9 (full 1):
 PSYoungGen      total 25600K, used 25326K [0x00000000eab00000, 0x00000000ec880000, 0x0000000100000000)
  eden space 22016K, 100% used [0x00000000eab00000,0x00000000ec080000,0x00000000ec080000)
  from space 3584K, 92% used [0x00000000ec100000,0x00000000ec43b950,0x00000000ec480000)
  to   space 4096K, 0% used [0x00000000ec480000,0x00000000ec480000,0x00000000ec880000)
 ParOldGen       total 68608K, used 11807K [0x00000000c0000000, 0x00000000c4300000, 0x00000000eab00000)
  object space 68608K, 17% used [0x00000000c0000000,0x00000000c0b87e38,0x00000000c4300000)
 Metaspace       used 32279K, committed 33024K, reserved 1114112K
  class space    used 3155K, committed 3456K, reserved 1048576K
}
Event: 15.259 GC heap after
{Heap after GC invocations=9 (full 1):
 PSYoungGen      total 25600K, used 3508K [0x00000000eab00000, 0x00000000ec800000, 0x0000000100000000)
  eden space 22016K, 0% used [0x00000000eab00000,0x00000000eab00000,0x00000000ec080000)
  from space 3584K, 97% used [0x00000000ec480000,0x00000000ec7ed2b0,0x00000000ec800000)
  to   space 3584K, 0% used [0x00000000ec100000,0x00000000ec100000,0x00000000ec480000)
 ParOldGen       total 68608K, used 11815K [0x00000000c0000000, 0x00000000c4300000, 0x00000000eab00000)
  object space 68608K, 17% used [0x00000000c0000000,0x00000000c0b89e38,0x00000000c4300000)
 Metaspace       used 32279K, committed 33024K, reserved 1114112K
  class space    used 3155K, committed 3456K, reserved 1048576K
}
Event: 15.841 GC heap before
{Heap before GC invocations=10 (full 1):
 PSYoungGen      total 25600K, used 20297K [0x00000000eab00000, 0x00000000ec800000, 0x0000000100000000)
  eden space 22016K, 76% used [0x00000000eab00000,0x00000000ebb65378,0x00000000ec080000)
  from space 3584K, 97% used [0x00000000ec480000,0x00000000ec7ed2b0,0x00000000ec800000)
  to   space 3584K, 0% used [0x00000000ec100000,0x00000000ec100000,0x00000000ec480000)
 ParOldGen       total 68608K, used 11815K [0x00000000c0000000, 0x00000000c4300000, 0x00000000eab00000)
  object space 68608K, 17% used [0x00000000c0000000,0x00000000c0b89e38,0x00000000c4300000)
 Metaspace       used 35008K, committed 35840K, reserved 1114112K
  class space    used 3482K, committed 3840K, reserved 1048576K
}
Event: 15.844 GC heap after
{Heap after GC invocations=10 (full 1):
 PSYoungGen      total 24064K, used 1684K [0x00000000eab00000, 0x00000000ec580000, 0x0000000100000000)
  eden space 22016K, 0% used [0x00000000eab00000,0x00000000eab00000,0x00000000ec080000)
  from space 2048K, 82% used [0x00000000ec100000,0x00000000ec2a5020,0x00000000ec300000)
  to   space 2560K, 0% used [0x00000000ec300000,0x00000000ec300000,0x00000000ec580000)
 ParOldGen       total 68608K, used 14539K [0x00000000c0000000, 0x00000000c4300000, 0x00000000eab00000)
  object space 68608K, 21% used [0x00000000c0000000,0x00000000c0e32dd8,0x00000000c4300000)
 Metaspace       used 35008K, committed 35840K, reserved 1114112K
  class space    used 3482K, committed 3840K, reserved 1048576K
}
Event: 15.844 GC heap before
{Heap before GC invocations=11 (full 2):
 PSYoungGen      total 24064K, used 1684K [0x00000000eab00000, 0x00000000ec580000, 0x0000000100000000)
  eden space 22016K, 0% used [0x00000000eab00000,0x00000000eab00000,0x00000000ec080000)
  from space 2048K, 82% used [0x00000000ec100000,0x00000000ec2a5020,0x00000000ec300000)
  to   space 2560K, 0% used [0x00000000ec300000,0x00000000ec300000,0x00000000ec580000)
 ParOldGen       total 68608K, used 14539K [0x00000000c0000000, 0x00000000c4300000, 0x00000000eab00000)
  object space 68608K, 21% used [0x00000000c0000000,0x00000000c0e32dd8,0x00000000c4300000)
 Metaspace       used 35008K, committed 35840K, reserved 1114112K
  class space    used 3482K, committed 3840K, reserved 1048576K
}
Event: 15.871 GC heap after
{Heap after GC invocations=11 (full 2):
 PSYoungGen      total 24064K, used 0K [0x00000000eab00000, 0x00000000ec580000, 0x0000000100000000)
  eden space 22016K, 0% used [0x00000000eab00000,0x00000000eab00000,0x00000000ec080000)
  from space 2048K, 0% used [0x00000000ec100000,0x00000000ec100000,0x00000000ec300000)
  to   space 2560K, 0% used [0x00000000ec300000,0x00000000ec300000,0x00000000ec580000)
 ParOldGen       total 68608K, used 13191K [0x00000000c0000000, 0x00000000c4300000, 0x00000000eab00000)
  object space 68608K, 19% used [0x00000000c0000000,0x00000000c0ce1fb0,0x00000000c4300000)
 Metaspace       used 35008K, committed 35840K, reserved 1114112K
  class space    used 3482K, committed 3840K, reserved 1048576K
}
Event: 16.114 GC heap before
{Heap before GC invocations=12 (full 2):
 PSYoungGen      total 24064K, used 22012K [0x00000000eab00000, 0x00000000ec580000, 0x0000000100000000)
  eden space 22016K, 99% used [0x00000000eab00000,0x00000000ec07f168,0x00000000ec080000)
  from space 2048K, 0% used [0x00000000ec100000,0x00000000ec100000,0x00000000ec300000)
  to   space 2560K, 0% used [0x00000000ec300000,0x00000000ec300000,0x00000000ec580000)
 ParOldGen       total 68608K, used 13191K [0x00000000c0000000, 0x00000000c4300000, 0x00000000eab00000)
  object space 68608K, 19% used [0x00000000c0000000,0x00000000c0ce1fb0,0x00000000c4300000)
 Metaspace       used 38428K, committed 39360K, reserved 1114112K
  class space    used 3902K, committed 4288K, reserved 1048576K
}
Event: 16.116 GC heap after
{Heap after GC invocations=12 (full 2):
 PSYoungGen      total 23552K, used 1342K [0x00000000eab00000, 0x00000000ec480000, 0x0000000100000000)
  eden space 22016K, 0% used [0x00000000eab00000,0x00000000eab00000,0x00000000ec080000)
  from space 1536K, 87% used [0x00000000ec300000,0x00000000ec44fb60,0x00000000ec480000)
  to   space 2048K, 0% used [0x00000000ec080000,0x00000000ec080000,0x00000000ec280000)
 ParOldGen       total 68608K, used 13199K [0x00000000c0000000, 0x00000000c4300000, 0x00000000eab00000)
  object space 68608K, 19% used [0x00000000c0000000,0x00000000c0ce3fb0,0x00000000c4300000)
 Metaspace       used 38428K, committed 39360K, reserved 1114112K
  class space    used 3902K, committed 4288K, reserved 1048576K
}
Event: 16.251 GC heap before
{Heap before GC invocations=13 (full 2):
 PSYoungGen      total 23552K, used 23358K [0x00000000eab00000, 0x00000000ec480000, 0x0000000100000000)
  eden space 22016K, 100% used [0x00000000eab00000,0x00000000ec080000,0x00000000ec080000)
  from space 1536K, 87% used [0x00000000ec300000,0x00000000ec44fb60,0x00000000ec480000)
  to   space 2048K, 0% used [0x00000000ec080000,0x00000000ec080000,0x00000000ec280000)
 ParOldGen       total 68608K, used 13199K [0x00000000c0000000, 0x00000000c4300000, 0x00000000eab00000)
  object space 68608K, 19% used [0x00000000c0000000,0x00000000c0ce3fb0,0x00000000c4300000)
 Metaspace       used 40285K, committed 41152K, reserved 1114112K
  class space    used 4157K, committed 4544K, reserved 1048576K
}
Event: 16.252 GC heap after
{Heap after GC invocations=13 (full 2):
 PSYoungGen      total 23040K, used 789K [0x00000000eab00000, 0x00000000ec380000, 0x0000000100000000)
  eden space 22016K, 0% used [0x00000000eab00000,0x00000000eab00000,0x00000000ec080000)
  from space 1024K, 77% used [0x00000000ec080000,0x00000000ec145438,0x00000000ec180000)
  to   space 1536K, 0% used [0x00000000ec200000,0x00000000ec200000,0x00000000ec380000)
 ParOldGen       total 68608K, used 14363K [0x00000000c0000000, 0x00000000c4300000, 0x00000000eab00000)
  object space 68608K, 20% used [0x00000000c0000000,0x00000000c0e06d28,0x00000000c4300000)
 Metaspace       used 40285K, committed 41152K, reserved 1114112K
  class space    used 4157K, committed 4544K, reserved 1048576K
}
Event: 16.482 GC heap before
{Heap before GC invocations=14 (full 2):
 PSYoungGen      total 23040K, used 22805K [0x00000000eab00000, 0x00000000ec380000, 0x0000000100000000)
  eden space 22016K, 100% used [0x00000000eab00000,0x00000000ec080000,0x00000000ec080000)
  from space 1024K, 77% used [0x00000000ec080000,0x00000000ec145438,0x00000000ec180000)
  to   space 1536K, 0% used [0x00000000ec200000,0x00000000ec200000,0x00000000ec380000)
 ParOldGen       total 68608K, used 14363K [0x00000000c0000000, 0x00000000c4300000, 0x00000000eab00000)
  object space 68608K, 20% used [0x00000000c0000000,0x00000000c0e06d28,0x00000000c4300000)
 Metaspace       used 42643K, committed 43520K, reserved 1114112K
  class space    used 4472K, committed 4864K, reserved 1048576K
}
Event: 16.484 GC heap after
{Heap after GC invocations=14 (full 2):
 PSYoungGen      total 23552K, used 992K [0x00000000eab00000, 0x00000000ec380000, 0x0000000100000000)
  eden space 22016K, 0% used [0x00000000eab00000,0x00000000eab00000,0x00000000ec080000)
  from space 1536K, 64% used [0x00000000ec200000,0x00000000ec2f8000,0x00000000ec380000)
  to   space 1536K, 0% used [0x00000000ec080000,0x00000000ec080000,0x00000000ec200000)
 ParOldGen       total 68608K, used 14931K [0x00000000c0000000, 0x00000000c4300000, 0x00000000eab00000)
  object space 68608K, 21% used [0x00000000c0000000,0x00000000c0e94d28,0x00000000c4300000)
 Metaspace       used 42643K, committed 43520K, reserved 1114112K
  class space    used 4472K, committed 4864K, reserved 1048576K
}
Event: 16.903 GC heap before
{Heap before GC invocations=15 (full 2):
 PSYoungGen      total 23552K, used 23008K [0x00000000eab00000, 0x00000000ec380000, 0x0000000100000000)
  eden space 22016K, 100% used [0x00000000eab00000,0x00000000ec080000,0x00000000ec080000)
  from space 1536K, 64% used [0x00000000ec200000,0x00000000ec2f8000,0x00000000ec380000)
  to   space 1536K, 0% used [0x00000000ec080000,0x00000000ec080000,0x00000000ec200000)
 ParOldGen       total 68608K, used 14931K [0x00000000c0000000, 0x00000000c4300000, 0x00000000eab00000)
  object space 68608K, 21% used [0x00000000c0000000,0x00000000c0e94d28,0x00000000c4300000)
 Metaspace       used 45255K, committed 46144K, reserved 1114112K
  class space    used 4808K, committed 5184K, reserved 1048576K
}
Event: 16.904 GC heap after
{Heap after GC invocations=15 (full 2):
 PSYoungGen      total 23552K, used 1088K [0x00000000eab00000, 0x00000000ec380000, 0x0000000100000000)
  eden space 22016K, 0% used [0x00000000eab00000,0x00000000eab00000,0x00000000ec080000)
  from space 1536K, 70% used [0x00000000ec080000,0x00000000ec190000,0x00000000ec200000)
  to   space 1536K, 0% used [0x00000000ec200000,0x00000000ec200000,0x00000000ec380000)
 ParOldGen       total 68608K, used 15772K [0x00000000c0000000, 0x00000000c4300000, 0x00000000eab00000)
  object space 68608K, 22% used [0x00000000c0000000,0x00000000c0f67258,0x00000000c4300000)
 Metaspace       used 45255K, committed 46144K, reserved 1114112K
  class space    used 4808K, committed 5184K, reserved 1048576K
}

Dll operation events (10 events):
Event: 0.008 Loaded shared library c:\Users\galax\.vscode\extensions\redhat.java-1.25.1-win32-x64\jre\17.0.9-win32-x86_64\bin\java.dll
Event: 0.111 Loaded shared library c:\Users\galax\.vscode\extensions\redhat.java-1.25.1-win32-x64\jre\17.0.9-win32-x86_64\bin\zip.dll
Event: 0.113 Loaded shared library C:\Users\galax\.vscode\extensions\redhat.java-1.25.1-win32-x64\jre\17.0.9-win32-x86_64\bin\instrument.dll
Event: 0.124 Loaded shared library C:\Users\galax\.vscode\extensions\redhat.java-1.25.1-win32-x64\jre\17.0.9-win32-x86_64\bin\net.dll
Event: 0.127 Loaded shared library C:\Users\galax\.vscode\extensions\redhat.java-1.25.1-win32-x64\jre\17.0.9-win32-x86_64\bin\nio.dll
Event: 0.134 Loaded shared library C:\Users\galax\.vscode\extensions\redhat.java-1.25.1-win32-x64\jre\17.0.9-win32-x86_64\bin\zip.dll
Event: 0.148 Loaded shared library C:\Users\galax\.vscode\extensions\redhat.java-1.25.1-win32-x64\jre\17.0.9-win32-x86_64\bin\jimage.dll
Event: 0.218 Loaded shared library c:\Users\galax\.vscode\extensions\redhat.java-1.25.1-win32-x64\jre\17.0.9-win32-x86_64\bin\verify.dll
Event: 4.692 Loaded shared library C:\Users\galax\AppData\Roaming\Code\User\globalStorage\redhat.java\1.25.1\config_win\org.eclipse.equinox.launcher\org.eclipse.equinox.launcher.win32.win32.x86_64_1.2.800.v20231003-1442\eclipse_11802.dll
Event: 15.893 Loaded shared library C:\Users\galax\AppData\Local\Temp\jna-79889305\jna15179767057944788907.dll

Deoptimization events (20 events):
Event: 17.474 Thread 0x00000166766deb30 Uncommon trap: trap_request=0xffffff45 fr.pc=0x0000016666274048 relative=0x0000000000000208
Event: 17.474 Thread 0x00000166766deb30 Uncommon trap: reason=unstable_if action=reinterpret pc=0x0000016666274048 method=java.util.concurrent.locks.ReentrantReadWriteLock$Sync.tryAcquireShared(I)I @ 55 c2
Event: 17.474 Thread 0x00000166766deb30 DEOPT PACKING pc=0x0000016666274048 sp=0x00000066302fdf70
Event: 17.474 Thread 0x00000166766deb30 DEOPT UNPACKING pc=0x0000016665bc66a3 sp=0x00000066302fdf00 mode 2
Event: 17.475 Thread 0x00000166766de110 Uncommon trap: trap_request=0xffffff45 fr.pc=0x00000166662d8bd4 relative=0x0000000000000194
Event: 17.475 Thread 0x00000166766de110 Uncommon trap: reason=unstable_if action=reinterpret pc=0x00000166662d8bd4 method=java.util.concurrent.locks.ReentrantReadWriteLock$Sync.tryReleaseShared(I)Z @ 129 c2
Event: 17.475 Thread 0x00000166766de110 DEOPT PACKING pc=0x00000166662d8bd4 sp=0x00000066301fe2f0
Event: 17.475 Thread 0x00000166766de110 DEOPT UNPACKING pc=0x0000016665bc66a3 sp=0x00000066301fe268 mode 2
Event: 17.514 Thread 0x00000166766de110 Uncommon trap: trap_request=0xffffff45 fr.pc=0x000001666637ac30 relative=0x00000000000004f0
Event: 17.514 Thread 0x00000166766de110 Uncommon trap: reason=unstable_if action=reinterpret pc=0x000001666637ac30 method=org.eclipse.sisu.inject.InjectorBindings.isAssignableFrom(Lcom/google/inject/TypeLiteral;Lcom/google/inject/Binding;)Z @ 14 c2
Event: 17.514 Thread 0x00000166766de110 DEOPT PACKING pc=0x000001666637ac30 sp=0x00000066301fdbc0
Event: 17.514 Thread 0x00000166766de110 DEOPT UNPACKING pc=0x0000016665bc66a3 sp=0x00000066301fdb70 mode 2
Event: 17.521 Thread 0x00000166766de110 Uncommon trap: trap_request=0xffffff45 fr.pc=0x000001666624cac8 relative=0x0000000000000428
Event: 17.521 Thread 0x00000166766de110 Uncommon trap: reason=unstable_if action=reinterpret pc=0x000001666624cac8 method=java.util.concurrent.locks.ReentrantLock$Sync.lock()V @ 4 c2
Event: 17.521 Thread 0x00000166766de110 DEOPT PACKING pc=0x000001666624cac8 sp=0x00000066301fdd50
Event: 17.521 Thread 0x00000166766de110 DEOPT UNPACKING pc=0x0000016665bc66a3 sp=0x00000066301fdc50 mode 2
Event: 17.526 Thread 0x00000166766de110 Uncommon trap: trap_request=0xffffff45 fr.pc=0x00000166662ec6dc relative=0x0000000000006afc
Event: 17.526 Thread 0x00000166766de110 Uncommon trap: reason=unstable_if action=reinterpret pc=0x00000166662ec6dc method=java.util.concurrent.locks.ReentrantLock$Sync.lock()V @ 4 c2
Event: 17.526 Thread 0x00000166766de110 DEOPT PACKING pc=0x00000166662ec6dc sp=0x00000066301fe250
Event: 17.526 Thread 0x00000166766de110 DEOPT UNPACKING pc=0x0000016665bc66a3 sp=0x00000066301fe058 mode 2

Classes unloaded (7 events):
Event: 13.948 Thread 0x0000016674932860 Unloading class 0x0000000100254000 'java/lang/invoke/LambdaForm$MH+0x0000000100254000'
Event: 13.948 Thread 0x0000016674932860 Unloading class 0x0000000100253c00 'java/lang/invoke/LambdaForm$MH+0x0000000100253c00'
Event: 13.948 Thread 0x0000016674932860 Unloading class 0x0000000100253800 'java/lang/invoke/LambdaForm$MH+0x0000000100253800'
Event: 13.948 Thread 0x0000016674932860 Unloading class 0x0000000100253400 'java/lang/invoke/LambdaForm$MH+0x0000000100253400'
Event: 13.948 Thread 0x0000016674932860 Unloading class 0x0000000100253000 'java/lang/invoke/LambdaForm$BMH+0x0000000100253000'
Event: 13.948 Thread 0x0000016674932860 Unloading class 0x0000000100252c00 'java/lang/invoke/LambdaForm$DMH+0x0000000100252c00'
Event: 13.948 Thread 0x0000016674932860 Unloading class 0x0000000100250000 'java/lang/invoke/LambdaForm$DMH+0x0000000100250000'

Classes redefined (0 events):
No events

Internal exceptions (20 events):
Event: 15.956 Thread 0x00000166769cc5b0 Exception <a 'java/lang/UnsatisfiedLinkError'{0x00000000eb17e970}: The specified procedure could not be found.
> (0x00000000eb17e970) 
thrown [s\src\hotspot\share\prims\jni.cpp, line 535]
Event: 15.975 Thread 0x00000166769cc5b0 Exception <a 'java/io/FileNotFoundException'{0x00000000eb1a40c8}> (0x00000000eb1a40c8) 
thrown [s\src\hotspot\share\prims\jni.cpp, line 516]
Event: 15.994 Thread 0x00000166769cc5b0 Exception <a 'java/io/FileNotFoundException'{0x00000000eb3a6458}> (0x00000000eb3a6458) 
thrown [s\src\hotspot\share\prims\jni.cpp, line 516]
Event: 16.000 Thread 0x00000166766deb30 Exception <a 'java/lang/NoSuchMethodError'{0x00000000eb4ada60}: 'int java.lang.invoke.DirectMethodHandle$Holder.invokeSpecialIFC(java.lang.Object, java.lang.Object, java.lang.Object, java.lang.Object, java.lang.Object)'> (0x00000000eb4ada60) 
thrown [s\src\hotspot\share\interpreter\linkResolver.cpp, line 759]
Event: 16.007 Thread 0x00000166769cc5b0 Exception <a 'java/lang/UnsatisfiedLinkError'{0x00000000eb487d08}: The specified procedure could not be found.
> (0x00000000eb487d08) 
thrown [s\src\hotspot\share\prims\jni.cpp, line 535]
Event: 16.024 Thread 0x000001665b9aa030 Exception <a 'sun/nio/fs/WindowsException'{0x00000000eb6b9918}> (0x00000000eb6b9918) 
thrown [s\src\hotspot\share\prims\jni.cpp, line 516]
Event: 16.122 Thread 0x000001665b9aa030 Exception <a 'java/lang/NoSuchMethodError'{0x00000000eab8ebf0}: 'java.lang.Object java.lang.invoke.DirectMethodHandle$Holder.invokeStatic(java.lang.Object, java.lang.Object, long, java.lang.Object)'> (0x00000000eab8ebf0) 
thrown [s\src\hotspot\share\interpreter\linkResolver.cpp, line 759]
Event: 16.122 Thread 0x000001665b9aa030 Exception <a 'java/lang/NoSuchMethodError'{0x00000000eab92688}: 'java.lang.Object java.lang.invoke.DirectMethodHandle$Holder.invokeStaticInit(java.lang.Object, java.lang.Object, long, java.lang.Object)'> (0x00000000eab92688) 
thrown [s\src\hotspot\share\interpreter\linkResolver.cpp, line 759]
Event: 16.123 Thread 0x000001665b9aa030 Exception <a 'java/lang/NoSuchMethodError'{0x00000000eab98c98}: 'java.lang.Object java.lang.invoke.DirectMethodHandle$Holder.newInvokeSpecial(java.lang.Object, java.lang.Object, long)'> (0x00000000eab98c98) 
thrown [s\src\hotspot\share\interpreter\linkResolver.cpp, line 759]
Event: 16.125 Thread 0x00000166766deb30 Exception <a 'java/lang/NoClassDefFoundError'{0x00000000eabb2ae0}: javax/enterprise/inject/Typed> (0x00000000eabb2ae0) 
thrown [s\src\hotspot\share\classfile\systemDictionary.cpp, line 245]
Event: 16.290 Thread 0x000001665b9aa030 Exception <a 'java/lang/NoSuchMethodError'{0x00000000eb1673d8}: 'void java.lang.invoke.DirectMethodHandle$Holder.invokeSpecial(java.lang.Object, java.lang.Object, java.lang.Object, java.lang.Object, java.lang.Object, java.lang.Object)'> (0x00000000eb1673d8) 
thrown [s\src\hotspot\share\interpreter\linkResolver.cpp, line 759]
Event: 16.292 Thread 0x000001665b9aa030 Exception <a 'java/lang/IncompatibleClassChangeError'{0x00000000eb19c5e8}: Found class java.lang.Object, but interface was expected> (0x00000000eb19c5e8) 
thrown [s\src\hotspot\share\interpreter\linkResolver.cpp, line 826]
Event: 16.912 Thread 0x00000166766deb30 Exception <a 'java/lang/NoSuchMethodError'{0x00000000eab1f800}: 'void java.lang.invoke.DirectMethodHandle$Holder.invokeStaticInit(java.lang.Object, java.lang.Object, java.lang.Object)'> (0x00000000eab1f800) 
thrown [s\src\hotspot\share\interpreter\linkResolver.cpp, line 759]
Event: 16.918 Thread 0x00000166766deb30 Exception <a 'java/lang/ExceptionInInitializerError'{0x00000000eab53a58}> (0x00000000eab53a58) 
thrown [s\src\hotspot\share\oops\instanceKlass.cpp, line 1218]
Event: 16.923 Thread 0x00000166766deb30 Implicit null exception at 0x000001666628086f to 0x00000166662814c0
Event: 16.950 Thread 0x00000166766deb30 Implicit null exception at 0x0000016666209a2f to 0x0000016666209bbc
Event: 16.950 Thread 0x00000166766deb30 Implicit null exception at 0x000001666619f5e9 to 0x00000166661a07a0
Event: 16.953 Thread 0x00000166766deb30 Exception <a 'java/lang/NoSuchMethodError'{0x00000000eacd0790}: 'java.lang.Object java.lang.invoke.Invokers$Holder.invokeExact_MT(java.lang.Object, int, java.lang.Object)'> (0x00000000eacd0790) 
thrown [s\src\hotspot\share\interpreter\linkResolver.cpp, line 759]
Event: 16.967 Thread 0x00000166766deb30 Exception <a 'java/lang/NoSuchMethodError'{0x00000000ead42b28}: 'int java.lang.invoke.DirectMethodHandle$Holder.invokeSpecial(java.lang.Object, java.lang.Object, java.lang.Object, java.lang.Object)'> (0x00000000ead42b28) 
thrown [s\src\hotspot\share\interpreter\linkResolver.cpp, line 759]
Event: 17.346 Thread 0x00000166766deb30 Exception <a 'java/lang/NoClassDefFoundError'{0x00000000eb878ab0}: com/google/inject/servlet/ServletModuleTargetVisitor> (0x00000000eb878ab0) 
thrown [s\src\hotspot\share\classfile\systemDictionary.cpp, line 245]

VM Operations (20 events):
Event: 16.114 Executing VM operation: ParallelGCFailedAllocation
Event: 16.116 Executing VM operation: ParallelGCFailedAllocation done
Event: 16.251 Executing VM operation: ParallelGCFailedAllocation
Event: 16.252 Executing VM operation: ParallelGCFailedAllocation done
Event: 16.479 Executing VM operation: ParallelGCFailedAllocation
Event: 16.485 Executing VM operation: ParallelGCFailedAllocation done
Event: 16.507 Executing VM operation: HandshakeAllThreads
Event: 16.507 Executing VM operation: HandshakeAllThreads done
Event: 16.713 Executing VM operation: HandshakeAllThreads
Event: 16.713 Executing VM operation: HandshakeAllThreads done
Event: 16.903 Executing VM operation: ParallelGCFailedAllocation
Event: 16.905 Executing VM operation: ParallelGCFailedAllocation done
Event: 16.998 Executing VM operation: HandshakeAllThreads
Event: 16.998 Executing VM operation: HandshakeAllThreads done
Event: 17.454 Executing VM operation: HandshakeAllThreads
Event: 17.455 Executing VM operation: HandshakeAllThreads done
Event: 17.456 Executing VM operation: HandshakeAllThreads
Event: 17.456 Executing VM operation: HandshakeAllThreads done
Event: 17.467 Executing VM operation: ICBufferFull
Event: 17.468 Executing VM operation: ICBufferFull done

Events (20 events):
Event: 16.724 loading class java/nio/channels/NetworkChannel done
Event: 16.724 loading class java/nio/channels/spi/AbstractSelectableChannel
Event: 16.724 loading class java/nio/channels/spi/AbstractSelectableChannel done
Event: 16.724 loading class java/nio/channels/SocketChannel done
Event: 16.725 loading class java/nio/channels/ServerSocketChannel
Event: 16.725 loading class java/nio/channels/ServerSocketChannel done
Event: 16.726 loading class javax/net/ssl/SSLSocketFactory
Event: 16.726 loading class javax/net/SocketFactory
Event: 16.726 loading class javax/net/SocketFactory done
Event: 16.726 loading class javax/net/ssl/SSLSocketFactory done
Event: 16.780 loading class java/io/UncheckedIOException
Event: 16.780 loading class java/io/UncheckedIOException done
Event: 16.917 loading class java/lang/ExceptionInInitializerError
Event: 16.917 loading class java/lang/ExceptionInInitializerError done
Event: 16.952 loading class java/util/function/ToIntFunction
Event: 16.952 loading class java/util/function/ToIntFunction done
Event: 17.367 loading class java/lang/ProcessEnvironment$CheckedKeySet
Event: 17.367 loading class java/lang/ProcessEnvironment$CheckedKeySet done
Event: 17.515 loading class jdk/internal/math/FDBigInteger
Event: 17.515 loading class jdk/internal/math/FDBigInteger done


Dynamic libraries:
0x00007ff642e90000 - 0x00007ff642e9e000 	c:\Users\galax\.vscode\extensions\redhat.java-1.25.1-win32-x64\jre\17.0.9-win32-x86_64\bin\java.exe
0x00007ffb67410000 - 0x00007ffb67627000 	C:\WINDOWS\SYSTEM32\ntdll.dll
0x00007ffb65b00000 - 0x00007ffb65bc4000 	C:\WINDOWS\System32\KERNEL32.DLL
0x00007ffb64d80000 - 0x00007ffb65126000 	C:\WINDOWS\System32\KERNELBASE.dll
0x00007ffb64b30000 - 0x00007ffb64c41000 	C:\WINDOWS\System32\ucrtbase.dll
0x00007ffb4a010000 - 0x00007ffb4a027000 	c:\Users\galax\.vscode\extensions\redhat.java-1.25.1-win32-x64\jre\17.0.9-win32-x86_64\bin\jli.dll
0x00007ffb5ea30000 - 0x00007ffb5ea4b000 	c:\Users\galax\.vscode\extensions\redhat.java-1.25.1-win32-x64\jre\17.0.9-win32-x86_64\bin\VCRUNTIME140.dll
0x00007ffb660c0000 - 0x00007ffb6626e000 	C:\WINDOWS\System32\USER32.dll
0x00007ffb4e6b0000 - 0x00007ffb4e943000 	C:\WINDOWS\WinSxS\amd64_microsoft.windows.common-controls_6595b64144ccf1df_6.0.22621.2506_none_270c5ae97388e100\COMCTL32.dll
0x00007ffb64750000 - 0x00007ffb64776000 	C:\WINDOWS\System32\win32u.dll
0x00007ffb66cd0000 - 0x00007ffb66d77000 	C:\WINDOWS\System32\msvcrt.dll
0x00007ffb66f60000 - 0x00007ffb66f89000 	C:\WINDOWS\System32\GDI32.dll
0x00007ffb64990000 - 0x00007ffb64aa8000 	C:\WINDOWS\System32\gdi32full.dll
0x00007ffb64780000 - 0x00007ffb6481a000 	C:\WINDOWS\System32\msvcp_win.dll
0x00007ffb66d80000 - 0x00007ffb66db1000 	C:\WINDOWS\System32\IMM32.DLL
0x00007ffb5f640000 - 0x00007ffb5f64c000 	c:\Users\galax\.vscode\extensions\redhat.java-1.25.1-win32-x64\jre\17.0.9-win32-x86_64\bin\vcruntime140_1.dll
0x00007ffb3ead0000 - 0x00007ffb3eb5d000 	c:\Users\galax\.vscode\extensions\redhat.java-1.25.1-win32-x64\jre\17.0.9-win32-x86_64\bin\msvcp140.dll
0x00007ffb06470000 - 0x00007ffb070d1000 	c:\Users\galax\.vscode\extensions\redhat.java-1.25.1-win32-x64\jre\17.0.9-win32-x86_64\bin\server\jvm.dll
0x00007ffb66c10000 - 0x00007ffb66cc1000 	C:\WINDOWS\System32\ADVAPI32.dll
0x00007ffb65260000 - 0x00007ffb65305000 	C:\WINDOWS\System32\sechost.dll
0x00007ffb659e0000 - 0x00007ffb65af7000 	C:\WINDOWS\System32\RPCRT4.dll
0x00007ffb64620000 - 0x00007ffb6466d000 	C:\WINDOWS\SYSTEM32\POWRPROF.dll
0x00007ffb5c470000 - 0x00007ffb5c47a000 	C:\WINDOWS\SYSTEM32\VERSION.dll
0x00007ffb5d2e0000 - 0x00007ffb5d314000 	C:\WINDOWS\SYSTEM32\WINMM.dll
0x00007ffb5e8c0000 - 0x00007ffb5e8c9000 	C:\WINDOWS\SYSTEM32\WSOCK32.dll
0x00007ffb651e0000 - 0x00007ffb65251000 	C:\WINDOWS\System32\WS2_32.dll
0x00007ffb64600000 - 0x00007ffb64613000 	C:\WINDOWS\SYSTEM32\UMPDC.dll
0x00007ffb63780000 - 0x00007ffb63798000 	C:\WINDOWS\SYSTEM32\kernel.appcore.dll
0x00007ffb514b0000 - 0x00007ffb514ba000 	c:\Users\galax\.vscode\extensions\redhat.java-1.25.1-win32-x64\jre\17.0.9-win32-x86_64\bin\jimage.dll
0x00007ffb62120000 - 0x00007ffb62353000 	C:\WINDOWS\SYSTEM32\DBGHELP.DLL
0x00007ffb66f90000 - 0x00007ffb67319000 	C:\WINDOWS\System32\combase.dll
0x00007ffb66280000 - 0x00007ffb66357000 	C:\WINDOWS\System32\OLEAUT32.dll
0x00007ffb53ef0000 - 0x00007ffb53f22000 	C:\WINDOWS\SYSTEM32\dbgcore.DLL
0x00007ffb64ab0000 - 0x00007ffb64b2a000 	C:\WINDOWS\System32\bcryptPrimitives.dll
0x00007ffb512d0000 - 0x00007ffb512de000 	c:\Users\galax\.vscode\extensions\redhat.java-1.25.1-win32-x64\jre\17.0.9-win32-x86_64\bin\instrument.dll
0x00007ffb37fb0000 - 0x00007ffb37fd5000 	c:\Users\galax\.vscode\extensions\redhat.java-1.25.1-win32-x64\jre\17.0.9-win32-x86_64\bin\java.dll
0x00007ffb3e4a0000 - 0x00007ffb3e4b8000 	c:\Users\galax\.vscode\extensions\redhat.java-1.25.1-win32-x64\jre\17.0.9-win32-x86_64\bin\zip.dll
0x00007ffb66360000 - 0x00007ffb66bba000 	C:\WINDOWS\System32\SHELL32.dll
0x00007ffb62620000 - 0x00007ffb62f16000 	C:\WINDOWS\SYSTEM32\windows.storage.dll
0x00007ffb624e0000 - 0x00007ffb6261e000 	C:\WINDOWS\SYSTEM32\wintypes.dll
0x00007ffb65860000 - 0x00007ffb65953000 	C:\WINDOWS\System32\SHCORE.dll
0x00007ffb65800000 - 0x00007ffb6585e000 	C:\WINDOWS\System32\shlwapi.dll
0x00007ffb64680000 - 0x00007ffb646a6000 	C:\WINDOWS\SYSTEM32\profapi.dll
0x00007ffb49ff0000 - 0x00007ffb4a009000 	C:\Users\galax\.vscode\extensions\redhat.java-1.25.1-win32-x64\jre\17.0.9-win32-x86_64\bin\net.dll
0x00007ffb5e000000 - 0x00007ffb5e137000 	C:\WINDOWS\SYSTEM32\WINHTTP.dll
0x00007ffb63bf0000 - 0x00007ffb63c59000 	C:\WINDOWS\system32\mswsock.dll
0x00007ffb3eab0000 - 0x00007ffb3eac6000 	C:\Users\galax\.vscode\extensions\redhat.java-1.25.1-win32-x64\jre\17.0.9-win32-x86_64\bin\nio.dll
0x00007ffb50ba0000 - 0x00007ffb50bb0000 	c:\Users\galax\.vscode\extensions\redhat.java-1.25.1-win32-x64\jre\17.0.9-win32-x86_64\bin\verify.dll
0x00007ffb3e4f0000 - 0x00007ffb3e52e000 	C:\Users\galax\AppData\Roaming\Code\User\globalStorage\redhat.java\1.25.1\config_win\org.eclipse.equinox.launcher\org.eclipse.equinox.launcher.win32.win32.x86_64_1.2.800.v20231003-1442\eclipse_11802.dll
0x00007ffb66dc0000 - 0x00007ffb66f60000 	C:\WINDOWS\System32\ole32.dll
0x00007ffb63e20000 - 0x00007ffb63e3b000 	C:\WINDOWS\SYSTEM32\CRYPTSP.dll
0x00007ffb63670000 - 0x00007ffb636a5000 	C:\WINDOWS\system32\rsaenh.dll
0x00007ffb63ca0000 - 0x00007ffb63ccc000 	C:\WINDOWS\SYSTEM32\USERENV.dll
0x00007ffb64060000 - 0x00007ffb64088000 	C:\WINDOWS\SYSTEM32\bcrypt.dll
0x00007ffb63e40000 - 0x00007ffb63e4c000 	C:\WINDOWS\SYSTEM32\CRYPTBASE.dll
0x00007ffb63180000 - 0x00007ffb631ad000 	C:\WINDOWS\SYSTEM32\IPHLPAPI.DLL
0x00007ffb65f90000 - 0x00007ffb65f99000 	C:\WINDOWS\System32\NSI.dll
0x00007ffb5dde0000 - 0x00007ffb5ddf9000 	C:\WINDOWS\SYSTEM32\dhcpcsvc6.DLL
0x00007ffb5dc00000 - 0x00007ffb5dc1f000 	C:\WINDOWS\SYSTEM32\dhcpcsvc.DLL
0x00007ffb631f0000 - 0x00007ffb632e9000 	C:\WINDOWS\SYSTEM32\DNSAPI.dll
0x00007ffb1cf00000 - 0x00007ffb1cf45000 	C:\Users\galax\AppData\Local\Temp\jna-79889305\jna15179767057944788907.dll
0x00007ffb65fa0000 - 0x00007ffb65fa8000 	C:\WINDOWS\System32\PSAPI.DLL

dbghelp: loaded successfully - version: 4.0.5 - missing functions: none
symbol engine: initialized successfully - sym options: 0x614 - pdb path: .;c:\Users\galax\.vscode\extensions\redhat.java-1.25.1-win32-x64\jre\17.0.9-win32-x86_64\bin;C:\WINDOWS\SYSTEM32;C:\WINDOWS\WinSxS\amd64_microsoft.windows.common-controls_6595b64144ccf1df_6.0.22621.2506_none_270c5ae97388e100;c:\Users\galax\.vscode\extensions\redhat.java-1.25.1-win32-x64\jre\17.0.9-win32-x86_64\bin\server;C:\Users\galax\AppData\Roaming\Code\User\globalStorage\redhat.java\1.25.1\config_win\org.eclipse.equinox.launcher\org.eclipse.equinox.launcher.win32.win32.x86_64_1.2.800.v20231003-1442;C:\Users\galax\AppData\Local\Temp\jna-79889305

VM Arguments:
jvm_args: --add-modules=ALL-SYSTEM --add-opens=java.base/java.util=ALL-UNNAMED --add-opens=java.base/java.lang=ALL-UNNAMED --add-opens=java.base/sun.nio.fs=ALL-UNNAMED -Declipse.application=org.eclipse.jdt.ls.core.id1 -Dosgi.bundles.defaultStartLevel=4 -Declipse.product=org.eclipse.jdt.ls.core.product -Djava.import.generatesMetadataFilesAtProjectRoot=false -DDetectVMInstallationsJob.disabled=true -Dfile.encoding=utf8 -XX:+UseParallelGC -XX:GCTimeRatio=4 -XX:AdaptiveSizePolicyWeight=90 -Dsun.zip.disableMemoryMapping=true -Xmx1G -Xms100m -Xlog:disable -javaagent:c:\Users\galax\.vscode\extensions\redhat.java-1.25.1-win32-x64\lombok\lombok-1.18.30.jar -XX:+HeapDumpOnOutOfMemoryError -XX:HeapDumpPath=c:\Users\galax\AppData\Roaming\Code\User\workspaceStorage\8c29da6f7f7cfdcc7f20302a94e11872\redhat.java -Daether.dependencyCollector.impl=bf 
java_command: c:\Users\galax\.vscode\extensions\redhat.java-1.25.1-win32-x64\server\plugins\org.eclipse.equinox.launcher_1.6.600.v20231106-1826.jar -configuration c:\Users\galax\AppData\Roaming\Code\User\globalStorage\redhat.java\1.25.1\config_win -data c:\Users\galax\AppData\Roaming\Code\User\workspaceStorage\8c29da6f7f7cfdcc7f20302a94e11872\redhat.java\jdt_ws --stdio
java_class_path (initial): c:\Users\galax\.vscode\extensions\redhat.java-1.25.1-win32-x64\server\plugins\org.eclipse.equinox.launcher_1.6.600.v20231106-1826.jar
Launcher Type: SUN_STANDARD

[Global flags]
    uintx AdaptiveSizePolicyWeight                 = 90                                        {product} {command line}
     intx CICompilerCount                          = 4                                         {product} {ergonomic}
    uintx GCTimeRatio                              = 4                                         {product} {command line}
     bool HeapDumpOnOutOfMemoryError               = true                                   {manageable} {command line}
    ccstr HeapDumpPath                             = c:\Users\galax\AppData\Roaming\Code\User\workspaceStorage\8c29da6f7f7cfdcc7f20302a94e11872\redhat.java         {manageable} {command line}
   size_t InitialHeapSize                          = 104857600                                 {product} {command line}
   size_t MaxHeapSize                              = 1073741824                                {product} {command line}
   size_t MaxNewSize                               = 357564416                                 {product} {ergonomic}
   size_t MinHeapDeltaBytes                        = 524288                                    {product} {ergonomic}
   size_t MinHeapSize                              = 104857600                                 {product} {command line}
   size_t NewSize                                  = 34603008                                  {product} {ergonomic}
    uintx NonNMethodCodeHeapSize                   = 5839372                                {pd product} {ergonomic}
    uintx NonProfiledCodeHeapSize                  = 122909434                              {pd product} {ergonomic}
   size_t OldSize                                  = 70254592                                  {product} {ergonomic}
    uintx ProfiledCodeHeapSize                     = 122909434                              {pd product} {ergonomic}
    uintx ReservedCodeCacheSize                    = 251658240                              {pd product} {ergonomic}
     bool SegmentedCodeCache                       = true                                      {product} {ergonomic}
   size_t SoftMaxHeapSize                          = 1073741824                             {manageable} {ergonomic}
     bool UseCompressedClassPointers               = true                           {product lp64_product} {ergonomic}
     bool UseCompressedOops                        = true                           {product lp64_product} {ergonomic}
     bool UseLargePagesIndividualAllocation        = false                                  {pd product} {ergonomic}
     bool UseParallelGC                            = true                                      {product} {command line}

Logging:
Log output configuration:
 #0: stdout all=off uptime,level,tags
 #1: stderr all=off uptime,level,tags

Environment Variables:
JAVA_HOME=C:\Program Files\Eclipse Adoptium\jdk-21.0.1.12-hotspot\
PATH=C:\Program Files\Eclipse Adoptium\jdk-21.0.1.12-hotspot\bin;C:\Program Files\Common Files\Oracle\Java\javapath;C:\Program Files (x86)\Common Files\Oracle\Java\javapath;C:\Windows\system32;C:\Windows;C:\Windows\System32\Wbem;C:\Windows\System32\WindowsPowerShell\v1.0\;C:\Windows\System32\OpenSSH\;C:\Program Files (x86)\NVIDIA Corporation\PhysX\Common;C:\Program Files\NVIDIA Corporation\NVIDIA NvDLISR;C:\WINDOWS\system32;C:\WINDOWS;C:\WINDOWS\System32\Wbem;C:\WINDOWS\System32\WindowsPowerShell\v1.0\;C:\WINDOWS\System32\OpenSSH\;C:\Program Files\Microsoft VS Code\bin;C:\Users\galax\AppData\Roaming\nvm;C:\Program Files\nodejs;C:\Program Files\Graphviz\bin;C:\Program Files\Docker\Docker\resources\bin;C:\Program Files\GitHub CLI\;C:\Program Files\Git\cmd;C:\Users\galax\AppData\Local\Programs\Python\Python312\Scripts\;C:\Users\galax\AppData\Local\Programs\Python\Python312\;C:\Users\galax\.console-ninja\.bin;C:\Users\galax\AppData\Local\Microsoft\WindowsApps;C:\Users\galax\AppData\Local\Programs\oh-my-posh\bin;C:\Program Files\JetBrains\IntelliJ IDEA Community Edition 2023.2\bin;C:\Users\galax\AppData\Roaming\npm;C:\Users\galax\AppData\Local\Programs\mongosh\;C:\Users\galax\AppData\Local\GitHubDesktop\bin;C:\Users\galax\AppData\Roaming\nvm;C:\Program Files\nodejs;C:\Program Files\Java\jdk-1.8\bin;C:\Program Files\Git\bin;D:\whois;C:\Program Files\Java JDK\bin;
USERNAME=Singh
OS=Windows_NT
PROCESSOR_IDENTIFIER=AMD64 Family 25 Model 80 Stepping 0, AuthenticAMD
TMP=C:\Users\galax\AppData\Local\Temp
TEMP=C:\Users\galax\AppData\Local\Temp



Periodic native trim disabled


---------------  S Y S T E M  ---------------

OS:
 Windows 11 , 64 bit Build 22621 (10.0.22621.2506)
OS uptime: 0 days 2:48 hours
Hyper-V role detected

CPU: total 12 (initial active 12) (12 cores per cpu, 2 threads per core) family 25 model 80 stepping 0 microcode 0x0, cx8, cmov, fxsr, ht, mmx, 3dnowpref, sse, sse2, sse3, ssse3, sse4a, sse4.1, sse4.2, popcnt, lzcnt, tsc, tscinvbit, avx, avx2, aes, erms, clmul, bmi1, bmi2, adx, sha, fma, vzeroupper, clflush, clflushopt, hv
Processor Information for all 12 processors :
  Max Mhz: 3301, Current Mhz: 3301, Mhz Limit: 3301

Memory: 4k page, system-wide physical 15724M (4809M free)
TotalPageFile size 20724M (AvailPageFile size 6M)
current process WorkingSet (physical memory assigned to process): 205M, peak: 207M
current process commit charge ("private bytes"): 305M, peak: 310M

vm_info: OpenJDK 64-Bit Server VM (17.0.9+9) for windows-amd64 JRE (17.0.9+9), built on Oct 26 2023 14:01:42 by "admin" with MS VC++ 16.10 / 16.11 (VS2019)

END.
